  stdafx.cpp
  ConfigFile.cpp
c:\users\user\documents\github\moogdots-new-vs2017compatible\moog_doots_reallocated_ver\adam\adam\moogdots -- human moog - curve screen55\moogcom\src\configfile.cpp(45): warning C4996: 'strcpy': This function or variable may be unsafe. Consider using strcpy_s instead. To disable deprecation, use _CRT_SECURE_NO_WARNINGS. See online help for details.
  c:\program files (x86)\windows kits\10\include\10.0.16299.0\ucrt\string.h(132): note: see declaration of 'strcpy'
c:\users\user\documents\github\moogdots-new-vs2017compatible\moog_doots_reallocated_ver\adam\adam\moogdots -- human moog - curve screen55\moogcom\src\configfile.cpp(50): warning C4996: 'strcpy': This function or variable may be unsafe. Consider using strcpy_s instead. To disable deprecation, use _CRT_SECURE_NO_WARNINGS. See online help for details.
  c:\program files (x86)\windows kits\10\include\10.0.16299.0\ucrt\string.h(132): note: see declaration of 'strcpy'
c:\users\user\documents\github\moogdots-new-vs2017compatible\moog_doots_reallocated_ver\adam\adam\moogdots -- human moog - curve screen55\moogcom\src\configfile.cpp(60): warning C4996: 'strcpy': This function or variable may be unsafe. Consider using strcpy_s instead. To disable deprecation, use _CRT_SECURE_NO_WARNINGS. See online help for details.
  c:\program files (x86)\windows kits\10\include\10.0.16299.0\ucrt\string.h(132): note: see declaration of 'strcpy'
c:\users\user\documents\github\moogdots-new-vs2017compatible\moog_doots_reallocated_ver\adam\adam\moogdots -- human moog - curve screen55\moogcom\src\configfile.cpp(63): warning C4996: 'fopen': This function or variable may be unsafe. Consider using fopen_s instead. To disable deprecation, use _CRT_SECURE_NO_WARNINGS. See online help for details.
  c:\program files (x86)\windows kits\10\include\10.0.16299.0\ucrt\stdio.h(207): note: see declaration of 'fopen'
c:\users\user\documents\github\moogdots-new-vs2017compatible\moog_doots_reallocated_ver\adam\adam\moogdots -- human moog - curve screen55\moogcom\src\configfile.cpp(202): warning C4996: 'strcpy': This function or variable may be unsafe. Consider using strcpy_s instead. To disable deprecation, use _CRT_SECURE_NO_WARNINGS. See online help for details.
  c:\program files (x86)\windows kits\10\include\10.0.16299.0\ucrt\string.h(132): note: see declaration of 'strcpy'
c:\users\user\documents\github\moogdots-new-vs2017compatible\moog_doots_reallocated_ver\adam\adam\moogdots -- human moog - curve screen55\moogcom\src\configfile.cpp(159): warning C4474: 'printf' : too many arguments passed for format string
  c:\users\user\documents\github\moogdots-new-vs2017compatible\moog_doots_reallocated_ver\adam\adam\moogdots -- human moog - curve screen55\moogcom\src\configfile.cpp(159): note: placeholders and their parameters expect 0 variadic arguments, but 2 were provided
c:\users\user\documents\github\moogdots-new-vs2017compatible\moog_doots_reallocated_ver\adam\adam\moogdots -- human moog - curve screen55\moogcom\src\configfile.cpp(194): warning C4996: 'strtok': This function or variable may be unsafe. Consider using strtok_s instead. To disable deprecation, use _CRT_SECURE_NO_WARNINGS. See online help for details.
  c:\program files (x86)\windows kits\10\include\10.0.16299.0\ucrt\string.h(439): note: see declaration of 'strtok'
c:\users\user\documents\github\moogdots-new-vs2017compatible\moog_doots_reallocated_ver\adam\adam\moogdots -- human moog - curve screen55\moogcom\src\configfile.cpp(199): warning C4996: 'strtok': This function or variable may be unsafe. Consider using strtok_s instead. To disable deprecation, use _CRT_SECURE_NO_WARNINGS. See online help for details.
  c:\program files (x86)\windows kits\10\include\10.0.16299.0\ucrt\string.h(439): note: see declaration of 'strtok'
c:\users\user\documents\github\moogdots-new-vs2017compatible\moog_doots_reallocated_ver\adam\adam\moogdots -- human moog - curve screen55\moogcom\src\configfile.cpp(287): warning C4996: 'strcpy': This function or variable may be unsafe. Consider using strcpy_s instead. To disable deprecation, use _CRT_SECURE_NO_WARNINGS. See online help for details.
  c:\program files (x86)\windows kits\10\include\10.0.16299.0\ucrt\string.h(132): note: see declaration of 'strcpy'
c:\users\user\documents\github\moogdots-new-vs2017compatible\moog_doots_reallocated_ver\adam\adam\moogdots -- human moog - curve screen55\moogcom\src\configfile.cpp(277): warning C4996: 'strtok': This function or variable may be unsafe. Consider using strtok_s instead. To disable deprecation, use _CRT_SECURE_NO_WARNINGS. See online help for details.
  c:\program files (x86)\windows kits\10\include\10.0.16299.0\ucrt\string.h(439): note: see declaration of 'strtok'
c:\users\user\documents\github\moogdots-new-vs2017compatible\moog_doots_reallocated_ver\adam\adam\moogdots -- human moog - curve screen55\moogcom\src\configfile.cpp(284): warning C4996: 'strtok': This function or variable may be unsafe. Consider using strtok_s instead. To disable deprecation, use _CRT_SECURE_NO_WARNINGS. See online help for details.
  c:\program files (x86)\windows kits\10\include\10.0.16299.0\ucrt\string.h(439): note: see declaration of 'strtok'
  LogOutput.cpp
  MBC_Interface.cpp
c:\users\user\documents\github\moogdots-new-vs2017compatible\moog_doots_reallocated_ver\adam\adam\moogdots -- human moog - curve screen55\moogcom\src\mbc_interface.cpp(195): warning C4996: 'inet_addr': Use inet_pton() or InetPton() instead or define _WINSOCK_DEPRECATED_NO_WARNINGS to disable deprecated API warnings
  c:\program files (x86)\windows kits\10\include\10.0.16299.0\um\winsock2.h(1830): note: see declaration of 'inet_addr'
c:\users\user\documents\github\moogdots-new-vs2017compatible\moog_doots_reallocated_ver\adam\adam\moogdots -- human moog - curve screen55\moogcom\src\mbc_interface.cpp(200): warning C4996: 'inet_addr': Use inet_pton() or InetPton() instead or define _WINSOCK_DEPRECATED_NO_WARNINGS to disable deprecated API warnings
  c:\program files (x86)\windows kits\10\include\10.0.16299.0\um\winsock2.h(1830): note: see declaration of 'inet_addr'
  MoogCom.cpp
c:\users\user\documents\github\moogdots-new-vs2017compatible\moog_doots_reallocated_ver\adam\adam\moogdots -- human moog - curve screen55\moogcom\src\moogcom.cpp(71): warning C4101: 'i': unreferenced local variable
c:\users\user\documents\github\moogdots-new-vs2017compatible\moog_doots_reallocated_ver\adam\adam\moogdots -- human moog - curve screen55\moogcom\src\moogcom.cpp(293): warning C4101: 'currentPosition': unreferenced local variable
c:\users\user\documents\github\moogdots-new-vs2017compatible\moog_doots_reallocated_ver\adam\adam\moogdots -- human moog - curve screen55\moogcom\src\moogcom.cpp(310): warning C4101: 'currentPosition': unreferenced local variable
c:\users\user\documents\github\moogdots-new-vs2017compatible\moog_doots_reallocated_ver\adam\adam\moogdots -- human moog - curve screen55\moogcom\src\moogcom.cpp(333): warning C4244: '=': conversion from 'double' to 'float', possible loss of data
c:\users\user\documents\github\moogdots-new-vs2017compatible\moog_doots_reallocated_ver\adam\adam\moogdots -- human moog - curve screen55\moogcom\src\moogcom.cpp(336): warning C4244: '=': conversion from 'double' to 'float', possible loss of data
c:\users\user\documents\github\moogdots-new-vs2017compatible\moog_doots_reallocated_ver\adam\adam\moogdots -- human moog - curve screen55\moogcom\src\moogcom.cpp(339): warning C4244: '=': conversion from 'double' to 'float', possible loss of data
c:\users\user\documents\github\moogdots-new-vs2017compatible\moog_doots_reallocated_ver\adam\adam\moogdots -- human moog - curve screen55\moogcom\src\moogcom.cpp(342): warning C4244: '=': conversion from 'double' to 'float', possible loss of data
c:\users\user\documents\github\moogdots-new-vs2017compatible\moog_doots_reallocated_ver\adam\adam\moogdots -- human moog - curve screen55\moogcom\src\moogcom.cpp(346): warning C4244: '=': conversion from 'double' to 'float', possible loss of data
c:\users\user\documents\github\moogdots-new-vs2017compatible\moog_doots_reallocated_ver\adam\adam\moogdots -- human moog - curve screen55\moogcom\src\moogcom.cpp(350): warning C4244: '=': conversion from 'double' to 'float', possible loss of data
c:\users\user\documents\github\moogdots-new-vs2017compatible\moog_doots_reallocated_ver\adam\adam\moogdots -- human moog - curve screen55\moogcom\src\moogcom.cpp(325): warning C4101: 'currentPosition': unreferenced local variable
  Motion_Base_Host.cpp
  ScriptFile.cpp
  SignalGenerator.cpp
  Generating Code...
  ConvertEnum.c
Ws2_32.lib(WS2_32.dll) : warning LNK4006: __NULL_IMPORT_DESCRIPTOR already defined in libxl.lib(libxl.dll); second definition ignored
Ws2_32.lib(WS2_32.dll) : warning LNK4221: This object file does not define any previously undefined public symbols, so it will not be used by any link operation that consumes this library
  MoogCom.vcxproj -> C:\Users\user\Documents\GitHub\MoogDots-new-VS2017Compatible\MOOG_DOOTS_REALLOCATED_VER\Adam\Adam\MoogDots -- Human Moog - Curve Screen55\MoogCom\src\..\release\MoogCom.lib
