c:\moogdotsallversions\workingversion\moog_doots_reallocated_ver\adam\adam\moogdots -- human moog - curve screen55\moogcom\release\moogcom.pch
c:\moogdotsallversions\workingversion\moog_doots_reallocated_ver\adam\adam\moogdots -- human moog - curve screen55\moogcom\release\moogcom.pdb
c:\moogdotsallversions\workingversion\moog_doots_reallocated_ver\adam\adam\moogdots -- human moog - curve screen55\moogcom\release\stdafx.obj
c:\moogdotsallversions\workingversion\moog_doots_reallocated_ver\adam\adam\moogdots -- human moog - curve screen55\moogcom\release\signalgenerator.obj
c:\moogdotsallversions\workingversion\moog_doots_reallocated_ver\adam\adam\moogdots -- human moog - curve screen55\moogcom\release\scriptfile.obj
c:\moogdotsallversions\workingversion\moog_doots_reallocated_ver\adam\adam\moogdots -- human moog - curve screen55\moogcom\release\motion_base_host.obj
c:\moogdotsallversions\workingversion\moog_doots_reallocated_ver\adam\adam\moogdots -- human moog - curve screen55\moogcom\release\moogcom.obj
c:\moogdotsallversions\workingversion\moog_doots_reallocated_ver\adam\adam\moogdots -- human moog - curve screen55\moogcom\release\mbc_interface.obj
c:\moogdotsallversions\workingversion\moog_doots_reallocated_ver\adam\adam\moogdots -- human moog - curve screen55\moogcom\release\logoutput.obj
c:\moogdotsallversions\workingversion\moog_doots_reallocated_ver\adam\adam\moogdots -- human moog - curve screen55\moogcom\release\configfile.obj
c:\moogdotsallversions\workingversion\moog_doots_reallocated_ver\adam\adam\moogdots -- human moog - curve screen55\moogcom\release\convertenum.obj
c:\moogdotsallversions\workingversion\moog_doots_reallocated_ver\adam\adam\moogdots -- human moog - curve screen55\moogcom\release\moogcom.lib
c:\moogdotsallversions\workingversion\moog_doots_reallocated_ver\adam\adam\moogdots -- human moog - curve screen55\moogcom\release\..\release\moogcom.pdb
c:\moogdotsallversions\workingversion\moog_doots_reallocated_ver\adam\adam\moogdots -- human moog - curve screen55\moogcom\src\..\release\moogcom.lib
c:\moogdotsallversions\workingversion\moog_doots_reallocated_ver\adam\adam\moogdots -- human moog - curve screen55\moogcom\release\moogcom.tlog\cl.command.1.tlog
c:\moogdotsallversions\workingversion\moog_doots_reallocated_ver\adam\adam\moogdots -- human moog - curve screen55\moogcom\release\moogcom.tlog\cl.read.1.tlog
c:\moogdotsallversions\workingversion\moog_doots_reallocated_ver\adam\adam\moogdots -- human moog - curve screen55\moogcom\release\moogcom.tlog\cl.write.1.tlog
c:\moogdotsallversions\workingversion\moog_doots_reallocated_ver\adam\adam\moogdots -- human moog - curve screen55\moogcom\release\moogcom.tlog\lib-link.read.1.tlog
c:\moogdotsallversions\workingversion\moog_doots_reallocated_ver\adam\adam\moogdots -- human moog - curve screen55\moogcom\release\moogcom.tlog\lib-link.write.1.tlog
c:\moogdotsallversions\workingversion\moog_doots_reallocated_ver\adam\adam\moogdots -- human moog - curve screen55\moogcom\release\moogcom.tlog\lib.command.1.tlog
