  pngwutil.c
  pngwtran.c
  pngwrite.c
  pngwio.c
  pngvcrd.c
  pngtrans.c
  pngset.c
  pngrutil.c
  pngrtran.c
  pngrio.c
  pngread.c
  pngpread.c
  pngmem.c
  pngget.c
  pnggccrd.c
  pngerror.c
  png.c
  Generating Code...
C:\Program Files (x86)\Microsoft Visual Studio\2017\Community\Common7\IDE\VC\VCTargets\Microsoft.CppBuild.targets(1375,5): warning MSB8012: TargetPath(C:\Users\user\Documents\GitHub\MoogDots-new-VS2017Compatible\MOOG_DOOTS_REALLOCATED_VER\wxMSW-2.6.3-1\wxWidgets-2.6.3\build\msw\.\..\..\lib\vc_lib\wxpng.lib) does not match the Library's OutputFile property value (C:\Users\user\Documents\GitHub\MoogDots-new-VS2017Compatible\MOOG_DOOTS_REALLOCATED_VER\wxMSW-2.6.3-1\wxWidgets-2.6.3\lib\vc_lib\wxpngd.lib). This may cause your project to build incorrectly. To correct this, please make sure that $(OutDir), $(TargetName) and $(TargetExt) property values match the value specified in %(Lib.OutputFile).
C:\Program Files (x86)\Microsoft Visual Studio\2017\Community\Common7\IDE\VC\VCTargets\Microsoft.CppBuild.targets(1377,5): warning MSB8012: TargetName(wxpng) does not match the Library's OutputFile property value (wxpngd). This may cause your project to build incorrectly. To correct this, please make sure that $(OutDir), $(TargetName) and $(TargetExt) property values match the value specified in %(Lib.OutputFile).
  wx_wxpng.vcxproj -> C:\Users\user\Documents\GitHub\MoogDots-new-VS2017Compatible\MOOG_DOOTS_REALLOCATED_VER\wxMSW-2.6.3-1\wxWidgets-2.6.3\build\msw\.\..\..\lib\vc_lib\wxpng.lib
