c:\users\robocup\desktop\290425015\wxmsw-2.6.3-1\wxwidgets-2.6.3\build\msw\vc_mswd\wxprec_medialib.pch
c:\users\robocup\desktop\290425015\wxmsw-2.6.3-1\wxwidgets-2.6.3\lib\vc_lib\wxmsw26d_media.pdb
c:\users\robocup\desktop\290425015\wxmsw-2.6.3-1\wxwidgets-2.6.3\lib\vc_lib\wxmsw26d_media.idb
c:\users\robocup\desktop\290425015\wxmsw-2.6.3-1\wxwidgets-2.6.3\build\msw\vc_mswd\media\dummy.obj
c:\users\robocup\desktop\290425015\wxmsw-2.6.3-1\wxwidgets-2.6.3\build\msw\vc_mswd\media\mediactrlcmn.obj
c:\users\robocup\desktop\290425015\wxmsw-2.6.3-1\wxwidgets-2.6.3\build\msw\vc_mswd\media\mediactrl.obj
c:\users\robocup\desktop\290425015\wxmsw-2.6.3-1\wxwidgets-2.6.3\build\msw\vc_mswd\media\activex.obj
c:\users\robocup\desktop\290425015\wxmsw-2.6.3-1\wxwidgets-2.6.3\lib\vc_lib\mswd\wx\msw\rcdefs.h
c:\users\robocup\desktop\290425015\wxmsw-2.6.3-1\wxwidgets-2.6.3\lib\vc_lib\mswd\wx\setup.h
c:\users\robocup\desktop\290425015\wxmsw-2.6.3-1\wxwidgets-2.6.3\lib\vc_lib\wxmsw26d_media.lib
c:\users\user\documents\github\moogdots-new-vs2017compatible\moog_doots_reallocated_ver\wxmsw-2.6.3-1\wxwidgets-2.6.3\build\msw\vc_mswd\media\activex.obj
c:\users\user\documents\github\moogdots-new-vs2017compatible\moog_doots_reallocated_ver\wxmsw-2.6.3-1\wxwidgets-2.6.3\build\msw\vc_mswd\media\dummy.obj
c:\users\user\documents\github\moogdots-new-vs2017compatible\moog_doots_reallocated_ver\wxmsw-2.6.3-1\wxwidgets-2.6.3\build\msw\vc_mswd\media\mediactrl.obj
c:\users\user\documents\github\moogdots-new-vs2017compatible\moog_doots_reallocated_ver\wxmsw-2.6.3-1\wxwidgets-2.6.3\build\msw\vc_mswd\media\mediactrlcmn.obj
c:\users\user\documents\github\moogdots-new-vs2017compatible\moog_doots_reallocated_ver\wxmsw-2.6.3-1\wxwidgets-2.6.3\build\msw\vc_mswd\media\media.tlog\cl.command.1.tlog
c:\users\user\documents\github\moogdots-new-vs2017compatible\moog_doots_reallocated_ver\wxmsw-2.6.3-1\wxwidgets-2.6.3\build\msw\vc_mswd\media\media.tlog\cl.read.1.tlog
c:\users\user\documents\github\moogdots-new-vs2017compatible\moog_doots_reallocated_ver\wxmsw-2.6.3-1\wxwidgets-2.6.3\build\msw\vc_mswd\media\media.tlog\cl.write.1.tlog
c:\users\user\documents\github\moogdots-new-vs2017compatible\moog_doots_reallocated_ver\wxmsw-2.6.3-1\wxwidgets-2.6.3\build\msw\vc_mswd\media\media.tlog\custombuild.command.1.tlog
c:\users\user\documents\github\moogdots-new-vs2017compatible\moog_doots_reallocated_ver\wxmsw-2.6.3-1\wxwidgets-2.6.3\build\msw\vc_mswd\media\media.tlog\custombuild.read.1.tlog
c:\users\user\documents\github\moogdots-new-vs2017compatible\moog_doots_reallocated_ver\wxmsw-2.6.3-1\wxwidgets-2.6.3\build\msw\vc_mswd\media\media.tlog\custombuild.write.1.tlog
c:\users\user\documents\github\moogdots-new-vs2017compatible\moog_doots_reallocated_ver\wxmsw-2.6.3-1\wxwidgets-2.6.3\build\msw\vc_mswd\media\media.tlog\lib-link.read.1.tlog
c:\users\user\documents\github\moogdots-new-vs2017compatible\moog_doots_reallocated_ver\wxmsw-2.6.3-1\wxwidgets-2.6.3\build\msw\vc_mswd\media\media.tlog\lib-link.write.1.tlog
c:\users\user\documents\github\moogdots-new-vs2017compatible\moog_doots_reallocated_ver\wxmsw-2.6.3-1\wxwidgets-2.6.3\build\msw\vc_mswd\media\media.tlog\lib.command.1.tlog
