c:\users\robocup\desktop\290425015\wxmsw-2.6.3-1\wxwidgets-2.6.3\build\msw\vc_mswd\wxprec_corelib.pch
c:\users\robocup\desktop\290425015\wxmsw-2.6.3-1\wxwidgets-2.6.3\lib\vc_lib\wxmsw26d_core.pdb
c:\users\robocup\desktop\290425015\wxmsw-2.6.3-1\wxwidgets-2.6.3\lib\vc_lib\wxmsw26d_core.idb
c:\users\robocup\desktop\290425015\wxmsw-2.6.3-1\wxwidgets-2.6.3\build\msw\vc_mswd\core\dummy.obj
c:\users\robocup\desktop\290425015\wxmsw-2.6.3-1\wxwidgets-2.6.3\build\msw\vc_mswd\core\slider95.obj
c:\users\robocup\desktop\290425015\wxmsw-2.6.3-1\wxwidgets-2.6.3\build\msw\vc_mswd\core\spinbutt.obj
c:\users\robocup\desktop\290425015\wxmsw-2.6.3-1\wxwidgets-2.6.3\build\msw\vc_mswd\core\spinctrl.obj
c:\users\robocup\desktop\290425015\wxmsw-2.6.3-1\wxwidgets-2.6.3\build\msw\vc_mswd\core\statbmp.obj
c:\users\robocup\desktop\290425015\wxmsw-2.6.3-1\wxwidgets-2.6.3\build\msw\vc_mswd\core\statbox.obj
c:\users\robocup\desktop\290425015\wxmsw-2.6.3-1\wxwidgets-2.6.3\build\msw\vc_mswd\core\statbr95.obj
c:\users\robocup\desktop\290425015\wxmsw-2.6.3-1\wxwidgets-2.6.3\build\msw\vc_mswd\core\statline.obj
c:\users\robocup\desktop\290425015\wxmsw-2.6.3-1\wxwidgets-2.6.3\build\msw\vc_mswd\core\stattext.obj
c:\users\robocup\desktop\290425015\wxmsw-2.6.3-1\wxwidgets-2.6.3\build\msw\vc_mswd\core\tabctrl.obj
c:\users\robocup\desktop\290425015\wxmsw-2.6.3-1\wxwidgets-2.6.3\build\msw\vc_mswd\core\tbar95.obj
c:\users\robocup\desktop\290425015\wxmsw-2.6.3-1\wxwidgets-2.6.3\build\msw\vc_mswd\core\textctrl.obj
c:\users\robocup\desktop\290425015\wxmsw-2.6.3-1\wxwidgets-2.6.3\build\msw\vc_mswd\core\tglbtn.obj
c:\users\robocup\desktop\290425015\wxmsw-2.6.3-1\wxwidgets-2.6.3\build\msw\vc_mswd\core\timer.obj
c:\users\robocup\desktop\290425015\wxmsw-2.6.3-1\wxwidgets-2.6.3\build\msw\vc_mswd\core\tooltip.obj
c:\users\robocup\desktop\290425015\wxmsw-2.6.3-1\wxwidgets-2.6.3\build\msw\vc_mswd\core\toplevel.obj
c:\users\robocup\desktop\290425015\wxmsw-2.6.3-1\wxwidgets-2.6.3\build\msw\vc_mswd\core\treectrl.obj
c:\users\robocup\desktop\290425015\wxmsw-2.6.3-1\wxwidgets-2.6.3\build\msw\vc_mswd\core\utilsgui.obj
c:\users\robocup\desktop\290425015\wxmsw-2.6.3-1\wxwidgets-2.6.3\build\msw\vc_mswd\core\uxtheme.obj
c:\users\robocup\desktop\290425015\wxmsw-2.6.3-1\wxwidgets-2.6.3\build\msw\vc_mswd\core\volume.obj
c:\users\robocup\desktop\290425015\wxmsw-2.6.3-1\wxwidgets-2.6.3\build\msw\vc_mswd\core\window.obj
c:\users\robocup\desktop\290425015\wxmsw-2.6.3-1\wxwidgets-2.6.3\build\msw\vc_mswd\core\notebook.obj
c:\users\robocup\desktop\290425015\wxmsw-2.6.3-1\wxwidgets-2.6.3\build\msw\vc_mswd\core\access.obj
c:\users\robocup\desktop\290425015\wxmsw-2.6.3-1\wxwidgets-2.6.3\build\msw\vc_mswd\core\automtn.obj
c:\users\robocup\desktop\290425015\wxmsw-2.6.3-1\wxwidgets-2.6.3\build\msw\vc_mswd\core\dataobj.obj
c:\users\robocup\desktop\290425015\wxmsw-2.6.3-1\wxwidgets-2.6.3\build\msw\vc_mswd\core\dropsrc.obj
c:\users\robocup\desktop\290425015\wxmsw-2.6.3-1\wxwidgets-2.6.3\build\msw\vc_mswd\core\droptgt.obj
c:\users\robocup\desktop\290425015\wxmsw-2.6.3-1\wxwidgets-2.6.3\build\msw\vc_mswd\core\oleutils.obj
c:\users\robocup\desktop\290425015\wxmsw-2.6.3-1\wxwidgets-2.6.3\build\msw\vc_mswd\core\uuid.obj
c:\users\robocup\desktop\290425015\wxmsw-2.6.3-1\wxwidgets-2.6.3\build\msw\vc_mswd\core\ownerdrw.obj
c:\users\robocup\desktop\290425015\wxmsw-2.6.3-1\wxwidgets-2.6.3\build\msw\vc_mswd\core\palette.obj
c:\users\robocup\desktop\290425015\wxmsw-2.6.3-1\wxwidgets-2.6.3\build\msw\vc_mswd\core\pen.obj
c:\users\robocup\desktop\290425015\wxmsw-2.6.3-1\wxwidgets-2.6.3\build\msw\vc_mswd\core\popupwin.obj
c:\users\robocup\desktop\290425015\wxmsw-2.6.3-1\wxwidgets-2.6.3\build\msw\vc_mswd\core\printdlg.obj
c:\users\robocup\desktop\290425015\wxmsw-2.6.3-1\wxwidgets-2.6.3\build\msw\vc_mswd\core\printwin.obj
c:\users\robocup\desktop\290425015\wxmsw-2.6.3-1\wxwidgets-2.6.3\build\msw\vc_mswd\core\radiobox.obj
c:\users\robocup\desktop\290425015\wxmsw-2.6.3-1\wxwidgets-2.6.3\build\msw\vc_mswd\core\radiobut.obj
c:\users\robocup\desktop\290425015\wxmsw-2.6.3-1\wxwidgets-2.6.3\build\msw\vc_mswd\core\region.obj
c:\users\robocup\desktop\290425015\wxmsw-2.6.3-1\wxwidgets-2.6.3\build\msw\vc_mswd\core\renderer.obj
c:\users\robocup\desktop\290425015\wxmsw-2.6.3-1\wxwidgets-2.6.3\build\msw\vc_mswd\core\scrolbar.obj
c:\users\robocup\desktop\290425015\wxmsw-2.6.3-1\wxwidgets-2.6.3\build\msw\vc_mswd\core\settings.obj
c:\users\robocup\desktop\290425015\wxmsw-2.6.3-1\wxwidgets-2.6.3\build\msw\vc_mswd\core\gauge95.obj
c:\users\robocup\desktop\290425015\wxmsw-2.6.3-1\wxwidgets-2.6.3\build\msw\vc_mswd\core\gdiimage.obj
c:\users\robocup\desktop\290425015\wxmsw-2.6.3-1\wxwidgets-2.6.3\build\msw\vc_mswd\core\gdiobj.obj
c:\users\robocup\desktop\290425015\wxmsw-2.6.3-1\wxwidgets-2.6.3\build\msw\vc_mswd\core\gsockmsw.obj
c:\users\robocup\desktop\290425015\wxmsw-2.6.3-1\wxwidgets-2.6.3\build\msw\vc_mswd\core\helpchm.obj
c:\users\robocup\desktop\290425015\wxmsw-2.6.3-1\wxwidgets-2.6.3\build\msw\vc_mswd\core\helpwin.obj
c:\users\robocup\desktop\290425015\wxmsw-2.6.3-1\wxwidgets-2.6.3\build\msw\vc_mswd\core\icon.obj
c:\users\robocup\desktop\290425015\wxmsw-2.6.3-1\wxwidgets-2.6.3\build\msw\vc_mswd\core\imaglist.obj
c:\users\robocup\desktop\290425015\wxmsw-2.6.3-1\wxwidgets-2.6.3\build\msw\vc_mswd\core\iniconf.obj
c:\users\robocup\desktop\290425015\wxmsw-2.6.3-1\wxwidgets-2.6.3\build\msw\vc_mswd\core\listbox.obj
c:\users\robocup\desktop\290425015\wxmsw-2.6.3-1\wxwidgets-2.6.3\build\msw\vc_mswd\core\listctrl.obj
c:\users\robocup\desktop\290425015\wxmsw-2.6.3-1\wxwidgets-2.6.3\build\msw\vc_mswd\core\main.obj
c:\users\robocup\desktop\290425015\wxmsw-2.6.3-1\wxwidgets-2.6.3\build\msw\vc_mswd\core\mdi.obj
c:\users\robocup\desktop\290425015\wxmsw-2.6.3-1\wxwidgets-2.6.3\build\msw\vc_mswd\core\menu.obj
c:\users\robocup\desktop\290425015\wxmsw-2.6.3-1\wxwidgets-2.6.3\build\msw\vc_mswd\core\menuitem.obj
c:\users\robocup\desktop\290425015\wxmsw-2.6.3-1\wxwidgets-2.6.3\build\msw\vc_mswd\core\metafile.obj
c:\users\robocup\desktop\290425015\wxmsw-2.6.3-1\wxwidgets-2.6.3\build\msw\vc_mswd\core\minifram.obj
c:\users\robocup\desktop\290425015\wxmsw-2.6.3-1\wxwidgets-2.6.3\build\msw\vc_mswd\core\msgdlg.obj
c:\users\robocup\desktop\290425015\wxmsw-2.6.3-1\wxwidgets-2.6.3\build\msw\vc_mswd\core\mslu.obj
c:\users\robocup\desktop\290425015\wxmsw-2.6.3-1\wxwidgets-2.6.3\build\msw\vc_mswd\core\nativdlg.obj
c:\users\robocup\desktop\290425015\wxmsw-2.6.3-1\wxwidgets-2.6.3\build\msw\vc_mswd\core\dc.obj
c:\users\robocup\desktop\290425015\wxmsw-2.6.3-1\wxwidgets-2.6.3\build\msw\vc_mswd\core\dcclient.obj
c:\users\robocup\desktop\290425015\wxmsw-2.6.3-1\wxwidgets-2.6.3\build\msw\vc_mswd\core\dcmemory.obj
c:\users\robocup\desktop\290425015\wxmsw-2.6.3-1\wxwidgets-2.6.3\build\msw\vc_mswd\core\dcprint.obj
c:\users\robocup\desktop\290425015\wxmsw-2.6.3-1\wxwidgets-2.6.3\build\msw\vc_mswd\core\dcscreen.obj
c:\users\robocup\desktop\290425015\wxmsw-2.6.3-1\wxwidgets-2.6.3\build\msw\vc_mswd\core\dialog.obj
c:\users\robocup\desktop\290425015\wxmsw-2.6.3-1\wxwidgets-2.6.3\build\msw\vc_mswd\core\dialup.obj
c:\users\robocup\desktop\290425015\wxmsw-2.6.3-1\wxwidgets-2.6.3\build\msw\vc_mswd\core\dib.obj
c:\users\robocup\desktop\290425015\wxmsw-2.6.3-1\wxwidgets-2.6.3\build\msw\vc_mswd\core\dirdlg.obj
c:\users\robocup\desktop\290425015\wxmsw-2.6.3-1\wxwidgets-2.6.3\build\msw\vc_mswd\core\display.obj
c:\users\robocup\desktop\290425015\wxmsw-2.6.3-1\wxwidgets-2.6.3\build\msw\vc_mswd\core\dragimag.obj
c:\users\robocup\desktop\290425015\wxmsw-2.6.3-1\wxwidgets-2.6.3\build\msw\vc_mswd\core\enhmeta.obj
c:\users\robocup\desktop\290425015\wxmsw-2.6.3-1\wxwidgets-2.6.3\build\msw\vc_mswd\core\evtloop.obj
c:\users\robocup\desktop\290425015\wxmsw-2.6.3-1\wxwidgets-2.6.3\build\msw\vc_mswd\core\fdrepdlg.obj
c:\users\robocup\desktop\290425015\wxmsw-2.6.3-1\wxwidgets-2.6.3\build\msw\vc_mswd\core\filedlg.obj
c:\users\robocup\desktop\290425015\wxmsw-2.6.3-1\wxwidgets-2.6.3\build\msw\vc_mswd\core\font.obj
c:\users\robocup\desktop\290425015\wxmsw-2.6.3-1\wxwidgets-2.6.3\build\msw\vc_mswd\core\fontdlg.obj
c:\users\robocup\desktop\290425015\wxmsw-2.6.3-1\wxwidgets-2.6.3\build\msw\vc_mswd\core\fontenum.obj
c:\users\robocup\desktop\290425015\wxmsw-2.6.3-1\wxwidgets-2.6.3\build\msw\vc_mswd\core\fontutil.obj
c:\users\robocup\desktop\290425015\wxmsw-2.6.3-1\wxwidgets-2.6.3\build\msw\vc_mswd\core\frame.obj
c:\users\robocup\desktop\290425015\wxmsw-2.6.3-1\wxwidgets-2.6.3\build\msw\vc_mswd\core\treectlg.obj
c:\users\robocup\desktop\290425015\wxmsw-2.6.3-1\wxwidgets-2.6.3\build\msw\vc_mswd\core\vlbox.obj
c:\users\robocup\desktop\290425015\wxmsw-2.6.3-1\wxwidgets-2.6.3\build\msw\vc_mswd\core\vscroll.obj
c:\users\robocup\desktop\290425015\wxmsw-2.6.3-1\wxwidgets-2.6.3\build\msw\vc_mswd\core\accel.obj
c:\users\robocup\desktop\290425015\wxmsw-2.6.3-1\wxwidgets-2.6.3\build\msw\vc_mswd\core\app.obj
c:\users\robocup\desktop\290425015\wxmsw-2.6.3-1\wxwidgets-2.6.3\build\msw\vc_mswd\core\bitmap.obj
c:\users\robocup\desktop\290425015\wxmsw-2.6.3-1\wxwidgets-2.6.3\build\msw\vc_mswd\core\bmpbuttn.obj
c:\users\robocup\desktop\290425015\wxmsw-2.6.3-1\wxwidgets-2.6.3\build\msw\vc_mswd\core\brush.obj
c:\users\robocup\desktop\290425015\wxmsw-2.6.3-1\wxwidgets-2.6.3\build\msw\vc_mswd\core\button.obj
c:\users\robocup\desktop\290425015\wxmsw-2.6.3-1\wxwidgets-2.6.3\build\msw\vc_mswd\core\caret.obj
c:\users\robocup\desktop\290425015\wxmsw-2.6.3-1\wxwidgets-2.6.3\build\msw\vc_mswd\core\checkbox.obj
c:\users\robocup\desktop\290425015\wxmsw-2.6.3-1\wxwidgets-2.6.3\build\msw\vc_mswd\core\checklst.obj
c:\users\robocup\desktop\290425015\wxmsw-2.6.3-1\wxwidgets-2.6.3\build\msw\vc_mswd\core\choice.obj
c:\users\robocup\desktop\290425015\wxmsw-2.6.3-1\wxwidgets-2.6.3\build\msw\vc_mswd\core\clipbrd.obj
c:\users\robocup\desktop\290425015\wxmsw-2.6.3-1\wxwidgets-2.6.3\build\msw\vc_mswd\core\colordlg.obj
c:\users\robocup\desktop\290425015\wxmsw-2.6.3-1\wxwidgets-2.6.3\build\msw\vc_mswd\core\colour.obj
c:\users\robocup\desktop\290425015\wxmsw-2.6.3-1\wxwidgets-2.6.3\build\msw\vc_mswd\core\combobox.obj
c:\users\robocup\desktop\290425015\wxmsw-2.6.3-1\wxwidgets-2.6.3\build\msw\vc_mswd\core\control.obj
c:\users\robocup\desktop\290425015\wxmsw-2.6.3-1\wxwidgets-2.6.3\build\msw\vc_mswd\core\cursor.obj
c:\users\robocup\desktop\290425015\wxmsw-2.6.3-1\wxwidgets-2.6.3\build\msw\vc_mswd\core\data.obj
c:\users\robocup\desktop\290425015\wxmsw-2.6.3-1\wxwidgets-2.6.3\build\msw\vc_mswd\core\choicbkg.obj
c:\users\robocup\desktop\290425015\wxmsw-2.6.3-1\wxwidgets-2.6.3\build\msw\vc_mswd\core\choicdgg.obj
c:\users\robocup\desktop\290425015\wxmsw-2.6.3-1\wxwidgets-2.6.3\build\msw\vc_mswd\core\dcpsg.obj
c:\users\robocup\desktop\290425015\wxmsw-2.6.3-1\wxwidgets-2.6.3\build\msw\vc_mswd\core\dirctrlg.obj
c:\users\robocup\desktop\290425015\wxmsw-2.6.3-1\wxwidgets-2.6.3\build\msw\vc_mswd\core\dragimgg.obj
c:\users\robocup\desktop\290425015\wxmsw-2.6.3-1\wxwidgets-2.6.3\build\msw\vc_mswd\core\listbkg.obj
c:\users\robocup\desktop\290425015\wxmsw-2.6.3-1\wxwidgets-2.6.3\build\msw\vc_mswd\core\logg.obj
c:\users\robocup\desktop\290425015\wxmsw-2.6.3-1\wxwidgets-2.6.3\build\msw\vc_mswd\core\numdlgg.obj
c:\users\robocup\desktop\290425015\wxmsw-2.6.3-1\wxwidgets-2.6.3\build\msw\vc_mswd\core\panelg.obj
c:\users\robocup\desktop\290425015\wxmsw-2.6.3-1\wxwidgets-2.6.3\build\msw\vc_mswd\core\printps.obj
c:\users\robocup\desktop\290425015\wxmsw-2.6.3-1\wxwidgets-2.6.3\build\msw\vc_mswd\core\prntdlgg.obj
c:\users\robocup\desktop\290425015\wxmsw-2.6.3-1\wxwidgets-2.6.3\build\msw\vc_mswd\core\progdlgg.obj
c:\users\robocup\desktop\290425015\wxmsw-2.6.3-1\wxwidgets-2.6.3\build\msw\vc_mswd\core\renderg.obj
c:\users\robocup\desktop\290425015\wxmsw-2.6.3-1\wxwidgets-2.6.3\build\msw\vc_mswd\core\scrlwing.obj
c:\users\robocup\desktop\290425015\wxmsw-2.6.3-1\wxwidgets-2.6.3\build\msw\vc_mswd\core\selstore.obj
c:\users\robocup\desktop\290425015\wxmsw-2.6.3-1\wxwidgets-2.6.3\build\msw\vc_mswd\core\spinctlg.obj
c:\users\robocup\desktop\290425015\wxmsw-2.6.3-1\wxwidgets-2.6.3\build\msw\vc_mswd\core\splitter.obj
c:\users\robocup\desktop\290425015\wxmsw-2.6.3-1\wxwidgets-2.6.3\build\msw\vc_mswd\core\statusbr.obj
c:\users\robocup\desktop\290425015\wxmsw-2.6.3-1\wxwidgets-2.6.3\build\msw\vc_mswd\core\textdlgg.obj
c:\users\robocup\desktop\290425015\wxmsw-2.6.3-1\wxwidgets-2.6.3\build\msw\vc_mswd\core\tipwin.obj
c:\users\robocup\desktop\290425015\wxmsw-2.6.3-1\wxwidgets-2.6.3\build\msw\vc_mswd\core\quantize.obj
c:\users\robocup\desktop\290425015\wxmsw-2.6.3-1\wxwidgets-2.6.3\build\msw\vc_mswd\core\radiocmn.obj
c:\users\robocup\desktop\290425015\wxmsw-2.6.3-1\wxwidgets-2.6.3\build\msw\vc_mswd\core\rendcmn.obj
c:\users\robocup\desktop\290425015\wxmsw-2.6.3-1\wxwidgets-2.6.3\build\msw\vc_mswd\core\rgncmn.obj
c:\users\robocup\desktop\290425015\wxmsw-2.6.3-1\wxwidgets-2.6.3\build\msw\vc_mswd\core\settcmn.obj
c:\users\robocup\desktop\290425015\wxmsw-2.6.3-1\wxwidgets-2.6.3\build\msw\vc_mswd\core\sizer.obj
c:\users\robocup\desktop\290425015\wxmsw-2.6.3-1\wxwidgets-2.6.3\build\msw\vc_mswd\core\statbar.obj
c:\users\robocup\desktop\290425015\wxmsw-2.6.3-1\wxwidgets-2.6.3\build\msw\vc_mswd\core\stockitem.obj
c:\users\robocup\desktop\290425015\wxmsw-2.6.3-1\wxwidgets-2.6.3\build\msw\vc_mswd\core\tbarbase.obj
c:\users\robocup\desktop\290425015\wxmsw-2.6.3-1\wxwidgets-2.6.3\build\msw\vc_mswd\core\textcmn.obj
c:\users\robocup\desktop\290425015\wxmsw-2.6.3-1\wxwidgets-2.6.3\build\msw\vc_mswd\core\timercmn.obj
c:\users\robocup\desktop\290425015\wxmsw-2.6.3-1\wxwidgets-2.6.3\build\msw\vc_mswd\core\toplvcmn.obj
c:\users\robocup\desktop\290425015\wxmsw-2.6.3-1\wxwidgets-2.6.3\build\msw\vc_mswd\core\treebase.obj
c:\users\robocup\desktop\290425015\wxmsw-2.6.3-1\wxwidgets-2.6.3\build\msw\vc_mswd\core\utilscmn.obj
c:\users\robocup\desktop\290425015\wxmsw-2.6.3-1\wxwidgets-2.6.3\build\msw\vc_mswd\core\valgen.obj
c:\users\robocup\desktop\290425015\wxmsw-2.6.3-1\wxwidgets-2.6.3\build\msw\vc_mswd\core\validate.obj
c:\users\robocup\desktop\290425015\wxmsw-2.6.3-1\wxwidgets-2.6.3\build\msw\vc_mswd\core\valtext.obj
c:\users\robocup\desktop\290425015\wxmsw-2.6.3-1\wxwidgets-2.6.3\build\msw\vc_mswd\core\wincmn.obj
c:\users\robocup\desktop\290425015\wxmsw-2.6.3-1\wxwidgets-2.6.3\build\msw\vc_mswd\core\xpmdecod.obj
c:\users\robocup\desktop\290425015\wxmsw-2.6.3-1\wxwidgets-2.6.3\build\msw\vc_mswd\core\busyinfo.obj
c:\users\robocup\desktop\290425015\wxmsw-2.6.3-1\wxwidgets-2.6.3\build\msw\vc_mswd\core\imagbmp.obj
c:\users\robocup\desktop\290425015\wxmsw-2.6.3-1\wxwidgets-2.6.3\build\msw\vc_mswd\core\image.obj
c:\users\robocup\desktop\290425015\wxmsw-2.6.3-1\wxwidgets-2.6.3\build\msw\vc_mswd\core\imagfill.obj
c:\users\robocup\desktop\290425015\wxmsw-2.6.3-1\wxwidgets-2.6.3\build\msw\vc_mswd\core\imaggif.obj
c:\users\robocup\desktop\290425015\wxmsw-2.6.3-1\wxwidgets-2.6.3\build\msw\vc_mswd\core\imagiff.obj
c:\users\robocup\desktop\290425015\wxmsw-2.6.3-1\wxwidgets-2.6.3\build\msw\vc_mswd\core\imagjpeg.obj
c:\users\robocup\desktop\290425015\wxmsw-2.6.3-1\wxwidgets-2.6.3\build\msw\vc_mswd\core\imagpcx.obj
c:\users\robocup\desktop\290425015\wxmsw-2.6.3-1\wxwidgets-2.6.3\build\msw\vc_mswd\core\imagpng.obj
c:\users\robocup\desktop\290425015\wxmsw-2.6.3-1\wxwidgets-2.6.3\build\msw\vc_mswd\core\imagpnm.obj
c:\users\robocup\desktop\290425015\wxmsw-2.6.3-1\wxwidgets-2.6.3\build\msw\vc_mswd\core\imagtiff.obj
c:\users\robocup\desktop\290425015\wxmsw-2.6.3-1\wxwidgets-2.6.3\build\msw\vc_mswd\core\imagxpm.obj
c:\users\robocup\desktop\290425015\wxmsw-2.6.3-1\wxwidgets-2.6.3\build\msw\vc_mswd\core\layout.obj
c:\users\robocup\desktop\290425015\wxmsw-2.6.3-1\wxwidgets-2.6.3\build\msw\vc_mswd\core\lboxcmn.obj
c:\users\robocup\desktop\290425015\wxmsw-2.6.3-1\wxwidgets-2.6.3\build\msw\vc_mswd\core\matrix.obj
c:\users\robocup\desktop\290425015\wxmsw-2.6.3-1\wxwidgets-2.6.3\build\msw\vc_mswd\core\menucmn.obj
c:\users\robocup\desktop\290425015\wxmsw-2.6.3-1\wxwidgets-2.6.3\build\msw\vc_mswd\core\msgout.obj
c:\users\robocup\desktop\290425015\wxmsw-2.6.3-1\wxwidgets-2.6.3\build\msw\vc_mswd\core\nbkbase.obj
c:\users\robocup\desktop\290425015\wxmsw-2.6.3-1\wxwidgets-2.6.3\build\msw\vc_mswd\core\paper.obj
c:\users\robocup\desktop\290425015\wxmsw-2.6.3-1\wxwidgets-2.6.3\build\msw\vc_mswd\core\popupcmn.obj
c:\users\robocup\desktop\290425015\wxmsw-2.6.3-1\wxwidgets-2.6.3\build\msw\vc_mswd\core\prntbase.obj
c:\users\robocup\desktop\290425015\wxmsw-2.6.3-1\wxwidgets-2.6.3\build\msw\vc_mswd\core\docmdi.obj
c:\users\robocup\desktop\290425015\wxmsw-2.6.3-1\wxwidgets-2.6.3\build\msw\vc_mswd\core\docview.obj
c:\users\robocup\desktop\290425015\wxmsw-2.6.3-1\wxwidgets-2.6.3\build\msw\vc_mswd\core\dpycmn.obj
c:\users\robocup\desktop\290425015\wxmsw-2.6.3-1\wxwidgets-2.6.3\build\msw\vc_mswd\core\dseldlg.obj
c:\users\robocup\desktop\290425015\wxmsw-2.6.3-1\wxwidgets-2.6.3\build\msw\vc_mswd\core\effects.obj
c:\users\robocup\desktop\290425015\wxmsw-2.6.3-1\wxwidgets-2.6.3\build\msw\vc_mswd\core\event.obj
c:\users\robocup\desktop\290425015\wxmsw-2.6.3-1\wxwidgets-2.6.3\build\msw\vc_mswd\core\fddlgcmn.obj
c:\users\robocup\desktop\290425015\wxmsw-2.6.3-1\wxwidgets-2.6.3\build\msw\vc_mswd\core\fldlgcmn.obj
c:\users\robocup\desktop\290425015\wxmsw-2.6.3-1\wxwidgets-2.6.3\build\msw\vc_mswd\core\fontcmn.obj
c:\users\robocup\desktop\290425015\wxmsw-2.6.3-1\wxwidgets-2.6.3\build\msw\vc_mswd\core\fontmap.obj
c:\users\robocup\desktop\290425015\wxmsw-2.6.3-1\wxwidgets-2.6.3\build\msw\vc_mswd\core\framecmn.obj
c:\users\robocup\desktop\290425015\wxmsw-2.6.3-1\wxwidgets-2.6.3\build\msw\vc_mswd\core\fs_mem.obj
c:\users\robocup\desktop\290425015\wxmsw-2.6.3-1\wxwidgets-2.6.3\build\msw\vc_mswd\core\gaugecmn.obj
c:\users\robocup\desktop\290425015\wxmsw-2.6.3-1\wxwidgets-2.6.3\build\msw\vc_mswd\core\gbsizer.obj
c:\users\robocup\desktop\290425015\wxmsw-2.6.3-1\wxwidgets-2.6.3\build\msw\vc_mswd\core\gdicmn.obj
c:\users\robocup\desktop\290425015\wxmsw-2.6.3-1\wxwidgets-2.6.3\build\msw\vc_mswd\core\geometry.obj
c:\users\robocup\desktop\290425015\wxmsw-2.6.3-1\wxwidgets-2.6.3\build\msw\vc_mswd\core\gifdecod.obj
c:\users\robocup\desktop\290425015\wxmsw-2.6.3-1\wxwidgets-2.6.3\build\msw\vc_mswd\core\helpbase.obj
c:\users\robocup\desktop\290425015\wxmsw-2.6.3-1\wxwidgets-2.6.3\build\msw\vc_mswd\core\iconbndl.obj
c:\users\robocup\desktop\290425015\wxmsw-2.6.3-1\wxwidgets-2.6.3\build\msw\vc_mswd\core\imagall.obj
c:\users\robocup\desktop\290425015\wxmsw-2.6.3-1\wxwidgets-2.6.3\build\msw\vc_mswd\core\accesscmn.obj
c:\users\robocup\desktop\290425015\wxmsw-2.6.3-1\wxwidgets-2.6.3\build\msw\vc_mswd\core\appcmn.obj
c:\users\robocup\desktop\290425015\wxmsw-2.6.3-1\wxwidgets-2.6.3\build\msw\vc_mswd\core\artprov.obj
c:\users\robocup\desktop\290425015\wxmsw-2.6.3-1\wxwidgets-2.6.3\build\msw\vc_mswd\core\artstd.obj
c:\users\robocup\desktop\290425015\wxmsw-2.6.3-1\wxwidgets-2.6.3\build\msw\vc_mswd\core\bmpbase.obj
c:\users\robocup\desktop\290425015\wxmsw-2.6.3-1\wxwidgets-2.6.3\build\msw\vc_mswd\core\bookctrl.obj
c:\users\robocup\desktop\290425015\wxmsw-2.6.3-1\wxwidgets-2.6.3\build\msw\vc_mswd\core\choiccmn.obj
c:\users\robocup\desktop\290425015\wxmsw-2.6.3-1\wxwidgets-2.6.3\build\msw\vc_mswd\core\clipcmn.obj
c:\users\robocup\desktop\290425015\wxmsw-2.6.3-1\wxwidgets-2.6.3\build\msw\vc_mswd\core\cmdproc.obj
c:\users\robocup\desktop\290425015\wxmsw-2.6.3-1\wxwidgets-2.6.3\build\msw\vc_mswd\core\cmndata.obj
c:\users\robocup\desktop\290425015\wxmsw-2.6.3-1\wxwidgets-2.6.3\build\msw\vc_mswd\core\containr.obj
c:\users\robocup\desktop\290425015\wxmsw-2.6.3-1\wxwidgets-2.6.3\build\msw\vc_mswd\core\cshelp.obj
c:\users\robocup\desktop\290425015\wxmsw-2.6.3-1\wxwidgets-2.6.3\build\msw\vc_mswd\core\ctrlcmn.obj
c:\users\robocup\desktop\290425015\wxmsw-2.6.3-1\wxwidgets-2.6.3\build\msw\vc_mswd\core\ctrlsub.obj
c:\users\robocup\desktop\290425015\wxmsw-2.6.3-1\wxwidgets-2.6.3\build\msw\vc_mswd\core\datacmn.obj
c:\users\robocup\desktop\290425015\wxmsw-2.6.3-1\wxwidgets-2.6.3\build\msw\vc_mswd\core\dcbase.obj
c:\users\robocup\desktop\290425015\wxmsw-2.6.3-1\wxwidgets-2.6.3\build\msw\vc_mswd\core\dlgcmn.obj
c:\users\robocup\desktop\290425015\wxmsw-2.6.3-1\wxwidgets-2.6.3\build\msw\vc_mswd\core\dndcmn.obj
c:\users\robocup\desktop\290425015\wxmsw-2.6.3-1\wxwidgets-2.6.3\build\msw\vc_mswd\core\dobjcmn.obj
c:\users\robocup\desktop\290425015\wxmsw-2.6.3-1\wxwidgets-2.6.3\lib\vc_lib\mswd\wx\msw\rcdefs.h
c:\users\robocup\desktop\290425015\wxmsw-2.6.3-1\wxwidgets-2.6.3\lib\vc_lib\mswd\wx\setup.h
c:\users\robocup\desktop\290425015\wxmsw-2.6.3-1\wxwidgets-2.6.3\lib\vc_lib\wxmsw26d_core.lib
c:\users\user\documents\github\moogdots-new-vs2017compatible\moog_doots_reallocated_ver\wxmsw-2.6.3-1\wxwidgets-2.6.3\build\msw\vc_mswd\core\accel.obj
c:\users\user\documents\github\moogdots-new-vs2017compatible\moog_doots_reallocated_ver\wxmsw-2.6.3-1\wxwidgets-2.6.3\build\msw\vc_mswd\core\access.obj
c:\users\user\documents\github\moogdots-new-vs2017compatible\moog_doots_reallocated_ver\wxmsw-2.6.3-1\wxwidgets-2.6.3\build\msw\vc_mswd\core\accesscmn.obj
c:\users\user\documents\github\moogdots-new-vs2017compatible\moog_doots_reallocated_ver\wxmsw-2.6.3-1\wxwidgets-2.6.3\build\msw\vc_mswd\core\app.obj
c:\users\user\documents\github\moogdots-new-vs2017compatible\moog_doots_reallocated_ver\wxmsw-2.6.3-1\wxwidgets-2.6.3\build\msw\vc_mswd\core\appcmn.obj
c:\users\user\documents\github\moogdots-new-vs2017compatible\moog_doots_reallocated_ver\wxmsw-2.6.3-1\wxwidgets-2.6.3\build\msw\vc_mswd\core\artprov.obj
c:\users\user\documents\github\moogdots-new-vs2017compatible\moog_doots_reallocated_ver\wxmsw-2.6.3-1\wxwidgets-2.6.3\build\msw\vc_mswd\core\artstd.obj
c:\users\user\documents\github\moogdots-new-vs2017compatible\moog_doots_reallocated_ver\wxmsw-2.6.3-1\wxwidgets-2.6.3\build\msw\vc_mswd\core\automtn.obj
c:\users\user\documents\github\moogdots-new-vs2017compatible\moog_doots_reallocated_ver\wxmsw-2.6.3-1\wxwidgets-2.6.3\build\msw\vc_mswd\core\bitmap.obj
c:\users\user\documents\github\moogdots-new-vs2017compatible\moog_doots_reallocated_ver\wxmsw-2.6.3-1\wxwidgets-2.6.3\build\msw\vc_mswd\core\bmpbase.obj
c:\users\user\documents\github\moogdots-new-vs2017compatible\moog_doots_reallocated_ver\wxmsw-2.6.3-1\wxwidgets-2.6.3\build\msw\vc_mswd\core\bmpbuttn.obj
c:\users\user\documents\github\moogdots-new-vs2017compatible\moog_doots_reallocated_ver\wxmsw-2.6.3-1\wxwidgets-2.6.3\build\msw\vc_mswd\core\bookctrl.obj
c:\users\user\documents\github\moogdots-new-vs2017compatible\moog_doots_reallocated_ver\wxmsw-2.6.3-1\wxwidgets-2.6.3\build\msw\vc_mswd\core\brush.obj
c:\users\user\documents\github\moogdots-new-vs2017compatible\moog_doots_reallocated_ver\wxmsw-2.6.3-1\wxwidgets-2.6.3\build\msw\vc_mswd\core\busyinfo.obj
c:\users\user\documents\github\moogdots-new-vs2017compatible\moog_doots_reallocated_ver\wxmsw-2.6.3-1\wxwidgets-2.6.3\build\msw\vc_mswd\core\button.obj
c:\users\user\documents\github\moogdots-new-vs2017compatible\moog_doots_reallocated_ver\wxmsw-2.6.3-1\wxwidgets-2.6.3\build\msw\vc_mswd\core\caret.obj
c:\users\user\documents\github\moogdots-new-vs2017compatible\moog_doots_reallocated_ver\wxmsw-2.6.3-1\wxwidgets-2.6.3\build\msw\vc_mswd\core\checkbox.obj
c:\users\user\documents\github\moogdots-new-vs2017compatible\moog_doots_reallocated_ver\wxmsw-2.6.3-1\wxwidgets-2.6.3\build\msw\vc_mswd\core\checklst.obj
c:\users\user\documents\github\moogdots-new-vs2017compatible\moog_doots_reallocated_ver\wxmsw-2.6.3-1\wxwidgets-2.6.3\build\msw\vc_mswd\core\choicbkg.obj
c:\users\user\documents\github\moogdots-new-vs2017compatible\moog_doots_reallocated_ver\wxmsw-2.6.3-1\wxwidgets-2.6.3\build\msw\vc_mswd\core\choiccmn.obj
c:\users\user\documents\github\moogdots-new-vs2017compatible\moog_doots_reallocated_ver\wxmsw-2.6.3-1\wxwidgets-2.6.3\build\msw\vc_mswd\core\choicdgg.obj
c:\users\user\documents\github\moogdots-new-vs2017compatible\moog_doots_reallocated_ver\wxmsw-2.6.3-1\wxwidgets-2.6.3\build\msw\vc_mswd\core\choice.obj
c:\users\user\documents\github\moogdots-new-vs2017compatible\moog_doots_reallocated_ver\wxmsw-2.6.3-1\wxwidgets-2.6.3\build\msw\vc_mswd\core\clipbrd.obj
c:\users\user\documents\github\moogdots-new-vs2017compatible\moog_doots_reallocated_ver\wxmsw-2.6.3-1\wxwidgets-2.6.3\build\msw\vc_mswd\core\clipcmn.obj
c:\users\user\documents\github\moogdots-new-vs2017compatible\moog_doots_reallocated_ver\wxmsw-2.6.3-1\wxwidgets-2.6.3\build\msw\vc_mswd\core\cmdproc.obj
c:\users\user\documents\github\moogdots-new-vs2017compatible\moog_doots_reallocated_ver\wxmsw-2.6.3-1\wxwidgets-2.6.3\build\msw\vc_mswd\core\cmndata.obj
c:\users\user\documents\github\moogdots-new-vs2017compatible\moog_doots_reallocated_ver\wxmsw-2.6.3-1\wxwidgets-2.6.3\build\msw\vc_mswd\core\colordlg.obj
c:\users\user\documents\github\moogdots-new-vs2017compatible\moog_doots_reallocated_ver\wxmsw-2.6.3-1\wxwidgets-2.6.3\build\msw\vc_mswd\core\colour.obj
c:\users\user\documents\github\moogdots-new-vs2017compatible\moog_doots_reallocated_ver\wxmsw-2.6.3-1\wxwidgets-2.6.3\build\msw\vc_mswd\core\combobox.obj
c:\users\user\documents\github\moogdots-new-vs2017compatible\moog_doots_reallocated_ver\wxmsw-2.6.3-1\wxwidgets-2.6.3\build\msw\vc_mswd\core\containr.obj
c:\users\user\documents\github\moogdots-new-vs2017compatible\moog_doots_reallocated_ver\wxmsw-2.6.3-1\wxwidgets-2.6.3\build\msw\vc_mswd\core\control.obj
c:\users\user\documents\github\moogdots-new-vs2017compatible\moog_doots_reallocated_ver\wxmsw-2.6.3-1\wxwidgets-2.6.3\build\msw\vc_mswd\core\cshelp.obj
c:\users\user\documents\github\moogdots-new-vs2017compatible\moog_doots_reallocated_ver\wxmsw-2.6.3-1\wxwidgets-2.6.3\build\msw\vc_mswd\core\ctrlcmn.obj
c:\users\user\documents\github\moogdots-new-vs2017compatible\moog_doots_reallocated_ver\wxmsw-2.6.3-1\wxwidgets-2.6.3\build\msw\vc_mswd\core\ctrlsub.obj
c:\users\user\documents\github\moogdots-new-vs2017compatible\moog_doots_reallocated_ver\wxmsw-2.6.3-1\wxwidgets-2.6.3\build\msw\vc_mswd\core\cursor.obj
c:\users\user\documents\github\moogdots-new-vs2017compatible\moog_doots_reallocated_ver\wxmsw-2.6.3-1\wxwidgets-2.6.3\build\msw\vc_mswd\core\data.obj
c:\users\user\documents\github\moogdots-new-vs2017compatible\moog_doots_reallocated_ver\wxmsw-2.6.3-1\wxwidgets-2.6.3\build\msw\vc_mswd\core\datacmn.obj
c:\users\user\documents\github\moogdots-new-vs2017compatible\moog_doots_reallocated_ver\wxmsw-2.6.3-1\wxwidgets-2.6.3\build\msw\vc_mswd\core\dataobj.obj
c:\users\user\documents\github\moogdots-new-vs2017compatible\moog_doots_reallocated_ver\wxmsw-2.6.3-1\wxwidgets-2.6.3\build\msw\vc_mswd\core\dc.obj
c:\users\user\documents\github\moogdots-new-vs2017compatible\moog_doots_reallocated_ver\wxmsw-2.6.3-1\wxwidgets-2.6.3\build\msw\vc_mswd\core\dcbase.obj
c:\users\user\documents\github\moogdots-new-vs2017compatible\moog_doots_reallocated_ver\wxmsw-2.6.3-1\wxwidgets-2.6.3\build\msw\vc_mswd\core\dcclient.obj
c:\users\user\documents\github\moogdots-new-vs2017compatible\moog_doots_reallocated_ver\wxmsw-2.6.3-1\wxwidgets-2.6.3\build\msw\vc_mswd\core\dcmemory.obj
c:\users\user\documents\github\moogdots-new-vs2017compatible\moog_doots_reallocated_ver\wxmsw-2.6.3-1\wxwidgets-2.6.3\build\msw\vc_mswd\core\dcprint.obj
c:\users\user\documents\github\moogdots-new-vs2017compatible\moog_doots_reallocated_ver\wxmsw-2.6.3-1\wxwidgets-2.6.3\build\msw\vc_mswd\core\dcpsg.obj
c:\users\user\documents\github\moogdots-new-vs2017compatible\moog_doots_reallocated_ver\wxmsw-2.6.3-1\wxwidgets-2.6.3\build\msw\vc_mswd\core\dcscreen.obj
c:\users\user\documents\github\moogdots-new-vs2017compatible\moog_doots_reallocated_ver\wxmsw-2.6.3-1\wxwidgets-2.6.3\build\msw\vc_mswd\core\dialog.obj
c:\users\user\documents\github\moogdots-new-vs2017compatible\moog_doots_reallocated_ver\wxmsw-2.6.3-1\wxwidgets-2.6.3\build\msw\vc_mswd\core\dialup.obj
c:\users\user\documents\github\moogdots-new-vs2017compatible\moog_doots_reallocated_ver\wxmsw-2.6.3-1\wxwidgets-2.6.3\build\msw\vc_mswd\core\dib.obj
c:\users\user\documents\github\moogdots-new-vs2017compatible\moog_doots_reallocated_ver\wxmsw-2.6.3-1\wxwidgets-2.6.3\build\msw\vc_mswd\core\dirctrlg.obj
c:\users\user\documents\github\moogdots-new-vs2017compatible\moog_doots_reallocated_ver\wxmsw-2.6.3-1\wxwidgets-2.6.3\build\msw\vc_mswd\core\dirdlg.obj
c:\users\user\documents\github\moogdots-new-vs2017compatible\moog_doots_reallocated_ver\wxmsw-2.6.3-1\wxwidgets-2.6.3\build\msw\vc_mswd\core\display.obj
c:\users\user\documents\github\moogdots-new-vs2017compatible\moog_doots_reallocated_ver\wxmsw-2.6.3-1\wxwidgets-2.6.3\build\msw\vc_mswd\core\dlgcmn.obj
c:\users\user\documents\github\moogdots-new-vs2017compatible\moog_doots_reallocated_ver\wxmsw-2.6.3-1\wxwidgets-2.6.3\build\msw\vc_mswd\core\dndcmn.obj
c:\users\user\documents\github\moogdots-new-vs2017compatible\moog_doots_reallocated_ver\wxmsw-2.6.3-1\wxwidgets-2.6.3\build\msw\vc_mswd\core\dobjcmn.obj
c:\users\user\documents\github\moogdots-new-vs2017compatible\moog_doots_reallocated_ver\wxmsw-2.6.3-1\wxwidgets-2.6.3\build\msw\vc_mswd\core\docmdi.obj
c:\users\user\documents\github\moogdots-new-vs2017compatible\moog_doots_reallocated_ver\wxmsw-2.6.3-1\wxwidgets-2.6.3\build\msw\vc_mswd\core\docview.obj
c:\users\user\documents\github\moogdots-new-vs2017compatible\moog_doots_reallocated_ver\wxmsw-2.6.3-1\wxwidgets-2.6.3\build\msw\vc_mswd\core\dpycmn.obj
c:\users\user\documents\github\moogdots-new-vs2017compatible\moog_doots_reallocated_ver\wxmsw-2.6.3-1\wxwidgets-2.6.3\build\msw\vc_mswd\core\dragimag.obj
c:\users\user\documents\github\moogdots-new-vs2017compatible\moog_doots_reallocated_ver\wxmsw-2.6.3-1\wxwidgets-2.6.3\build\msw\vc_mswd\core\dragimgg.obj
c:\users\user\documents\github\moogdots-new-vs2017compatible\moog_doots_reallocated_ver\wxmsw-2.6.3-1\wxwidgets-2.6.3\build\msw\vc_mswd\core\dropsrc.obj
c:\users\user\documents\github\moogdots-new-vs2017compatible\moog_doots_reallocated_ver\wxmsw-2.6.3-1\wxwidgets-2.6.3\build\msw\vc_mswd\core\droptgt.obj
c:\users\user\documents\github\moogdots-new-vs2017compatible\moog_doots_reallocated_ver\wxmsw-2.6.3-1\wxwidgets-2.6.3\build\msw\vc_mswd\core\dseldlg.obj
c:\users\user\documents\github\moogdots-new-vs2017compatible\moog_doots_reallocated_ver\wxmsw-2.6.3-1\wxwidgets-2.6.3\build\msw\vc_mswd\core\dummy.obj
c:\users\user\documents\github\moogdots-new-vs2017compatible\moog_doots_reallocated_ver\wxmsw-2.6.3-1\wxwidgets-2.6.3\build\msw\vc_mswd\core\effects.obj
c:\users\user\documents\github\moogdots-new-vs2017compatible\moog_doots_reallocated_ver\wxmsw-2.6.3-1\wxwidgets-2.6.3\build\msw\vc_mswd\core\enhmeta.obj
c:\users\user\documents\github\moogdots-new-vs2017compatible\moog_doots_reallocated_ver\wxmsw-2.6.3-1\wxwidgets-2.6.3\build\msw\vc_mswd\core\event.obj
c:\users\user\documents\github\moogdots-new-vs2017compatible\moog_doots_reallocated_ver\wxmsw-2.6.3-1\wxwidgets-2.6.3\build\msw\vc_mswd\core\evtloop.obj
c:\users\user\documents\github\moogdots-new-vs2017compatible\moog_doots_reallocated_ver\wxmsw-2.6.3-1\wxwidgets-2.6.3\build\msw\vc_mswd\core\fddlgcmn.obj
c:\users\user\documents\github\moogdots-new-vs2017compatible\moog_doots_reallocated_ver\wxmsw-2.6.3-1\wxwidgets-2.6.3\build\msw\vc_mswd\core\fdrepdlg.obj
c:\users\user\documents\github\moogdots-new-vs2017compatible\moog_doots_reallocated_ver\wxmsw-2.6.3-1\wxwidgets-2.6.3\build\msw\vc_mswd\core\filedlg.obj
c:\users\user\documents\github\moogdots-new-vs2017compatible\moog_doots_reallocated_ver\wxmsw-2.6.3-1\wxwidgets-2.6.3\build\msw\vc_mswd\core\fldlgcmn.obj
c:\users\user\documents\github\moogdots-new-vs2017compatible\moog_doots_reallocated_ver\wxmsw-2.6.3-1\wxwidgets-2.6.3\build\msw\vc_mswd\core\font.obj
c:\users\user\documents\github\moogdots-new-vs2017compatible\moog_doots_reallocated_ver\wxmsw-2.6.3-1\wxwidgets-2.6.3\build\msw\vc_mswd\core\fontcmn.obj
c:\users\user\documents\github\moogdots-new-vs2017compatible\moog_doots_reallocated_ver\wxmsw-2.6.3-1\wxwidgets-2.6.3\build\msw\vc_mswd\core\fontdlg.obj
c:\users\user\documents\github\moogdots-new-vs2017compatible\moog_doots_reallocated_ver\wxmsw-2.6.3-1\wxwidgets-2.6.3\build\msw\vc_mswd\core\fontenum.obj
c:\users\user\documents\github\moogdots-new-vs2017compatible\moog_doots_reallocated_ver\wxmsw-2.6.3-1\wxwidgets-2.6.3\build\msw\vc_mswd\core\fontmap.obj
c:\users\user\documents\github\moogdots-new-vs2017compatible\moog_doots_reallocated_ver\wxmsw-2.6.3-1\wxwidgets-2.6.3\build\msw\vc_mswd\core\fontutil.obj
c:\users\user\documents\github\moogdots-new-vs2017compatible\moog_doots_reallocated_ver\wxmsw-2.6.3-1\wxwidgets-2.6.3\build\msw\vc_mswd\core\frame.obj
c:\users\user\documents\github\moogdots-new-vs2017compatible\moog_doots_reallocated_ver\wxmsw-2.6.3-1\wxwidgets-2.6.3\build\msw\vc_mswd\core\framecmn.obj
c:\users\user\documents\github\moogdots-new-vs2017compatible\moog_doots_reallocated_ver\wxmsw-2.6.3-1\wxwidgets-2.6.3\build\msw\vc_mswd\core\fs_mem.obj
c:\users\user\documents\github\moogdots-new-vs2017compatible\moog_doots_reallocated_ver\wxmsw-2.6.3-1\wxwidgets-2.6.3\build\msw\vc_mswd\core\gauge95.obj
c:\users\user\documents\github\moogdots-new-vs2017compatible\moog_doots_reallocated_ver\wxmsw-2.6.3-1\wxwidgets-2.6.3\build\msw\vc_mswd\core\gaugecmn.obj
c:\users\user\documents\github\moogdots-new-vs2017compatible\moog_doots_reallocated_ver\wxmsw-2.6.3-1\wxwidgets-2.6.3\build\msw\vc_mswd\core\gbsizer.obj
c:\users\user\documents\github\moogdots-new-vs2017compatible\moog_doots_reallocated_ver\wxmsw-2.6.3-1\wxwidgets-2.6.3\build\msw\vc_mswd\core\gdicmn.obj
c:\users\user\documents\github\moogdots-new-vs2017compatible\moog_doots_reallocated_ver\wxmsw-2.6.3-1\wxwidgets-2.6.3\build\msw\vc_mswd\core\gdiimage.obj
c:\users\user\documents\github\moogdots-new-vs2017compatible\moog_doots_reallocated_ver\wxmsw-2.6.3-1\wxwidgets-2.6.3\build\msw\vc_mswd\core\gdiobj.obj
c:\users\user\documents\github\moogdots-new-vs2017compatible\moog_doots_reallocated_ver\wxmsw-2.6.3-1\wxwidgets-2.6.3\build\msw\vc_mswd\core\geometry.obj
c:\users\user\documents\github\moogdots-new-vs2017compatible\moog_doots_reallocated_ver\wxmsw-2.6.3-1\wxwidgets-2.6.3\build\msw\vc_mswd\core\gifdecod.obj
c:\users\user\documents\github\moogdots-new-vs2017compatible\moog_doots_reallocated_ver\wxmsw-2.6.3-1\wxwidgets-2.6.3\build\msw\vc_mswd\core\gsockmsw.obj
c:\users\user\documents\github\moogdots-new-vs2017compatible\moog_doots_reallocated_ver\wxmsw-2.6.3-1\wxwidgets-2.6.3\build\msw\vc_mswd\core\helpbase.obj
c:\users\user\documents\github\moogdots-new-vs2017compatible\moog_doots_reallocated_ver\wxmsw-2.6.3-1\wxwidgets-2.6.3\build\msw\vc_mswd\core\helpchm.obj
c:\users\user\documents\github\moogdots-new-vs2017compatible\moog_doots_reallocated_ver\wxmsw-2.6.3-1\wxwidgets-2.6.3\build\msw\vc_mswd\core\helpwin.obj
c:\users\user\documents\github\moogdots-new-vs2017compatible\moog_doots_reallocated_ver\wxmsw-2.6.3-1\wxwidgets-2.6.3\build\msw\vc_mswd\core\icon.obj
c:\users\user\documents\github\moogdots-new-vs2017compatible\moog_doots_reallocated_ver\wxmsw-2.6.3-1\wxwidgets-2.6.3\build\msw\vc_mswd\core\iconbndl.obj
c:\users\user\documents\github\moogdots-new-vs2017compatible\moog_doots_reallocated_ver\wxmsw-2.6.3-1\wxwidgets-2.6.3\build\msw\vc_mswd\core\imagall.obj
c:\users\user\documents\github\moogdots-new-vs2017compatible\moog_doots_reallocated_ver\wxmsw-2.6.3-1\wxwidgets-2.6.3\build\msw\vc_mswd\core\imagbmp.obj
c:\users\user\documents\github\moogdots-new-vs2017compatible\moog_doots_reallocated_ver\wxmsw-2.6.3-1\wxwidgets-2.6.3\build\msw\vc_mswd\core\image.obj
c:\users\user\documents\github\moogdots-new-vs2017compatible\moog_doots_reallocated_ver\wxmsw-2.6.3-1\wxwidgets-2.6.3\build\msw\vc_mswd\core\imagfill.obj
c:\users\user\documents\github\moogdots-new-vs2017compatible\moog_doots_reallocated_ver\wxmsw-2.6.3-1\wxwidgets-2.6.3\build\msw\vc_mswd\core\imaggif.obj
c:\users\user\documents\github\moogdots-new-vs2017compatible\moog_doots_reallocated_ver\wxmsw-2.6.3-1\wxwidgets-2.6.3\build\msw\vc_mswd\core\imagiff.obj
c:\users\user\documents\github\moogdots-new-vs2017compatible\moog_doots_reallocated_ver\wxmsw-2.6.3-1\wxwidgets-2.6.3\build\msw\vc_mswd\core\imagjpeg.obj
c:\users\user\documents\github\moogdots-new-vs2017compatible\moog_doots_reallocated_ver\wxmsw-2.6.3-1\wxwidgets-2.6.3\build\msw\vc_mswd\core\imaglist.obj
c:\users\user\documents\github\moogdots-new-vs2017compatible\moog_doots_reallocated_ver\wxmsw-2.6.3-1\wxwidgets-2.6.3\build\msw\vc_mswd\core\imagpcx.obj
c:\users\user\documents\github\moogdots-new-vs2017compatible\moog_doots_reallocated_ver\wxmsw-2.6.3-1\wxwidgets-2.6.3\build\msw\vc_mswd\core\imagpng.obj
c:\users\user\documents\github\moogdots-new-vs2017compatible\moog_doots_reallocated_ver\wxmsw-2.6.3-1\wxwidgets-2.6.3\build\msw\vc_mswd\core\imagpnm.obj
c:\users\user\documents\github\moogdots-new-vs2017compatible\moog_doots_reallocated_ver\wxmsw-2.6.3-1\wxwidgets-2.6.3\build\msw\vc_mswd\core\imagtiff.obj
c:\users\user\documents\github\moogdots-new-vs2017compatible\moog_doots_reallocated_ver\wxmsw-2.6.3-1\wxwidgets-2.6.3\build\msw\vc_mswd\core\imagxpm.obj
c:\users\user\documents\github\moogdots-new-vs2017compatible\moog_doots_reallocated_ver\wxmsw-2.6.3-1\wxwidgets-2.6.3\build\msw\vc_mswd\core\iniconf.obj
c:\users\user\documents\github\moogdots-new-vs2017compatible\moog_doots_reallocated_ver\wxmsw-2.6.3-1\wxwidgets-2.6.3\build\msw\vc_mswd\core\layout.obj
c:\users\user\documents\github\moogdots-new-vs2017compatible\moog_doots_reallocated_ver\wxmsw-2.6.3-1\wxwidgets-2.6.3\build\msw\vc_mswd\core\lboxcmn.obj
c:\users\user\documents\github\moogdots-new-vs2017compatible\moog_doots_reallocated_ver\wxmsw-2.6.3-1\wxwidgets-2.6.3\build\msw\vc_mswd\core\listbkg.obj
c:\users\user\documents\github\moogdots-new-vs2017compatible\moog_doots_reallocated_ver\wxmsw-2.6.3-1\wxwidgets-2.6.3\build\msw\vc_mswd\core\listbox.obj
c:\users\user\documents\github\moogdots-new-vs2017compatible\moog_doots_reallocated_ver\wxmsw-2.6.3-1\wxwidgets-2.6.3\build\msw\vc_mswd\core\listctrl.obj
c:\users\user\documents\github\moogdots-new-vs2017compatible\moog_doots_reallocated_ver\wxmsw-2.6.3-1\wxwidgets-2.6.3\build\msw\vc_mswd\core\logg.obj
c:\users\user\documents\github\moogdots-new-vs2017compatible\moog_doots_reallocated_ver\wxmsw-2.6.3-1\wxwidgets-2.6.3\build\msw\vc_mswd\core\main.obj
c:\users\user\documents\github\moogdots-new-vs2017compatible\moog_doots_reallocated_ver\wxmsw-2.6.3-1\wxwidgets-2.6.3\build\msw\vc_mswd\core\matrix.obj
c:\users\user\documents\github\moogdots-new-vs2017compatible\moog_doots_reallocated_ver\wxmsw-2.6.3-1\wxwidgets-2.6.3\build\msw\vc_mswd\core\mdi.obj
c:\users\user\documents\github\moogdots-new-vs2017compatible\moog_doots_reallocated_ver\wxmsw-2.6.3-1\wxwidgets-2.6.3\build\msw\vc_mswd\core\menu.obj
c:\users\user\documents\github\moogdots-new-vs2017compatible\moog_doots_reallocated_ver\wxmsw-2.6.3-1\wxwidgets-2.6.3\build\msw\vc_mswd\core\menucmn.obj
c:\users\user\documents\github\moogdots-new-vs2017compatible\moog_doots_reallocated_ver\wxmsw-2.6.3-1\wxwidgets-2.6.3\build\msw\vc_mswd\core\menuitem.obj
c:\users\user\documents\github\moogdots-new-vs2017compatible\moog_doots_reallocated_ver\wxmsw-2.6.3-1\wxwidgets-2.6.3\build\msw\vc_mswd\core\metafile.obj
c:\users\user\documents\github\moogdots-new-vs2017compatible\moog_doots_reallocated_ver\wxmsw-2.6.3-1\wxwidgets-2.6.3\build\msw\vc_mswd\core\minifram.obj
c:\users\user\documents\github\moogdots-new-vs2017compatible\moog_doots_reallocated_ver\wxmsw-2.6.3-1\wxwidgets-2.6.3\build\msw\vc_mswd\core\msgdlg.obj
c:\users\user\documents\github\moogdots-new-vs2017compatible\moog_doots_reallocated_ver\wxmsw-2.6.3-1\wxwidgets-2.6.3\build\msw\vc_mswd\core\msgout.obj
c:\users\user\documents\github\moogdots-new-vs2017compatible\moog_doots_reallocated_ver\wxmsw-2.6.3-1\wxwidgets-2.6.3\build\msw\vc_mswd\core\mslu.obj
c:\users\user\documents\github\moogdots-new-vs2017compatible\moog_doots_reallocated_ver\wxmsw-2.6.3-1\wxwidgets-2.6.3\build\msw\vc_mswd\core\nativdlg.obj
c:\users\user\documents\github\moogdots-new-vs2017compatible\moog_doots_reallocated_ver\wxmsw-2.6.3-1\wxwidgets-2.6.3\build\msw\vc_mswd\core\nbkbase.obj
c:\users\user\documents\github\moogdots-new-vs2017compatible\moog_doots_reallocated_ver\wxmsw-2.6.3-1\wxwidgets-2.6.3\build\msw\vc_mswd\core\notebook.obj
c:\users\user\documents\github\moogdots-new-vs2017compatible\moog_doots_reallocated_ver\wxmsw-2.6.3-1\wxwidgets-2.6.3\build\msw\vc_mswd\core\numdlgg.obj
c:\users\user\documents\github\moogdots-new-vs2017compatible\moog_doots_reallocated_ver\wxmsw-2.6.3-1\wxwidgets-2.6.3\build\msw\vc_mswd\core\oleutils.obj
c:\users\user\documents\github\moogdots-new-vs2017compatible\moog_doots_reallocated_ver\wxmsw-2.6.3-1\wxwidgets-2.6.3\build\msw\vc_mswd\core\ownerdrw.obj
c:\users\user\documents\github\moogdots-new-vs2017compatible\moog_doots_reallocated_ver\wxmsw-2.6.3-1\wxwidgets-2.6.3\build\msw\vc_mswd\core\palette.obj
c:\users\user\documents\github\moogdots-new-vs2017compatible\moog_doots_reallocated_ver\wxmsw-2.6.3-1\wxwidgets-2.6.3\build\msw\vc_mswd\core\panelg.obj
c:\users\user\documents\github\moogdots-new-vs2017compatible\moog_doots_reallocated_ver\wxmsw-2.6.3-1\wxwidgets-2.6.3\build\msw\vc_mswd\core\paper.obj
c:\users\user\documents\github\moogdots-new-vs2017compatible\moog_doots_reallocated_ver\wxmsw-2.6.3-1\wxwidgets-2.6.3\build\msw\vc_mswd\core\pen.obj
c:\users\user\documents\github\moogdots-new-vs2017compatible\moog_doots_reallocated_ver\wxmsw-2.6.3-1\wxwidgets-2.6.3\build\msw\vc_mswd\core\popupcmn.obj
c:\users\user\documents\github\moogdots-new-vs2017compatible\moog_doots_reallocated_ver\wxmsw-2.6.3-1\wxwidgets-2.6.3\build\msw\vc_mswd\core\popupwin.obj
c:\users\user\documents\github\moogdots-new-vs2017compatible\moog_doots_reallocated_ver\wxmsw-2.6.3-1\wxwidgets-2.6.3\build\msw\vc_mswd\core\printdlg.obj
c:\users\user\documents\github\moogdots-new-vs2017compatible\moog_doots_reallocated_ver\wxmsw-2.6.3-1\wxwidgets-2.6.3\build\msw\vc_mswd\core\printps.obj
c:\users\user\documents\github\moogdots-new-vs2017compatible\moog_doots_reallocated_ver\wxmsw-2.6.3-1\wxwidgets-2.6.3\build\msw\vc_mswd\core\printwin.obj
c:\users\user\documents\github\moogdots-new-vs2017compatible\moog_doots_reallocated_ver\wxmsw-2.6.3-1\wxwidgets-2.6.3\build\msw\vc_mswd\core\prntbase.obj
c:\users\user\documents\github\moogdots-new-vs2017compatible\moog_doots_reallocated_ver\wxmsw-2.6.3-1\wxwidgets-2.6.3\build\msw\vc_mswd\core\prntdlgg.obj
c:\users\user\documents\github\moogdots-new-vs2017compatible\moog_doots_reallocated_ver\wxmsw-2.6.3-1\wxwidgets-2.6.3\build\msw\vc_mswd\core\progdlgg.obj
c:\users\user\documents\github\moogdots-new-vs2017compatible\moog_doots_reallocated_ver\wxmsw-2.6.3-1\wxwidgets-2.6.3\build\msw\vc_mswd\core\quantize.obj
c:\users\user\documents\github\moogdots-new-vs2017compatible\moog_doots_reallocated_ver\wxmsw-2.6.3-1\wxwidgets-2.6.3\build\msw\vc_mswd\core\radiobox.obj
c:\users\user\documents\github\moogdots-new-vs2017compatible\moog_doots_reallocated_ver\wxmsw-2.6.3-1\wxwidgets-2.6.3\build\msw\vc_mswd\core\radiobut.obj
c:\users\user\documents\github\moogdots-new-vs2017compatible\moog_doots_reallocated_ver\wxmsw-2.6.3-1\wxwidgets-2.6.3\build\msw\vc_mswd\core\radiocmn.obj
c:\users\user\documents\github\moogdots-new-vs2017compatible\moog_doots_reallocated_ver\wxmsw-2.6.3-1\wxwidgets-2.6.3\build\msw\vc_mswd\core\region.obj
c:\users\user\documents\github\moogdots-new-vs2017compatible\moog_doots_reallocated_ver\wxmsw-2.6.3-1\wxwidgets-2.6.3\build\msw\vc_mswd\core\rendcmn.obj
c:\users\user\documents\github\moogdots-new-vs2017compatible\moog_doots_reallocated_ver\wxmsw-2.6.3-1\wxwidgets-2.6.3\build\msw\vc_mswd\core\renderer.obj
c:\users\user\documents\github\moogdots-new-vs2017compatible\moog_doots_reallocated_ver\wxmsw-2.6.3-1\wxwidgets-2.6.3\build\msw\vc_mswd\core\renderg.obj
c:\users\user\documents\github\moogdots-new-vs2017compatible\moog_doots_reallocated_ver\wxmsw-2.6.3-1\wxwidgets-2.6.3\build\msw\vc_mswd\core\rgncmn.obj
c:\users\user\documents\github\moogdots-new-vs2017compatible\moog_doots_reallocated_ver\wxmsw-2.6.3-1\wxwidgets-2.6.3\build\msw\vc_mswd\core\scrlwing.obj
c:\users\user\documents\github\moogdots-new-vs2017compatible\moog_doots_reallocated_ver\wxmsw-2.6.3-1\wxwidgets-2.6.3\build\msw\vc_mswd\core\scrolbar.obj
c:\users\user\documents\github\moogdots-new-vs2017compatible\moog_doots_reallocated_ver\wxmsw-2.6.3-1\wxwidgets-2.6.3\build\msw\vc_mswd\core\selstore.obj
c:\users\user\documents\github\moogdots-new-vs2017compatible\moog_doots_reallocated_ver\wxmsw-2.6.3-1\wxwidgets-2.6.3\build\msw\vc_mswd\core\settcmn.obj
c:\users\user\documents\github\moogdots-new-vs2017compatible\moog_doots_reallocated_ver\wxmsw-2.6.3-1\wxwidgets-2.6.3\build\msw\vc_mswd\core\settings.obj
c:\users\user\documents\github\moogdots-new-vs2017compatible\moog_doots_reallocated_ver\wxmsw-2.6.3-1\wxwidgets-2.6.3\build\msw\vc_mswd\core\sizer.obj
c:\users\user\documents\github\moogdots-new-vs2017compatible\moog_doots_reallocated_ver\wxmsw-2.6.3-1\wxwidgets-2.6.3\build\msw\vc_mswd\core\slider95.obj
c:\users\user\documents\github\moogdots-new-vs2017compatible\moog_doots_reallocated_ver\wxmsw-2.6.3-1\wxwidgets-2.6.3\build\msw\vc_mswd\core\spinbutt.obj
c:\users\user\documents\github\moogdots-new-vs2017compatible\moog_doots_reallocated_ver\wxmsw-2.6.3-1\wxwidgets-2.6.3\build\msw\vc_mswd\core\spinctlg.obj
c:\users\user\documents\github\moogdots-new-vs2017compatible\moog_doots_reallocated_ver\wxmsw-2.6.3-1\wxwidgets-2.6.3\build\msw\vc_mswd\core\spinctrl.obj
c:\users\user\documents\github\moogdots-new-vs2017compatible\moog_doots_reallocated_ver\wxmsw-2.6.3-1\wxwidgets-2.6.3\build\msw\vc_mswd\core\splitter.obj
c:\users\user\documents\github\moogdots-new-vs2017compatible\moog_doots_reallocated_ver\wxmsw-2.6.3-1\wxwidgets-2.6.3\build\msw\vc_mswd\core\statbar.obj
c:\users\user\documents\github\moogdots-new-vs2017compatible\moog_doots_reallocated_ver\wxmsw-2.6.3-1\wxwidgets-2.6.3\build\msw\vc_mswd\core\statbmp.obj
c:\users\user\documents\github\moogdots-new-vs2017compatible\moog_doots_reallocated_ver\wxmsw-2.6.3-1\wxwidgets-2.6.3\build\msw\vc_mswd\core\statbox.obj
c:\users\user\documents\github\moogdots-new-vs2017compatible\moog_doots_reallocated_ver\wxmsw-2.6.3-1\wxwidgets-2.6.3\build\msw\vc_mswd\core\statbr95.obj
c:\users\user\documents\github\moogdots-new-vs2017compatible\moog_doots_reallocated_ver\wxmsw-2.6.3-1\wxwidgets-2.6.3\build\msw\vc_mswd\core\statline.obj
c:\users\user\documents\github\moogdots-new-vs2017compatible\moog_doots_reallocated_ver\wxmsw-2.6.3-1\wxwidgets-2.6.3\build\msw\vc_mswd\core\stattext.obj
c:\users\user\documents\github\moogdots-new-vs2017compatible\moog_doots_reallocated_ver\wxmsw-2.6.3-1\wxwidgets-2.6.3\build\msw\vc_mswd\core\statusbr.obj
c:\users\user\documents\github\moogdots-new-vs2017compatible\moog_doots_reallocated_ver\wxmsw-2.6.3-1\wxwidgets-2.6.3\build\msw\vc_mswd\core\stockitem.obj
c:\users\user\documents\github\moogdots-new-vs2017compatible\moog_doots_reallocated_ver\wxmsw-2.6.3-1\wxwidgets-2.6.3\build\msw\vc_mswd\core\tabctrl.obj
c:\users\user\documents\github\moogdots-new-vs2017compatible\moog_doots_reallocated_ver\wxmsw-2.6.3-1\wxwidgets-2.6.3\build\msw\vc_mswd\core\tbar95.obj
c:\users\user\documents\github\moogdots-new-vs2017compatible\moog_doots_reallocated_ver\wxmsw-2.6.3-1\wxwidgets-2.6.3\build\msw\vc_mswd\core\tbarbase.obj
c:\users\user\documents\github\moogdots-new-vs2017compatible\moog_doots_reallocated_ver\wxmsw-2.6.3-1\wxwidgets-2.6.3\build\msw\vc_mswd\core\textcmn.obj
c:\users\user\documents\github\moogdots-new-vs2017compatible\moog_doots_reallocated_ver\wxmsw-2.6.3-1\wxwidgets-2.6.3\build\msw\vc_mswd\core\textctrl.obj
c:\users\user\documents\github\moogdots-new-vs2017compatible\moog_doots_reallocated_ver\wxmsw-2.6.3-1\wxwidgets-2.6.3\build\msw\vc_mswd\core\textdlgg.obj
c:\users\user\documents\github\moogdots-new-vs2017compatible\moog_doots_reallocated_ver\wxmsw-2.6.3-1\wxwidgets-2.6.3\build\msw\vc_mswd\core\tglbtn.obj
c:\users\user\documents\github\moogdots-new-vs2017compatible\moog_doots_reallocated_ver\wxmsw-2.6.3-1\wxwidgets-2.6.3\build\msw\vc_mswd\core\timer.obj
c:\users\user\documents\github\moogdots-new-vs2017compatible\moog_doots_reallocated_ver\wxmsw-2.6.3-1\wxwidgets-2.6.3\build\msw\vc_mswd\core\timercmn.obj
c:\users\user\documents\github\moogdots-new-vs2017compatible\moog_doots_reallocated_ver\wxmsw-2.6.3-1\wxwidgets-2.6.3\build\msw\vc_mswd\core\tipwin.obj
c:\users\user\documents\github\moogdots-new-vs2017compatible\moog_doots_reallocated_ver\wxmsw-2.6.3-1\wxwidgets-2.6.3\build\msw\vc_mswd\core\tooltip.obj
c:\users\user\documents\github\moogdots-new-vs2017compatible\moog_doots_reallocated_ver\wxmsw-2.6.3-1\wxwidgets-2.6.3\build\msw\vc_mswd\core\toplevel.obj
c:\users\user\documents\github\moogdots-new-vs2017compatible\moog_doots_reallocated_ver\wxmsw-2.6.3-1\wxwidgets-2.6.3\build\msw\vc_mswd\core\toplvcmn.obj
c:\users\user\documents\github\moogdots-new-vs2017compatible\moog_doots_reallocated_ver\wxmsw-2.6.3-1\wxwidgets-2.6.3\build\msw\vc_mswd\core\treebase.obj
c:\users\user\documents\github\moogdots-new-vs2017compatible\moog_doots_reallocated_ver\wxmsw-2.6.3-1\wxwidgets-2.6.3\build\msw\vc_mswd\core\treectlg.obj
c:\users\user\documents\github\moogdots-new-vs2017compatible\moog_doots_reallocated_ver\wxmsw-2.6.3-1\wxwidgets-2.6.3\build\msw\vc_mswd\core\treectrl.obj
c:\users\user\documents\github\moogdots-new-vs2017compatible\moog_doots_reallocated_ver\wxmsw-2.6.3-1\wxwidgets-2.6.3\build\msw\vc_mswd\core\utilscmn.obj
c:\users\user\documents\github\moogdots-new-vs2017compatible\moog_doots_reallocated_ver\wxmsw-2.6.3-1\wxwidgets-2.6.3\build\msw\vc_mswd\core\utilsgui.obj
c:\users\user\documents\github\moogdots-new-vs2017compatible\moog_doots_reallocated_ver\wxmsw-2.6.3-1\wxwidgets-2.6.3\build\msw\vc_mswd\core\uuid.obj
c:\users\user\documents\github\moogdots-new-vs2017compatible\moog_doots_reallocated_ver\wxmsw-2.6.3-1\wxwidgets-2.6.3\build\msw\vc_mswd\core\uxtheme.obj
c:\users\user\documents\github\moogdots-new-vs2017compatible\moog_doots_reallocated_ver\wxmsw-2.6.3-1\wxwidgets-2.6.3\build\msw\vc_mswd\core\valgen.obj
c:\users\user\documents\github\moogdots-new-vs2017compatible\moog_doots_reallocated_ver\wxmsw-2.6.3-1\wxwidgets-2.6.3\build\msw\vc_mswd\core\validate.obj
c:\users\user\documents\github\moogdots-new-vs2017compatible\moog_doots_reallocated_ver\wxmsw-2.6.3-1\wxwidgets-2.6.3\build\msw\vc_mswd\core\valtext.obj
c:\users\user\documents\github\moogdots-new-vs2017compatible\moog_doots_reallocated_ver\wxmsw-2.6.3-1\wxwidgets-2.6.3\build\msw\vc_mswd\core\vlbox.obj
c:\users\user\documents\github\moogdots-new-vs2017compatible\moog_doots_reallocated_ver\wxmsw-2.6.3-1\wxwidgets-2.6.3\build\msw\vc_mswd\core\volume.obj
c:\users\user\documents\github\moogdots-new-vs2017compatible\moog_doots_reallocated_ver\wxmsw-2.6.3-1\wxwidgets-2.6.3\build\msw\vc_mswd\core\vscroll.obj
c:\users\user\documents\github\moogdots-new-vs2017compatible\moog_doots_reallocated_ver\wxmsw-2.6.3-1\wxwidgets-2.6.3\build\msw\vc_mswd\core\wincmn.obj
c:\users\user\documents\github\moogdots-new-vs2017compatible\moog_doots_reallocated_ver\wxmsw-2.6.3-1\wxwidgets-2.6.3\build\msw\vc_mswd\core\window.obj
c:\users\user\documents\github\moogdots-new-vs2017compatible\moog_doots_reallocated_ver\wxmsw-2.6.3-1\wxwidgets-2.6.3\build\msw\vc_mswd\core\xpmdecod.obj
c:\users\user\documents\github\moogdots-new-vs2017compatible\moog_doots_reallocated_ver\wxmsw-2.6.3-1\wxwidgets-2.6.3\build\msw\vc_mswd\core\core.tlog\cl.command.1.tlog
c:\users\user\documents\github\moogdots-new-vs2017compatible\moog_doots_reallocated_ver\wxmsw-2.6.3-1\wxwidgets-2.6.3\build\msw\vc_mswd\core\core.tlog\cl.read.1.tlog
c:\users\user\documents\github\moogdots-new-vs2017compatible\moog_doots_reallocated_ver\wxmsw-2.6.3-1\wxwidgets-2.6.3\build\msw\vc_mswd\core\core.tlog\cl.write.1.tlog
c:\users\user\documents\github\moogdots-new-vs2017compatible\moog_doots_reallocated_ver\wxmsw-2.6.3-1\wxwidgets-2.6.3\build\msw\vc_mswd\core\core.tlog\custombuild.command.1.tlog
c:\users\user\documents\github\moogdots-new-vs2017compatible\moog_doots_reallocated_ver\wxmsw-2.6.3-1\wxwidgets-2.6.3\build\msw\vc_mswd\core\core.tlog\custombuild.read.1.tlog
c:\users\user\documents\github\moogdots-new-vs2017compatible\moog_doots_reallocated_ver\wxmsw-2.6.3-1\wxwidgets-2.6.3\build\msw\vc_mswd\core\core.tlog\custombuild.write.1.tlog
c:\users\user\documents\github\moogdots-new-vs2017compatible\moog_doots_reallocated_ver\wxmsw-2.6.3-1\wxwidgets-2.6.3\build\msw\vc_mswd\core\core.tlog\lib-link.read.1.tlog
c:\users\user\documents\github\moogdots-new-vs2017compatible\moog_doots_reallocated_ver\wxmsw-2.6.3-1\wxwidgets-2.6.3\build\msw\vc_mswd\core\core.tlog\lib-link.write.1.tlog
c:\users\user\documents\github\moogdots-new-vs2017compatible\moog_doots_reallocated_ver\wxmsw-2.6.3-1\wxwidgets-2.6.3\build\msw\vc_mswd\core\core.tlog\lib.command.1.tlog
