  dummy.cpp
  window.cpp
c:\users\user\documents\github\moogdots-new-vs2017compatible\moog_doots_reallocated_ver\wxmsw-2.6.3-1\wxwidgets-2.6.3\src\msw\window.cpp(2383): warning C4456: declaration of 'rc' hides previous local declaration
  c:\users\user\documents\github\moogdots-new-vs2017compatible\moog_doots_reallocated_ver\wxmsw-2.6.3-1\wxwidgets-2.6.3\src\msw\window.cpp(2344): note: see declaration of 'rc'
c:\users\user\documents\github\moogdots-new-vs2017compatible\moog_doots_reallocated_ver\wxmsw-2.6.3-1\wxwidgets-2.6.3\src\msw\window.cpp(2401): warning C4456: declaration of 'rc' hides previous local declaration
  c:\users\user\documents\github\moogdots-new-vs2017compatible\moog_doots_reallocated_ver\wxmsw-2.6.3-1\wxwidgets-2.6.3\src\msw\window.cpp(2344): note: see declaration of 'rc'
  volume.cpp
c:\program files (x86)\windows kits\8.1\include\um\shlobj.h(1054): warning C4091: 'typedef ': ignored on left of 'tagGPFIDL_FLAGS' when no variable is declared
  uxtheme.cpp
  utilsgui.cpp
  treectrl.cpp
c:\users\user\documents\github\moogdots-new-vs2017compatible\moog_doots_reallocated_ver\wxmsw-2.6.3-1\wxwidgets-2.6.3\src\msw\treectrl.cpp(2821): warning C4457: declaration of 'lParam' hides function parameter
  c:\users\user\documents\github\moogdots-new-vs2017compatible\moog_doots_reallocated_ver\wxmsw-2.6.3-1\wxwidgets-2.6.3\src\msw\treectrl.cpp(2665): note: see declaration of 'lParam'
  toplevel.cpp
  tooltip.cpp
  timer.cpp
  tglbtn.cpp
  textctrl.cpp
c:\users\user\documents\github\moogdots-new-vs2017compatible\moog_doots_reallocated_ver\wxmsw-2.6.3-1\wxwidgets-2.6.3\src\msw\textctrl.cpp(1746): warning C4457: declaration of 'event' hides function parameter
  c:\users\user\documents\github\moogdots-new-vs2017compatible\moog_doots_reallocated_ver\wxmsw-2.6.3-1\wxwidgets-2.6.3\src\msw\textctrl.cpp(1739): note: see declaration of 'event'
c:\users\user\documents\github\moogdots-new-vs2017compatible\moog_doots_reallocated_ver\wxmsw-2.6.3-1\wxwidgets-2.6.3\src\msw\textctrl.cpp(2463): warning C4456: declaration of 'ok' hides previous local declaration
  c:\users\user\documents\github\moogdots-new-vs2017compatible\moog_doots_reallocated_ver\wxmsw-2.6.3-1\wxwidgets-2.6.3\src\msw\textctrl.cpp(2390): note: see declaration of 'ok'
  tbar95.cpp
c:\users\user\documents\github\moogdots-new-vs2017compatible\moog_doots_reallocated_ver\wxmsw-2.6.3-1\wxwidgets-2.6.3\src\msw\tbar95.cpp(251): warning C4457: declaration of 'style' hides function parameter
  c:\users\user\documents\github\moogdots-new-vs2017compatible\moog_doots_reallocated_ver\wxmsw-2.6.3-1\wxwidgets-2.6.3\src\msw\tbar95.cpp(228): note: see declaration of 'style'
c:\users\user\documents\github\moogdots-new-vs2017compatible\moog_doots_reallocated_ver\wxmsw-2.6.3-1\wxwidgets-2.6.3\src\msw\tbar95.cpp(689): warning C4456: declaration of 'x' hides previous local declaration
  c:\users\user\documents\github\moogdots-new-vs2017compatible\moog_doots_reallocated_ver\wxmsw-2.6.3-1\wxwidgets-2.6.3\src\msw\tbar95.cpp(643): note: see declaration of 'x'
c:\users\user\documents\github\moogdots-new-vs2017compatible\moog_doots_reallocated_ver\wxmsw-2.6.3-1\wxwidgets-2.6.3\src\msw\tbar95.cpp(768): warning C4456: declaration of 'addBitmap' hides previous local declaration
  c:\users\user\documents\github\moogdots-new-vs2017compatible\moog_doots_reallocated_ver\wxmsw-2.6.3-1\wxwidgets-2.6.3\src\msw\tbar95.cpp(730): note: see declaration of 'addBitmap'
c:\users\user\documents\github\moogdots-new-vs2017compatible\moog_doots_reallocated_ver\wxmsw-2.6.3-1\wxwidgets-2.6.3\src\msw\tbar95.cpp(883): warning C4456: declaration of 'tool' hides previous local declaration
  c:\users\user\documents\github\moogdots-new-vs2017compatible\moog_doots_reallocated_ver\wxmsw-2.6.3-1\wxwidgets-2.6.3\src\msw\tbar95.cpp(812): note: see declaration of 'tool'
c:\users\user\documents\github\moogdots-new-vs2017compatible\moog_doots_reallocated_ver\wxmsw-2.6.3-1\wxwidgets-2.6.3\src\msw\tbar95.cpp(1518): warning C4456: declaration of 'r' hides previous local declaration
  c:\users\user\documents\github\moogdots-new-vs2017compatible\moog_doots_reallocated_ver\wxmsw-2.6.3-1\wxwidgets-2.6.3\src\msw\tbar95.cpp(1470): note: see declaration of 'r'
  tabctrl.cpp
  stattext.cpp
  statline.cpp
  statbr95.cpp
  statbox.cpp
  statbmp.cpp
  spinctrl.cpp
c:\users\user\documents\github\moogdots-new-vs2017compatible\moog_doots_reallocated_ver\wxmsw-2.6.3-1\wxwidgets-2.6.3\src\msw\spinctrl.cpp(239): warning C4457: declaration of 'event' hides function parameter
  c:\users\user\documents\github\moogdots-new-vs2017compatible\moog_doots_reallocated_ver\wxmsw-2.6.3-1\wxwidgets-2.6.3\src\msw\spinctrl.cpp(233): note: see declaration of 'event'
  spinbutt.cpp
c:\users\user\documents\github\moogdots-new-vs2017compatible\moog_doots_reallocated_ver\wxmsw-2.6.3-1\wxwidgets-2.6.3\src\msw\spinbutt.cpp(150): warning C4457: declaration of 'size' hides function parameter
  c:\users\user\documents\github\moogdots-new-vs2017compatible\moog_doots_reallocated_ver\wxmsw-2.6.3-1\wxwidgets-2.6.3\src\msw\spinbutt.cpp(129): note: see declaration of 'size'
  slider95.cpp
  Generating Code...
  Compiling...
  settings.cpp
  scrolbar.cpp
  renderer.cpp
  region.cpp
  radiobut.cpp
  radiobox.cpp
  printwin.cpp
  printdlg.cpp
  popupwin.cpp
  pen.cpp
  palette.cpp
  ownerdrw.cpp
c:\users\user\documents\github\moogdots-new-vs2017compatible\moog_doots_reallocated_ver\wxmsw-2.6.3-1\wxwidgets-2.6.3\src\msw\ownerdrw.cpp(426): warning C4838: conversion from '::size_t' to 'LONG' requires a narrowing conversion
c:\users\user\documents\github\moogdots-new-vs2017compatible\moog_doots_reallocated_ver\wxmsw-2.6.3-1\wxwidgets-2.6.3\src\msw\ownerdrw.cpp(477): warning C4838: conversion from '::size_t' to 'LONG' requires a narrowing conversion
  uuid.cpp
  oleutils.cpp
  droptgt.cpp
c:\program files (x86)\windows kits\8.1\include\um\shlobj.h(1054): warning C4091: 'typedef ': ignored on left of 'tagGPFIDL_FLAGS' when no variable is declared
  dropsrc.cpp
  dataobj.cpp
c:\program files (x86)\windows kits\8.1\include\um\shlobj.h(1054): warning C4091: 'typedef ': ignored on left of 'tagGPFIDL_FLAGS' when no variable is declared
  automtn.cpp
  access.cpp
  notebook.cpp
  Generating Code...
  Compiling...
  nativdlg.cpp
  mslu.cpp
  msgdlg.cpp
  minifram.cpp
  metafile.cpp
  menuitem.cpp
  menu.cpp
  mdi.cpp
  main.cpp
  listctrl.cpp
  listbox.cpp
  iniconf.cpp
c:\users\user\documents\github\moogdots-new-vs2017compatible\moog_doots_reallocated_ver\wxmsw-2.6.3-1\wxwidgets-2.6.3\include\wx\confbase.h : warning C4819: The file contains a character that cannot be represented in the current code page (1255). Save the file in Unicode format to prevent data loss
c:\users\user\documents\github\moogdots-new-vs2017compatible\moog_doots_reallocated_ver\wxmsw-2.6.3-1\wxwidgets-2.6.3\src\msw\iniconf.cpp(300): warning C4456: declaration of 'strKey' hides previous local declaration
  c:\users\user\documents\github\moogdots-new-vs2017compatible\moog_doots_reallocated_ver\wxmsw-2.6.3-1\wxwidgets-2.6.3\src\msw\iniconf.cpp(289): note: see declaration of 'strKey'
  imaglist.cpp
  icon.cpp
  helpwin.cpp
  helpchm.cpp
  gsockmsw.cpp
  gdiobj.cpp
  gdiimage.cpp
  gauge95.cpp
  Generating Code...
  Compiling...
  frame.cpp
c:\users\user\documents\github\moogdots-new-vs2017compatible\moog_doots_reallocated_ver\wxmsw-2.6.3-1\wxwidgets-2.6.3\src\msw\frame.cpp(793): warning C4456: declaration of 'rect' hides previous local declaration
  c:\users\user\documents\github\moogdots-new-vs2017compatible\moog_doots_reallocated_ver\wxmsw-2.6.3-1\wxwidgets-2.6.3\src\msw\frame.cpp(773): note: see declaration of 'rect'
  fontutil.cpp
  fontenum.cpp
  fontdlg.cpp
  font.cpp
  filedlg.cpp
c:\users\user\documents\github\moogdots-new-vs2017compatible\moog_doots_reallocated_ver\wxmsw-2.6.3-1\wxwidgets-2.6.3\src\msw\filedlg.cpp(383): warning C4456: declaration of 'i' hides previous local declaration
  c:\users\user\documents\github\moogdots-new-vs2017compatible\moog_doots_reallocated_ver\wxmsw-2.6.3-1\wxwidgets-2.6.3\src\msw\filedlg.cpp(300): note: see declaration of 'i'
c:\users\user\documents\github\moogdots-new-vs2017compatible\moog_doots_reallocated_ver\wxmsw-2.6.3-1\wxwidgets-2.6.3\src\msw\filedlg.cpp(476): warning C4456: declaration of 'dir' hides previous local declaration
  c:\users\user\documents\github\moogdots-new-vs2017compatible\moog_doots_reallocated_ver\wxmsw-2.6.3-1\wxwidgets-2.6.3\src\msw\filedlg.cpp(299): note: see declaration of 'dir'
c:\users\user\documents\github\moogdots-new-vs2017compatible\moog_doots_reallocated_ver\wxmsw-2.6.3-1\wxwidgets-2.6.3\src\msw\filedlg.cpp(496): warning C4456: declaration of 'i' hides previous local declaration
  c:\users\user\documents\github\moogdots-new-vs2017compatible\moog_doots_reallocated_ver\wxmsw-2.6.3-1\wxwidgets-2.6.3\src\msw\filedlg.cpp(300): note: see declaration of 'i'
  fdrepdlg.cpp
  evtloop.cpp
  enhmeta.cpp
  dragimag.cpp
  display.cpp
  dirdlg.cpp
c:\program files (x86)\windows kits\8.1\include\um\shlobj.h(1054): warning C4091: 'typedef ': ignored on left of 'tagGPFIDL_FLAGS' when no variable is declared
  dib.cpp
  dialup.cpp
  dialog.cpp
  dcscreen.cpp
  dcprint.cpp
c:\users\user\documents\github\moogdots-new-vs2017compatible\moog_doots_reallocated_ver\wxmsw-2.6.3-1\wxwidgets-2.6.3\src\msw\dcprint.cpp(322): warning C4456: declaration of 'portName' hides previous local declaration
  c:\users\user\documents\github\moogdots-new-vs2017compatible\moog_doots_reallocated_ver\wxmsw-2.6.3-1\wxwidgets-2.6.3\src\msw\dcprint.cpp(304): note: see declaration of 'portName'
  dcmemory.cpp
  dcclient.cpp
  dc.cpp
  Generating Code...
  Compiling...
  data.cpp
  cursor.cpp
  control.cpp
  combobox.cpp
  colour.cpp
  colordlg.cpp
  clipbrd.cpp
  choice.cpp
  checklst.cpp
c:\users\user\documents\github\moogdots-new-vs2017compatible\moog_doots_reallocated_ver\wxmsw-2.6.3-1\wxwidgets-2.6.3\src\msw\checklst.cpp(216): warning C4838: conversion from '::size_t' to 'LONG' requires a narrowing conversion
  checkbox.cpp
  caret.cpp
  button.cpp
  brush.cpp
  bmpbuttn.cpp
c:\users\user\documents\github\moogdots-new-vs2017compatible\moog_doots_reallocated_ver\wxmsw-2.6.3-1\wxwidgets-2.6.3\src\msw\bmpbuttn.cpp(457): warning C4457: declaration of 'dc' hides function parameter
  c:\users\user\documents\github\moogdots-new-vs2017compatible\moog_doots_reallocated_ver\wxmsw-2.6.3-1\wxwidgets-2.6.3\src\msw\bmpbuttn.cpp(449): note: see declaration of 'dc'
  bitmap.cpp
c:\users\user\documents\github\moogdots-new-vs2017compatible\moog_doots_reallocated_ver\wxmsw-2.6.3-1\wxwidgets-2.6.3\src\msw\bitmap.cpp(453): warning C4457: declaration of 'bits' hides function parameter
  c:\users\user\documents\github\moogdots-new-vs2017compatible\moog_doots_reallocated_ver\wxmsw-2.6.3-1\wxwidgets-2.6.3\src\msw\bitmap.cpp(421): note: see declaration of 'bits'
  app.cpp
c:\users\user\documents\github\moogdots-new-vs2017compatible\moog_doots_reallocated_ver\wxmsw-2.6.3-1\wxwidgets-2.6.3\src\msw\app.cpp(277): warning C4458: declaration of 'argc' hides class member
  c:\users\user\documents\github\moogdots-new-vs2017compatible\moog_doots_reallocated_ver\wxmsw-2.6.3-1\wxwidgets-2.6.3\include\wx\app.h(302): note: see declaration of 'wxAppConsole::argc'
c:\users\user\documents\github\moogdots-new-vs2017compatible\moog_doots_reallocated_ver\wxmsw-2.6.3-1\wxwidgets-2.6.3\src\msw\app.cpp(277): warning C4458: declaration of 'argv' hides class member
  c:\users\user\documents\github\moogdots-new-vs2017compatible\moog_doots_reallocated_ver\wxmsw-2.6.3-1\wxwidgets-2.6.3\include\wx\app.h(303): note: see declaration of 'wxAppConsole::argv'
  accel.cpp
  vscroll.cpp
  vlbox.cpp
  treectlg.cpp
c:\users\user\documents\github\moogdots-new-vs2017compatible\moog_doots_reallocated_ver\wxmsw-2.6.3-1\wxwidgets-2.6.3\src\generic\treectlg.cpp(2714): warning C4457: declaration of 'event' hides function parameter
  c:\users\user\documents\github\moogdots-new-vs2017compatible\moog_doots_reallocated_ver\wxmsw-2.6.3-1\wxwidgets-2.6.3\src\generic\treectlg.cpp(2644): note: see declaration of 'event'
c:\users\user\documents\github\moogdots-new-vs2017compatible\moog_doots_reallocated_ver\wxmsw-2.6.3-1\wxwidgets-2.6.3\src\generic\treectlg.cpp(2727): warning C4457: declaration of 'event' hides function parameter
  c:\users\user\documents\github\moogdots-new-vs2017compatible\moog_doots_reallocated_ver\wxmsw-2.6.3-1\wxwidgets-2.6.3\src\generic\treectlg.cpp(2644): note: see declaration of 'event'
c:\users\user\documents\github\moogdots-new-vs2017compatible\moog_doots_reallocated_ver\wxmsw-2.6.3-1\wxwidgets-2.6.3\src\generic\treectlg.cpp(3199): warning C4457: declaration of 'event' hides function parameter
  c:\users\user\documents\github\moogdots-new-vs2017compatible\moog_doots_reallocated_ver\wxmsw-2.6.3-1\wxwidgets-2.6.3\src\generic\treectlg.cpp(3036): note: see declaration of 'event'
  Generating Code...
  Compiling...
  tipwin.cpp
  textdlgg.cpp
  statusbr.cpp
  splitter.cpp
c:\users\user\documents\github\moogdots-new-vs2017compatible\moog_doots_reallocated_ver\wxmsw-2.6.3-1\wxwidgets-2.6.3\src\generic\splitter.cpp(299): warning C4457: declaration of 'event' hides function parameter
  c:\users\user\documents\github\moogdots-new-vs2017compatible\moog_doots_reallocated_ver\wxmsw-2.6.3-1\wxwidgets-2.6.3\src\generic\splitter.cpp(211): note: see declaration of 'event'
c:\users\user\documents\github\moogdots-new-vs2017compatible\moog_doots_reallocated_ver\wxmsw-2.6.3-1\wxwidgets-2.6.3\src\generic\splitter.cpp(310): warning C4457: declaration of 'event' hides function parameter
  c:\users\user\documents\github\moogdots-new-vs2017compatible\moog_doots_reallocated_ver\wxmsw-2.6.3-1\wxwidgets-2.6.3\src\generic\splitter.cpp(211): note: see declaration of 'event'
  spinctlg.cpp
  selstore.cpp
  scrlwing.cpp
c:\users\user\documents\github\moogdots-new-vs2017compatible\moog_doots_reallocated_ver\wxmsw-2.6.3-1\wxwidgets-2.6.3\src\generic\scrlwing.cpp(26): warning C4603: 'XtDisplay': macro is not defined or definition is different after precompiled header use
  c:\users\user\documents\github\moogdots-new-vs2017compatible\moog_doots_reallocated_ver\wxmsw-2.6.3-1\wxwidgets-2.6.3\src\generic\scrlwing.cpp(26): note: Add macro to precompiled header instead of defining here
  c:\users\user\documents\github\moogdots-new-vs2017compatible\moog_doots_reallocated_ver\wxmsw-2.6.3-1\wxwidgets-2.6.3\src\generic\scrlwing.cpp(30): note: use of precompiled header
c:\users\user\documents\github\moogdots-new-vs2017compatible\moog_doots_reallocated_ver\wxmsw-2.6.3-1\wxwidgets-2.6.3\src\generic\scrlwing.cpp(1087): warning C4457: declaration of 'event' hides function parameter
  c:\users\user\documents\github\moogdots-new-vs2017compatible\moog_doots_reallocated_ver\wxmsw-2.6.3-1\wxwidgets-2.6.3\src\generic\scrlwing.cpp(1007): note: see declaration of 'event'
c:\users\user\documents\github\moogdots-new-vs2017compatible\moog_doots_reallocated_ver\wxmsw-2.6.3-1\wxwidgets-2.6.3\src\generic\scrlwing.cpp(1095): warning C4457: declaration of 'event' hides function parameter
  c:\users\user\documents\github\moogdots-new-vs2017compatible\moog_doots_reallocated_ver\wxmsw-2.6.3-1\wxwidgets-2.6.3\src\generic\scrlwing.cpp(1007): note: see declaration of 'event'
  renderg.cpp
  progdlgg.cpp
c:\users\user\documents\github\moogdots-new-vs2017compatible\moog_doots_reallocated_ver\wxmsw-2.6.3-1\wxwidgets-2.6.3\src\generic\progdlgg.cpp(1): warning C4819: The file contains a character that cannot be represented in the current code page (1255). Save the file in Unicode format to prevent data loss
c:\users\user\documents\github\moogdots-new-vs2017compatible\moog_doots_reallocated_ver\wxmsw-2.6.3-1\wxwidgets-2.6.3\include\wx\generic\progdlgg.h : warning C4819: The file contains a character that cannot be represented in the current code page (1255). Save the file in Unicode format to prevent data loss
  prntdlgg.cpp
  printps.cpp
  panelg.cpp
  numdlgg.cpp
  logg.cpp
  listbkg.cpp
  dragimgg.cpp
  dirctrlg.cpp
c:\users\user\documents\github\moogdots-new-vs2017compatible\moog_doots_reallocated_ver\wxmsw-2.6.3-1\wxwidgets-2.6.3\src\generic\dirctrlg.cpp(845): warning C4456: declaration of 'log' hides previous local declaration
  c:\users\user\documents\github\moogdots-new-vs2017compatible\moog_doots_reallocated_ver\wxmsw-2.6.3-1\wxwidgets-2.6.3\src\generic\dirctrlg.cpp(821): note: see declaration of 'log'
c:\users\user\documents\github\moogdots-new-vs2017compatible\moog_doots_reallocated_ver\wxmsw-2.6.3-1\wxwidgets-2.6.3\src\generic\dirctrlg.cpp(880): warning C4456: declaration of 'eachFilename' hides previous local declaration
  c:\users\user\documents\github\moogdots-new-vs2017compatible\moog_doots_reallocated_ver\wxmsw-2.6.3-1\wxwidgets-2.6.3\src\generic\dirctrlg.cpp(819): note: see declaration of 'eachFilename'
c:\users\user\documents\github\moogdots-new-vs2017compatible\moog_doots_reallocated_ver\wxmsw-2.6.3-1\wxwidgets-2.6.3\src\generic\dirctrlg.cpp(909): warning C4456: declaration of 'eachFilename' hides previous local declaration
  c:\users\user\documents\github\moogdots-new-vs2017compatible\moog_doots_reallocated_ver\wxmsw-2.6.3-1\wxwidgets-2.6.3\src\generic\dirctrlg.cpp(819): note: see declaration of 'eachFilename'
c:\users\user\documents\github\moogdots-new-vs2017compatible\moog_doots_reallocated_ver\wxmsw-2.6.3-1\wxwidgets-2.6.3\src\generic\dirctrlg.cpp(1027): warning C4456: declaration of 'data' hides previous local declaration
  c:\users\user\documents\github\moogdots-new-vs2017compatible\moog_doots_reallocated_ver\wxmsw-2.6.3-1\wxwidgets-2.6.3\src\generic\dirctrlg.cpp(1014): note: see declaration of 'data'
  dcpsg.cpp
c:\users\user\documents\github\moogdots-new-vs2017compatible\moog_doots_reallocated_ver\wxmsw-2.6.3-1\wxwidgets-2.6.3\src\generic\dcpsg.cpp(1837): warning C4819: The file contains a character that cannot be represented in the current code page (1255). Save the file in Unicode format to prevent data loss
  choicdgg.cpp
  choicbkg.cpp
  Generating Code...
  Compiling...
  busyinfo.cpp
  xpmdecod.cpp
  wincmn.cpp
  valtext.cpp
  validate.cpp
  valgen.cpp
  utilscmn.cpp
c:\users\user\documents\github\moogdots-new-vs2017compatible\moog_doots_reallocated_ver\wxmsw-2.6.3-1\wxwidgets-2.6.3\include\wx\confbase.h : warning C4819: The file contains a character that cannot be represented in the current code page (1255). Save the file in Unicode format to prevent data loss
  treebase.cpp
  toplvcmn.cpp
  timercmn.cpp
  textcmn.cpp
  tbarbase.cpp
c:\users\user\documents\github\moogdots-new-vs2017compatible\moog_doots_reallocated_ver\wxmsw-2.6.3-1\wxwidgets-2.6.3\src\common\tbarbase.cpp(408): warning C4457: declaration of 'tool' hides function parameter
  c:\users\user\documents\github\moogdots-new-vs2017compatible\moog_doots_reallocated_ver\wxmsw-2.6.3-1\wxwidgets-2.6.3\src\common\tbarbase.cpp(395): note: see declaration of 'tool'
c:\users\user\documents\github\moogdots-new-vs2017compatible\moog_doots_reallocated_ver\wxmsw-2.6.3-1\wxwidgets-2.6.3\src\common\tbarbase.cpp(424): warning C4457: declaration of 'tool' hides function parameter
  c:\users\user\documents\github\moogdots-new-vs2017compatible\moog_doots_reallocated_ver\wxmsw-2.6.3-1\wxwidgets-2.6.3\src\common\tbarbase.cpp(395): note: see declaration of 'tool'
  stockitem.cpp
  statbar.cpp
  sizer.cpp
  settcmn.cpp
  rgncmn.cpp
  rendcmn.cpp
  radiocmn.cpp
  quantize.cpp
  Generating Code...
  Compiling...
  prntbase.cpp
  popupcmn.cpp
c:\users\user\documents\github\moogdots-new-vs2017compatible\moog_doots_reallocated_ver\wxmsw-2.6.3-1\wxwidgets-2.6.3\src\common\popupcmn.cpp(490): warning C4456: declaration of 'win' hides previous local declaration
  c:\users\user\documents\github\moogdots-new-vs2017compatible\moog_doots_reallocated_ver\wxmsw-2.6.3-1\wxwidgets-2.6.3\src\common\popupcmn.cpp(472): note: see declaration of 'win'
  paper.cpp
  nbkbase.cpp
  msgout.cpp
  menucmn.cpp
  matrix.cpp
  lboxcmn.cpp
  layout.cpp
  imagxpm.cpp
  imagtiff.cpp
  imagpnm.cpp
  imagpng.cpp
  imagpcx.cpp
  imagjpeg.cpp
  imagiff.cpp
  imaggif.cpp
  imagfill.cpp
  image.cpp
c:\users\user\documents\github\moogdots-new-vs2017compatible\moog_doots_reallocated_ver\wxmsw-2.6.3-1\wxwidgets-2.6.3\src\common\image.cpp(2253): warning C4456: declaration of 'x1' hides previous local declaration
  c:\users\user\documents\github\moogdots-new-vs2017compatible\moog_doots_reallocated_ver\wxmsw-2.6.3-1\wxwidgets-2.6.3\src\common\image.cpp(2188): note: see declaration of 'x1'
c:\users\user\documents\github\moogdots-new-vs2017compatible\moog_doots_reallocated_ver\wxmsw-2.6.3-1\wxwidgets-2.6.3\src\common\image.cpp(2253): warning C4456: declaration of 'y1' hides previous local declaration
  c:\users\user\documents\github\moogdots-new-vs2017compatible\moog_doots_reallocated_ver\wxmsw-2.6.3-1\wxwidgets-2.6.3\src\common\image.cpp(2189): note: see declaration of 'y1'
c:\users\user\documents\github\moogdots-new-vs2017compatible\moog_doots_reallocated_ver\wxmsw-2.6.3-1\wxwidgets-2.6.3\src\common\image.cpp(2253): warning C4456: declaration of 'x2' hides previous local declaration
  c:\users\user\documents\github\moogdots-new-vs2017compatible\moog_doots_reallocated_ver\wxmsw-2.6.3-1\wxwidgets-2.6.3\src\common\image.cpp(2190): note: see declaration of 'x2'
c:\users\user\documents\github\moogdots-new-vs2017compatible\moog_doots_reallocated_ver\wxmsw-2.6.3-1\wxwidgets-2.6.3\src\common\image.cpp(2253): warning C4456: declaration of 'y2' hides previous local declaration
  c:\users\user\documents\github\moogdots-new-vs2017compatible\moog_doots_reallocated_ver\wxmsw-2.6.3-1\wxwidgets-2.6.3\src\common\image.cpp(2191): note: see declaration of 'y2'
c:\users\user\documents\github\moogdots-new-vs2017compatible\moog_doots_reallocated_ver\wxmsw-2.6.3-1\wxwidgets-2.6.3\src\common\image.cpp(2303): warning C4456: declaration of 'p' hides previous local declaration
  c:\users\user\documents\github\moogdots-new-vs2017compatible\moog_doots_reallocated_ver\wxmsw-2.6.3-1\wxwidgets-2.6.3\src\common\image.cpp(2296): note: see declaration of 'p'
c:\users\user\documents\github\moogdots-new-vs2017compatible\moog_doots_reallocated_ver\wxmsw-2.6.3-1\wxwidgets-2.6.3\src\common\image.cpp(2316): warning C4456: declaration of 'p' hides previous local declaration
  c:\users\user\documents\github\moogdots-new-vs2017compatible\moog_doots_reallocated_ver\wxmsw-2.6.3-1\wxwidgets-2.6.3\src\common\image.cpp(2309): note: see declaration of 'p'
c:\users\user\documents\github\moogdots-new-vs2017compatible\moog_doots_reallocated_ver\wxmsw-2.6.3-1\wxwidgets-2.6.3\src\common\image.cpp(2329): warning C4456: declaration of 'p' hides previous local declaration
  c:\users\user\documents\github\moogdots-new-vs2017compatible\moog_doots_reallocated_ver\wxmsw-2.6.3-1\wxwidgets-2.6.3\src\common\image.cpp(2322): note: see declaration of 'p'
c:\users\user\documents\github\moogdots-new-vs2017compatible\moog_doots_reallocated_ver\wxmsw-2.6.3-1\wxwidgets-2.6.3\src\common\image.cpp(2342): warning C4456: declaration of 'p' hides previous local declaration
  c:\users\user\documents\github\moogdots-new-vs2017compatible\moog_doots_reallocated_ver\wxmsw-2.6.3-1\wxwidgets-2.6.3\src\common\image.cpp(2335): note: see declaration of 'p'
c:\users\user\documents\github\moogdots-new-vs2017compatible\moog_doots_reallocated_ver\wxmsw-2.6.3-1\wxwidgets-2.6.3\src\common\image.cpp(2373): warning C4456: declaration of 'v1' hides previous local declaration
  c:\users\user\documents\github\moogdots-new-vs2017compatible\moog_doots_reallocated_ver\wxmsw-2.6.3-1\wxwidgets-2.6.3\src\common\image.cpp(2349): note: see declaration of 'v1'
c:\users\user\documents\github\moogdots-new-vs2017compatible\moog_doots_reallocated_ver\wxmsw-2.6.3-1\wxwidgets-2.6.3\src\common\image.cpp(2374): warning C4456: declaration of 'v2' hides previous local declaration
  c:\users\user\documents\github\moogdots-new-vs2017compatible\moog_doots_reallocated_ver\wxmsw-2.6.3-1\wxwidgets-2.6.3\src\common\image.cpp(2350): note: see declaration of 'v2'
c:\users\user\documents\github\moogdots-new-vs2017compatible\moog_doots_reallocated_ver\wxmsw-2.6.3-1\wxwidgets-2.6.3\src\common\image.cpp(2375): warning C4456: declaration of 'v3' hides previous local declaration
  c:\users\user\documents\github\moogdots-new-vs2017compatible\moog_doots_reallocated_ver\wxmsw-2.6.3-1\wxwidgets-2.6.3\src\common\image.cpp(2351): note: see declaration of 'v3'
c:\users\user\documents\github\moogdots-new-vs2017compatible\moog_doots_reallocated_ver\wxmsw-2.6.3-1\wxwidgets-2.6.3\src\common\image.cpp(2376): warning C4456: declaration of 'v4' hides previous local declaration
  c:\users\user\documents\github\moogdots-new-vs2017compatible\moog_doots_reallocated_ver\wxmsw-2.6.3-1\wxwidgets-2.6.3\src\common\image.cpp(2352): note: see declaration of 'v4'
c:\users\user\documents\github\moogdots-new-vs2017compatible\moog_doots_reallocated_ver\wxmsw-2.6.3-1\wxwidgets-2.6.3\src\common\image.cpp(2418): warning C4456: declaration of 'p' hides previous local declaration
  c:\users\user\documents\github\moogdots-new-vs2017compatible\moog_doots_reallocated_ver\wxmsw-2.6.3-1\wxwidgets-2.6.3\src\common\image.cpp(2411): note: see declaration of 'p'
  imagbmp.cpp
  Generating Code...
  Compiling...
  imagall.cpp
  iconbndl.cpp
  helpbase.cpp
  gifdecod.cpp
  geometry.cpp
  gdicmn.cpp
c:\users\user\documents\github\moogdots-new-vs2017compatible\moog_doots_reallocated_ver\wxmsw-2.6.3-1\wxwidgets-2.6.3\src\common\gdicmn.cpp(17): warning C4603: 'XtDisplay': macro is not defined or definition is different after precompiled header use
  c:\users\user\documents\github\moogdots-new-vs2017compatible\moog_doots_reallocated_ver\wxmsw-2.6.3-1\wxwidgets-2.6.3\src\common\gdicmn.cpp(17): note: Add macro to precompiled header instead of defining here
  c:\users\user\documents\github\moogdots-new-vs2017compatible\moog_doots_reallocated_ver\wxmsw-2.6.3-1\wxwidgets-2.6.3\src\common\gdicmn.cpp(21): note: use of precompiled header
  gbsizer.cpp
  gaugecmn.cpp
  fs_mem.cpp
  framecmn.cpp
  fontmap.cpp
c:\users\user\documents\github\moogdots-new-vs2017compatible\moog_doots_reallocated_ver\wxmsw-2.6.3-1\wxwidgets-2.6.3\include\wx\confbase.h : warning C4819: The file contains a character that cannot be represented in the current code page (1255). Save the file in Unicode format to prevent data loss
c:\users\user\documents\github\moogdots-new-vs2017compatible\moog_doots_reallocated_ver\wxmsw-2.6.3-1\wxwidgets-2.6.3\src\common\fontmap.cpp(453): warning C4456: declaration of 'path' hides previous local declaration
  c:\users\user\documents\github\moogdots-new-vs2017compatible\moog_doots_reallocated_ver\wxmsw-2.6.3-1\wxwidgets-2.6.3\src\common\fontmap.cpp(342): note: see declaration of 'path'
c:\users\user\documents\github\moogdots-new-vs2017compatible\moog_doots_reallocated_ver\wxmsw-2.6.3-1\wxwidgets-2.6.3\src\common\fontmap.cpp(472): warning C4456: declaration of 'path' hides previous local declaration
  c:\users\user\documents\github\moogdots-new-vs2017compatible\moog_doots_reallocated_ver\wxmsw-2.6.3-1\wxwidgets-2.6.3\src\common\fontmap.cpp(342): note: see declaration of 'path'
  fontcmn.cpp
  fldlgcmn.cpp
  fddlgcmn.cpp
  event.cpp
  effects.cpp
  dseldlg.cpp
  dpycmn.cpp
  docview.cpp
c:\users\user\documents\github\moogdots-new-vs2017compatible\moog_doots_reallocated_ver\wxmsw-2.6.3-1\wxwidgets-2.6.3\include\wx\confbase.h : warning C4819: The file contains a character that cannot be represented in the current code page (1255). Save the file in Unicode format to prevent data loss
c:\users\user\documents\github\moogdots-new-vs2017compatible\moog_doots_reallocated_ver\wxmsw-2.6.3-1\wxwidgets-2.6.3\src\common\docview.cpp(2234): warning C4456: declaration of 'node' hides previous local declaration
  c:\users\user\documents\github\moogdots-new-vs2017compatible\moog_doots_reallocated_ver\wxmsw-2.6.3-1\wxwidgets-2.6.3\src\common\docview.cpp(2209): note: see declaration of 'node'
  docmdi.cpp
  Generating Code...
  Compiling...
  dobjcmn.cpp
  dndcmn.cpp
  dlgcmn.cpp
  dcbase.cpp
  datacmn.cpp
  ctrlsub.cpp
  ctrlcmn.cpp
  cshelp.cpp
  containr.cpp
  cmndata.cpp
  cmdproc.cpp
  clipcmn.cpp
  choiccmn.cpp
  bookctrl.cpp
  bmpbase.cpp
  artstd.cpp
  artprov.cpp
  appcmn.cpp
  accesscmn.cpp
  Generating Code...
C:\Program Files (x86)\Microsoft Visual Studio\2017\Community\Common7\IDE\VC\VCTargets\Microsoft.CppBuild.targets(1375,5): warning MSB8012: TargetPath(C:\Users\user\Documents\GitHub\MoogDots-new-VS2017Compatible\MOOG_DOOTS_REALLOCATED_VER\wxMSW-2.6.3-1\wxWidgets-2.6.3\build\msw\.\..\..\lib\vc_lib\core.lib) does not match the Library's OutputFile property value (C:\Users\user\Documents\GitHub\MoogDots-new-VS2017Compatible\MOOG_DOOTS_REALLOCATED_VER\wxMSW-2.6.3-1\wxWidgets-2.6.3\lib\vc_lib\wxmsw26d_core.lib). This may cause your project to build incorrectly. To correct this, please make sure that $(OutDir), $(TargetName) and $(TargetExt) property values match the value specified in %(Lib.OutputFile).
C:\Program Files (x86)\Microsoft Visual Studio\2017\Community\Common7\IDE\VC\VCTargets\Microsoft.CppBuild.targets(1377,5): warning MSB8012: TargetName(core) does not match the Library's OutputFile property value (wxmsw26d_core). This may cause your project to build incorrectly. To correct this, please make sure that $(OutDir), $(TargetName) and $(TargetExt) property values match the value specified in %(Lib.OutputFile).
  wx_core.vcxproj -> C:\Users\user\Documents\GitHub\MoogDots-new-VS2017Compatible\MOOG_DOOTS_REALLOCATED_VER\wxMSW-2.6.3-1\wxWidgets-2.6.3\build\msw\.\..\..\lib\vc_lib\core.lib
