Build started 22/09/2016 21:05:33.
     1>Project "C:\Users\user\Desktop\RelaeseMoogDots\version2.0.0.4.3\MOOG_DOOTS_REALLOCATED_VER\wxMSW-2.6.3-1\wxWidgets-2.6.3\src\wxWindows.vcxproj" on node 3 (Build target(s)).
     1>CustomBuild:
         Creating ..\lib\msw\wx\setup.h from C:\Users\user\Desktop\RelaeseMoogDots\version2.0.0.4.3\MOOG_DOOTS_REALLOCATED_VER\wxMSW-2.6.3-1\wxWidgets-2.6.3\include\wx\msw\setup.h
                 1 file(s) copied.
       ClCompile:
         C:\Program Files (x86)\Microsoft Visual Studio 12.0\VC\bin\CL.exe /c /I../lib/msw /I../include /I./zlib /I./jpeg /I./png /I./regex /I./tiff /I./expat/lib /Zi /nologo /W4 /WX- /O2 /Oy- /D NDEBUG /D WIN32 /D WINVER=0x0400 /D STRICT /D wxUSE_BASE=1 /D _VC80_UPGRADE=0x0600 /GF /Gm- /EHsc /MD /GS /Gy /fp:precise /Zc:wchar_t /Zc:forScope /Yc"wx/wxprec.h" /Fp".\../Release\wxWindows.pch" /Fo".\../Release\\" /Fd".\../Release\vc120.pdb" /Gd /TP /analyze- /errorReport:prompt msw\dummy.cpp
         dummy.cpp
         C:\Program Files (x86)\Microsoft Visual Studio 12.0\VC\bin\CL.exe /c /I../lib/msw /I../include /I./zlib /I./jpeg /I./png /I./regex /I./tiff /I./expat/lib /Zi /nologo /W4 /WX- /O2 /Oy- /D NDEBUG /D WIN32 /D WINVER=0x0400 /D STRICT /D wxUSE_BASE=1 /D _VC80_UPGRADE=0x0600 /GF /Gm- /EHsc /MD /GS /Gy /fp:precise /Zc:wchar_t /Zc:forScope /Yu"wx/wxprec.h" /Fp".\../Release\wxWindows.pch" /Fo".\../Release\\" /Fd".\../Release\vc120.pdb" /Gd /TP /analyze- /errorReport:prompt common\accesscmn.cpp common\appbase.cpp common\appcmn.cpp common\archive.cpp common\artprov.cpp common\artstd.cpp common\bmpbase.cpp common\bookctrl.cpp common\choiccmn.cpp common\clipcmn.cpp common\clntdata.cpp common\cmdline.cpp common\cmdproc.cpp common\cmndata.cpp common\config.cpp common\containr.cpp common\cshelp.cpp common\ctrlcmn.cpp common\ctrlsub.cpp common\datacmn.cpp common\datetime.cpp common\datstrm.cpp common\db.cpp common\dbgrid.cpp common\dbtable.cpp common\dcbase.cpp common\debugrpt.cpp common\dircmn.cpp common\dlgcmn.cpp common\dndcmn.cpp common\dobjcmn.cpp common\docmdi.cpp common\docview.cpp common\dpycmn.cpp common\dseldlg.cpp common\dynarray.cpp common\dynlib.cpp common\dynload.cpp common\effects.cpp common\encconv.cpp common\event.cpp common\fddlgcmn.cpp common\ffile.cpp common\file.cpp common\fileconf.cpp common\filefn.cpp common\filename.cpp common\filesys.cpp common\fldlgcmn.cpp common\fmapbase.cpp common\fontcmn.cpp common\fontmap.cpp common\framecmn.cpp common\fs_inet.cpp common\fs_mem.cpp common\fs_zip.cpp common\ftp.cpp common\gaugecmn.cpp common\gbsizer.cpp common\gdicmn.cpp common\geometry.cpp common\gifdecod.cpp common\hash.cpp common\hashmap.cpp common\helpbase.cpp common\http.cpp common\iconbndl.cpp common\imagall.cpp common\imagbmp.cpp common\image.cpp common\imagfill.cpp common\imaggif.cpp common\imagiff.cpp common\imagjpeg.cpp common\imagpcx.cpp common\imagpng.cpp common\imagpnm.cpp common\imagtiff.cpp common\imagxpm.cpp common\init.cpp common\intl.cpp common\ipcbase.cpp common\layout.cpp common\lboxcmn.cpp common\list.cpp common\log.cpp common\longlong.cpp common\matrix.cpp common\mediactrlcmn.cpp common\memory.cpp common\menucmn.cpp common\mimecmn.cpp common\module.cpp common\msgout.cpp common\mstream.cpp common\nbkbase.cpp common\object.cpp common\paper.cpp common\popupcmn.cpp common\prntbase.cpp common\process.cpp common\protocol.cpp common\quantize.cpp common\radiocmn.cpp common\regex.cpp common\rendcmn.cpp common\rgncmn.cpp common\sckaddr.cpp common\sckfile.cpp common\sckipc.cpp common\sckstrm.cpp common\settcmn.cpp common\sizer.cpp common\socket.cpp common\sstream.cpp common\statbar.cpp common\stdpbase.cpp common\stockitem.cpp common\stopwatch.cpp common\strconv.cpp common\stream.cpp common\string.cpp common\sysopt.cpp common\taskbarcmn.cpp common\tbarbase.cpp common\textbuf.cpp common\textcmn.cpp common\textfile.cpp common\timercmn.cpp common\tokenzr.cpp common\toplvcmn.cpp common\treebase.cpp common\txtstrm.cpp common\uri.cpp common\url.cpp common\utilscmn.cpp common\valgen.cpp common\validate.cpp common\valtext.cpp common\variant.cpp common\wfstream.cpp common\wincmn.cpp common\wxchar.cpp common\xpmdecod.cpp common\xti.cpp common\xtistrm.cpp common\xtixml.cpp common\zipstrm.cpp common\zstream.cpp generic\busyinfo.cpp generic\calctrl.cpp generic\choicbkg.cpp generic\choicdgg.cpp generic\datectlg.cpp generic\dbgrptg.cpp generic\dcpsg.cpp generic\dirctrlg.cpp generic\dragimgg.cpp generic\grid.cpp generic\gridctrl.cpp generic\gridsel.cpp generic\helpext.cpp generic\htmllbox.cpp generic\laywin.cpp generic\listbkg.cpp generic\logg.cpp generic\numdlgg.cpp generic\panelg.cpp generic\printps.cpp generic\prntdlgg.cpp generic\progdlgg.cpp generic\propdlg.cpp generic\renderg.cpp generic\sashwin.cpp generic\scrlwing.cpp generic\selstore.cpp generic\spinctlg.cpp generic\splash.cpp generic\splitter.cpp generic\statusbr.cpp generic\textdlgg.cpp generic\tipdlg.cpp generic\tipwin.cpp generic\treectlg.cpp generic\vlbox.cpp generic\vscroll.cpp generic\wizard.cpp html\helpctrl.cpp html\helpdata.cpp html\helpfrm.cpp html\htmlcell.cpp html\htmlfilt.cpp html\htmlpars.cpp html\htmltag.cpp html\htmlwin.cpp html\htmprint.cpp html\m_dflist.cpp html\m_fonts.cpp html\m_hline.cpp html\m_image.cpp html\m_layout.cpp html\m_links.cpp html\m_list.cpp html\m_pre.cpp html\m_style.cpp html\m_tables.cpp html\winpars.cpp msw\accel.cpp msw\app.cpp msw\basemsw.cpp msw\bitmap.cpp msw\bmpbuttn.cpp msw\brush.cpp msw\button.cpp msw\caret.cpp msw\checkbox.cpp msw\checklst.cpp msw\choice.cpp msw\clipbrd.cpp msw\colordlg.cpp msw\colour.cpp msw\combobox.cpp msw\control.cpp msw\crashrpt.cpp msw\cursor.cpp msw\data.cpp msw\datectrl.cpp msw\dc.cpp msw\dcclient.cpp msw\dcmemory.cpp msw\dcprint.cpp msw\dcscreen.cpp msw\dde.cpp msw\debughlp.cpp msw\dialog.cpp msw\dialup.cpp msw\dib.cpp msw\dir.cpp msw\dirdlg.cpp msw\display.cpp msw\dlmsw.cpp msw\dragimag.cpp msw\enhmeta.cpp msw\evtloop.cpp msw\fdrepdlg.cpp msw\filedlg.cpp msw\font.cpp msw\fontdlg.cpp msw\fontenum.cpp msw\fontutil.cpp msw\frame.cpp msw\gauge95.cpp msw\gdiimage.cpp msw\gdiobj.cpp msw\glcanvas.cpp msw\gsocket.cpp msw\gsockmsw.cpp msw\helpbest.cpp msw\helpchm.cpp msw\helpwin.cpp msw\icon.cpp msw\imaglist.cpp msw\iniconf.cpp msw\joystick.cpp msw\listbox.cpp msw\listctrl.cpp msw\main.cpp msw\mdi.cpp msw\mediactrl.cpp msw\menu.cpp msw\menuitem.cpp msw\metafile.cpp msw\mimetype.cpp msw\minifram.cpp msw\msgdlg.cpp msw\mslu.cpp msw\nativdlg.cpp msw\notebook.cpp msw\ole\access.cpp msw\ole\activex.cpp msw\ole\automtn.cpp msw\ole\dataobj.cpp msw\ole\dropsrc.cpp msw\ole\droptgt.cpp msw\ole\oleutils.cpp msw\ole\uuid.cpp msw\ownerdrw.cpp msw\palette.cpp msw\pen.cpp msw\popupwin.cpp msw\printdlg.cpp msw\printwin.cpp msw\radiobox.cpp msw\radiobut.cpp msw\regconf.cpp msw\region.cpp msw\registry.cpp msw\renderer.cpp msw\scrolbar.cpp msw\settings.cpp msw\slider95.cpp msw\snglinst.cpp msw\sound.cpp msw\spinbutt.cpp msw\spinctrl.cpp msw\stackwalk.cpp msw\statbmp.cpp msw\statbox.cpp msw\statbr95.cpp msw\statline.cpp msw\stattext.cpp msw\stdpaths.cpp msw\tabctrl.cpp msw\taskbar.cpp msw\tbar95.cpp msw\textctrl.cpp msw\tglbtn.cpp msw\thread.cpp msw\timer.cpp msw\tooltip.cpp msw\toplevel.cpp msw\treectrl.cpp msw\urlmsw.cpp msw\utils.cpp msw\utilsexc.cpp msw\utilsgui.cpp msw\uxtheme.cpp msw\volume.cpp msw\window.cpp xml\xml.cpp xrc\xh_bmp.cpp xrc\xh_bmpbt.cpp xrc\xh_bttn.cpp xrc\xh_cald.cpp xrc\xh_chckb.cpp xrc\xh_chckl.cpp xrc\xh_choic.cpp xrc\xh_choicbk.cpp xrc\xh_combo.cpp xrc\xh_datectrl.cpp xrc\xh_dlg.cpp xrc\xh_frame.cpp xrc\xh_gauge.cpp xrc\xh_gdctl.cpp xrc\xh_html.cpp xrc\xh_listb.cpp xrc\xh_listbk.cpp xrc\xh_listc.cpp xrc\xh_mdi.cpp xrc\xh_menu.cpp xrc\xh_notbk.cpp xrc\xh_panel.cpp xrc\xh_radbt.cpp xrc\xh_radbx.cpp xrc\xh_scrol.cpp xrc\xh_scwin.cpp xrc\xh_sizer.cpp xrc\xh_slidr.cpp xrc\xh_spin.cpp xrc\xh_split.cpp xrc\xh_statbar.cpp xrc\xh_stbmp.cpp xrc\xh_stbox.cpp xrc\xh_stlin.cpp xrc\xh_sttxt.cpp xrc\xh_text.cpp xrc\xh_tglbtn.cpp xrc\xh_toolb.cpp xrc\xh_tree.cpp xrc\xh_unkwn.cpp xrc\xh_wizrd.cpp xrc\xmlres.cpp xrc\xmlrsall.cpp
         accesscmn.cpp
         appbase.cpp
     1>C:\Users\user\Desktop\RelaeseMoogDots\version2.0.0.4.3\MOOG_DOOTS_REALLOCATED_VER\wxMSW-2.6.3-1\wxWidgets-2.6.3\include\wx/confbase.h : warning C4819: The file contains a character that cannot be represented in the current code page (1255). Save the file in Unicode format to prevent data loss
         appcmn.cpp
         archive.cpp
         artprov.cpp
         artstd.cpp
         bmpbase.cpp
         bookctrl.cpp
         choiccmn.cpp
         clipcmn.cpp
         clntdata.cpp
         cmdline.cpp
         cmdproc.cpp
         cmndata.cpp
         config.cpp
     1>common\config.cpp : warning C4819: The file contains a character that cannot be represented in the current code page (1255). Save the file in Unicode format to prevent data loss
     1>C:\Users\user\Desktop\RelaeseMoogDots\version2.0.0.4.3\MOOG_DOOTS_REALLOCATED_VER\wxMSW-2.6.3-1\wxWidgets-2.6.3\include\wx/confbase.h : warning C4819: The file contains a character that cannot be represented in the current code page (1255). Save the file in Unicode format to prevent data loss
         containr.cpp
         cshelp.cpp
         ctrlcmn.cpp
         ctrlsub.cpp
         datacmn.cpp
         Generating Code...
         Compiling...
         datetime.cpp
         datstrm.cpp
         db.cpp
         dbgrid.cpp
         dbtable.cpp
         dcbase.cpp
         debugrpt.cpp
         dircmn.cpp
         dlgcmn.cpp
         dndcmn.cpp
         dobjcmn.cpp
         docmdi.cpp
         docview.cpp
     1>C:\Users\user\Desktop\RelaeseMoogDots\version2.0.0.4.3\MOOG_DOOTS_REALLOCATED_VER\wxMSW-2.6.3-1\wxWidgets-2.6.3\include\wx/confbase.h : warning C4819: The file contains a character that cannot be represented in the current code page (1255). Save the file in Unicode format to prevent data loss
         dpycmn.cpp
         dseldlg.cpp
         dynarray.cpp
         dynlib.cpp
         dynload.cpp
         effects.cpp
         encconv.cpp
         Generating Code...
         Compiling...
         event.cpp
         fddlgcmn.cpp
         ffile.cpp
         file.cpp
         fileconf.cpp
     1>common\fileconf.cpp : warning C4819: The file contains a character that cannot be represented in the current code page (1255). Save the file in Unicode format to prevent data loss
     1>C:\Users\user\Desktop\RelaeseMoogDots\version2.0.0.4.3\MOOG_DOOTS_REALLOCATED_VER\wxMSW-2.6.3-1\wxWidgets-2.6.3\include\wx/confbase.h : warning C4819: The file contains a character that cannot be represented in the current code page (1255). Save the file in Unicode format to prevent data loss
     1>C:\Users\user\Desktop\RelaeseMoogDots\version2.0.0.4.3\MOOG_DOOTS_REALLOCATED_VER\wxMSW-2.6.3-1\wxWidgets-2.6.3\include\wx/fileconf.h : warning C4819: The file contains a character that cannot be represented in the current code page (1255). Save the file in Unicode format to prevent data loss
         filefn.cpp
     1>common\filefn.cpp(1977): warning C4996: 'fileno': The POSIX name for this item is deprecated. Instead, use the ISO C++ conformant name: _fileno. See online help for details.
                 C:\Program Files (x86)\Microsoft Visual Studio 12.0\VC\include\stdio.h(718) : see declaration of 'fileno'
         filename.cpp
     1>C:\Users\user\Desktop\RelaeseMoogDots\version2.0.0.4.3\MOOG_DOOTS_REALLOCATED_VER\wxMSW-2.6.3-1\wxWidgets-2.6.3\include\wx/confbase.h : warning C4819: The file contains a character that cannot be represented in the current code page (1255). Save the file in Unicode format to prevent data loss
         filesys.cpp
         fldlgcmn.cpp
         fmapbase.cpp
     1>C:\Users\user\Desktop\RelaeseMoogDots\version2.0.0.4.3\MOOG_DOOTS_REALLOCATED_VER\wxMSW-2.6.3-1\wxWidgets-2.6.3\include\wx/confbase.h : warning C4819: The file contains a character that cannot be represented in the current code page (1255). Save the file in Unicode format to prevent data loss
     1>C:\Users\user\Desktop\RelaeseMoogDots\version2.0.0.4.3\MOOG_DOOTS_REALLOCATED_VER\wxMSW-2.6.3-1\wxWidgets-2.6.3\include\wx/fileconf.h : warning C4819: The file contains a character that cannot be represented in the current code page (1255). Save the file in Unicode format to prevent data loss
         fontcmn.cpp
         fontmap.cpp
     1>C:\Users\user\Desktop\RelaeseMoogDots\version2.0.0.4.3\MOOG_DOOTS_REALLOCATED_VER\wxMSW-2.6.3-1\wxWidgets-2.6.3\include\wx/confbase.h : warning C4819: The file contains a character that cannot be represented in the current code page (1255). Save the file in Unicode format to prevent data loss
         framecmn.cpp
         fs_inet.cpp
         fs_mem.cpp
         fs_zip.cpp
         ftp.cpp
         gaugecmn.cpp
         gbsizer.cpp
         gdicmn.cpp
     1>common\gdicmn.cpp(17): warning C4603: 'XtDisplay' : macro is not defined or definition is different after precompiled header use
                 Add macro to precompiled header instead of defining here
                 common\gdicmn.cpp(21) : use of precompiled header
         Generating Code...
         Compiling...
         geometry.cpp
         gifdecod.cpp
         hash.cpp
         hashmap.cpp
         helpbase.cpp
         http.cpp
         iconbndl.cpp
         imagall.cpp
         imagbmp.cpp
         image.cpp
         imagfill.cpp
         imaggif.cpp
         imagiff.cpp
         imagjpeg.cpp
         imagpcx.cpp
         imagpng.cpp
         imagpnm.cpp
         imagtiff.cpp
         imagxpm.cpp
         init.cpp
         Generating Code...
         Compiling...
         intl.cpp
     1>common\intl.cpp(34): warning C4603: '__INTERNAL_DEFS' : macro is not defined or definition is different after precompiled header use
                 Add macro to precompiled header instead of defining here
                 common\intl.cpp(38) : use of precompiled header
         ipcbase.cpp
         layout.cpp
         lboxcmn.cpp
         list.cpp
         log.cpp
         longlong.cpp
         matrix.cpp
         mediactrlcmn.cpp
         memory.cpp
         menucmn.cpp
         mimecmn.cpp
     1>C:\Users\user\Desktop\RelaeseMoogDots\version2.0.0.4.3\MOOG_DOOTS_REALLOCATED_VER\wxMSW-2.6.3-1\wxWidgets-2.6.3\include\wx/confbase.h : warning C4819: The file contains a character that cannot be represented in the current code page (1255). Save the file in Unicode format to prevent data loss
         module.cpp
         msgout.cpp
         mstream.cpp
         nbkbase.cpp
         object.cpp
         paper.cpp
         popupcmn.cpp
         prntbase.cpp
         Generating Code...
         Compiling...
         process.cpp
         protocol.cpp
         quantize.cpp
         radiocmn.cpp
         regex.cpp
     1>common\regex.cpp : warning C4819: The file contains a character that cannot be represented in the current code page (1255). Save the file in Unicode format to prevent data loss
     1>C:\Users\user\Desktop\RelaeseMoogDots\version2.0.0.4.3\MOOG_DOOTS_REALLOCATED_VER\wxMSW-2.6.3-1\wxWidgets-2.6.3\include\wx/regex.h : warning C4819: The file contains a character that cannot be represented in the current code page (1255). Save the file in Unicode format to prevent data loss
         rendcmn.cpp
         rgncmn.cpp
         sckaddr.cpp
         sckfile.cpp
         sckipc.cpp
         sckstrm.cpp
         settcmn.cpp
         sizer.cpp
         socket.cpp
         sstream.cpp
         statbar.cpp
         stdpbase.cpp
         stockitem.cpp
         stopwatch.cpp
         strconv.cpp
         Generating Code...
         Compiling...
         stream.cpp
         string.cpp
         sysopt.cpp
         taskbarcmn.cpp
         tbarbase.cpp
         textbuf.cpp
         textcmn.cpp
         textfile.cpp
         timercmn.cpp
         tokenzr.cpp
         toplvcmn.cpp
         treebase.cpp
         txtstrm.cpp
         uri.cpp
         url.cpp
         utilscmn.cpp
     1>C:\Users\user\Desktop\RelaeseMoogDots\version2.0.0.4.3\MOOG_DOOTS_REALLOCATED_VER\wxMSW-2.6.3-1\wxWidgets-2.6.3\include\wx/confbase.h : warning C4819: The file contains a character that cannot be represented in the current code page (1255). Save the file in Unicode format to prevent data loss
         valgen.cpp
         validate.cpp
         valtext.cpp
         variant.cpp
         Generating Code...
         Compiling...
         wfstream.cpp
         wincmn.cpp
         wxchar.cpp
         xpmdecod.cpp
         xti.cpp
         xtistrm.cpp
         xtixml.cpp
         zipstrm.cpp
         zstream.cpp
         busyinfo.cpp
         calctrl.cpp
         choicbkg.cpp
         choicdgg.cpp
         datectlg.cpp
         dbgrptg.cpp
         dcpsg.cpp
     1>generic\dcpsg.cpp(1837): warning C4819: The file contains a character that cannot be represented in the current code page (1255). Save the file in Unicode format to prevent data loss
         dirctrlg.cpp
         dragimgg.cpp
         grid.cpp
         gridctrl.cpp
         Generating Code...
         Compiling...
         gridsel.cpp
         helpext.cpp
     1>C:\Users\user\Desktop\RelaeseMoogDots\version2.0.0.4.3\MOOG_DOOTS_REALLOCATED_VER\wxMSW-2.6.3-1\wxWidgets-2.6.3\include\wx/generic/helpext.h : warning C4819: The file contains a character that cannot be represented in the current code page (1255). Save the file in Unicode format to prevent data loss
         htmllbox.cpp
         laywin.cpp
         listbkg.cpp
         logg.cpp
         numdlgg.cpp
         panelg.cpp
         printps.cpp
         prntdlgg.cpp
         progdlgg.cpp
     1>generic\progdlgg.cpp : warning C4819: The file contains a character that cannot be represented in the current code page (1255). Save the file in Unicode format to prevent data loss
     1>C:\Users\user\Desktop\RelaeseMoogDots\version2.0.0.4.3\MOOG_DOOTS_REALLOCATED_VER\wxMSW-2.6.3-1\wxWidgets-2.6.3\include\wx/generic/progdlgg.h : warning C4819: The file contains a character that cannot be represented in the current code page (1255). Save the file in Unicode format to prevent data loss
         propdlg.cpp
         renderg.cpp
         sashwin.cpp
         scrlwing.cpp
     1>generic\scrlwing.cpp(26): warning C4603: 'XtDisplay' : macro is not defined or definition is different after precompiled header use
                 Add macro to precompiled header instead of defining here
                 generic\scrlwing.cpp(30) : use of precompiled header
         selstore.cpp
         spinctlg.cpp
         splash.cpp
         splitter.cpp
         statusbr.cpp
         Generating Code...
         Compiling...
         textdlgg.cpp
         tipdlg.cpp
         tipwin.cpp
         treectlg.cpp
         vlbox.cpp
         vscroll.cpp
         wizard.cpp
         helpctrl.cpp
     1>C:\Users\user\Desktop\RelaeseMoogDots\version2.0.0.4.3\MOOG_DOOTS_REALLOCATED_VER\wxMSW-2.6.3-1\wxWidgets-2.6.3\include\wx/confbase.h : warning C4819: The file contains a character that cannot be represented in the current code page (1255). Save the file in Unicode format to prevent data loss
         helpdata.cpp
         helpfrm.cpp
     1>C:\Users\user\Desktop\RelaeseMoogDots\version2.0.0.4.3\MOOG_DOOTS_REALLOCATED_VER\wxMSW-2.6.3-1\wxWidgets-2.6.3\include\wx/confbase.h : warning C4819: The file contains a character that cannot be represented in the current code page (1255). Save the file in Unicode format to prevent data loss
     1>C:\Users\user\Desktop\RelaeseMoogDots\version2.0.0.4.3\MOOG_DOOTS_REALLOCATED_VER\wxMSW-2.6.3-1\wxWidgets-2.6.3\include\wx/generic/progdlgg.h : warning C4819: The file contains a character that cannot be represented in the current code page (1255). Save the file in Unicode format to prevent data loss
         htmlcell.cpp
     1>C:\Users\user\Desktop\RelaeseMoogDots\version2.0.0.4.3\MOOG_DOOTS_REALLOCATED_VER\wxMSW-2.6.3-1\wxWidgets-2.6.3\include\wx/confbase.h : warning C4819: The file contains a character that cannot be represented in the current code page (1255). Save the file in Unicode format to prevent data loss
         htmlfilt.cpp
     1>C:\Users\user\Desktop\RelaeseMoogDots\version2.0.0.4.3\MOOG_DOOTS_REALLOCATED_VER\wxMSW-2.6.3-1\wxWidgets-2.6.3\include\wx/confbase.h : warning C4819: The file contains a character that cannot be represented in the current code page (1255). Save the file in Unicode format to prevent data loss
         htmlpars.cpp
         htmltag.cpp
         htmlwin.cpp
     1>C:\Users\user\Desktop\RelaeseMoogDots\version2.0.0.4.3\MOOG_DOOTS_REALLOCATED_VER\wxMSW-2.6.3-1\wxWidgets-2.6.3\include\wx/confbase.h : warning C4819: The file contains a character that cannot be represented in the current code page (1255). Save the file in Unicode format to prevent data loss
         htmprint.cpp
     1>C:\Users\user\Desktop\RelaeseMoogDots\version2.0.0.4.3\MOOG_DOOTS_REALLOCATED_VER\wxMSW-2.6.3-1\wxWidgets-2.6.3\include\wx/confbase.h : warning C4819: The file contains a character that cannot be represented in the current code page (1255). Save the file in Unicode format to prevent data loss
         m_dflist.cpp
         m_fonts.cpp
         m_hline.cpp
         m_image.cpp
     1>C:\Users\user\Desktop\RelaeseMoogDots\version2.0.0.4.3\MOOG_DOOTS_REALLOCATED_VER\wxMSW-2.6.3-1\wxWidgets-2.6.3\include\wx/confbase.h : warning C4819: The file contains a character that cannot be represented in the current code page (1255). Save the file in Unicode format to prevent data loss
         Generating Code...
         Compiling...
         m_layout.cpp
     1>C:\Users\user\Desktop\RelaeseMoogDots\version2.0.0.4.3\MOOG_DOOTS_REALLOCATED_VER\wxMSW-2.6.3-1\wxWidgets-2.6.3\include\wx/confbase.h : warning C4819: The file contains a character that cannot be represented in the current code page (1255). Save the file in Unicode format to prevent data loss
         m_links.cpp
         m_list.cpp
         m_pre.cpp
         m_style.cpp
         m_tables.cpp
         winpars.cpp
     1>C:\Users\user\Desktop\RelaeseMoogDots\version2.0.0.4.3\MOOG_DOOTS_REALLOCATED_VER\wxMSW-2.6.3-1\wxWidgets-2.6.3\include\wx/confbase.h : warning C4819: The file contains a character that cannot be represented in the current code page (1255). Save the file in Unicode format to prevent data loss
         accel.cpp
         app.cpp
         basemsw.cpp
         bitmap.cpp
         bmpbuttn.cpp
         brush.cpp
         button.cpp
         caret.cpp
         checkbox.cpp
         checklst.cpp
         choice.cpp
         clipbrd.cpp
         colordlg.cpp
         Generating Code...
         Compiling...
         colour.cpp
         combobox.cpp
         control.cpp
         crashrpt.cpp
         cursor.cpp
         data.cpp
         datectrl.cpp
         dc.cpp
         dcclient.cpp
         dcmemory.cpp
         dcprint.cpp
         dcscreen.cpp
         dde.cpp
         debughlp.cpp
         dialog.cpp
         dialup.cpp
         dib.cpp
         dir.cpp
         dirdlg.cpp
         display.cpp
         Generating Code...
         Compiling...
         dlmsw.cpp
         dragimag.cpp
         enhmeta.cpp
         evtloop.cpp
         fdrepdlg.cpp
         filedlg.cpp
         font.cpp
         fontdlg.cpp
         fontenum.cpp
         fontutil.cpp
         frame.cpp
         gauge95.cpp
         gdiimage.cpp
         gdiobj.cpp
         glcanvas.cpp
         gsocket.cpp
         gsockmsw.cpp
         helpbest.cpp
     1>C:\Users\user\Desktop\RelaeseMoogDots\version2.0.0.4.3\MOOG_DOOTS_REALLOCATED_VER\wxMSW-2.6.3-1\wxWidgets-2.6.3\include\wx/confbase.h : warning C4819: The file contains a character that cannot be represented in the current code page (1255). Save the file in Unicode format to prevent data loss
         helpchm.cpp
         helpwin.cpp
         Generating Code...
         Compiling...
         icon.cpp
         imaglist.cpp
         iniconf.cpp
     1>C:\Users\user\Desktop\RelaeseMoogDots\version2.0.0.4.3\MOOG_DOOTS_REALLOCATED_VER\wxMSW-2.6.3-1\wxWidgets-2.6.3\include\wx/confbase.h : warning C4819: The file contains a character that cannot be represented in the current code page (1255). Save the file in Unicode format to prevent data loss
         joystick.cpp
         listbox.cpp
         listctrl.cpp
         main.cpp
     1>msw\main.cpp(212): warning C4535: calling _set_se_translator() requires /EHa
         mdi.cpp
         mediactrl.cpp
         menu.cpp
         menuitem.cpp
         metafile.cpp
         mimetype.cpp
     1>C:\Users\user\Desktop\RelaeseMoogDots\version2.0.0.4.3\MOOG_DOOTS_REALLOCATED_VER\wxMSW-2.6.3-1\wxWidgets-2.6.3\include\wx/confbase.h : warning C4819: The file contains a character that cannot be represented in the current code page (1255). Save the file in Unicode format to prevent data loss
         minifram.cpp
         msgdlg.cpp
         mslu.cpp
         nativdlg.cpp
         notebook.cpp
         access.cpp
         activex.cpp
         Generating Code...
         Compiling...
         automtn.cpp
         dataobj.cpp
         dropsrc.cpp
         droptgt.cpp
         oleutils.cpp
         uuid.cpp
         ownerdrw.cpp
         palette.cpp
         pen.cpp
         popupwin.cpp
         printdlg.cpp
         printwin.cpp
         radiobox.cpp
         radiobut.cpp
         regconf.cpp
     1>C:\Users\user\Desktop\RelaeseMoogDots\version2.0.0.4.3\MOOG_DOOTS_REALLOCATED_VER\wxMSW-2.6.3-1\wxWidgets-2.6.3\include\wx/confbase.h : warning C4819: The file contains a character that cannot be represented in the current code page (1255). Save the file in Unicode format to prevent data loss
         region.cpp
         registry.cpp
         renderer.cpp
         scrolbar.cpp
         settings.cpp
         Generating Code...
         Compiling...
         slider95.cpp
         snglinst.cpp
         sound.cpp
         spinbutt.cpp
         spinctrl.cpp
         stackwalk.cpp
         statbmp.cpp
         statbox.cpp
         statbr95.cpp
         statline.cpp
         stattext.cpp
         stdpaths.cpp
         tabctrl.cpp
         taskbar.cpp
         tbar95.cpp
         textctrl.cpp
         tglbtn.cpp
         thread.cpp
         timer.cpp
         tooltip.cpp
         Generating Code...
         Compiling...
         toplevel.cpp
         treectrl.cpp
         urlmsw.cpp
         utils.cpp
     1>C:\Users\user\Desktop\RelaeseMoogDots\version2.0.0.4.3\MOOG_DOOTS_REALLOCATED_VER\wxMSW-2.6.3-1\wxWidgets-2.6.3\include\wx/confbase.h : warning C4819: The file contains a character that cannot be represented in the current code page (1255). Save the file in Unicode format to prevent data loss
     1>msw\utils.cpp(1068): warning C4996: 'GetVersionExA': was declared deprecated
                 C:\Program Files (x86)\Windows Kits\8.1\Include\um\sysinfoapi.h(433) : see declaration of 'GetVersionExA'
     1>msw\utils.cpp(1175): warning C4996: 'GetVersionExA': was declared deprecated
                 C:\Program Files (x86)\Windows Kits\8.1\Include\um\sysinfoapi.h(433) : see declaration of 'GetVersionExA'
         utilsexc.cpp
         utilsgui.cpp
         uxtheme.cpp
         volume.cpp
         window.cpp
         xml.cpp
         xh_bmp.cpp
         xh_bmpbt.cpp
         xh_bttn.cpp
         xh_cald.cpp
         xh_chckb.cpp
         xh_chckl.cpp
         xh_choic.cpp
         xh_choicbk.cpp
         xh_combo.cpp
         xh_datectrl.cpp
         Generating Code...
         Compiling...
         xh_dlg.cpp
         xh_frame.cpp
         xh_gauge.cpp
         xh_gdctl.cpp
         xh_html.cpp
     1>C:\Users\user\Desktop\RelaeseMoogDots\version2.0.0.4.3\MOOG_DOOTS_REALLOCATED_VER\wxMSW-2.6.3-1\wxWidgets-2.6.3\include\wx/confbase.h : warning C4819: The file contains a character that cannot be represented in the current code page (1255). Save the file in Unicode format to prevent data loss
         xh_listb.cpp
         xh_listbk.cpp
         xh_listc.cpp
         xh_mdi.cpp
         xh_menu.cpp
         xh_notbk.cpp
         xh_panel.cpp
         xh_radbt.cpp
         xh_radbx.cpp
         xh_scrol.cpp
         xh_scwin.cpp
         xh_sizer.cpp
         xh_slidr.cpp
         xh_spin.cpp
         xh_split.cpp
         Generating Code...
         Compiling...
         xh_statbar.cpp
         xh_stbmp.cpp
         xh_stbox.cpp
         xh_stlin.cpp
         xh_sttxt.cpp
         xh_text.cpp
         xh_tglbtn.cpp
         xh_toolb.cpp
         xh_tree.cpp
         xh_unkwn.cpp
         xh_wizrd.cpp
         xmlres.cpp
         xmlrsall.cpp
         Generating Code...
         C:\Program Files (x86)\Microsoft Visual Studio 12.0\VC\bin\CL.exe /c /I../lib/msw /I../include /I./zlib /I./jpeg /I./png /I./regex /I./tiff /I./expat/lib /Zi /nologo /W4 /WX- /O2 /Oy- /D NDEBUG /D WIN32 /D WINVER=0x0400 /D STRICT /D wxUSE_BASE=1 /D _VC80_UPGRADE=0x0600 /GF /Gm- /EHsc /MD /GS /Gy /fp:precise /Zc:wchar_t /Zc:forScope /Fo".\../Release\\" /Fd".\../Release\vc120.pdb" /Gd /TC /analyze- /errorReport:prompt common\extended.c
         extended.c
     1>C:\Program Files (x86)\MSBuild\Microsoft.Cpp\v4.0\V120\Microsoft.CppBuild.targets(1361,5): warning MSB8012: TargetPath(C:\Users\user\Desktop\RelaeseMoogDots\version2.0.0.4.3\MOOG_DOOTS_REALLOCATED_VER\wxMSW-2.6.3-1\wxWidgets-2.6.3\src\.\../lib\wxWindows.lib) does not match the Library's OutputFile property value (C:\Users\user\Desktop\RelaeseMoogDots\version2.0.0.4.3\MOOG_DOOTS_REALLOCATED_VER\wxMSW-2.6.3-1\wxWidgets-2.6.3\lib\wxmsw.lib). This may cause your project to build incorrectly. To correct this, please make sure that $(OutDir), $(TargetName) and $(TargetExt) property values match the value specified in %(Lib.OutputFile).
     1>C:\Program Files (x86)\MSBuild\Microsoft.Cpp\v4.0\V120\Microsoft.CppBuild.targets(1363,5): warning MSB8012: TargetName(wxWindows) does not match the Library's OutputFile property value (wxmsw). This may cause your project to build incorrectly. To correct this, please make sure that $(OutDir), $(TargetName) and $(TargetExt) property values match the value specified in %(Lib.OutputFile).
       Lib:
         C:\Program Files (x86)\Microsoft Visual Studio 12.0\VC\bin\Lib.exe /OUT:"..\lib\wxmsw.lib" /NOLOGO .\../Release\accesscmn.obj
         .\../Release\appbase.obj
         .\../Release\appcmn.obj
         .\../Release\archive.obj
         .\../Release\artprov.obj
         .\../Release\artstd.obj
         .\../Release\bmpbase.obj
         .\../Release\bookctrl.obj
         .\../Release\choiccmn.obj
         .\../Release\clipcmn.obj
         .\../Release\clntdata.obj
         .\../Release\cmdline.obj
         .\../Release\cmdproc.obj
         .\../Release\cmndata.obj
         .\../Release\config.obj
         .\../Release\containr.obj
         .\../Release\cshelp.obj
         .\../Release\ctrlcmn.obj
         .\../Release\ctrlsub.obj
         .\../Release\datacmn.obj
         .\../Release\datetime.obj
         .\../Release\datstrm.obj
         .\../Release\db.obj
         .\../Release\dbgrid.obj
         .\../Release\dbtable.obj
         .\../Release\dcbase.obj
         .\../Release\debugrpt.obj
         .\../Release\dircmn.obj
         .\../Release\dlgcmn.obj
         .\../Release\dndcmn.obj
         .\../Release\dobjcmn.obj
         .\../Release\docmdi.obj
         .\../Release\docview.obj
         .\../Release\dpycmn.obj
         .\../Release\dseldlg.obj
         .\../Release\dynarray.obj
         .\../Release\dynlib.obj
         .\../Release\dynload.obj
         .\../Release\effects.obj
         .\../Release\encconv.obj
         .\../Release\event.obj
         .\../Release\extended.obj
         .\../Release\fddlgcmn.obj
         .\../Release\ffile.obj
         .\../Release\file.obj
         .\../Release\fileconf.obj
         .\../Release\filefn.obj
         .\../Release\filename.obj
         .\../Release\filesys.obj
         .\../Release\fldlgcmn.obj
         .\../Release\fmapbase.obj
         .\../Release\fontcmn.obj
         .\../Release\fontmap.obj
         .\../Release\framecmn.obj
         .\../Release\fs_inet.obj
         .\../Release\fs_mem.obj
         .\../Release\fs_zip.obj
         .\../Release\ftp.obj
         .\../Release\gaugecmn.obj
         .\../Release\gbsizer.obj
         .\../Release\gdicmn.obj
         .\../Release\geometry.obj
         .\../Release\gifdecod.obj
         .\../Release\hash.obj
         .\../Release\hashmap.obj
         .\../Release\helpbase.obj
         .\../Release\http.obj
         .\../Release\iconbndl.obj
         .\../Release\imagall.obj
         .\../Release\imagbmp.obj
         .\../Release\image.obj
         .\../Release\imagfill.obj
         .\../Release\imaggif.obj
         .\../Release\imagiff.obj
         .\../Release\imagjpeg.obj
         .\../Release\imagpcx.obj
         .\../Release\imagpng.obj
         .\../Release\imagpnm.obj
         .\../Release\imagtiff.obj
         .\../Release\imagxpm.obj
         .\../Release\init.obj
         .\../Release\intl.obj
         .\../Release\ipcbase.obj
         .\../Release\layout.obj
         .\../Release\lboxcmn.obj
         .\../Release\list.obj
         .\../Release\log.obj
         .\../Release\longlong.obj
         .\../Release\matrix.obj
         .\../Release\mediactrlcmn.obj
         .\../Release\memory.obj
         .\../Release\menucmn.obj
         .\../Release\mimecmn.obj
         .\../Release\module.obj
         .\../Release\msgout.obj
         .\../Release\mstream.obj
         .\../Release\nbkbase.obj
         .\../Release\object.obj
         .\../Release\paper.obj
         .\../Release\popupcmn.obj
         .\../Release\prntbase.obj
         .\../Release\process.obj
         .\../Release\protocol.obj
         .\../Release\quantize.obj
         .\../Release\radiocmn.obj
         .\../Release\regex.obj
         .\../Release\rendcmn.obj
         .\../Release\rgncmn.obj
         .\../Release\sckaddr.obj
         .\../Release\sckfile.obj
         .\../Release\sckipc.obj
         .\../Release\sckstrm.obj
         .\../Release\settcmn.obj
         .\../Release\sizer.obj
         .\../Release\socket.obj
         .\../Release\sstream.obj
         .\../Release\statbar.obj
         .\../Release\stdpbase.obj
         .\../Release\stockitem.obj
         .\../Release\stopwatch.obj
         .\../Release\strconv.obj
         .\../Release\stream.obj
         .\../Release\string.obj
         .\../Release\sysopt.obj
         .\../Release\taskbarcmn.obj
         .\../Release\tbarbase.obj
         .\../Release\textbuf.obj
         .\../Release\textcmn.obj
         .\../Release\textfile.obj
         .\../Release\timercmn.obj
         .\../Release\tokenzr.obj
         .\../Release\toplvcmn.obj
         .\../Release\treebase.obj
         .\../Release\txtstrm.obj
         .\../Release\uri.obj
         .\../Release\url.obj
         .\../Release\utilscmn.obj
         .\../Release\valgen.obj
         .\../Release\validate.obj
         .\../Release\valtext.obj
         .\../Release\variant.obj
         .\../Release\wfstream.obj
         .\../Release\wincmn.obj
         .\../Release\wxchar.obj
         .\../Release\xpmdecod.obj
         .\../Release\xti.obj
         .\../Release\xtistrm.obj
         .\../Release\xtixml.obj
         .\../Release\zipstrm.obj
         .\../Release\zstream.obj
         .\../Release\busyinfo.obj
         .\../Release\calctrl.obj
         .\../Release\choicbkg.obj
         .\../Release\choicdgg.obj
         .\../Release\datectlg.obj
         .\../Release\dbgrptg.obj
         .\../Release\dcpsg.obj
         .\../Release\dirctrlg.obj
         .\../Release\dragimgg.obj
         .\../Release\grid.obj
         .\../Release\gridctrl.obj
         .\../Release\gridsel.obj
         .\../Release\helpext.obj
         .\../Release\htmllbox.obj
         .\../Release\laywin.obj
         .\../Release\listbkg.obj
         .\../Release\logg.obj
         .\../Release\numdlgg.obj
         .\../Release\panelg.obj
         .\../Release\printps.obj
         .\../Release\prntdlgg.obj
         .\../Release\progdlgg.obj
         .\../Release\propdlg.obj
         .\../Release\renderg.obj
         .\../Release\sashwin.obj
         .\../Release\scrlwing.obj
         .\../Release\selstore.obj
         .\../Release\spinctlg.obj
         .\../Release\splash.obj
         .\../Release\splitter.obj
         .\../Release\statusbr.obj
         .\../Release\textdlgg.obj
         .\../Release\tipdlg.obj
         .\../Release\tipwin.obj
         .\../Release\treectlg.obj
         .\../Release\vlbox.obj
         .\../Release\vscroll.obj
         .\../Release\wizard.obj
         .\../Release\helpctrl.obj
         .\../Release\helpdata.obj
         .\../Release\helpfrm.obj
         .\../Release\htmlcell.obj
         .\../Release\htmlfilt.obj
         .\../Release\htmlpars.obj
         .\../Release\htmltag.obj
         .\../Release\htmlwin.obj
         .\../Release\htmprint.obj
         .\../Release\m_dflist.obj
         .\../Release\m_fonts.obj
         .\../Release\m_hline.obj
         .\../Release\m_image.obj
         .\../Release\m_layout.obj
         .\../Release\m_links.obj
         .\../Release\m_list.obj
         .\../Release\m_pre.obj
         .\../Release\m_style.obj
         .\../Release\m_tables.obj
         .\../Release\winpars.obj
         .\../Release\accel.obj
         .\../Release\app.obj
         .\../Release\basemsw.obj
         .\../Release\bitmap.obj
         .\../Release\bmpbuttn.obj
         .\../Release\brush.obj
         .\../Release\button.obj
         .\../Release\caret.obj
         .\../Release\checkbox.obj
         .\../Release\checklst.obj
         .\../Release\choice.obj
         .\../Release\clipbrd.obj
         .\../Release\colordlg.obj
         .\../Release\colour.obj
         .\../Release\combobox.obj
         .\../Release\control.obj
         .\../Release\crashrpt.obj
         .\../Release\cursor.obj
         .\../Release\data.obj
         .\../Release\datectrl.obj
         .\../Release\dc.obj
         .\../Release\dcclient.obj
         .\../Release\dcmemory.obj
         .\../Release\dcprint.obj
         .\../Release\dcscreen.obj
         .\../Release\dde.obj
         .\../Release\debughlp.obj
         .\../Release\dialog.obj
         .\../Release\dialup.obj
         .\../Release\dib.obj
         .\../Release\dir.obj
         .\../Release\dirdlg.obj
         .\../Release\display.obj
         .\../Release\dlmsw.obj
         .\../Release\dragimag.obj
         .\../Release\dummy.obj
         .\../Release\enhmeta.obj
         .\../Release\evtloop.obj
         .\../Release\fdrepdlg.obj
         .\../Release\filedlg.obj
         .\../Release\font.obj
         .\../Release\fontdlg.obj
         .\../Release\fontenum.obj
         .\../Release\fontutil.obj
         .\../Release\frame.obj
         .\../Release\gauge95.obj
         .\../Release\gdiimage.obj
         .\../Release\gdiobj.obj
         .\../Release\glcanvas.obj
         .\../Release\gsocket.obj
         .\../Release\gsockmsw.obj
         .\../Release\helpbest.obj
         .\../Release\helpchm.obj
         .\../Release\helpwin.obj
         .\../Release\icon.obj
         .\../Release\imaglist.obj
         .\../Release\iniconf.obj
         .\../Release\joystick.obj
         .\../Release\listbox.obj
         .\../Release\listctrl.obj
         .\../Release\main.obj
         .\../Release\mdi.obj
         .\../Release\mediactrl.obj
         .\../Release\menu.obj
         .\../Release\menuitem.obj
         .\../Release\metafile.obj
         .\../Release\mimetype.obj
         .\../Release\minifram.obj
         .\../Release\msgdlg.obj
         .\../Release\mslu.obj
         .\../Release\nativdlg.obj
         .\../Release\notebook.obj
         .\../Release\access.obj
         .\../Release\activex.obj
         .\../Release\automtn.obj
         .\../Release\dataobj.obj
         .\../Release\dropsrc.obj
         .\../Release\droptgt.obj
         .\../Release\oleutils.obj
         .\../Release\uuid.obj
         .\../Release\ownerdrw.obj
         .\../Release\palette.obj
         .\../Release\pen.obj
         .\../Release\popupwin.obj
         .\../Release\printdlg.obj
         .\../Release\printwin.obj
         .\../Release\radiobox.obj
         .\../Release\radiobut.obj
         .\../Release\regconf.obj
         .\../Release\region.obj
         .\../Release\registry.obj
         .\../Release\renderer.obj
         .\../Release\scrolbar.obj
         .\../Release\settings.obj
         .\../Release\slider95.obj
         .\../Release\snglinst.obj
         .\../Release\sound.obj
         .\../Release\spinbutt.obj
         .\../Release\spinctrl.obj
         .\../Release\stackwalk.obj
         .\../Release\statbmp.obj
         .\../Release\statbox.obj
         .\../Release\statbr95.obj
         .\../Release\statline.obj
         .\../Release\stattext.obj
         .\../Release\stdpaths.obj
         .\../Release\tabctrl.obj
         .\../Release\taskbar.obj
         .\../Release\tbar95.obj
         .\../Release\textctrl.obj
         .\../Release\tglbtn.obj
         .\../Release\thread.obj
         .\../Release\timer.obj
         .\../Release\tooltip.obj
         .\../Release\toplevel.obj
         .\../Release\treectrl.obj
         .\../Release\urlmsw.obj
         .\../Release\utils.obj
         .\../Release\utilsexc.obj
         .\../Release\utilsgui.obj
         .\../Release\uxtheme.obj
         .\../Release\volume.obj
         .\../Release\window.obj
         .\../Release\xml.obj
         .\../Release\xh_bmp.obj
         .\../Release\xh_bmpbt.obj
         .\../Release\xh_bttn.obj
         .\../Release\xh_cald.obj
         .\../Release\xh_chckb.obj
         .\../Release\xh_chckl.obj
         .\../Release\xh_choic.obj
         .\../Release\xh_choicbk.obj
         .\../Release\xh_combo.obj
         .\../Release\xh_datectrl.obj
         .\../Release\xh_dlg.obj
         .\../Release\xh_frame.obj
         .\../Release\xh_gauge.obj
         .\../Release\xh_gdctl.obj
         .\../Release\xh_html.obj
         .\../Release\xh_listb.obj
         .\../Release\xh_listbk.obj
         .\../Release\xh_listc.obj
         .\../Release\xh_mdi.obj
         .\../Release\xh_menu.obj
         .\../Release\xh_notbk.obj
         .\../Release\xh_panel.obj
         .\../Release\xh_radbt.obj
         .\../Release\xh_radbx.obj
         .\../Release\xh_scrol.obj
         .\../Release\xh_scwin.obj
         .\../Release\xh_sizer.obj
         .\../Release\xh_slidr.obj
         .\../Release\xh_spin.obj
         .\../Release\xh_split.obj
         .\../Release\xh_statbar.obj
         .\../Release\xh_stbmp.obj
         .\../Release\xh_stbox.obj
         .\../Release\xh_stlin.obj
         .\../Release\xh_sttxt.obj
         .\../Release\xh_text.obj
         .\../Release\xh_tglbtn.obj
         .\../Release\xh_toolb.obj
         .\../Release\xh_tree.obj
         .\../Release\xh_unkwn.obj
         .\../Release\xh_wizrd.obj
         .\../Release\xmlres.obj
         .\../Release\xmlrsall.obj
         wxWindows.vcxproj -> C:\Users\user\Desktop\RelaeseMoogDots\version2.0.0.4.3\MOOG_DOOTS_REALLOCATED_VER\wxMSW-2.6.3-1\wxWidgets-2.6.3\src\.\../lib\wxWindows.lib
     1>Done Building Project "C:\Users\user\Desktop\RelaeseMoogDots\version2.0.0.4.3\MOOG_DOOTS_REALLOCATED_VER\wxMSW-2.6.3-1\wxWidgets-2.6.3\src\wxWindows.vcxproj" (Build target(s)).

Build succeeded.

Time Elapsed 00:00:24.69
