c:\users\robocup\desktop\290425015\wxmsw-2.6.3-1\wxwidgets-2.6.3\lib\vc_lib\wxjpegd.pdb
c:\users\robocup\desktop\290425015\wxmsw-2.6.3-1\wxwidgets-2.6.3\lib\vc_lib\wxjpegd.idb
c:\users\robocup\desktop\290425015\wxmsw-2.6.3-1\wxwidgets-2.6.3\build\msw\vc_mswd\wxjpeg\jdmarker.obj
c:\users\robocup\desktop\290425015\wxmsw-2.6.3-1\wxwidgets-2.6.3\build\msw\vc_mswd\wxjpeg\jdmaster.obj
c:\users\robocup\desktop\290425015\wxmsw-2.6.3-1\wxwidgets-2.6.3\build\msw\vc_mswd\wxjpeg\jdmerge.obj
c:\users\robocup\desktop\290425015\wxmsw-2.6.3-1\wxwidgets-2.6.3\build\msw\vc_mswd\wxjpeg\jdphuff.obj
c:\users\robocup\desktop\290425015\wxmsw-2.6.3-1\wxwidgets-2.6.3\build\msw\vc_mswd\wxjpeg\jdpostct.obj
c:\users\robocup\desktop\290425015\wxmsw-2.6.3-1\wxwidgets-2.6.3\build\msw\vc_mswd\wxjpeg\jdsample.obj
c:\users\robocup\desktop\290425015\wxmsw-2.6.3-1\wxwidgets-2.6.3\build\msw\vc_mswd\wxjpeg\jdtrans.obj
c:\users\robocup\desktop\290425015\wxmsw-2.6.3-1\wxwidgets-2.6.3\build\msw\vc_mswd\wxjpeg\jerror.obj
c:\users\robocup\desktop\290425015\wxmsw-2.6.3-1\wxwidgets-2.6.3\build\msw\vc_mswd\wxjpeg\jfdctflt.obj
c:\users\robocup\desktop\290425015\wxmsw-2.6.3-1\wxwidgets-2.6.3\build\msw\vc_mswd\wxjpeg\jfdctfst.obj
c:\users\robocup\desktop\290425015\wxmsw-2.6.3-1\wxwidgets-2.6.3\build\msw\vc_mswd\wxjpeg\jfdctint.obj
c:\users\robocup\desktop\290425015\wxmsw-2.6.3-1\wxwidgets-2.6.3\build\msw\vc_mswd\wxjpeg\jidctflt.obj
c:\users\robocup\desktop\290425015\wxmsw-2.6.3-1\wxwidgets-2.6.3\build\msw\vc_mswd\wxjpeg\jidctfst.obj
c:\users\robocup\desktop\290425015\wxmsw-2.6.3-1\wxwidgets-2.6.3\build\msw\vc_mswd\wxjpeg\jidctint.obj
c:\users\robocup\desktop\290425015\wxmsw-2.6.3-1\wxwidgets-2.6.3\build\msw\vc_mswd\wxjpeg\jidctred.obj
c:\users\robocup\desktop\290425015\wxmsw-2.6.3-1\wxwidgets-2.6.3\build\msw\vc_mswd\wxjpeg\jmemmgr.obj
c:\users\robocup\desktop\290425015\wxmsw-2.6.3-1\wxwidgets-2.6.3\build\msw\vc_mswd\wxjpeg\jmemnobs.obj
c:\users\robocup\desktop\290425015\wxmsw-2.6.3-1\wxwidgets-2.6.3\build\msw\vc_mswd\wxjpeg\jquant1.obj
c:\users\robocup\desktop\290425015\wxmsw-2.6.3-1\wxwidgets-2.6.3\build\msw\vc_mswd\wxjpeg\jquant2.obj
c:\users\robocup\desktop\290425015\wxmsw-2.6.3-1\wxwidgets-2.6.3\build\msw\vc_mswd\wxjpeg\jutils.obj
c:\users\robocup\desktop\290425015\wxmsw-2.6.3-1\wxwidgets-2.6.3\build\msw\vc_mswd\wxjpeg\jcinit.obj
c:\users\robocup\desktop\290425015\wxmsw-2.6.3-1\wxwidgets-2.6.3\build\msw\vc_mswd\wxjpeg\jcmainct.obj
c:\users\robocup\desktop\290425015\wxmsw-2.6.3-1\wxwidgets-2.6.3\build\msw\vc_mswd\wxjpeg\jcmarker.obj
c:\users\robocup\desktop\290425015\wxmsw-2.6.3-1\wxwidgets-2.6.3\build\msw\vc_mswd\wxjpeg\jcmaster.obj
c:\users\robocup\desktop\290425015\wxmsw-2.6.3-1\wxwidgets-2.6.3\build\msw\vc_mswd\wxjpeg\jcomapi.obj
c:\users\robocup\desktop\290425015\wxmsw-2.6.3-1\wxwidgets-2.6.3\build\msw\vc_mswd\wxjpeg\jcparam.obj
c:\users\robocup\desktop\290425015\wxmsw-2.6.3-1\wxwidgets-2.6.3\build\msw\vc_mswd\wxjpeg\jcphuff.obj
c:\users\robocup\desktop\290425015\wxmsw-2.6.3-1\wxwidgets-2.6.3\build\msw\vc_mswd\wxjpeg\jcprepct.obj
c:\users\robocup\desktop\290425015\wxmsw-2.6.3-1\wxwidgets-2.6.3\build\msw\vc_mswd\wxjpeg\jcsample.obj
c:\users\robocup\desktop\290425015\wxmsw-2.6.3-1\wxwidgets-2.6.3\build\msw\vc_mswd\wxjpeg\jctrans.obj
c:\users\robocup\desktop\290425015\wxmsw-2.6.3-1\wxwidgets-2.6.3\build\msw\vc_mswd\wxjpeg\jdapimin.obj
c:\users\robocup\desktop\290425015\wxmsw-2.6.3-1\wxwidgets-2.6.3\build\msw\vc_mswd\wxjpeg\jdapistd.obj
c:\users\robocup\desktop\290425015\wxmsw-2.6.3-1\wxwidgets-2.6.3\build\msw\vc_mswd\wxjpeg\jdatadst.obj
c:\users\robocup\desktop\290425015\wxmsw-2.6.3-1\wxwidgets-2.6.3\build\msw\vc_mswd\wxjpeg\jdatasrc.obj
c:\users\robocup\desktop\290425015\wxmsw-2.6.3-1\wxwidgets-2.6.3\build\msw\vc_mswd\wxjpeg\jdcoefct.obj
c:\users\robocup\desktop\290425015\wxmsw-2.6.3-1\wxwidgets-2.6.3\build\msw\vc_mswd\wxjpeg\jdcolor.obj
c:\users\robocup\desktop\290425015\wxmsw-2.6.3-1\wxwidgets-2.6.3\build\msw\vc_mswd\wxjpeg\jddctmgr.obj
c:\users\robocup\desktop\290425015\wxmsw-2.6.3-1\wxwidgets-2.6.3\build\msw\vc_mswd\wxjpeg\jdhuff.obj
c:\users\robocup\desktop\290425015\wxmsw-2.6.3-1\wxwidgets-2.6.3\build\msw\vc_mswd\wxjpeg\jdinput.obj
c:\users\robocup\desktop\290425015\wxmsw-2.6.3-1\wxwidgets-2.6.3\build\msw\vc_mswd\wxjpeg\jdmainct.obj
c:\users\robocup\desktop\290425015\wxmsw-2.6.3-1\wxwidgets-2.6.3\build\msw\vc_mswd\wxjpeg\jcapimin.obj
c:\users\robocup\desktop\290425015\wxmsw-2.6.3-1\wxwidgets-2.6.3\build\msw\vc_mswd\wxjpeg\jcapistd.obj
c:\users\robocup\desktop\290425015\wxmsw-2.6.3-1\wxwidgets-2.6.3\build\msw\vc_mswd\wxjpeg\jccoefct.obj
c:\users\robocup\desktop\290425015\wxmsw-2.6.3-1\wxwidgets-2.6.3\build\msw\vc_mswd\wxjpeg\jccolor.obj
c:\users\robocup\desktop\290425015\wxmsw-2.6.3-1\wxwidgets-2.6.3\build\msw\vc_mswd\wxjpeg\jcdctmgr.obj
c:\users\robocup\desktop\290425015\wxmsw-2.6.3-1\wxwidgets-2.6.3\build\msw\vc_mswd\wxjpeg\jchuff.obj
c:\users\robocup\desktop\290425015\wxmsw-2.6.3-1\wxwidgets-2.6.3\lib\vc_lib\wxjpegd.lib
c:\users\user\documents\github\moogdots-new-vs2017compatible\moog_doots_reallocated_ver\wxmsw-2.6.3-1\wxwidgets-2.6.3\build\msw\vc_mswd\wxjpeg\jcapimin.obj
c:\users\user\documents\github\moogdots-new-vs2017compatible\moog_doots_reallocated_ver\wxmsw-2.6.3-1\wxwidgets-2.6.3\build\msw\vc_mswd\wxjpeg\jcapistd.obj
c:\users\user\documents\github\moogdots-new-vs2017compatible\moog_doots_reallocated_ver\wxmsw-2.6.3-1\wxwidgets-2.6.3\build\msw\vc_mswd\wxjpeg\jccoefct.obj
c:\users\user\documents\github\moogdots-new-vs2017compatible\moog_doots_reallocated_ver\wxmsw-2.6.3-1\wxwidgets-2.6.3\build\msw\vc_mswd\wxjpeg\jccolor.obj
c:\users\user\documents\github\moogdots-new-vs2017compatible\moog_doots_reallocated_ver\wxmsw-2.6.3-1\wxwidgets-2.6.3\build\msw\vc_mswd\wxjpeg\jcdctmgr.obj
c:\users\user\documents\github\moogdots-new-vs2017compatible\moog_doots_reallocated_ver\wxmsw-2.6.3-1\wxwidgets-2.6.3\build\msw\vc_mswd\wxjpeg\jchuff.obj
c:\users\user\documents\github\moogdots-new-vs2017compatible\moog_doots_reallocated_ver\wxmsw-2.6.3-1\wxwidgets-2.6.3\build\msw\vc_mswd\wxjpeg\jcinit.obj
c:\users\user\documents\github\moogdots-new-vs2017compatible\moog_doots_reallocated_ver\wxmsw-2.6.3-1\wxwidgets-2.6.3\build\msw\vc_mswd\wxjpeg\jcmainct.obj
c:\users\user\documents\github\moogdots-new-vs2017compatible\moog_doots_reallocated_ver\wxmsw-2.6.3-1\wxwidgets-2.6.3\build\msw\vc_mswd\wxjpeg\jcmarker.obj
c:\users\user\documents\github\moogdots-new-vs2017compatible\moog_doots_reallocated_ver\wxmsw-2.6.3-1\wxwidgets-2.6.3\build\msw\vc_mswd\wxjpeg\jcmaster.obj
c:\users\user\documents\github\moogdots-new-vs2017compatible\moog_doots_reallocated_ver\wxmsw-2.6.3-1\wxwidgets-2.6.3\build\msw\vc_mswd\wxjpeg\jcomapi.obj
c:\users\user\documents\github\moogdots-new-vs2017compatible\moog_doots_reallocated_ver\wxmsw-2.6.3-1\wxwidgets-2.6.3\build\msw\vc_mswd\wxjpeg\jcparam.obj
c:\users\user\documents\github\moogdots-new-vs2017compatible\moog_doots_reallocated_ver\wxmsw-2.6.3-1\wxwidgets-2.6.3\build\msw\vc_mswd\wxjpeg\jcphuff.obj
c:\users\user\documents\github\moogdots-new-vs2017compatible\moog_doots_reallocated_ver\wxmsw-2.6.3-1\wxwidgets-2.6.3\build\msw\vc_mswd\wxjpeg\jcprepct.obj
c:\users\user\documents\github\moogdots-new-vs2017compatible\moog_doots_reallocated_ver\wxmsw-2.6.3-1\wxwidgets-2.6.3\build\msw\vc_mswd\wxjpeg\jcsample.obj
c:\users\user\documents\github\moogdots-new-vs2017compatible\moog_doots_reallocated_ver\wxmsw-2.6.3-1\wxwidgets-2.6.3\build\msw\vc_mswd\wxjpeg\jctrans.obj
c:\users\user\documents\github\moogdots-new-vs2017compatible\moog_doots_reallocated_ver\wxmsw-2.6.3-1\wxwidgets-2.6.3\build\msw\vc_mswd\wxjpeg\jdapimin.obj
c:\users\user\documents\github\moogdots-new-vs2017compatible\moog_doots_reallocated_ver\wxmsw-2.6.3-1\wxwidgets-2.6.3\build\msw\vc_mswd\wxjpeg\jdapistd.obj
c:\users\user\documents\github\moogdots-new-vs2017compatible\moog_doots_reallocated_ver\wxmsw-2.6.3-1\wxwidgets-2.6.3\build\msw\vc_mswd\wxjpeg\jdatadst.obj
c:\users\user\documents\github\moogdots-new-vs2017compatible\moog_doots_reallocated_ver\wxmsw-2.6.3-1\wxwidgets-2.6.3\build\msw\vc_mswd\wxjpeg\jdatasrc.obj
c:\users\user\documents\github\moogdots-new-vs2017compatible\moog_doots_reallocated_ver\wxmsw-2.6.3-1\wxwidgets-2.6.3\build\msw\vc_mswd\wxjpeg\jdcoefct.obj
c:\users\user\documents\github\moogdots-new-vs2017compatible\moog_doots_reallocated_ver\wxmsw-2.6.3-1\wxwidgets-2.6.3\build\msw\vc_mswd\wxjpeg\jdcolor.obj
c:\users\user\documents\github\moogdots-new-vs2017compatible\moog_doots_reallocated_ver\wxmsw-2.6.3-1\wxwidgets-2.6.3\build\msw\vc_mswd\wxjpeg\jddctmgr.obj
c:\users\user\documents\github\moogdots-new-vs2017compatible\moog_doots_reallocated_ver\wxmsw-2.6.3-1\wxwidgets-2.6.3\build\msw\vc_mswd\wxjpeg\jdhuff.obj
c:\users\user\documents\github\moogdots-new-vs2017compatible\moog_doots_reallocated_ver\wxmsw-2.6.3-1\wxwidgets-2.6.3\build\msw\vc_mswd\wxjpeg\jdinput.obj
c:\users\user\documents\github\moogdots-new-vs2017compatible\moog_doots_reallocated_ver\wxmsw-2.6.3-1\wxwidgets-2.6.3\build\msw\vc_mswd\wxjpeg\jdmainct.obj
c:\users\user\documents\github\moogdots-new-vs2017compatible\moog_doots_reallocated_ver\wxmsw-2.6.3-1\wxwidgets-2.6.3\build\msw\vc_mswd\wxjpeg\jdmarker.obj
c:\users\user\documents\github\moogdots-new-vs2017compatible\moog_doots_reallocated_ver\wxmsw-2.6.3-1\wxwidgets-2.6.3\build\msw\vc_mswd\wxjpeg\jdmaster.obj
c:\users\user\documents\github\moogdots-new-vs2017compatible\moog_doots_reallocated_ver\wxmsw-2.6.3-1\wxwidgets-2.6.3\build\msw\vc_mswd\wxjpeg\jdmerge.obj
c:\users\user\documents\github\moogdots-new-vs2017compatible\moog_doots_reallocated_ver\wxmsw-2.6.3-1\wxwidgets-2.6.3\build\msw\vc_mswd\wxjpeg\jdphuff.obj
c:\users\user\documents\github\moogdots-new-vs2017compatible\moog_doots_reallocated_ver\wxmsw-2.6.3-1\wxwidgets-2.6.3\build\msw\vc_mswd\wxjpeg\jdpostct.obj
c:\users\user\documents\github\moogdots-new-vs2017compatible\moog_doots_reallocated_ver\wxmsw-2.6.3-1\wxwidgets-2.6.3\build\msw\vc_mswd\wxjpeg\jdsample.obj
c:\users\user\documents\github\moogdots-new-vs2017compatible\moog_doots_reallocated_ver\wxmsw-2.6.3-1\wxwidgets-2.6.3\build\msw\vc_mswd\wxjpeg\jdtrans.obj
c:\users\user\documents\github\moogdots-new-vs2017compatible\moog_doots_reallocated_ver\wxmsw-2.6.3-1\wxwidgets-2.6.3\build\msw\vc_mswd\wxjpeg\jerror.obj
c:\users\user\documents\github\moogdots-new-vs2017compatible\moog_doots_reallocated_ver\wxmsw-2.6.3-1\wxwidgets-2.6.3\build\msw\vc_mswd\wxjpeg\jfdctflt.obj
c:\users\user\documents\github\moogdots-new-vs2017compatible\moog_doots_reallocated_ver\wxmsw-2.6.3-1\wxwidgets-2.6.3\build\msw\vc_mswd\wxjpeg\jfdctfst.obj
c:\users\user\documents\github\moogdots-new-vs2017compatible\moog_doots_reallocated_ver\wxmsw-2.6.3-1\wxwidgets-2.6.3\build\msw\vc_mswd\wxjpeg\jfdctint.obj
c:\users\user\documents\github\moogdots-new-vs2017compatible\moog_doots_reallocated_ver\wxmsw-2.6.3-1\wxwidgets-2.6.3\build\msw\vc_mswd\wxjpeg\jidctflt.obj
c:\users\user\documents\github\moogdots-new-vs2017compatible\moog_doots_reallocated_ver\wxmsw-2.6.3-1\wxwidgets-2.6.3\build\msw\vc_mswd\wxjpeg\jidctfst.obj
c:\users\user\documents\github\moogdots-new-vs2017compatible\moog_doots_reallocated_ver\wxmsw-2.6.3-1\wxwidgets-2.6.3\build\msw\vc_mswd\wxjpeg\jidctint.obj
c:\users\user\documents\github\moogdots-new-vs2017compatible\moog_doots_reallocated_ver\wxmsw-2.6.3-1\wxwidgets-2.6.3\build\msw\vc_mswd\wxjpeg\jidctred.obj
c:\users\user\documents\github\moogdots-new-vs2017compatible\moog_doots_reallocated_ver\wxmsw-2.6.3-1\wxwidgets-2.6.3\build\msw\vc_mswd\wxjpeg\jmemmgr.obj
c:\users\user\documents\github\moogdots-new-vs2017compatible\moog_doots_reallocated_ver\wxmsw-2.6.3-1\wxwidgets-2.6.3\build\msw\vc_mswd\wxjpeg\jmemnobs.obj
c:\users\user\documents\github\moogdots-new-vs2017compatible\moog_doots_reallocated_ver\wxmsw-2.6.3-1\wxwidgets-2.6.3\build\msw\vc_mswd\wxjpeg\jquant1.obj
c:\users\user\documents\github\moogdots-new-vs2017compatible\moog_doots_reallocated_ver\wxmsw-2.6.3-1\wxwidgets-2.6.3\build\msw\vc_mswd\wxjpeg\jquant2.obj
c:\users\user\documents\github\moogdots-new-vs2017compatible\moog_doots_reallocated_ver\wxmsw-2.6.3-1\wxwidgets-2.6.3\build\msw\vc_mswd\wxjpeg\jutils.obj
c:\users\user\documents\github\moogdots-new-vs2017compatible\moog_doots_reallocated_ver\wxmsw-2.6.3-1\wxwidgets-2.6.3\build\msw\.\..\..\lib\vc_lib\wxjpeg.lib
c:\users\user\documents\github\moogdots-new-vs2017compatible\moog_doots_reallocated_ver\wxmsw-2.6.3-1\wxwidgets-2.6.3\build\msw\vc_mswd\wxjpeg\wxjpeg.tlog\cl.command.1.tlog
c:\users\user\documents\github\moogdots-new-vs2017compatible\moog_doots_reallocated_ver\wxmsw-2.6.3-1\wxwidgets-2.6.3\build\msw\vc_mswd\wxjpeg\wxjpeg.tlog\cl.read.1.tlog
c:\users\user\documents\github\moogdots-new-vs2017compatible\moog_doots_reallocated_ver\wxmsw-2.6.3-1\wxwidgets-2.6.3\build\msw\vc_mswd\wxjpeg\wxjpeg.tlog\cl.write.1.tlog
c:\users\user\documents\github\moogdots-new-vs2017compatible\moog_doots_reallocated_ver\wxmsw-2.6.3-1\wxwidgets-2.6.3\build\msw\vc_mswd\wxjpeg\wxjpeg.tlog\lib-link.read.1.tlog
c:\users\user\documents\github\moogdots-new-vs2017compatible\moog_doots_reallocated_ver\wxmsw-2.6.3-1\wxwidgets-2.6.3\build\msw\vc_mswd\wxjpeg\wxjpeg.tlog\lib-link.write.1.tlog
c:\users\user\documents\github\moogdots-new-vs2017compatible\moog_doots_reallocated_ver\wxmsw-2.6.3-1\wxwidgets-2.6.3\build\msw\vc_mswd\wxjpeg\wxjpeg.tlog\lib.command.1.tlog
