Build started 22/09/2016 22:35:06.
     1>Project "C:\Users\user\Desktop\TestCode-WinMotion_Base_Host\TestCode-WinMotion_Base_Host\WinMotion_Base_Host.vcxproj" on node 2 (Build target(s)).
     1>ClCompile:
         C:\Program Files (x86)\Microsoft Visual Studio 12.0\VC\bin\CL.exe /c /nologo /W3 /WX- /Ox /Oy- /D WIN32 /D _CRT_SECURE_NO_WARNINGS /D _MBCS /Gm- /EHsc /MT /GS- /fp:fast /Zc:wchar_t /Zc:forScope /GR- /Fo"..\release\\" /Fd"..\release\WinMotion_Base_Host.pdb" /Gd /TP /analyze- /errorReport:prompt ConfigFile.cpp LogOutput.cpp MBC_Interface.cpp Motion_Base_Host.cpp ScriptFile.cpp SignalGenerator.cpp
         ConfigFile.cpp
         LogOutput.cpp
         MBC_Interface.cpp
     1>MBC_Interface.cpp(192): warning C4996: 'inet_addr': Use inet_pton() or InetPton() instead or define _WINSOCK_DEPRECATED_NO_WARNINGS to disable deprecated API warnings
                 C:\Program Files (x86)\Windows Kits\8.1\Include\um\winsock2.h(1850) : see declaration of 'inet_addr'
     1>MBC_Interface.cpp(197): warning C4996: 'inet_addr': Use inet_pton() or InetPton() instead or define _WINSOCK_DEPRECATED_NO_WARNINGS to disable deprecated API warnings
                 C:\Program Files (x86)\Windows Kits\8.1\Include\um\winsock2.h(1850) : see declaration of 'inet_addr'
         Motion_Base_Host.cpp
         ScriptFile.cpp
         SignalGenerator.cpp
         Generating Code...
         C:\Program Files (x86)\Microsoft Visual Studio 12.0\VC\bin\CL.exe /c /nologo /W3 /WX- /Ox /Oy- /D WIN32 /D _CRT_SECURE_NO_WARNINGS /D _MBCS /Gm- /EHsc /MT /GS- /fp:fast /Zc:wchar_t /Zc:forScope /GR- /Fo"..\release\\" /Fd"..\release\WinMotion_Base_Host.pdb" /Gd /TC /analyze- /errorReport:prompt ConvertEnum.c
         ConvertEnum.c
       Link:
         C:\Program Files (x86)\Microsoft Visual Studio 12.0\VC\bin\link.exe /ERRORREPORT:PROMPT /OUT:"C:\Users\user\Desktop\TestCode-WinMotion_Base_Host\TestCode-WinMotion_Base_Host\Release\WinMotion_Base_Host.exe" /INCREMENTAL:NO /NOLOGO libcmt.lib oldnames.lib kernel32.lib ws2_32.lib mswsock.lib advapi32.lib kernel32.lib user32.lib gdi32.lib winspool.lib comdlg32.lib advapi32.lib shell32.lib ole32.lib oleaut32.lib uuid.lib odbc32.lib odbccp32.lib /MANIFEST /MANIFESTUAC:"level='asInvoker' uiAccess='false'" /manifest:embed /PDB:"C:\Users\user\Desktop\TestCode-WinMotion_Base_Host\TestCode-WinMotion_Base_Host\Release\WinMotion_Base_Host.pdb" /SUBSYSTEM:CONSOLE /TLBID:1 /DYNAMICBASE /NXCOMPAT /IMPLIB:"C:\Users\user\Desktop\TestCode-WinMotion_Base_Host\TestCode-WinMotion_Base_Host\Release\WinMotion_Base_Host.lib" /MACHINE:X86 /SAFESEH ..\release\ConfigFile.obj
         ..\release\ConvertEnum.obj
         ..\release\LogOutput.obj
         ..\release\MBC_Interface.obj
         ..\release\Motion_Base_Host.obj
         ..\release\ScriptFile.obj
         ..\release\SignalGenerator.obj
         WinMotion_Base_Host.vcxproj -> C:\Users\user\Desktop\TestCode-WinMotion_Base_Host\TestCode-WinMotion_Base_Host\Release\WinMotion_Base_Host.exe
     1>Done Building Project "C:\Users\user\Desktop\TestCode-WinMotion_Base_Host\TestCode-WinMotion_Base_Host\WinMotion_Base_Host.vcxproj" (Build target(s)).

Build succeeded.

Time Elapsed 00:00:01.64
