Build started 29/04/2015 12:12:00.
     1>Project "C:\Users\robocup\Desktop\290425015\freeglut-2.0.1\freeglut-2.0.1\freeglut.vcxproj" on node 2 (Build target(s)).
     1>ClCompile:
         C:\Program Files (x86)\Microsoft Visual Studio 12.0\VC\bin\CL.exe /c /ZI /nologo /W3 /WX- /Od /Oy- /D _DEBUG /D WIN32 /D _WINDOWS /D _USRDLL /D FREEGLUT_EXPORTS /D _VC80_UPGRADE=0x0600 /D _WINDLL /D _MBCS /Gm /EHsc /RTC1 /MTd /GS /Gy- /fp:precise /Zc:wchar_t /Zc:forScope /Fo".\Debug\\" /Fd".\Debug\vc120.pdb" /FR".\Debug\\" /Gd /TC /analyze- /errorReport:prompt src\freeglut_callbacks.c src\freeglut_cursor.c src\freeglut_display.c src\freeglut_ext.c src\freeglut_font.c src\freeglut_font_data.c src\freeglut_gamemode.c src\freeglut_geometry.c src\freeglut_init.c src\freeglut_joystick.c src\freeglut_main.c src\freeglut_menu.c src\freeglut_misc.c src\freeglut_overlay.c src\freeglut_state.c src\freeglut_stroke_mono_roman.c src\freeglut_stroke_roman.c src\freeglut_structure.c src\freeglut_teapot.c src\freeglut_videoresize.c src\freeglut_window.c
         freeglut_window.c
         fgSetupPixelFormat(): there is still some work to do here!
         freeglut_videoresize.c
         freeglut_teapot.c
         freeglut_structure.c
         freeglut_stroke_roman.c
         freeglut_stroke_mono_roman.c
         freeglut_state.c
         freeglut_overlay.c
         freeglut_misc.c
         freeglut_menu.c
         freeglut_main.c
         freeglut_joystick.c
         freeglut_init.c
     1>c:\users\robocup\desktop\290425015\freeglut-2.0.1\freeglut-2.0.1\src\freeglut_init.c(410): warning C4996: 'getenv': This function or variable may be unsafe. Consider using _dupenv_s instead. To disable deprecation, use _CRT_SECURE_NO_WARNINGS. See online help for details.
                 c:\program files (x86)\microsoft visual studio 12.0\vc\include\stdlib.h(462) : see declaration of 'getenv'
     1>c:\users\robocup\desktop\290425015\freeglut-2.0.1\freeglut-2.0.1\src\freeglut_init.c(413): warning C4996: 'sscanf': This function or variable may be unsafe. Consider using sscanf_s instead. To disable deprecation, use _CRT_SECURE_NO_WARNINGS. See online help for details.
                 c:\program files (x86)\microsoft visual studio 12.0\vc\include\stdio.h(304) : see declaration of 'sscanf'
     1>c:\users\robocup\desktop\290425015\freeglut-2.0.1\freeglut-2.0.1\src\freeglut_init.c(424): warning C4996: 'getenv': This function or variable may be unsafe. Consider using _dupenv_s instead. To disable deprecation, use _CRT_SECURE_NO_WARNINGS. See online help for details.
                 c:\program files (x86)\microsoft visual studio 12.0\vc\include\stdlib.h(462) : see declaration of 'getenv'
     1>c:\users\robocup\desktop\290425015\freeglut-2.0.1\freeglut-2.0.1\src\freeglut_init.c(428): warning C4996: 'getenv': This function or variable may be unsafe. Consider using _dupenv_s instead. To disable deprecation, use _CRT_SECURE_NO_WARNINGS. See online help for details.
                 c:\program files (x86)\microsoft visual studio 12.0\vc\include\stdlib.h(462) : see declaration of 'getenv'
     1>c:\users\robocup\desktop\290425015\freeglut-2.0.1\freeglut-2.0.1\src\freeglut_init.c(481): warning C4996: 'sscanf': This function or variable may be unsafe. Consider using sscanf_s instead. To disable deprecation, use _CRT_SECURE_NO_WARNINGS. See online help for details.
                 c:\program files (x86)\microsoft visual studio 12.0\vc\include\stdio.h(304) : see declaration of 'sscanf'
     1>c:\users\robocup\desktop\290425015\freeglut-2.0.1\freeglut-2.0.1\src\freeglut_init.c(992): warning C4996: 'strtok': This function or variable may be unsafe. Consider using strtok_s instead. To disable deprecation, use _CRT_SECURE_NO_WARNINGS. See online help for details.
                 c:\program files (x86)\microsoft visual studio 12.0\vc\include\string.h(204) : see declaration of 'strtok'
     1>c:\users\robocup\desktop\290425015\freeglut-2.0.1\freeglut-2.0.1\src\freeglut_init.c(1123): warning C4996: 'strtok': This function or variable may be unsafe. Consider using strtok_s instead. To disable deprecation, use _CRT_SECURE_NO_WARNINGS. See online help for details.
                 c:\program files (x86)\microsoft visual studio 12.0\vc\include\string.h(204) : see declaration of 'strtok'
         freeglut_geometry.c
         freeglut_gamemode.c
     1>c:\users\robocup\desktop\290425015\freeglut-2.0.1\freeglut-2.0.1\src\freeglut_gamemode.c(415): warning C4996: 'sscanf': This function or variable may be unsafe. Consider using sscanf_s instead. To disable deprecation, use _CRT_SECURE_NO_WARNINGS. See online help for details.
                 c:\program files (x86)\microsoft visual studio 12.0\vc\include\stdio.h(304) : see declaration of 'sscanf'
     1>c:\users\robocup\desktop\290425015\freeglut-2.0.1\freeglut-2.0.1\src\freeglut_gamemode.c(416): warning C4996: 'sscanf': This function or variable may be unsafe. Consider using sscanf_s instead. To disable deprecation, use _CRT_SECURE_NO_WARNINGS. See online help for details.
                 c:\program files (x86)\microsoft visual studio 12.0\vc\include\stdio.h(304) : see declaration of 'sscanf'
     1>c:\users\robocup\desktop\290425015\freeglut-2.0.1\freeglut-2.0.1\src\freeglut_gamemode.c(417): warning C4996: 'sscanf': This function or variable may be unsafe. Consider using sscanf_s instead. To disable deprecation, use _CRT_SECURE_NO_WARNINGS. See online help for details.
                 c:\program files (x86)\microsoft visual studio 12.0\vc\include\stdio.h(304) : see declaration of 'sscanf'
     1>c:\users\robocup\desktop\290425015\freeglut-2.0.1\freeglut-2.0.1\src\freeglut_gamemode.c(418): warning C4996: 'sscanf': This function or variable may be unsafe. Consider using sscanf_s instead. To disable deprecation, use _CRT_SECURE_NO_WARNINGS. See online help for details.
                 c:\program files (x86)\microsoft visual studio 12.0\vc\include\stdio.h(304) : see declaration of 'sscanf'
     1>c:\users\robocup\desktop\290425015\freeglut-2.0.1\freeglut-2.0.1\src\freeglut_gamemode.c(419): warning C4996: 'sscanf': This function or variable may be unsafe. Consider using sscanf_s instead. To disable deprecation, use _CRT_SECURE_NO_WARNINGS. See online help for details.
                 c:\program files (x86)\microsoft visual studio 12.0\vc\include\stdio.h(304) : see declaration of 'sscanf'
     1>c:\users\robocup\desktop\290425015\freeglut-2.0.1\freeglut-2.0.1\src\freeglut_gamemode.c(420): warning C4996: 'sscanf': This function or variable may be unsafe. Consider using sscanf_s instead. To disable deprecation, use _CRT_SECURE_NO_WARNINGS. See online help for details.
                 c:\program files (x86)\microsoft visual studio 12.0\vc\include\stdio.h(304) : see declaration of 'sscanf'
     1>c:\users\robocup\desktop\290425015\freeglut-2.0.1\freeglut-2.0.1\src\freeglut_gamemode.c(421): warning C4996: 'sscanf': This function or variable may be unsafe. Consider using sscanf_s instead. To disable deprecation, use _CRT_SECURE_NO_WARNINGS. See online help for details.
                 c:\program files (x86)\microsoft visual studio 12.0\vc\include\stdio.h(304) : see declaration of 'sscanf'
         freeglut_font_data.c
         freeglut_font.c
         freeglut_ext.c
         freeglut_display.c
         freeglut_cursor.c
         Generating Code...
         Compiling...
         freeglut_callbacks.c
         Generating Code...
       Link:
         C:\Program Files (x86)\Microsoft Visual Studio 12.0\VC\bin\link.exe /ERRORREPORT:PROMPT /OUT:".\Debug\freeglut.dll" /INCREMENTAL /NOLOGO odbc32.lib odbccp32.lib kernel32.lib user32.lib gdi32.lib winspool.lib comdlg32.lib advapi32.lib shell32.lib ole32.lib oleaut32.lib uuid.lib odbc32.lib odbccp32.lib /MANIFEST /MANIFESTUAC:"level='asInvoker' uiAccess='false'" /manifest:embed /DEBUG /PDB:".\Debug\freeglut.pdb" /SUBSYSTEM:CONSOLE /TLBID:1 /DYNAMICBASE /NXCOMPAT /IMPLIB:".\Debug\freeglut.lib" /MACHINE:X86 /SAFESEH /DLL .\Debug\freeglut_callbacks.obj
         .\Debug\freeglut_cursor.obj
         .\Debug\freeglut_display.obj
         .\Debug\freeglut_ext.obj
         .\Debug\freeglut_font.obj
         .\Debug\freeglut_font_data.obj
         .\Debug\freeglut_gamemode.obj
         .\Debug\freeglut_geometry.obj
         .\Debug\freeglut_init.obj
         .\Debug\freeglut_joystick.obj
         .\Debug\freeglut_main.obj
         .\Debug\freeglut_menu.obj
         .\Debug\freeglut_misc.obj
         .\Debug\freeglut_overlay.obj
         .\Debug\freeglut_state.obj
         .\Debug\freeglut_stroke_mono_roman.obj
         .\Debug\freeglut_stroke_roman.obj
         .\Debug\freeglut_structure.obj
         .\Debug\freeglut_teapot.obj
         .\Debug\freeglut_videoresize.obj
         .\Debug\freeglut_window.obj
     1>freeglut_callbacks.obj : warning LNK4075: ignoring '/EDITANDCONTINUE' due to '/SAFESEH' specification
            Creating library .\Debug\freeglut.lib and object .\Debug\freeglut.exp
         freeglut.vcxproj -> C:\Users\robocup\Desktop\290425015\freeglut-2.0.1\freeglut-2.0.1\.\Debug\freeglut.dll
       BscMake:
         C:\Program Files (x86)\Microsoft Visual Studio 12.0\VC\bin\bscmake.exe /nologo /o".\Debug\freeglut.bsc" .\Debug\freeglut_callbacks.sbr .\Debug\freeglut_cursor.sbr .\Debug\freeglut_display.sbr .\Debug\freeglut_ext.sbr .\Debug\freeglut_font.sbr .\Debug\freeglut_font_data.sbr .\Debug\freeglut_gamemode.sbr .\Debug\freeglut_geometry.sbr .\Debug\freeglut_init.sbr .\Debug\freeglut_joystick.sbr .\Debug\freeglut_main.sbr .\Debug\freeglut_menu.sbr .\Debug\freeglut_misc.sbr .\Debug\freeglut_overlay.sbr .\Debug\freeglut_state.sbr .\Debug\freeglut_stroke_mono_roman.sbr .\Debug\freeglut_stroke_roman.sbr .\Debug\freeglut_structure.sbr .\Debug\freeglut_teapot.sbr .\Debug\freeglut_videoresize.sbr .\Debug\freeglut_window.sbr
     1>Done Building Project "C:\Users\robocup\Desktop\290425015\freeglut-2.0.1\freeglut-2.0.1\freeglut.vcxproj" (Build target(s)).

Build succeeded.

Time Elapsed 00:00:26.47
