Build started 29/04/2015 12:12:00.
     1>Project "C:\Users\robocup\Desktop\290425015\freeglut-2.0.1\freeglut-2.0.1\freeglut_static.vcxproj" on node 3 (Build target(s)).
     1>ClCompile:
         C:\Program Files (x86)\Microsoft Visual Studio 12.0\VC\bin\CL.exe /c /ZI /nologo /W3 /WX- /Od /Oy- /D _DEBUG /D FREEGLUT_STATIC /D WIN32 /D _LIB /D _VC80_UPGRADE=0x0600 /D _MBCS /Gm /EHsc /RTC1 /MTd /GS /Gy- /fp:precise /Zc:wchar_t /Zc:forScope /Fo".\DebugStatic\\" /Fd".\DebugStatic\vc120.pdb" /FR".\DebugStatic\\" /Gd /TC /analyze- /errorReport:prompt src\freeglut_callbacks.c src\freeglut_cursor.c src\freeglut_display.c src\freeglut_ext.c src\freeglut_font.c src\freeglut_font_data.c src\freeglut_gamemode.c src\freeglut_geometry.c src\freeglut_init.c src\freeglut_joystick.c src\freeglut_main.c src\freeglut_menu.c src\freeglut_misc.c src\freeglut_overlay.c src\freeglut_state.c src\freeglut_stroke_mono_roman.c src\freeglut_stroke_roman.c src\freeglut_structure.c src\freeglut_teapot.c src\freeglut_videoresize.c src\freeglut_window.c
         freeglut_window.c
         fgSetupPixelFormat(): there is still some work to do here!
         freeglut_videoresize.c
         freeglut_teapot.c
         freeglut_structure.c
         freeglut_stroke_roman.c
         freeglut_stroke_mono_roman.c
         freeglut_state.c
         freeglut_overlay.c
         freeglut_misc.c
         freeglut_menu.c
         freeglut_main.c
         freeglut_joystick.c
         freeglut_init.c
     1>c:\users\robocup\desktop\290425015\freeglut-2.0.1\freeglut-2.0.1\src\freeglut_init.c(410): warning C4996: 'getenv': This function or variable may be unsafe. Consider using _dupenv_s instead. To disable deprecation, use _CRT_SECURE_NO_WARNINGS. See online help for details.
                 c:\program files (x86)\microsoft visual studio 12.0\vc\include\stdlib.h(462) : see declaration of 'getenv'
     1>c:\users\robocup\desktop\290425015\freeglut-2.0.1\freeglut-2.0.1\src\freeglut_init.c(413): warning C4996: 'sscanf': This function or variable may be unsafe. Consider using sscanf_s instead. To disable deprecation, use _CRT_SECURE_NO_WARNINGS. See online help for details.
                 c:\program files (x86)\microsoft visual studio 12.0\vc\include\stdio.h(304) : see declaration of 'sscanf'
     1>c:\users\robocup\desktop\290425015\freeglut-2.0.1\freeglut-2.0.1\src\freeglut_init.c(424): warning C4996: 'getenv': This function or variable may be unsafe. Consider using _dupenv_s instead. To disable deprecation, use _CRT_SECURE_NO_WARNINGS. See online help for details.
                 c:\program files (x86)\microsoft visual studio 12.0\vc\include\stdlib.h(462) : see declaration of 'getenv'
     1>c:\users\robocup\desktop\290425015\freeglut-2.0.1\freeglut-2.0.1\src\freeglut_init.c(428): warning C4996: 'getenv': This function or variable may be unsafe. Consider using _dupenv_s instead. To disable deprecation, use _CRT_SECURE_NO_WARNINGS. See online help for details.
                 c:\program files (x86)\microsoft visual studio 12.0\vc\include\stdlib.h(462) : see declaration of 'getenv'
     1>c:\users\robocup\desktop\290425015\freeglut-2.0.1\freeglut-2.0.1\src\freeglut_init.c(481): warning C4996: 'sscanf': This function or variable may be unsafe. Consider using sscanf_s instead. To disable deprecation, use _CRT_SECURE_NO_WARNINGS. See online help for details.
                 c:\program files (x86)\microsoft visual studio 12.0\vc\include\stdio.h(304) : see declaration of 'sscanf'
     1>c:\users\robocup\desktop\290425015\freeglut-2.0.1\freeglut-2.0.1\src\freeglut_init.c(992): warning C4996: 'strtok': This function or variable may be unsafe. Consider using strtok_s instead. To disable deprecation, use _CRT_SECURE_NO_WARNINGS. See online help for details.
                 c:\program files (x86)\microsoft visual studio 12.0\vc\include\string.h(204) : see declaration of 'strtok'
     1>c:\users\robocup\desktop\290425015\freeglut-2.0.1\freeglut-2.0.1\src\freeglut_init.c(1123): warning C4996: 'strtok': This function or variable may be unsafe. Consider using strtok_s instead. To disable deprecation, use _CRT_SECURE_NO_WARNINGS. See online help for details.
                 c:\program files (x86)\microsoft visual studio 12.0\vc\include\string.h(204) : see declaration of 'strtok'
         freeglut_geometry.c
         freeglut_gamemode.c
     1>c:\users\robocup\desktop\290425015\freeglut-2.0.1\freeglut-2.0.1\src\freeglut_gamemode.c(415): warning C4996: 'sscanf': This function or variable may be unsafe. Consider using sscanf_s instead. To disable deprecation, use _CRT_SECURE_NO_WARNINGS. See online help for details.
                 c:\program files (x86)\microsoft visual studio 12.0\vc\include\stdio.h(304) : see declaration of 'sscanf'
     1>c:\users\robocup\desktop\290425015\freeglut-2.0.1\freeglut-2.0.1\src\freeglut_gamemode.c(416): warning C4996: 'sscanf': This function or variable may be unsafe. Consider using sscanf_s instead. To disable deprecation, use _CRT_SECURE_NO_WARNINGS. See online help for details.
                 c:\program files (x86)\microsoft visual studio 12.0\vc\include\stdio.h(304) : see declaration of 'sscanf'
     1>c:\users\robocup\desktop\290425015\freeglut-2.0.1\freeglut-2.0.1\src\freeglut_gamemode.c(417): warning C4996: 'sscanf': This function or variable may be unsafe. Consider using sscanf_s instead. To disable deprecation, use _CRT_SECURE_NO_WARNINGS. See online help for details.
                 c:\program files (x86)\microsoft visual studio 12.0\vc\include\stdio.h(304) : see declaration of 'sscanf'
     1>c:\users\robocup\desktop\290425015\freeglut-2.0.1\freeglut-2.0.1\src\freeglut_gamemode.c(418): warning C4996: 'sscanf': This function or variable may be unsafe. Consider using sscanf_s instead. To disable deprecation, use _CRT_SECURE_NO_WARNINGS. See online help for details.
                 c:\program files (x86)\microsoft visual studio 12.0\vc\include\stdio.h(304) : see declaration of 'sscanf'
     1>c:\users\robocup\desktop\290425015\freeglut-2.0.1\freeglut-2.0.1\src\freeglut_gamemode.c(419): warning C4996: 'sscanf': This function or variable may be unsafe. Consider using sscanf_s instead. To disable deprecation, use _CRT_SECURE_NO_WARNINGS. See online help for details.
                 c:\program files (x86)\microsoft visual studio 12.0\vc\include\stdio.h(304) : see declaration of 'sscanf'
     1>c:\users\robocup\desktop\290425015\freeglut-2.0.1\freeglut-2.0.1\src\freeglut_gamemode.c(420): warning C4996: 'sscanf': This function or variable may be unsafe. Consider using sscanf_s instead. To disable deprecation, use _CRT_SECURE_NO_WARNINGS. See online help for details.
                 c:\program files (x86)\microsoft visual studio 12.0\vc\include\stdio.h(304) : see declaration of 'sscanf'
     1>c:\users\robocup\desktop\290425015\freeglut-2.0.1\freeglut-2.0.1\src\freeglut_gamemode.c(421): warning C4996: 'sscanf': This function or variable may be unsafe. Consider using sscanf_s instead. To disable deprecation, use _CRT_SECURE_NO_WARNINGS. See online help for details.
                 c:\program files (x86)\microsoft visual studio 12.0\vc\include\stdio.h(304) : see declaration of 'sscanf'
         freeglut_font_data.c
         freeglut_font.c
         freeglut_ext.c
         freeglut_display.c
         freeglut_cursor.c
         Generating Code...
         Compiling...
         freeglut_callbacks.c
         Generating Code...
       Lib:
         C:\Program Files (x86)\Microsoft Visual Studio 12.0\VC\bin\Lib.exe /OUT:".\DebugStatic\freeglut_static.lib" /NOLOGO .\DebugStatic\freeglut_callbacks.obj
         .\DebugStatic\freeglut_cursor.obj
         .\DebugStatic\freeglut_display.obj
         .\DebugStatic\freeglut_ext.obj
         .\DebugStatic\freeglut_font.obj
         .\DebugStatic\freeglut_font_data.obj
         .\DebugStatic\freeglut_gamemode.obj
         .\DebugStatic\freeglut_geometry.obj
         .\DebugStatic\freeglut_init.obj
         .\DebugStatic\freeglut_joystick.obj
         .\DebugStatic\freeglut_main.obj
         .\DebugStatic\freeglut_menu.obj
         .\DebugStatic\freeglut_misc.obj
         .\DebugStatic\freeglut_overlay.obj
         .\DebugStatic\freeglut_state.obj
         .\DebugStatic\freeglut_stroke_mono_roman.obj
         .\DebugStatic\freeglut_stroke_roman.obj
         .\DebugStatic\freeglut_structure.obj
         .\DebugStatic\freeglut_teapot.obj
         .\DebugStatic\freeglut_videoresize.obj
         .\DebugStatic\freeglut_window.obj
         freeglut_static.vcxproj -> C:\Users\robocup\Desktop\290425015\freeglut-2.0.1\freeglut-2.0.1\.\DebugStatic\freeglut_static.lib
       BscMake:
         C:\Program Files (x86)\Microsoft Visual Studio 12.0\VC\bin\bscmake.exe /nologo /o".\DebugStatic\freeglut_static.bsc" .\DebugStatic\freeglut_callbacks.sbr .\DebugStatic\freeglut_cursor.sbr .\DebugStatic\freeglut_display.sbr .\DebugStatic\freeglut_ext.sbr .\DebugStatic\freeglut_font.sbr .\DebugStatic\freeglut_font_data.sbr .\DebugStatic\freeglut_gamemode.sbr .\DebugStatic\freeglut_geometry.sbr .\DebugStatic\freeglut_init.sbr .\DebugStatic\freeglut_joystick.sbr .\DebugStatic\freeglut_main.sbr .\DebugStatic\freeglut_menu.sbr .\DebugStatic\freeglut_misc.sbr .\DebugStatic\freeglut_overlay.sbr .\DebugStatic\freeglut_state.sbr .\DebugStatic\freeglut_stroke_mono_roman.sbr .\DebugStatic\freeglut_stroke_roman.sbr .\DebugStatic\freeglut_structure.sbr .\DebugStatic\freeglut_teapot.sbr .\DebugStatic\freeglut_videoresize.sbr .\DebugStatic\freeglut_window.sbr
     1>Done Building Project "C:\Users\robocup\Desktop\290425015\freeglut-2.0.1\freeglut-2.0.1\freeglut_static.vcxproj" (Build target(s)).

Build succeeded.

Time Elapsed 00:00:21.01
