  dummy.cpp
  appbase.cpp
c:\users\user\documents\github\moogdots-new-vs2017compatible\moog_doots_reallocated_ver\wxmsw-2.6.3-1\wxwidgets-2.6.3\include\wx\confbase.h : warning C4819: The file contains a character that cannot be represented in the current code page (1255). Save the file in Unicode format to prevent data loss
  archive.cpp
  clntdata.cpp
  cmdline.cpp
  config.cpp
c:\users\user\documents\github\moogdots-new-vs2017compatible\moog_doots_reallocated_ver\wxmsw-2.6.3-1\wxwidgets-2.6.3\src\common\config.cpp(1): warning C4819: The file contains a character that cannot be represented in the current code page (1255). Save the file in Unicode format to prevent data loss
c:\users\user\documents\github\moogdots-new-vs2017compatible\moog_doots_reallocated_ver\wxmsw-2.6.3-1\wxwidgets-2.6.3\include\wx\confbase.h : warning C4819: The file contains a character that cannot be represented in the current code page (1255). Save the file in Unicode format to prevent data loss
  datetime.cpp
c:\users\user\documents\github\moogdots-new-vs2017compatible\moog_doots_reallocated_ver\wxmsw-2.6.3-1\wxwidgets-2.6.3\src\common\datetime.cpp(2387): warning C4456: declaration of 'fmt' hides previous local declaration
  c:\users\user\documents\github\moogdots-new-vs2017compatible\moog_doots_reallocated_ver\wxmsw-2.6.3-1\wxwidgets-2.6.3\src\common\datetime.cpp(2251): note: see declaration of 'fmt'
c:\users\user\documents\github\moogdots-new-vs2017compatible\moog_doots_reallocated_ver\wxmsw-2.6.3-1\wxwidgets-2.6.3\src\common\datetime.cpp(3715): warning C4457: declaration of 'date' hides function parameter
  c:\users\user\documents\github\moogdots-new-vs2017compatible\moog_doots_reallocated_ver\wxmsw-2.6.3-1\wxwidgets-2.6.3\src\common\datetime.cpp(3689): note: see declaration of 'date'
c:\users\user\documents\github\moogdots-new-vs2017compatible\moog_doots_reallocated_ver\wxmsw-2.6.3-1\wxwidgets-2.6.3\src\common\datetime.cpp(4350): warning C4456: declaration of 'count' hides previous local declaration
  c:\users\user\documents\github\moogdots-new-vs2017compatible\moog_doots_reallocated_ver\wxmsw-2.6.3-1\wxwidgets-2.6.3\src\common\datetime.cpp(4345): note: see declaration of 'count'
  datstrm.cpp
  dircmn.cpp
  dynarray.cpp
  dynlib.cpp
  dynload.cpp
  encconv.cpp
  event.cpp
  ffile.cpp
  file.cpp
  fileconf.cpp
c:\users\user\documents\github\moogdots-new-vs2017compatible\moog_doots_reallocated_ver\wxmsw-2.6.3-1\wxwidgets-2.6.3\src\common\fileconf.cpp(1): warning C4819: The file contains a character that cannot be represented in the current code page (1255). Save the file in Unicode format to prevent data loss
c:\users\user\documents\github\moogdots-new-vs2017compatible\moog_doots_reallocated_ver\wxmsw-2.6.3-1\wxwidgets-2.6.3\include\wx\confbase.h : warning C4819: The file contains a character that cannot be represented in the current code page (1255). Save the file in Unicode format to prevent data loss
c:\users\user\documents\github\moogdots-new-vs2017compatible\moog_doots_reallocated_ver\wxmsw-2.6.3-1\wxwidgets-2.6.3\include\wx\fileconf.h : warning C4819: The file contains a character that cannot be represented in the current code page (1255). Save the file in Unicode format to prevent data loss
c:\users\user\documents\github\moogdots-new-vs2017compatible\moog_doots_reallocated_ver\wxmsw-2.6.3-1\wxwidgets-2.6.3\src\common\fileconf.cpp(457): warning C4457: declaration of 'strLocal' hides function parameter
  c:\users\user\documents\github\moogdots-new-vs2017compatible\moog_doots_reallocated_ver\wxmsw-2.6.3-1\wxwidgets-2.6.3\src\common\fileconf.cpp(428): note: see declaration of 'strLocal'
c:\users\user\documents\github\moogdots-new-vs2017compatible\moog_doots_reallocated_ver\wxmsw-2.6.3-1\wxwidgets-2.6.3\src\common\fileconf.cpp(464): warning C4457: declaration of 'strGlobal' hides function parameter
  c:\users\user\documents\github\moogdots-new-vs2017compatible\moog_doots_reallocated_ver\wxmsw-2.6.3-1\wxwidgets-2.6.3\src\common\fileconf.cpp(428): note: see declaration of 'strGlobal'
c:\users\user\documents\github\moogdots-new-vs2017compatible\moog_doots_reallocated_ver\wxmsw-2.6.3-1\wxwidgets-2.6.3\src\common\fileconf.cpp(671): warning C4456: declaration of 'pEnd' hides previous local declaration
  c:\users\user\documents\github\moogdots-new-vs2017compatible\moog_doots_reallocated_ver\wxmsw-2.6.3-1\wxwidgets-2.6.3\src\common\fileconf.cpp(582): note: see declaration of 'pEnd'
  filefn.cpp
c:\users\user\documents\github\moogdots-new-vs2017compatible\moog_doots_reallocated_ver\wxmsw-2.6.3-1\wxwidgets-2.6.3\src\common\filefn.cpp(1977): warning C4996: 'fileno': The POSIX name for this item is deprecated. Instead, use the ISO C and C++ conformant name: _fileno. See online help for details.
  c:\program files (x86)\windows kits\10\include\10.0.10240.0\ucrt\stdio.h(2450): note: see declaration of 'fileno'
  filename.cpp
c:\users\user\documents\github\moogdots-new-vs2017compatible\moog_doots_reallocated_ver\wxmsw-2.6.3-1\wxwidgets-2.6.3\include\wx\confbase.h : warning C4819: The file contains a character that cannot be represented in the current code page (1255). Save the file in Unicode format to prevent data loss
c:\program files (x86)\windows kits\8.1\include\um\shlobj.h(1054): warning C4091: 'typedef ': ignored on left of 'tagGPFIDL_FLAGS' when no variable is declared
  filesys.cpp
  fmapbase.cpp
c:\users\user\documents\github\moogdots-new-vs2017compatible\moog_doots_reallocated_ver\wxmsw-2.6.3-1\wxwidgets-2.6.3\include\wx\confbase.h : warning C4819: The file contains a character that cannot be represented in the current code page (1255). Save the file in Unicode format to prevent data loss
c:\users\user\documents\github\moogdots-new-vs2017compatible\moog_doots_reallocated_ver\wxmsw-2.6.3-1\wxwidgets-2.6.3\include\wx\fileconf.h : warning C4819: The file contains a character that cannot be represented in the current code page (1255). Save the file in Unicode format to prevent data loss
  Generating Code...
  Compiling...
  fs_mem.cpp
  fs_zip.cpp
  hash.cpp
  hashmap.cpp
  init.cpp
  intl.cpp
c:\users\user\documents\github\moogdots-new-vs2017compatible\moog_doots_reallocated_ver\wxmsw-2.6.3-1\wxwidgets-2.6.3\src\common\intl.cpp(34): warning C4603: '__INTERNAL_DEFS': macro is not defined or definition is different after precompiled header use
  c:\users\user\documents\github\moogdots-new-vs2017compatible\moog_doots_reallocated_ver\wxmsw-2.6.3-1\wxwidgets-2.6.3\src\common\intl.cpp(34): note: Add macro to precompiled header instead of defining here
  c:\users\user\documents\github\moogdots-new-vs2017compatible\moog_doots_reallocated_ver\wxmsw-2.6.3-1\wxwidgets-2.6.3\src\common\intl.cpp(38): note: use of precompiled header
  ipcbase.cpp
  list.cpp
  log.cpp
c:\users\user\documents\github\moogdots-new-vs2017compatible\moog_doots_reallocated_ver\wxmsw-2.6.3-1\wxwidgets-2.6.3\src\common\log.cpp(780): warning C4459: declaration of 's_szBuf' hides global declaration
  c:\users\user\documents\github\moogdots-new-vs2017compatible\moog_doots_reallocated_ver\wxmsw-2.6.3-1\wxwidgets-2.6.3\src\common\log.cpp(93): note: see declaration of 's_szBuf'
  longlong.cpp
  memory.cpp
  mimecmn.cpp
c:\users\user\documents\github\moogdots-new-vs2017compatible\moog_doots_reallocated_ver\wxmsw-2.6.3-1\wxwidgets-2.6.3\include\wx\confbase.h : warning C4819: The file contains a character that cannot be represented in the current code page (1255). Save the file in Unicode format to prevent data loss
  module.cpp
  msgout.cpp
  mstream.cpp
  object.cpp
  process.cpp
  regex.cpp
c:\users\user\documents\github\moogdots-new-vs2017compatible\moog_doots_reallocated_ver\wxmsw-2.6.3-1\wxwidgets-2.6.3\src\common\regex.cpp(1): warning C4819: The file contains a character that cannot be represented in the current code page (1255). Save the file in Unicode format to prevent data loss
c:\users\user\documents\github\moogdots-new-vs2017compatible\moog_doots_reallocated_ver\wxmsw-2.6.3-1\wxwidgets-2.6.3\include\wx\regex.h : warning C4819: The file contains a character that cannot be represented in the current code page (1255). Save the file in Unicode format to prevent data loss
  sstream.cpp
  stdpbase.cpp
  Generating Code...
  Compiling...
  stopwatch.cpp
  strconv.cpp
c:\users\user\documents\github\moogdots-new-vs2017compatible\moog_doots_reallocated_ver\wxmsw-2.6.3-1\wxwidgets-2.6.3\src\common\strconv.cpp(726): warning C4457: declaration of 'n' hides function parameter
  c:\users\user\documents\github\moogdots-new-vs2017compatible\moog_doots_reallocated_ver\wxmsw-2.6.3-1\wxwidgets-2.6.3\src\common\strconv.cpp(611): note: see declaration of 'n'
  stream.cpp
  string.cpp
c:\users\user\documents\github\moogdots-new-vs2017compatible\moog_doots_reallocated_ver\wxmsw-2.6.3-1\wxwidgets-2.6.3\src\common\string.cpp(364): warning C4456: declaration of 'pData' hides previous local declaration
  c:\users\user\documents\github\moogdots-new-vs2017compatible\moog_doots_reallocated_ver\wxmsw-2.6.3-1\wxwidgets-2.6.3\src\common\string.cpp(359): note: see declaration of 'pData'
  sysopt.cpp
  textbuf.cpp
  textfile.cpp
  tokenzr.cpp
  txtstrm.cpp
  uri.cpp
  utilscmn.cpp
c:\users\user\documents\github\moogdots-new-vs2017compatible\moog_doots_reallocated_ver\wxmsw-2.6.3-1\wxwidgets-2.6.3\include\wx\confbase.h : warning C4819: The file contains a character that cannot be represented in the current code page (1255). Save the file in Unicode format to prevent data loss
  variant.cpp
  wfstream.cpp
  wxchar.cpp
  xti.cpp
  xtistrm.cpp
  zipstrm.cpp
  zstream.cpp
  basemsw.cpp
  crashrpt.cpp
c:\program files (x86)\windows kits\8.1\include\um\imagehlp.h(1873): warning C4091: 'typedef ': ignored on left of '' when no variable is declared
c:\program files (x86)\windows kits\8.1\include\um\imagehlp.h(3519): warning C4091: 'typedef ': ignored on left of '' when no variable is declared
  Generating Code...
  Compiling...
  dde.cpp
  debughlp.cpp
c:\program files (x86)\windows kits\8.1\include\um\imagehlp.h(1873): warning C4091: 'typedef ': ignored on left of '' when no variable is declared
c:\program files (x86)\windows kits\8.1\include\um\imagehlp.h(3519): warning C4091: 'typedef ': ignored on left of '' when no variable is declared
  dir.cpp
  dlmsw.cpp
c:\program files (x86)\windows kits\8.1\include\um\imagehlp.h(1873): warning C4091: 'typedef ': ignored on left of '' when no variable is declared
c:\program files (x86)\windows kits\8.1\include\um\imagehlp.h(3519): warning C4091: 'typedef ': ignored on left of '' when no variable is declared
  main.cpp
c:\users\user\documents\github\moogdots-new-vs2017compatible\moog_doots_reallocated_ver\wxmsw-2.6.3-1\wxwidgets-2.6.3\src\msw\main.cpp(212): warning C4535: calling _set_se_translator() requires /EHa
  mimetype.cpp
c:\users\user\documents\github\moogdots-new-vs2017compatible\moog_doots_reallocated_ver\wxmsw-2.6.3-1\wxwidgets-2.6.3\include\wx\confbase.h : warning C4819: The file contains a character that cannot be represented in the current code page (1255). Save the file in Unicode format to prevent data loss
c:\users\user\documents\github\moogdots-new-vs2017compatible\moog_doots_reallocated_ver\wxmsw-2.6.3-1\wxwidgets-2.6.3\src\msw\mimetype.cpp(602): warning C4456: declaration of 'key' hides previous local declaration
  c:\users\user\documents\github\moogdots-new-vs2017compatible\moog_doots_reallocated_ver\wxmsw-2.6.3-1\wxwidgets-2.6.3\src\msw\mimetype.cpp(533): note: see declaration of 'key'
c:\users\user\documents\github\moogdots-new-vs2017compatible\moog_doots_reallocated_ver\wxmsw-2.6.3-1\wxwidgets-2.6.3\src\msw\mimetype.cpp(607): warning C4456: declaration of 'mimetype' hides previous local declaration
  c:\users\user\documents\github\moogdots-new-vs2017compatible\moog_doots_reallocated_ver\wxmsw-2.6.3-1\wxwidgets-2.6.3\src\msw\mimetype.cpp(570): note: see declaration of 'mimetype'
  mslu.cpp
  regconf.cpp
c:\users\user\documents\github\moogdots-new-vs2017compatible\moog_doots_reallocated_ver\wxmsw-2.6.3-1\wxwidgets-2.6.3\include\wx\confbase.h : warning C4819: The file contains a character that cannot be represented in the current code page (1255). Save the file in Unicode format to prevent data loss
  registry.cpp
  snglinst.cpp
  stackwalk.cpp
c:\program files (x86)\windows kits\8.1\include\um\imagehlp.h(1873): warning C4091: 'typedef ': ignored on left of '' when no variable is declared
c:\program files (x86)\windows kits\8.1\include\um\imagehlp.h(3519): warning C4091: 'typedef ': ignored on left of '' when no variable is declared
  stdpaths.cpp
c:\program files (x86)\windows kits\8.1\include\um\shlobj.h(1054): warning C4091: 'typedef ': ignored on left of 'tagGPFIDL_FLAGS' when no variable is declared
  thread.cpp
  utils.cpp
c:\users\user\documents\github\moogdots-new-vs2017compatible\moog_doots_reallocated_ver\wxmsw-2.6.3-1\wxwidgets-2.6.3\include\wx\confbase.h : warning C4819: The file contains a character that cannot be represented in the current code page (1255). Save the file in Unicode format to prevent data loss
c:\users\user\documents\github\moogdots-new-vs2017compatible\moog_doots_reallocated_ver\wxmsw-2.6.3-1\wxwidgets-2.6.3\src\msw\utils.cpp(1068): warning C4996: 'GetVersionExA': was declared deprecated
  c:\program files (x86)\windows kits\8.1\include\um\sysinfoapi.h(433): note: see declaration of 'GetVersionExA'
c:\users\user\documents\github\moogdots-new-vs2017compatible\moog_doots_reallocated_ver\wxmsw-2.6.3-1\wxwidgets-2.6.3\src\msw\utils.cpp(1175): warning C4996: 'GetVersionExA': was declared deprecated
  c:\program files (x86)\windows kits\8.1\include\um\sysinfoapi.h(433): note: see declaration of 'GetVersionExA'
  utilsexc.cpp
c:\users\user\documents\github\moogdots-new-vs2017compatible\moog_doots_reallocated_ver\wxmsw-2.6.3-1\wxwidgets-2.6.3\src\msw\utilsexc.cpp(862): warning C4456: declaration of 'ok' hides previous local declaration
  c:\users\user\documents\github\moogdots-new-vs2017compatible\moog_doots_reallocated_ver\wxmsw-2.6.3-1\wxwidgets-2.6.3\src\msw\utilsexc.cpp(722): note: see declaration of 'ok'
  volume.cpp
c:\program files (x86)\windows kits\8.1\include\um\shlobj.h(1054): warning C4091: 'typedef ': ignored on left of 'tagGPFIDL_FLAGS' when no variable is declared
  Generating Code...
  extended.c
C:\Program Files (x86)\Microsoft Visual Studio\2017\Community\Common7\IDE\VC\VCTargets\Microsoft.CppBuild.targets(1375,5): warning MSB8012: TargetPath(C:\Users\user\Documents\GitHub\MoogDots-new-VS2017Compatible\MOOG_DOOTS_REALLOCATED_VER\wxMSW-2.6.3-1\wxWidgets-2.6.3\build\msw\.\..\..\lib\vc_lib\base.lib) does not match the Library's OutputFile property value (C:\Users\user\Documents\GitHub\MoogDots-new-VS2017Compatible\MOOG_DOOTS_REALLOCATED_VER\wxMSW-2.6.3-1\wxWidgets-2.6.3\lib\vc_lib\wxbase26.lib). This may cause your project to build incorrectly. To correct this, please make sure that $(OutDir), $(TargetName) and $(TargetExt) property values match the value specified in %(Lib.OutputFile).
C:\Program Files (x86)\Microsoft Visual Studio\2017\Community\Common7\IDE\VC\VCTargets\Microsoft.CppBuild.targets(1377,5): warning MSB8012: TargetName(base) does not match the Library's OutputFile property value (wxbase26). This may cause your project to build incorrectly. To correct this, please make sure that $(OutDir), $(TargetName) and $(TargetExt) property values match the value specified in %(Lib.OutputFile).
  wx_base.vcxproj -> C:\Users\user\Documents\GitHub\MoogDots-new-VS2017Compatible\MOOG_DOOTS_REALLOCATED_VER\wxMSW-2.6.3-1\wxWidgets-2.6.3\build\msw\.\..\..\lib\vc_lib\base.lib
