  tif_aux.c
  tif_close.c
  tif_codec.c
  tif_color.c
  tif_compress.c
  tif_dir.c
  tif_dirinfo.c
  tif_dirread.c
  tif_dirwrite.c
  tif_dumpmode.c
  tif_error.c
  tif_extension.c
  tif_fax3.c
  tif_fax3sm.c
  tif_flush.c
  tif_getimage.c
  tif_jpeg.c
  tif_luv.c
  tif_lzw.c
  tif_next.c
  Generating Code...
  Compiling...
  tif_open.c
  tif_packbits.c
  tif_pixarlog.c
  tif_predict.c
  tif_print.c
  tif_read.c
  tif_strip.c
  tif_swab.c
  tif_thunder.c
  tif_tile.c
  tif_version.c
  tif_warning.c
  tif_win32.c
  tif_write.c
  tif_zip.c
  Generating Code...
  wx_wxtiff.vcxproj -> C:\Users\user\Documents\GitHub\MoogDots-new-VS2017Compatible\MOOG_DOOTS_REALLOCATED_VER\wxMSW-2.6.3-1\wxWidgets-2.6.3\build\msw\.\..\..\lib\vc_lib\wxtiff.lib
