Build started 22/09/2016 21:05:25.
     1>Project "C:\Users\user\Desktop\RelaeseMoogDots\version2.0.0.4.3\MOOG_DOOTS_REALLOCATED_VER\wxMSW-2.6.3-1\wxWidgets-2.6.3\src\regex\regex.vcxproj" on node 5 (Build target(s)).
     1>CustomBuild:
         Creating ..\..\lib\msw\wx\setup.h from C:\Users\user\Desktop\RelaeseMoogDots\version2.0.0.4.3\MOOG_DOOTS_REALLOCATED_VER\wxMSW-2.6.3-1\wxWidgets-2.6.3\include\wx\msw\setup.h
                 1 file(s) copied.
       ClCompile:
         C:\Program Files (x86)\Microsoft Visual Studio 12.0\VC\bin\CL.exe /c /I. /I../../lib/msw /I../../include /Zi /nologo /W4 /WX- /O1 /Oy- /D WIN32 /D _WINDOWS /D __WINDOWS__ /D __WXMSW__ /D __WIN95__ /D __WIN32__ /D WINVER=0x0400 /D STRICT /D _VC80_UPGRADE=0x0600 /GF /Gm- /EHsc /MD /GS /Gy /fp:precise /Zc:wchar_t /Zc:forScope /Fo".\Release\\" /Fd".\Release\vc120.pdb" /Gd /TC /analyze- /errorReport:prompt regcomp.c regerror.c regexec.c regfree.c
         regcomp.c
     1>regcomp.c(285): warning C4131: 'wx_re_comp' : uses old-style declarator
     1>regcomp.c(446): warning C4131: 'moresubs' : uses old-style declarator
     1>regcomp.c(480): warning C4131: 'freev' : uses old-style declarator
     1>regcomp.c(513): warning C4131: 'makesearch' : uses old-style declarator
     1>regcomp.c(591): warning C4131: 'parse' : uses old-style declarator
     1>regcomp.c(666): warning C4131: 'parsebranch' : uses old-style declarator
     1>regcomp.c(713): warning C4131: 'parseqatom' : uses old-style declarator
     1>regcomp.c(901): warning C4018: '<' : signed/unsigned mismatch
     1>regcomp.c(1111): warning C4131: 'nonword' : uses old-style declarator
     1>regcomp.c(1131): warning C4131: 'word' : uses old-style declarator
     1>regcomp.c(1147): warning C4131: 'scannum' : uses old-style declarator
     1>regcomp.c(1174): warning C4131: 'repeat' : uses old-style declarator
     1>regcomp.c(1261): warning C4131: 'bracket' : uses old-style declarator
     1>regcomp.c(1282): warning C4131: 'cbracket' : uses old-style declarator
     1>regcomp.c(1366): warning C4131: 'brackpart' : uses old-style declarator
     1>regcomp.c(1476): warning C4131: 'scanplain' : uses old-style declarator
     1>regcomp.c(1503): warning C4131: 'leaders' : uses old-style declarator
     1>regcomp.c(1546): warning C4131: 'onechr' : uses old-style declarator
     1>regcomp.c(1568): warning C4131: 'dovec' : uses old-style declarator
     1>regcomp.c(1688): warning C4131: 'nextleader' : uses old-style declarator
     1>regcomp.c(1720): warning C4131: 'wordchrs' : uses old-style declarator
     1>regcomp.c(1751): warning C4131: 'subre' : uses old-style declarator
     1>regcomp.c(1794): warning C4131: 'freesubre' : uses old-style declarator
     1>regcomp.c(1814): warning C4131: 'freesrnode' : uses old-style declarator
     1>regcomp.c(1837): warning C4131: 'optst' : uses old-style declarator
     1>regcomp.c(1856): warning C4131: 'numst' : uses old-style declarator
     1>regcomp.c(1878): warning C4131: 'markst' : uses old-style declarator
     1>regcomp.c(1895): warning C4131: 'cleanst' : uses old-style declarator
     1>regcomp.c(1915): warning C4131: 'nfatree' : uses old-style declarator
     1>regcomp.c(1935): warning C4131: 'nfanode' : uses old-style declarator
     1>regcomp.c(1968): warning C4131: 'newlacon' : uses old-style declarator
     1>regcomp.c(2003): warning C4131: 'freelacons' : uses old-style declarator
     1>regcomp.c(2022): warning C4131: 'rfree' : uses old-style declarator
     1>regcomp.c(2050): warning C4131: 'dump' : uses old-style declarator
     1>regcomp.c(2086): warning C4100: 'f' : unreferenced formal parameter
     1>regcomp.c(2086): warning C4100: 're' : unreferenced formal parameter
     1>regcomp.c(2094): warning C4131: 'dumpst' : uses old-style declarator
     1>regcomp.c(2111): warning C4131: 'stdump' : uses old-style declarator
     1>regcomp.c(2161): warning C4131: 'stid' : uses old-style declarator
     1>regcomp.c(2169): warning C4996: 'sprintf': This function or variable may be unsafe. Consider using sprintf_s instead. To disable deprecation, use _CRT_SECURE_NO_WARNINGS. See online help for details.
                 C:\Program Files (x86)\Microsoft Visual Studio 12.0\VC\include\stdio.h(356) : see declaration of 'sprintf'
     1>regcomp.c(2171): warning C4996: 'sprintf': This function or variable may be unsafe. Consider using sprintf_s instead. To disable deprecation, use _CRT_SECURE_NO_WARNINGS. See online help for details.
                 C:\Program Files (x86)\Microsoft Visual Studio 12.0\VC\include\stdio.h(356) : see declaration of 'sprintf'
     1>c:\users\user\desktop\relaesemoogdots\version2.0.0.4.3\moog_doots_reallocated_ver\wxmsw-2.6.3-1\wxwidgets-2.6.3\src\regex\regc_lex.c(70): warning C4131: 'lexstart' : uses old-style declarator
     1>c:\users\user\desktop\relaesemoogdots\version2.0.0.4.3\moog_doots_reallocated_ver\wxmsw-2.6.3-1\wxwidgets-2.6.3\src\regex\regc_lex.c(96): warning C4131: 'prefixes' : uses old-style declarator
     1>c:\users\user\desktop\relaesemoogdots\version2.0.0.4.3\moog_doots_reallocated_ver\wxmsw-2.6.3-1\wxwidgets-2.6.3\src\regex\regc_lex.c(197): warning C4131: 'lexnest' : uses old-style declarator
     1>c:\users\user\desktop\relaesemoogdots\version2.0.0.4.3\moog_doots_reallocated_ver\wxmsw-2.6.3-1\wxwidgets-2.6.3\src\regex\regc_lex.c(264): warning C4131: 'lexword' : uses old-style declarator
     1>c:\users\user\desktop\relaesemoogdots\version2.0.0.4.3\moog_doots_reallocated_ver\wxmsw-2.6.3-1\wxwidgets-2.6.3\src\regex\regc_lex.c(275): warning C4131: 'next' : uses old-style declarator
     1>c:\users\user\desktop\relaesemoogdots\version2.0.0.4.3\moog_doots_reallocated_ver\wxmsw-2.6.3-1\wxwidgets-2.6.3\src\regex\regc_lex.c(660): warning C4131: 'lexescape' : uses old-style declarator
     1>c:\users\user\desktop\relaesemoogdots\version2.0.0.4.3\moog_doots_reallocated_ver\wxmsw-2.6.3-1\wxwidgets-2.6.3\src\regex\regc_lex.c(815): warning C4131: 'lexdigits' : uses old-style declarator
     1>c:\users\user\desktop\relaesemoogdots\version2.0.0.4.3\moog_doots_reallocated_ver\wxmsw-2.6.3-1\wxwidgets-2.6.3\src\regex\regc_lex.c(869): warning C4131: 'brenext' : uses old-style declarator
     1>c:\users\user\desktop\relaesemoogdots\version2.0.0.4.3\moog_doots_reallocated_ver\wxmsw-2.6.3-1\wxwidgets-2.6.3\src\regex\regc_lex.c(980): warning C4131: 'skip' : uses old-style declarator
     1>c:\users\user\desktop\relaesemoogdots\version2.0.0.4.3\moog_doots_reallocated_ver\wxmsw-2.6.3-1\wxwidgets-2.6.3\src\regex\regc_lex.c(1038): warning C4131: 'chrnamed' : uses old-style declarator
     1>c:\users\user\desktop\relaesemoogdots\version2.0.0.4.3\moog_doots_reallocated_ver\wxmsw-2.6.3-1\wxwidgets-2.6.3\src\regex\regc_color.c(50): warning C4131: 'initcm' : uses old-style declarator
     1>c:\users\user\desktop\relaesemoogdots\version2.0.0.4.3\moog_doots_reallocated_ver\wxmsw-2.6.3-1\wxwidgets-2.6.3\src\regex\regc_color.c(92): warning C4131: 'freecm' : uses old-style declarator
     1>c:\users\user\desktop\relaesemoogdots\version2.0.0.4.3\moog_doots_reallocated_ver\wxmsw-2.6.3-1\wxwidgets-2.6.3\src\regex\regc_color.c(116): warning C4131: 'cmtreefree' : uses old-style declarator
     1>c:\users\user\desktop\relaesemoogdots\version2.0.0.4.3\moog_doots_reallocated_ver\wxmsw-2.6.3-1\wxwidgets-2.6.3\src\regex\regc_color.c(148): warning C4131: 'setcolor' : uses old-style declarator
     1>c:\users\user\desktop\relaesemoogdots\version2.0.0.4.3\moog_doots_reallocated_ver\wxmsw-2.6.3-1\wxwidgets-2.6.3\src\regex\regc_color.c(208): warning C4131: 'maxcolor' : uses old-style declarator
     1>c:\users\user\desktop\relaesemoogdots\version2.0.0.4.3\moog_doots_reallocated_ver\wxmsw-2.6.3-1\wxwidgets-2.6.3\src\regex\regc_color.c(223): warning C4131: 'newcolor' : uses old-style declarator
     1>c:\users\user\desktop\relaesemoogdots\version2.0.0.4.3\moog_doots_reallocated_ver\wxmsw-2.6.3-1\wxwidgets-2.6.3\src\regex\regc_color.c(280): warning C4131: 'freecolor' : uses old-style declarator
     1>c:\users\user\desktop\relaesemoogdots\version2.0.0.4.3\moog_doots_reallocated_ver\wxmsw-2.6.3-1\wxwidgets-2.6.3\src\regex\regc_color.c(306): warning C4018: '<' : signed/unsigned mismatch
     1>c:\users\user\desktop\relaesemoogdots\version2.0.0.4.3\moog_doots_reallocated_ver\wxmsw-2.6.3-1\wxwidgets-2.6.3\src\regex\regc_color.c(315): warning C4018: '<' : signed/unsigned mismatch
     1>c:\users\user\desktop\relaesemoogdots\version2.0.0.4.3\moog_doots_reallocated_ver\wxmsw-2.6.3-1\wxwidgets-2.6.3\src\regex\regc_color.c(332): warning C4131: 'pseudocolor' : uses old-style declarator
     1>c:\users\user\desktop\relaesemoogdots\version2.0.0.4.3\moog_doots_reallocated_ver\wxmsw-2.6.3-1\wxwidgets-2.6.3\src\regex\regc_color.c(350): warning C4131: 'subcolor' : uses old-style declarator
     1>c:\users\user\desktop\relaesemoogdots\version2.0.0.4.3\moog_doots_reallocated_ver\wxmsw-2.6.3-1\wxwidgets-2.6.3\src\regex\regc_color.c(376): warning C4131: 'newsub' : uses old-style declarator
     1>c:\users\user\desktop\relaesemoogdots\version2.0.0.4.3\moog_doots_reallocated_ver\wxmsw-2.6.3-1\wxwidgets-2.6.3\src\regex\regc_color.c(405): warning C4131: 'subrange' : uses old-style declarator
     1>c:\users\user\desktop\relaesemoogdots\version2.0.0.4.3\moog_doots_reallocated_ver\wxmsw-2.6.3-1\wxwidgets-2.6.3\src\regex\regc_color.c(439): warning C4131: 'subblock' : uses old-style declarator
     1>c:\users\user\desktop\relaesemoogdots\version2.0.0.4.3\moog_doots_reallocated_ver\wxmsw-2.6.3-1\wxwidgets-2.6.3\src\regex\regc_color.c(530): warning C4131: 'okcolors' : uses old-style declarator
     1>c:\users\user\desktop\relaesemoogdots\version2.0.0.4.3\moog_doots_reallocated_ver\wxmsw-2.6.3-1\wxwidgets-2.6.3\src\regex\regc_color.c(584): warning C4131: 'colorchain' : uses old-style declarator
     1>c:\users\user\desktop\relaesemoogdots\version2.0.0.4.3\moog_doots_reallocated_ver\wxmsw-2.6.3-1\wxwidgets-2.6.3\src\regex\regc_color.c(599): warning C4131: 'uncolorchain' : uses old-style declarator
     1>c:\users\user\desktop\relaesemoogdots\version2.0.0.4.3\moog_doots_reallocated_ver\wxmsw-2.6.3-1\wxwidgets-2.6.3\src\regex\regc_color.c(623): warning C4131: 'singleton' : uses old-style declarator
     1>c:\users\user\desktop\relaesemoogdots\version2.0.0.4.3\moog_doots_reallocated_ver\wxmsw-2.6.3-1\wxwidgets-2.6.3\src\regex\regc_color.c(641): warning C4131: 'rainbow' : uses old-style declarator
     1>c:\users\user\desktop\relaesemoogdots\version2.0.0.4.3\moog_doots_reallocated_ver\wxmsw-2.6.3-1\wxwidgets-2.6.3\src\regex\regc_color.c(666): warning C4131: 'colorcomplement' : uses old-style declarator
     1>c:\users\user\desktop\relaesemoogdots\version2.0.0.4.3\moog_doots_reallocated_ver\wxmsw-2.6.3-1\wxwidgets-2.6.3\src\regex\regc_nfa.c(48): warning C4131: 'newnfa' : uses old-style declarator
     1>c:\users\user\desktop\relaesemoogdots\version2.0.0.4.3\moog_doots_reallocated_ver\wxmsw-2.6.3-1\wxwidgets-2.6.3\src\regex\regc_nfa.c(96): warning C4131: 'freenfa' : uses old-style declarator
     1>c:\users\user\desktop\relaesemoogdots\version2.0.0.4.3\moog_doots_reallocated_ver\wxmsw-2.6.3-1\wxwidgets-2.6.3\src\regex\regc_nfa.c(122): warning C4131: 'newstate' : uses old-style declarator
     1>c:\users\user\desktop\relaesemoogdots\version2.0.0.4.3\moog_doots_reallocated_ver\wxmsw-2.6.3-1\wxwidgets-2.6.3\src\regex\regc_nfa.c(166): warning C4131: 'newfstate' : uses old-style declarator
     1>c:\users\user\desktop\relaesemoogdots\version2.0.0.4.3\moog_doots_reallocated_ver\wxmsw-2.6.3-1\wxwidgets-2.6.3\src\regex\regc_nfa.c(183): warning C4131: 'dropstate' : uses old-style declarator
     1>c:\users\user\desktop\relaesemoogdots\version2.0.0.4.3\moog_doots_reallocated_ver\wxmsw-2.6.3-1\wxwidgets-2.6.3\src\regex\regc_nfa.c(201): warning C4131: 'freestate' : uses old-style declarator
     1>c:\users\user\desktop\relaesemoogdots\version2.0.0.4.3\moog_doots_reallocated_ver\wxmsw-2.6.3-1\wxwidgets-2.6.3\src\regex\regc_nfa.c(232): warning C4131: 'destroystate' : uses old-style declarator
     1>c:\users\user\desktop\relaesemoogdots\version2.0.0.4.3\moog_doots_reallocated_ver\wxmsw-2.6.3-1\wxwidgets-2.6.3\src\regex\regc_nfa.c(247): warning C4100: 'nfa' : unreferenced formal parameter
     1>c:\users\user\desktop\relaesemoogdots\version2.0.0.4.3\moog_doots_reallocated_ver\wxmsw-2.6.3-1\wxwidgets-2.6.3\src\regex\regc_nfa.c(256): warning C4131: 'newarc' : uses old-style declarator
     1>c:\users\user\desktop\relaesemoogdots\version2.0.0.4.3\moog_doots_reallocated_ver\wxmsw-2.6.3-1\wxwidgets-2.6.3\src\regex\regc_nfa.c(307): warning C4131: 'allocarc' : uses old-style declarator
     1>c:\users\user\desktop\relaesemoogdots\version2.0.0.4.3\moog_doots_reallocated_ver\wxmsw-2.6.3-1\wxwidgets-2.6.3\src\regex\regc_nfa.c(351): warning C4131: 'freearc' : uses old-style declarator
     1>c:\users\user\desktop\relaesemoogdots\version2.0.0.4.3\moog_doots_reallocated_ver\wxmsw-2.6.3-1\wxwidgets-2.6.3\src\regex\regc_nfa.c(409): warning C4131: 'findarc' : uses old-style declarator
     1>c:\users\user\desktop\relaesemoogdots\version2.0.0.4.3\moog_doots_reallocated_ver\wxmsw-2.6.3-1\wxwidgets-2.6.3\src\regex\regc_nfa.c(428): warning C4131: 'cparc' : uses old-style declarator
     1>c:\users\user\desktop\relaesemoogdots\version2.0.0.4.3\moog_doots_reallocated_ver\wxmsw-2.6.3-1\wxwidgets-2.6.3\src\regex\regc_nfa.c(446): warning C4131: 'moveins' : uses old-style declarator
     1>c:\users\user\desktop\relaesemoogdots\version2.0.0.4.3\moog_doots_reallocated_ver\wxmsw-2.6.3-1\wxwidgets-2.6.3\src\regex\regc_nfa.c(468): warning C4131: 'copyins' : uses old-style declarator
     1>c:\users\user\desktop\relaesemoogdots\version2.0.0.4.3\moog_doots_reallocated_ver\wxmsw-2.6.3-1\wxwidgets-2.6.3\src\regex\regc_nfa.c(486): warning C4131: 'moveouts' : uses old-style declarator
     1>c:\users\user\desktop\relaesemoogdots\version2.0.0.4.3\moog_doots_reallocated_ver\wxmsw-2.6.3-1\wxwidgets-2.6.3\src\regex\regc_nfa.c(506): warning C4131: 'copyouts' : uses old-style declarator
     1>c:\users\user\desktop\relaesemoogdots\version2.0.0.4.3\moog_doots_reallocated_ver\wxmsw-2.6.3-1\wxwidgets-2.6.3\src\regex\regc_nfa.c(525): warning C4131: 'cloneouts' : uses old-style declarator
     1>c:\users\user\desktop\relaesemoogdots\version2.0.0.4.3\moog_doots_reallocated_ver\wxmsw-2.6.3-1\wxwidgets-2.6.3\src\regex\regc_nfa.c(547): warning C4131: 'delsub' : uses old-style declarator
     1>c:\users\user\desktop\relaesemoogdots\version2.0.0.4.3\moog_doots_reallocated_ver\wxmsw-2.6.3-1\wxwidgets-2.6.3\src\regex\regc_nfa.c(570): warning C4131: 'deltraverse' : uses old-style declarator
     1>c:\users\user\desktop\relaesemoogdots\version2.0.0.4.3\moog_doots_reallocated_ver\wxmsw-2.6.3-1\wxwidgets-2.6.3\src\regex\regc_nfa.c(612): warning C4131: 'dupnfa' : uses old-style declarator
     1>c:\users\user\desktop\relaesemoogdots\version2.0.0.4.3\moog_doots_reallocated_ver\wxmsw-2.6.3-1\wxwidgets-2.6.3\src\regex\regc_nfa.c(637): warning C4131: 'duptraverse' : uses old-style declarator
     1>c:\users\user\desktop\relaesemoogdots\version2.0.0.4.3\moog_doots_reallocated_ver\wxmsw-2.6.3-1\wxwidgets-2.6.3\src\regex\regc_nfa.c(665): warning C4131: 'cleartraverse' : uses old-style declarator
     1>c:\users\user\desktop\relaesemoogdots\version2.0.0.4.3\moog_doots_reallocated_ver\wxmsw-2.6.3-1\wxwidgets-2.6.3\src\regex\regc_nfa.c(684): warning C4131: 'specialcolors' : uses old-style declarator
     1>c:\users\user\desktop\relaesemoogdots\version2.0.0.4.3\moog_doots_reallocated_ver\wxmsw-2.6.3-1\wxwidgets-2.6.3\src\regex\regc_nfa.c(710): warning C4131: 'optimize' : uses old-style declarator
     1>c:\users\user\desktop\relaesemoogdots\version2.0.0.4.3\moog_doots_reallocated_ver\wxmsw-2.6.3-1\wxwidgets-2.6.3\src\regex\regc_nfa.c(739): warning C4131: 'pullback' : uses old-style declarator
     1>c:\users\user\desktop\relaesemoogdots\version2.0.0.4.3\moog_doots_reallocated_ver\wxmsw-2.6.3-1\wxwidgets-2.6.3\src\regex\regc_nfa.c(786): warning C4131: 'pull' : uses old-style declarator
     1>c:\users\user\desktop\relaesemoogdots\version2.0.0.4.3\moog_doots_reallocated_ver\wxmsw-2.6.3-1\wxwidgets-2.6.3\src\regex\regc_nfa.c(857): warning C4131: 'pushfwd' : uses old-style declarator
     1>c:\users\user\desktop\relaesemoogdots\version2.0.0.4.3\moog_doots_reallocated_ver\wxmsw-2.6.3-1\wxwidgets-2.6.3\src\regex\regc_nfa.c(904): warning C4131: 'push' : uses old-style declarator
     1>c:\users\user\desktop\relaesemoogdots\version2.0.0.4.3\moog_doots_reallocated_ver\wxmsw-2.6.3-1\wxwidgets-2.6.3\src\regex\regc_nfa.c(984): warning C4131: 'combine' : uses old-style declarator
     1>c:\users\user\desktop\relaesemoogdots\version2.0.0.4.3\moog_doots_reallocated_ver\wxmsw-2.6.3-1\wxwidgets-2.6.3\src\regex\regc_nfa.c(1039): warning C4131: 'fixempties' : uses old-style declarator
     1>c:\users\user\desktop\relaesemoogdots\version2.0.0.4.3\moog_doots_reallocated_ver\wxmsw-2.6.3-1\wxwidgets-2.6.3\src\regex\regc_nfa.c(1073): warning C4131: 'unempty' : uses old-style declarator
     1>c:\users\user\desktop\relaesemoogdots\version2.0.0.4.3\moog_doots_reallocated_ver\wxmsw-2.6.3-1\wxwidgets-2.6.3\src\regex\regc_nfa.c(1124): warning C4131: 'cleanup' : uses old-style declarator
     1>c:\users\user\desktop\relaesemoogdots\version2.0.0.4.3\moog_doots_reallocated_ver\wxmsw-2.6.3-1\wxwidgets-2.6.3\src\regex\regc_nfa.c(1158): warning C4131: 'markreachable' : uses old-style declarator
     1>c:\users\user\desktop\relaesemoogdots\version2.0.0.4.3\moog_doots_reallocated_ver\wxmsw-2.6.3-1\wxwidgets-2.6.3\src\regex\regc_nfa.c(1180): warning C4131: 'markcanreach' : uses old-style declarator
     1>c:\users\user\desktop\relaesemoogdots\version2.0.0.4.3\moog_doots_reallocated_ver\wxmsw-2.6.3-1\wxwidgets-2.6.3\src\regex\regc_nfa.c(1201): warning C4131: 'analyze' : uses old-style declarator
     1>c:\users\user\desktop\relaesemoogdots\version2.0.0.4.3\moog_doots_reallocated_ver\wxmsw-2.6.3-1\wxwidgets-2.6.3\src\regex\regc_nfa.c(1221): warning C4131: 'compact' : uses old-style declarator
     1>c:\users\user\desktop\relaesemoogdots\version2.0.0.4.3\moog_doots_reallocated_ver\wxmsw-2.6.3-1\wxwidgets-2.6.3\src\regex\regc_nfa.c(1308): warning C4131: 'carcsort' : uses old-style declarator
     1>c:\users\user\desktop\relaesemoogdots\version2.0.0.4.3\moog_doots_reallocated_ver\wxmsw-2.6.3-1\wxwidgets-2.6.3\src\regex\regc_nfa.c(1335): warning C4131: 'freecnfa' : uses old-style declarator
     1>c:\users\user\desktop\relaesemoogdots\version2.0.0.4.3\moog_doots_reallocated_ver\wxmsw-2.6.3-1\wxwidgets-2.6.3\src\regex\regc_nfa.c(1349): warning C4131: 'dumpnfa' : uses old-style declarator
     1>c:\users\user\desktop\relaesemoogdots\version2.0.0.4.3\moog_doots_reallocated_ver\wxmsw-2.6.3-1\wxwidgets-2.6.3\src\regex\regc_nfa.c(1371): warning C4100: 'f' : unreferenced formal parameter
     1>c:\users\user\desktop\relaesemoogdots\version2.0.0.4.3\moog_doots_reallocated_ver\wxmsw-2.6.3-1\wxwidgets-2.6.3\src\regex\regc_nfa.c(1371): warning C4100: 'nfa' : unreferenced formal parameter
     1>c:\users\user\desktop\relaesemoogdots\version2.0.0.4.3\moog_doots_reallocated_ver\wxmsw-2.6.3-1\wxwidgets-2.6.3\src\regex\regc_nfa.c(1517): warning C4131: 'dumpcnfa' : uses old-style declarator
     1>c:\users\user\desktop\relaesemoogdots\version2.0.0.4.3\moog_doots_reallocated_ver\wxmsw-2.6.3-1\wxwidgets-2.6.3\src\regex\regc_nfa.c(1539): warning C4100: 'f' : unreferenced formal parameter
     1>c:\users\user\desktop\relaesemoogdots\version2.0.0.4.3\moog_doots_reallocated_ver\wxmsw-2.6.3-1\wxwidgets-2.6.3\src\regex\regc_nfa.c(1539): warning C4100: 'cnfa' : unreferenced formal parameter
     1>c:\users\user\desktop\relaesemoogdots\version2.0.0.4.3\moog_doots_reallocated_ver\wxmsw-2.6.3-1\wxwidgets-2.6.3\src\regex\regc_cvec.c(39): warning C4131: 'newcvec' : uses old-style declarator
     1>c:\users\user\desktop\relaesemoogdots\version2.0.0.4.3\moog_doots_reallocated_ver\wxmsw-2.6.3-1\wxwidgets-2.6.3\src\regex\regc_cvec.c(69): warning C4131: 'clearcvec' : uses old-style declarator
     1>c:\users\user\desktop\relaesemoogdots\version2.0.0.4.3\moog_doots_reallocated_ver\wxmsw-2.6.3-1\wxwidgets-2.6.3\src\regex\regc_cvec.c(92): warning C4131: 'addchr' : uses old-style declarator
     1>c:\users\user\desktop\relaesemoogdots\version2.0.0.4.3\moog_doots_reallocated_ver\wxmsw-2.6.3-1\wxwidgets-2.6.3\src\regex\regc_cvec.c(105): warning C4131: 'addrange' : uses old-style declarator
     1>c:\users\user\desktop\relaesemoogdots\version2.0.0.4.3\moog_doots_reallocated_ver\wxmsw-2.6.3-1\wxwidgets-2.6.3\src\regex\regc_cvec.c(121): warning C4131: 'addmcce' : uses old-style declarator
     1>c:\users\user\desktop\relaesemoogdots\version2.0.0.4.3\moog_doots_reallocated_ver\wxmsw-2.6.3-1\wxwidgets-2.6.3\src\regex\regc_cvec.c(153): warning C4131: 'haschr' : uses old-style declarator
     1>c:\users\user\desktop\relaesemoogdots\version2.0.0.4.3\moog_doots_reallocated_ver\wxmsw-2.6.3-1\wxwidgets-2.6.3\src\regex\regc_cvec.c(178): warning C4131: 'getcvec' : uses old-style declarator
     1>c:\users\user\desktop\relaesemoogdots\version2.0.0.4.3\moog_doots_reallocated_ver\wxmsw-2.6.3-1\wxwidgets-2.6.3\src\regex\regc_cvec.c(205): warning C4131: 'freecvec' : uses old-style declarator
     1>c:\users\user\desktop\relaesemoogdots\version2.0.0.4.3\moog_doots_reallocated_ver\wxmsw-2.6.3-1\wxwidgets-2.6.3\src\regex\regc_locale.c(629): warning C4232: nonstandard extension used : 'isfunc' : address of dllimport 'isalnum' is not static, identity not guaranteed
                 C:\Program Files (x86)\Microsoft Visual Studio 12.0\VC\include\ctype.h(137) : see declaration of 'isalnum'
     1>c:\users\user\desktop\relaesemoogdots\version2.0.0.4.3\moog_doots_reallocated_ver\wxmsw-2.6.3-1\wxwidgets-2.6.3\src\regex\regc_locale.c(629): warning C4232: nonstandard extension used : 'isfunc' : address of dllimport 'isalpha' is not static, identity not guaranteed
                 C:\Program Files (x86)\Microsoft Visual Studio 12.0\VC\include\ctype.h(121) : see declaration of 'isalpha'
     1>c:\users\user\desktop\relaesemoogdots\version2.0.0.4.3\moog_doots_reallocated_ver\wxmsw-2.6.3-1\wxwidgets-2.6.3\src\regex\regc_locale.c(629): warning C4232: nonstandard extension used : 'isfunc' : address of dllimport 'iscntrl' is not static, identity not guaranteed
                 C:\Program Files (x86)\Microsoft Visual Studio 12.0\VC\include\ctype.h(143) : see declaration of 'iscntrl'
     1>c:\users\user\desktop\relaesemoogdots\version2.0.0.4.3\moog_doots_reallocated_ver\wxmsw-2.6.3-1\wxwidgets-2.6.3\src\regex\regc_locale.c(629): warning C4232: nonstandard extension used : 'isfunc' : address of dllimport 'isdigit' is not static, identity not guaranteed
                 C:\Program Files (x86)\Microsoft Visual Studio 12.0\VC\include\ctype.h(127) : see declaration of 'isdigit'
     1>c:\users\user\desktop\relaesemoogdots\version2.0.0.4.3\moog_doots_reallocated_ver\wxmsw-2.6.3-1\wxwidgets-2.6.3\src\regex\regc_locale.c(629): warning C4232: nonstandard extension used : 'isfunc' : address of dllimport 'isgraph' is not static, identity not guaranteed
                 C:\Program Files (x86)\Microsoft Visual Studio 12.0\VC\include\ctype.h(141) : see declaration of 'isgraph'
     1>c:\users\user\desktop\relaesemoogdots\version2.0.0.4.3\moog_doots_reallocated_ver\wxmsw-2.6.3-1\wxwidgets-2.6.3\src\regex\regc_locale.c(629): warning C4232: nonstandard extension used : 'isfunc' : address of dllimport 'islower' is not static, identity not guaranteed
                 C:\Program Files (x86)\Microsoft Visual Studio 12.0\VC\include\ctype.h(125) : see declaration of 'islower'
     1>c:\users\user\desktop\relaesemoogdots\version2.0.0.4.3\moog_doots_reallocated_ver\wxmsw-2.6.3-1\wxwidgets-2.6.3\src\regex\regc_locale.c(629): warning C4232: nonstandard extension used : 'isfunc' : address of dllimport 'isprint' is not static, identity not guaranteed
                 C:\Program Files (x86)\Microsoft Visual Studio 12.0\VC\include\ctype.h(139) : see declaration of 'isprint'
     1>c:\users\user\desktop\relaesemoogdots\version2.0.0.4.3\moog_doots_reallocated_ver\wxmsw-2.6.3-1\wxwidgets-2.6.3\src\regex\regc_locale.c(629): warning C4232: nonstandard extension used : 'isfunc' : address of dllimport 'ispunct' is not static, identity not guaranteed
                 C:\Program Files (x86)\Microsoft Visual Studio 12.0\VC\include\ctype.h(133) : see declaration of 'ispunct'
     1>c:\users\user\desktop\relaesemoogdots\version2.0.0.4.3\moog_doots_reallocated_ver\wxmsw-2.6.3-1\wxwidgets-2.6.3\src\regex\regc_locale.c(629): warning C4232: nonstandard extension used : 'isfunc' : address of dllimport 'isspace' is not static, identity not guaranteed
                 C:\Program Files (x86)\Microsoft Visual Studio 12.0\VC\include\ctype.h(131) : see declaration of 'isspace'
     1>c:\users\user\desktop\relaesemoogdots\version2.0.0.4.3\moog_doots_reallocated_ver\wxmsw-2.6.3-1\wxwidgets-2.6.3\src\regex\regc_locale.c(629): warning C4232: nonstandard extension used : 'isfunc' : address of dllimport 'isupper' is not static, identity not guaranteed
                 C:\Program Files (x86)\Microsoft Visual Studio 12.0\VC\include\ctype.h(123) : see declaration of 'isupper'
     1>c:\users\user\desktop\relaesemoogdots\version2.0.0.4.3\moog_doots_reallocated_ver\wxmsw-2.6.3-1\wxwidgets-2.6.3\src\regex\regc_locale.c(629): warning C4232: nonstandard extension used : 'isfunc' : address of dllimport 'isxdigit' is not static, identity not guaranteed
                 C:\Program Files (x86)\Microsoft Visual Studio 12.0\VC\include\ctype.h(129) : see declaration of 'isxdigit'
     1>c:\users\user\desktop\relaesemoogdots\version2.0.0.4.3\moog_doots_reallocated_ver\wxmsw-2.6.3-1\wxwidgets-2.6.3\src\regex\regc_locale.c(651): warning C4131: 'nmcces' : uses old-style declarator
     1>c:\users\user\desktop\relaesemoogdots\version2.0.0.4.3\moog_doots_reallocated_ver\wxmsw-2.6.3-1\wxwidgets-2.6.3\src\regex\regc_locale.c(657): warning C4100: 'v' : unreferenced formal parameter
     1>c:\users\user\desktop\relaesemoogdots\version2.0.0.4.3\moog_doots_reallocated_ver\wxmsw-2.6.3-1\wxwidgets-2.6.3\src\regex\regc_locale.c(665): warning C4131: 'nleaders' : uses old-style declarator
     1>c:\users\user\desktop\relaesemoogdots\version2.0.0.4.3\moog_doots_reallocated_ver\wxmsw-2.6.3-1\wxwidgets-2.6.3\src\regex\regc_locale.c(668): warning C4100: 'v' : unreferenced formal parameter
     1>c:\users\user\desktop\relaesemoogdots\version2.0.0.4.3\moog_doots_reallocated_ver\wxmsw-2.6.3-1\wxwidgets-2.6.3\src\regex\regc_locale.c(676): warning C4131: 'allmcces' : uses old-style declarator
     1>c:\users\user\desktop\relaesemoogdots\version2.0.0.4.3\moog_doots_reallocated_ver\wxmsw-2.6.3-1\wxwidgets-2.6.3\src\regex\regc_locale.c(680): warning C4100: 'v' : unreferenced formal parameter
     1>c:\users\user\desktop\relaesemoogdots\version2.0.0.4.3\moog_doots_reallocated_ver\wxmsw-2.6.3-1\wxwidgets-2.6.3\src\regex\regc_locale.c(688): warning C4131: 'element' : uses old-style declarator
     1>c:\users\user\desktop\relaesemoogdots\version2.0.0.4.3\moog_doots_reallocated_ver\wxmsw-2.6.3-1\wxwidgets-2.6.3\src\regex\regc_locale.c(725): warning C4131: 'range' : uses old-style declarator
     1>c:\users\user\desktop\relaesemoogdots\version2.0.0.4.3\moog_doots_reallocated_ver\wxmsw-2.6.3-1\wxwidgets-2.6.3\src\regex\regc_locale.c(783): warning C4131: 'before' : uses old-style declarator
     1>c:\users\user\desktop\relaesemoogdots\version2.0.0.4.3\moog_doots_reallocated_ver\wxmsw-2.6.3-1\wxwidgets-2.6.3\src\regex\regc_locale.c(799): warning C4131: 'eclass' : uses old-style declarator
     1>c:\users\user\desktop\relaesemoogdots\version2.0.0.4.3\moog_doots_reallocated_ver\wxmsw-2.6.3-1\wxwidgets-2.6.3\src\regex\regc_locale.c(1042): warning C4131: 'cclass' : uses old-style declarator
     1>c:\users\user\desktop\relaesemoogdots\version2.0.0.4.3\moog_doots_reallocated_ver\wxmsw-2.6.3-1\wxwidgets-2.6.3\src\regex\regc_locale.c(1119): warning C4131: 'allcases' : uses old-style declarator
     1>c:\users\user\desktop\relaesemoogdots\version2.0.0.4.3\moog_doots_reallocated_ver\wxmsw-2.6.3-1\wxwidgets-2.6.3\src\regex\regc_locale.c(1153): warning C4131: 'cmp' : uses old-style declarator
     1>c:\users\user\desktop\relaesemoogdots\version2.0.0.4.3\moog_doots_reallocated_ver\wxmsw-2.6.3-1\wxwidgets-2.6.3\src\regex\regc_locale.c(1169): warning C4131: 'casecmp' : uses old-style declarator
         regerror.c
     1>regerror.c(54): warning C4131: 'wx_regerror' : uses old-style declarator
     1>regerror.c(70): warning C4996: 'sprintf': This function or variable may be unsafe. Consider using sprintf_s instead. To disable deprecation, use _CRT_SECURE_NO_WARNINGS. See online help for details.
                 C:\Program Files (x86)\Microsoft Visual Studio 12.0\VC\include\stdio.h(356) : see declaration of 'sprintf'
     1>regerror.c(81): warning C4996: 'sprintf': This function or variable may be unsafe. Consider using sprintf_s instead. To disable deprecation, use _CRT_SECURE_NO_WARNINGS. See online help for details.
                 C:\Program Files (x86)\Microsoft Visual Studio 12.0\VC\include\stdio.h(356) : see declaration of 'sprintf'
     1>regerror.c(92): warning C4996: 'sprintf': This function or variable may be unsafe. Consider using sprintf_s instead. To disable deprecation, use _CRT_SECURE_NO_WARNINGS. See online help for details.
                 C:\Program Files (x86)\Microsoft Visual Studio 12.0\VC\include\stdio.h(356) : see declaration of 'sprintf'
     1>regerror.c(101): warning C4996: 'strcpy': This function or variable may be unsafe. Consider using strcpy_s instead. To disable deprecation, use _CRT_SECURE_NO_WARNINGS. See online help for details.
                 C:\Program Files (x86)\Microsoft Visual Studio 12.0\VC\include\string.h(112) : see declaration of 'strcpy'
     1>regerror.c(103): warning C4996: 'strncpy': This function or variable may be unsafe. Consider using strncpy_s instead. To disable deprecation, use _CRT_SECURE_NO_WARNINGS. See online help for details.
                 C:\Program Files (x86)\Microsoft Visual Studio 12.0\VC\include\string.h(195) : see declaration of 'strncpy'
     1>regerror.c(109): warning C4100: 'preg' : unreferenced formal parameter
         regexec.c
     1>regexec.c(165): warning C4131: 'wx_re_exec' : uses old-style declarator
     1>regexec.c(261): warning C4131: 'find' : uses old-style declarator
     1>regexec.c(346): warning C4131: 'cfind' : uses old-style declarator
     1>regexec.c(387): warning C4131: 'cfindloop' : uses old-style declarator
     1>regexec.c(464): warning C4100: 'cm' : unreferenced formal parameter
     1>regexec.c(464): warning C4100: 'cnfa' : unreferenced formal parameter
     1>regexec.c(472): warning C4131: 'zapsubs' : uses old-style declarator
     1>regexec.c(489): warning C4131: 'zapmem' : uses old-style declarator
     1>regexec.c(515): warning C4131: 'subset' : uses old-style declarator
     1>regexec.c(537): warning C4131: 'dissect' : uses old-style declarator
     1>regexec.c(579): warning C4131: 'condissect' : uses old-style declarator
     1>regexec.c(658): warning C4131: 'altdissect' : uses old-style declarator
     1>regexec.c(693): warning C4131: 'cdissect' : uses old-style declarator
     1>regexec.c(742): warning C4131: 'ccondissect' : uses old-style declarator
     1>regexec.c(836): warning C4131: 'crevdissect' : uses old-style declarator
     1>regexec.c(927): warning C4131: 'cbrdissect' : uses old-style declarator
     1>regexec.c(994): warning C4131: 'caltdissect' : uses old-style declarator
     1>c:\users\user\desktop\relaesemoogdots\version2.0.0.4.3\moog_doots_reallocated_ver\wxmsw-2.6.3-1\wxwidgets-2.6.3\src\regex\rege_dfa.c(39): warning C4131: 'longest' : uses old-style declarator
     1>c:\users\user\desktop\relaesemoogdots\version2.0.0.4.3\moog_doots_reallocated_ver\wxmsw-2.6.3-1\wxwidgets-2.6.3\src\regex\rege_dfa.c(138): warning C4131: 'shortest' : uses old-style declarator
     1>c:\users\user\desktop\relaesemoogdots\version2.0.0.4.3\moog_doots_reallocated_ver\wxmsw-2.6.3-1\wxwidgets-2.6.3\src\regex\rege_dfa.c(239): warning C4131: 'lastcold' : uses old-style declarator
     1>c:\users\user\desktop\relaesemoogdots\version2.0.0.4.3\moog_doots_reallocated_ver\wxmsw-2.6.3-1\wxwidgets-2.6.3\src\regex\rege_dfa.c(268): warning C4131: 'newdfa' : uses old-style declarator
     1>c:\users\user\desktop\relaesemoogdots\version2.0.0.4.3\moog_doots_reallocated_ver\wxmsw-2.6.3-1\wxwidgets-2.6.3\src\regex\rege_dfa.c(344): warning C4131: 'freedfa' : uses old-style declarator
     1>c:\users\user\desktop\relaesemoogdots\version2.0.0.4.3\moog_doots_reallocated_ver\wxmsw-2.6.3-1\wxwidgets-2.6.3\src\regex\rege_dfa.c(368): warning C4131: 'hash' : uses old-style declarator
     1>c:\users\user\desktop\relaesemoogdots\version2.0.0.4.3\moog_doots_reallocated_ver\wxmsw-2.6.3-1\wxwidgets-2.6.3\src\regex\rege_dfa.c(386): warning C4131: 'initialize' : uses old-style declarator
     1>c:\users\user\desktop\relaesemoogdots\version2.0.0.4.3\moog_doots_reallocated_ver\wxmsw-2.6.3-1\wxwidgets-2.6.3\src\regex\rege_dfa.c(422): warning C4131: 'miss' : uses old-style declarator
     1>c:\users\user\desktop\relaesemoogdots\version2.0.0.4.3\moog_doots_reallocated_ver\wxmsw-2.6.3-1\wxwidgets-2.6.3\src\regex\rege_dfa.c(527): warning C4131: 'lacon' : uses old-style declarator
     1>c:\users\user\desktop\relaesemoogdots\version2.0.0.4.3\moog_doots_reallocated_ver\wxmsw-2.6.3-1\wxwidgets-2.6.3\src\regex\rege_dfa.c(561): warning C4131: 'getvacant' : uses old-style declarator
     1>c:\users\user\desktop\relaesemoogdots\version2.0.0.4.3\moog_doots_reallocated_ver\wxmsw-2.6.3-1\wxwidgets-2.6.3\src\regex\rege_dfa.c(628): warning C4131: 'pickss' : uses old-style declarator
         regfree.c
     1>regfree.c(48): warning C4131: 'wx_regfree' : uses old-style declarator
         Generating Code...
     1>c:\users\user\desktop\relaesemoogdots\version2.0.0.4.3\moog_doots_reallocated_ver\wxmsw-2.6.3-1\wxwidgets-2.6.3\src\regex\rege_dfa.c(603): warning C4701: potentially uninitialized local variable 'lastap' used
     1>c:\users\user\desktop\relaesemoogdots\version2.0.0.4.3\moog_doots_reallocated_ver\wxmsw-2.6.3-1\wxwidgets-2.6.3\src\regex\regc_lex.c(971): warning C4702: unreachable code
     1>c:\users\user\desktop\relaesemoogdots\version2.0.0.4.3\moog_doots_reallocated_ver\wxmsw-2.6.3-1\wxwidgets-2.6.3\src\regex\regc_lex.c(806): warning C4702: unreachable code
     1>c:\users\user\desktop\relaesemoogdots\version2.0.0.4.3\moog_doots_reallocated_ver\wxmsw-2.6.3-1\wxwidgets-2.6.3\src\regex\regc_lex.c(380): warning C4702: unreachable code
     1>c:\users\user\desktop\relaesemoogdots\version2.0.0.4.3\moog_doots_reallocated_ver\wxmsw-2.6.3-1\wxwidgets-2.6.3\src\regex\regc_lex.c(458): warning C4702: unreachable code
     1>c:\users\user\desktop\relaesemoogdots\version2.0.0.4.3\moog_doots_reallocated_ver\wxmsw-2.6.3-1\wxwidgets-2.6.3\src\regex\regc_lex.c(464): warning C4702: unreachable code
     1>c:\users\user\desktop\relaesemoogdots\version2.0.0.4.3\moog_doots_reallocated_ver\wxmsw-2.6.3-1\wxwidgets-2.6.3\src\regex\regc_lex.c(539): warning C4702: unreachable code
     1>c:\users\user\desktop\relaesemoogdots\version2.0.0.4.3\moog_doots_reallocated_ver\wxmsw-2.6.3-1\wxwidgets-2.6.3\src\regex\regc_lex.c(569): warning C4702: unreachable code
     1>c:\users\user\desktop\relaesemoogdots\version2.0.0.4.3\moog_doots_reallocated_ver\wxmsw-2.6.3-1\wxwidgets-2.6.3\src\regex\regcomp.c(385): warning C4718: 'optst' : recursive call has no side effects, deleting
     1>C:\Program Files (x86)\MSBuild\Microsoft.Cpp\v4.0\V120\Microsoft.CppBuild.targets(1361,5): warning MSB8012: TargetPath(C:\Users\user\Desktop\RelaeseMoogDots\version2.0.0.4.3\MOOG_DOOTS_REALLOCATED_VER\wxMSW-2.6.3-1\wxWidgets-2.6.3\src\regex\.\Release\regex.lib) does not match the Library's OutputFile property value (C:\Users\user\Desktop\RelaeseMoogDots\version2.0.0.4.3\MOOG_DOOTS_REALLOCATED_VER\wxMSW-2.6.3-1\wxWidgets-2.6.3\lib\regex.lib). This may cause your project to build incorrectly. To correct this, please make sure that $(OutDir), $(TargetName) and $(TargetExt) property values match the value specified in %(Lib.OutputFile).
       Lib:
         C:\Program Files (x86)\Microsoft Visual Studio 12.0\VC\bin\Lib.exe /OUT:"..\..\lib\regex.lib" /NOLOGO .\Release\regcomp.obj
         .\Release\regerror.obj
         .\Release\regexec.obj
         .\Release\regfree.obj
         regex.vcxproj -> C:\Users\user\Desktop\RelaeseMoogDots\version2.0.0.4.3\MOOG_DOOTS_REALLOCATED_VER\wxMSW-2.6.3-1\wxWidgets-2.6.3\src\regex\.\Release\regex.lib
     1>Done Building Project "C:\Users\user\Desktop\RelaeseMoogDots\version2.0.0.4.3\MOOG_DOOTS_REALLOCATED_VER\wxMSW-2.6.3-1\wxWidgets-2.6.3\src\regex\regex.vcxproj" (Build target(s)).

Build succeeded.

Time Elapsed 00:00:01.13
