  dummy.cpp
  xh_bmp.cpp
  xh_bmpbt.cpp
  xh_bttn.cpp
  xh_cald.cpp
  xh_chckb.cpp
  xh_chckl.cpp
  xh_choic.cpp
  xh_choicbk.cpp
  xh_combo.cpp
  xh_datectrl.cpp
  xh_dlg.cpp
  xh_frame.cpp
  xh_gauge.cpp
  xh_gdctl.cpp
  xh_html.cpp
c:\users\user\documents\github\moogdots-new-vs2017compatible\moog_doots_reallocated_ver\wxmsw-2.6.3-1\wxwidgets-2.6.3\include\wx\confbase.h : warning C4819: The file contains a character that cannot be represented in the current code page (1255). Save the file in Unicode format to prevent data loss
  xh_listb.cpp
  xh_listbk.cpp
  xh_listc.cpp
  xh_mdi.cpp
  xh_menu.cpp
  Generating Code...
  Compiling...
  xh_notbk.cpp
  xh_panel.cpp
  xh_radbt.cpp
  xh_radbx.cpp
  xh_scrol.cpp
  xh_scwin.cpp
  xh_sizer.cpp
  xh_slidr.cpp
  xh_spin.cpp
  xh_split.cpp
  xh_statbar.cpp
  xh_stbmp.cpp
  xh_stbox.cpp
  xh_stlin.cpp
  xh_sttxt.cpp
  xh_text.cpp
  xh_tglbtn.cpp
  xh_toolb.cpp
  xh_tree.cpp
  xh_unkwn.cpp
  Generating Code...
  Compiling...
  xh_wizrd.cpp
  xmlres.cpp
  xmlrsall.cpp
  Generating Code...
C:\Program Files (x86)\Microsoft Visual Studio\2017\Community\Common7\IDE\VC\VCTargets\Microsoft.CppBuild.targets(1375,5): warning MSB8012: TargetPath(C:\Users\user\Documents\GitHub\MoogDots-new-VS2017Compatible\MOOG_DOOTS_REALLOCATED_VER\wxMSW-2.6.3-1\wxWidgets-2.6.3\build\msw\.\..\..\lib\vc_lib\xrc.lib) does not match the Library's OutputFile property value (C:\Users\user\Documents\GitHub\MoogDots-new-VS2017Compatible\MOOG_DOOTS_REALLOCATED_VER\wxMSW-2.6.3-1\wxWidgets-2.6.3\lib\vc_lib\wxmsw26_xrc.lib). This may cause your project to build incorrectly. To correct this, please make sure that $(OutDir), $(TargetName) and $(TargetExt) property values match the value specified in %(Lib.OutputFile).
C:\Program Files (x86)\Microsoft Visual Studio\2017\Community\Common7\IDE\VC\VCTargets\Microsoft.CppBuild.targets(1377,5): warning MSB8012: TargetName(xrc) does not match the Library's OutputFile property value (wxmsw26_xrc). This may cause your project to build incorrectly. To correct this, please make sure that $(OutDir), $(TargetName) and $(TargetExt) property values match the value specified in %(Lib.OutputFile).
  wx_xrc.vcxproj -> C:\Users\user\Documents\GitHub\MoogDots-new-VS2017Compatible\MOOG_DOOTS_REALLOCATED_VER\wxMSW-2.6.3-1\wxWidgets-2.6.3\build\msw\.\..\..\lib\vc_lib\xrc.lib
