c:\users\robocup\desktop\290425015\wxmsw-2.6.3-1\wxwidgets-2.6.3\build\msw\vc_mswd\wxprec_baselib.pch
c:\users\robocup\desktop\290425015\wxmsw-2.6.3-1\wxwidgets-2.6.3\lib\vc_lib\wxbase26d.pdb
c:\users\robocup\desktop\290425015\wxmsw-2.6.3-1\wxwidgets-2.6.3\lib\vc_lib\wxbase26d.idb
c:\users\robocup\desktop\290425015\wxmsw-2.6.3-1\wxwidgets-2.6.3\build\msw\vc_mswd\base\dummy.obj
c:\users\robocup\desktop\290425015\wxmsw-2.6.3-1\wxwidgets-2.6.3\build\msw\vc_mswd\base\zipstrm.obj
c:\users\robocup\desktop\290425015\wxmsw-2.6.3-1\wxwidgets-2.6.3\build\msw\vc_mswd\base\zstream.obj
c:\users\robocup\desktop\290425015\wxmsw-2.6.3-1\wxwidgets-2.6.3\build\msw\vc_mswd\base\basemsw.obj
c:\users\robocup\desktop\290425015\wxmsw-2.6.3-1\wxwidgets-2.6.3\build\msw\vc_mswd\base\crashrpt.obj
c:\users\robocup\desktop\290425015\wxmsw-2.6.3-1\wxwidgets-2.6.3\build\msw\vc_mswd\base\dde.obj
c:\users\robocup\desktop\290425015\wxmsw-2.6.3-1\wxwidgets-2.6.3\build\msw\vc_mswd\base\debughlp.obj
c:\users\robocup\desktop\290425015\wxmsw-2.6.3-1\wxwidgets-2.6.3\build\msw\vc_mswd\base\dir.obj
c:\users\robocup\desktop\290425015\wxmsw-2.6.3-1\wxwidgets-2.6.3\build\msw\vc_mswd\base\dlmsw.obj
c:\users\robocup\desktop\290425015\wxmsw-2.6.3-1\wxwidgets-2.6.3\build\msw\vc_mswd\base\main.obj
c:\users\robocup\desktop\290425015\wxmsw-2.6.3-1\wxwidgets-2.6.3\build\msw\vc_mswd\base\mimetype.obj
c:\users\robocup\desktop\290425015\wxmsw-2.6.3-1\wxwidgets-2.6.3\build\msw\vc_mswd\base\mslu.obj
c:\users\robocup\desktop\290425015\wxmsw-2.6.3-1\wxwidgets-2.6.3\build\msw\vc_mswd\base\regconf.obj
c:\users\robocup\desktop\290425015\wxmsw-2.6.3-1\wxwidgets-2.6.3\build\msw\vc_mswd\base\registry.obj
c:\users\robocup\desktop\290425015\wxmsw-2.6.3-1\wxwidgets-2.6.3\build\msw\vc_mswd\base\snglinst.obj
c:\users\robocup\desktop\290425015\wxmsw-2.6.3-1\wxwidgets-2.6.3\build\msw\vc_mswd\base\stackwalk.obj
c:\users\robocup\desktop\290425015\wxmsw-2.6.3-1\wxwidgets-2.6.3\build\msw\vc_mswd\base\stdpaths.obj
c:\users\robocup\desktop\290425015\wxmsw-2.6.3-1\wxwidgets-2.6.3\build\msw\vc_mswd\base\thread.obj
c:\users\robocup\desktop\290425015\wxmsw-2.6.3-1\wxwidgets-2.6.3\build\msw\vc_mswd\base\utils.obj
c:\users\robocup\desktop\290425015\wxmsw-2.6.3-1\wxwidgets-2.6.3\build\msw\vc_mswd\base\utilsexc.obj
c:\users\robocup\desktop\290425015\wxmsw-2.6.3-1\wxwidgets-2.6.3\build\msw\vc_mswd\base\volume.obj
c:\users\robocup\desktop\290425015\wxmsw-2.6.3-1\wxwidgets-2.6.3\build\msw\vc_mswd\base\process.obj
c:\users\robocup\desktop\290425015\wxmsw-2.6.3-1\wxwidgets-2.6.3\build\msw\vc_mswd\base\regex.obj
c:\users\robocup\desktop\290425015\wxmsw-2.6.3-1\wxwidgets-2.6.3\build\msw\vc_mswd\base\sstream.obj
c:\users\robocup\desktop\290425015\wxmsw-2.6.3-1\wxwidgets-2.6.3\build\msw\vc_mswd\base\stdpbase.obj
c:\users\robocup\desktop\290425015\wxmsw-2.6.3-1\wxwidgets-2.6.3\build\msw\vc_mswd\base\stopwatch.obj
c:\users\robocup\desktop\290425015\wxmsw-2.6.3-1\wxwidgets-2.6.3\build\msw\vc_mswd\base\strconv.obj
c:\users\robocup\desktop\290425015\wxmsw-2.6.3-1\wxwidgets-2.6.3\build\msw\vc_mswd\base\stream.obj
c:\users\robocup\desktop\290425015\wxmsw-2.6.3-1\wxwidgets-2.6.3\build\msw\vc_mswd\base\string.obj
c:\users\robocup\desktop\290425015\wxmsw-2.6.3-1\wxwidgets-2.6.3\build\msw\vc_mswd\base\sysopt.obj
c:\users\robocup\desktop\290425015\wxmsw-2.6.3-1\wxwidgets-2.6.3\build\msw\vc_mswd\base\textbuf.obj
c:\users\robocup\desktop\290425015\wxmsw-2.6.3-1\wxwidgets-2.6.3\build\msw\vc_mswd\base\textfile.obj
c:\users\robocup\desktop\290425015\wxmsw-2.6.3-1\wxwidgets-2.6.3\build\msw\vc_mswd\base\tokenzr.obj
c:\users\robocup\desktop\290425015\wxmsw-2.6.3-1\wxwidgets-2.6.3\build\msw\vc_mswd\base\txtstrm.obj
c:\users\robocup\desktop\290425015\wxmsw-2.6.3-1\wxwidgets-2.6.3\build\msw\vc_mswd\base\uri.obj
c:\users\robocup\desktop\290425015\wxmsw-2.6.3-1\wxwidgets-2.6.3\build\msw\vc_mswd\base\utilscmn.obj
c:\users\robocup\desktop\290425015\wxmsw-2.6.3-1\wxwidgets-2.6.3\build\msw\vc_mswd\base\variant.obj
c:\users\robocup\desktop\290425015\wxmsw-2.6.3-1\wxwidgets-2.6.3\build\msw\vc_mswd\base\wfstream.obj
c:\users\robocup\desktop\290425015\wxmsw-2.6.3-1\wxwidgets-2.6.3\build\msw\vc_mswd\base\wxchar.obj
c:\users\robocup\desktop\290425015\wxmsw-2.6.3-1\wxwidgets-2.6.3\build\msw\vc_mswd\base\xti.obj
c:\users\robocup\desktop\290425015\wxmsw-2.6.3-1\wxwidgets-2.6.3\build\msw\vc_mswd\base\xtistrm.obj
c:\users\robocup\desktop\290425015\wxmsw-2.6.3-1\wxwidgets-2.6.3\build\msw\vc_mswd\base\filefn.obj
c:\users\robocup\desktop\290425015\wxmsw-2.6.3-1\wxwidgets-2.6.3\build\msw\vc_mswd\base\filename.obj
c:\users\robocup\desktop\290425015\wxmsw-2.6.3-1\wxwidgets-2.6.3\build\msw\vc_mswd\base\filesys.obj
c:\users\robocup\desktop\290425015\wxmsw-2.6.3-1\wxwidgets-2.6.3\build\msw\vc_mswd\base\fmapbase.obj
c:\users\robocup\desktop\290425015\wxmsw-2.6.3-1\wxwidgets-2.6.3\build\msw\vc_mswd\base\fs_mem.obj
c:\users\robocup\desktop\290425015\wxmsw-2.6.3-1\wxwidgets-2.6.3\build\msw\vc_mswd\base\fs_zip.obj
c:\users\robocup\desktop\290425015\wxmsw-2.6.3-1\wxwidgets-2.6.3\build\msw\vc_mswd\base\hash.obj
c:\users\robocup\desktop\290425015\wxmsw-2.6.3-1\wxwidgets-2.6.3\build\msw\vc_mswd\base\hashmap.obj
c:\users\robocup\desktop\290425015\wxmsw-2.6.3-1\wxwidgets-2.6.3\build\msw\vc_mswd\base\init.obj
c:\users\robocup\desktop\290425015\wxmsw-2.6.3-1\wxwidgets-2.6.3\build\msw\vc_mswd\base\intl.obj
c:\users\robocup\desktop\290425015\wxmsw-2.6.3-1\wxwidgets-2.6.3\build\msw\vc_mswd\base\ipcbase.obj
c:\users\robocup\desktop\290425015\wxmsw-2.6.3-1\wxwidgets-2.6.3\build\msw\vc_mswd\base\list.obj
c:\users\robocup\desktop\290425015\wxmsw-2.6.3-1\wxwidgets-2.6.3\build\msw\vc_mswd\base\log.obj
c:\users\robocup\desktop\290425015\wxmsw-2.6.3-1\wxwidgets-2.6.3\build\msw\vc_mswd\base\longlong.obj
c:\users\robocup\desktop\290425015\wxmsw-2.6.3-1\wxwidgets-2.6.3\build\msw\vc_mswd\base\memory.obj
c:\users\robocup\desktop\290425015\wxmsw-2.6.3-1\wxwidgets-2.6.3\build\msw\vc_mswd\base\mimecmn.obj
c:\users\robocup\desktop\290425015\wxmsw-2.6.3-1\wxwidgets-2.6.3\build\msw\vc_mswd\base\module.obj
c:\users\robocup\desktop\290425015\wxmsw-2.6.3-1\wxwidgets-2.6.3\build\msw\vc_mswd\base\msgout.obj
c:\users\robocup\desktop\290425015\wxmsw-2.6.3-1\wxwidgets-2.6.3\build\msw\vc_mswd\base\mstream.obj
c:\users\robocup\desktop\290425015\wxmsw-2.6.3-1\wxwidgets-2.6.3\build\msw\vc_mswd\base\object.obj
c:\users\robocup\desktop\290425015\wxmsw-2.6.3-1\wxwidgets-2.6.3\build\msw\vc_mswd\base\appbase.obj
c:\users\robocup\desktop\290425015\wxmsw-2.6.3-1\wxwidgets-2.6.3\build\msw\vc_mswd\base\archive.obj
c:\users\robocup\desktop\290425015\wxmsw-2.6.3-1\wxwidgets-2.6.3\build\msw\vc_mswd\base\clntdata.obj
c:\users\robocup\desktop\290425015\wxmsw-2.6.3-1\wxwidgets-2.6.3\build\msw\vc_mswd\base\cmdline.obj
c:\users\robocup\desktop\290425015\wxmsw-2.6.3-1\wxwidgets-2.6.3\build\msw\vc_mswd\base\config.obj
c:\users\robocup\desktop\290425015\wxmsw-2.6.3-1\wxwidgets-2.6.3\build\msw\vc_mswd\base\datetime.obj
c:\users\robocup\desktop\290425015\wxmsw-2.6.3-1\wxwidgets-2.6.3\build\msw\vc_mswd\base\datstrm.obj
c:\users\robocup\desktop\290425015\wxmsw-2.6.3-1\wxwidgets-2.6.3\build\msw\vc_mswd\base\dircmn.obj
c:\users\robocup\desktop\290425015\wxmsw-2.6.3-1\wxwidgets-2.6.3\build\msw\vc_mswd\base\dynarray.obj
c:\users\robocup\desktop\290425015\wxmsw-2.6.3-1\wxwidgets-2.6.3\build\msw\vc_mswd\base\dynlib.obj
c:\users\robocup\desktop\290425015\wxmsw-2.6.3-1\wxwidgets-2.6.3\build\msw\vc_mswd\base\dynload.obj
c:\users\robocup\desktop\290425015\wxmsw-2.6.3-1\wxwidgets-2.6.3\build\msw\vc_mswd\base\encconv.obj
c:\users\robocup\desktop\290425015\wxmsw-2.6.3-1\wxwidgets-2.6.3\build\msw\vc_mswd\base\event.obj
c:\users\robocup\desktop\290425015\wxmsw-2.6.3-1\wxwidgets-2.6.3\build\msw\vc_mswd\base\ffile.obj
c:\users\robocup\desktop\290425015\wxmsw-2.6.3-1\wxwidgets-2.6.3\build\msw\vc_mswd\base\file.obj
c:\users\robocup\desktop\290425015\wxmsw-2.6.3-1\wxwidgets-2.6.3\build\msw\vc_mswd\base\fileconf.obj
c:\users\robocup\desktop\290425015\wxmsw-2.6.3-1\wxwidgets-2.6.3\build\msw\vc_mswd\base\extended.obj
c:\users\robocup\desktop\290425015\wxmsw-2.6.3-1\wxwidgets-2.6.3\lib\vc_lib\mswd\wx\msw\rcdefs.h
c:\users\robocup\desktop\290425015\wxmsw-2.6.3-1\wxwidgets-2.6.3\lib\vc_lib\mswd\wx\setup.h
c:\users\robocup\desktop\290425015\wxmsw-2.6.3-1\wxwidgets-2.6.3\lib\vc_lib\wxbase26d.lib
c:\users\user\documents\github\moogdots-new-vs2017compatible\moog_doots_reallocated_ver\wxmsw-2.6.3-1\wxwidgets-2.6.3\build\msw\vc_mswd\base\appbase.obj
c:\users\user\documents\github\moogdots-new-vs2017compatible\moog_doots_reallocated_ver\wxmsw-2.6.3-1\wxwidgets-2.6.3\build\msw\vc_mswd\base\archive.obj
c:\users\user\documents\github\moogdots-new-vs2017compatible\moog_doots_reallocated_ver\wxmsw-2.6.3-1\wxwidgets-2.6.3\build\msw\vc_mswd\base\basemsw.obj
c:\users\user\documents\github\moogdots-new-vs2017compatible\moog_doots_reallocated_ver\wxmsw-2.6.3-1\wxwidgets-2.6.3\build\msw\vc_mswd\base\clntdata.obj
c:\users\user\documents\github\moogdots-new-vs2017compatible\moog_doots_reallocated_ver\wxmsw-2.6.3-1\wxwidgets-2.6.3\build\msw\vc_mswd\base\cmdline.obj
c:\users\user\documents\github\moogdots-new-vs2017compatible\moog_doots_reallocated_ver\wxmsw-2.6.3-1\wxwidgets-2.6.3\build\msw\vc_mswd\base\config.obj
c:\users\user\documents\github\moogdots-new-vs2017compatible\moog_doots_reallocated_ver\wxmsw-2.6.3-1\wxwidgets-2.6.3\build\msw\vc_mswd\base\crashrpt.obj
c:\users\user\documents\github\moogdots-new-vs2017compatible\moog_doots_reallocated_ver\wxmsw-2.6.3-1\wxwidgets-2.6.3\build\msw\vc_mswd\base\datetime.obj
c:\users\user\documents\github\moogdots-new-vs2017compatible\moog_doots_reallocated_ver\wxmsw-2.6.3-1\wxwidgets-2.6.3\build\msw\vc_mswd\base\datstrm.obj
c:\users\user\documents\github\moogdots-new-vs2017compatible\moog_doots_reallocated_ver\wxmsw-2.6.3-1\wxwidgets-2.6.3\build\msw\vc_mswd\base\dde.obj
c:\users\user\documents\github\moogdots-new-vs2017compatible\moog_doots_reallocated_ver\wxmsw-2.6.3-1\wxwidgets-2.6.3\build\msw\vc_mswd\base\debughlp.obj
c:\users\user\documents\github\moogdots-new-vs2017compatible\moog_doots_reallocated_ver\wxmsw-2.6.3-1\wxwidgets-2.6.3\build\msw\vc_mswd\base\dir.obj
c:\users\user\documents\github\moogdots-new-vs2017compatible\moog_doots_reallocated_ver\wxmsw-2.6.3-1\wxwidgets-2.6.3\build\msw\vc_mswd\base\dircmn.obj
c:\users\user\documents\github\moogdots-new-vs2017compatible\moog_doots_reallocated_ver\wxmsw-2.6.3-1\wxwidgets-2.6.3\build\msw\vc_mswd\base\dlmsw.obj
c:\users\user\documents\github\moogdots-new-vs2017compatible\moog_doots_reallocated_ver\wxmsw-2.6.3-1\wxwidgets-2.6.3\build\msw\vc_mswd\base\dummy.obj
c:\users\user\documents\github\moogdots-new-vs2017compatible\moog_doots_reallocated_ver\wxmsw-2.6.3-1\wxwidgets-2.6.3\build\msw\vc_mswd\base\dynarray.obj
c:\users\user\documents\github\moogdots-new-vs2017compatible\moog_doots_reallocated_ver\wxmsw-2.6.3-1\wxwidgets-2.6.3\build\msw\vc_mswd\base\dynlib.obj
c:\users\user\documents\github\moogdots-new-vs2017compatible\moog_doots_reallocated_ver\wxmsw-2.6.3-1\wxwidgets-2.6.3\build\msw\vc_mswd\base\dynload.obj
c:\users\user\documents\github\moogdots-new-vs2017compatible\moog_doots_reallocated_ver\wxmsw-2.6.3-1\wxwidgets-2.6.3\build\msw\vc_mswd\base\encconv.obj
c:\users\user\documents\github\moogdots-new-vs2017compatible\moog_doots_reallocated_ver\wxmsw-2.6.3-1\wxwidgets-2.6.3\build\msw\vc_mswd\base\event.obj
c:\users\user\documents\github\moogdots-new-vs2017compatible\moog_doots_reallocated_ver\wxmsw-2.6.3-1\wxwidgets-2.6.3\build\msw\vc_mswd\base\extended.obj
c:\users\user\documents\github\moogdots-new-vs2017compatible\moog_doots_reallocated_ver\wxmsw-2.6.3-1\wxwidgets-2.6.3\build\msw\vc_mswd\base\ffile.obj
c:\users\user\documents\github\moogdots-new-vs2017compatible\moog_doots_reallocated_ver\wxmsw-2.6.3-1\wxwidgets-2.6.3\build\msw\vc_mswd\base\file.obj
c:\users\user\documents\github\moogdots-new-vs2017compatible\moog_doots_reallocated_ver\wxmsw-2.6.3-1\wxwidgets-2.6.3\build\msw\vc_mswd\base\fileconf.obj
c:\users\user\documents\github\moogdots-new-vs2017compatible\moog_doots_reallocated_ver\wxmsw-2.6.3-1\wxwidgets-2.6.3\build\msw\vc_mswd\base\filefn.obj
c:\users\user\documents\github\moogdots-new-vs2017compatible\moog_doots_reallocated_ver\wxmsw-2.6.3-1\wxwidgets-2.6.3\build\msw\vc_mswd\base\filename.obj
c:\users\user\documents\github\moogdots-new-vs2017compatible\moog_doots_reallocated_ver\wxmsw-2.6.3-1\wxwidgets-2.6.3\build\msw\vc_mswd\base\filesys.obj
c:\users\user\documents\github\moogdots-new-vs2017compatible\moog_doots_reallocated_ver\wxmsw-2.6.3-1\wxwidgets-2.6.3\build\msw\vc_mswd\base\fmapbase.obj
c:\users\user\documents\github\moogdots-new-vs2017compatible\moog_doots_reallocated_ver\wxmsw-2.6.3-1\wxwidgets-2.6.3\build\msw\vc_mswd\base\fs_mem.obj
c:\users\user\documents\github\moogdots-new-vs2017compatible\moog_doots_reallocated_ver\wxmsw-2.6.3-1\wxwidgets-2.6.3\build\msw\vc_mswd\base\fs_zip.obj
c:\users\user\documents\github\moogdots-new-vs2017compatible\moog_doots_reallocated_ver\wxmsw-2.6.3-1\wxwidgets-2.6.3\build\msw\vc_mswd\base\hash.obj
c:\users\user\documents\github\moogdots-new-vs2017compatible\moog_doots_reallocated_ver\wxmsw-2.6.3-1\wxwidgets-2.6.3\build\msw\vc_mswd\base\hashmap.obj
c:\users\user\documents\github\moogdots-new-vs2017compatible\moog_doots_reallocated_ver\wxmsw-2.6.3-1\wxwidgets-2.6.3\build\msw\vc_mswd\base\init.obj
c:\users\user\documents\github\moogdots-new-vs2017compatible\moog_doots_reallocated_ver\wxmsw-2.6.3-1\wxwidgets-2.6.3\build\msw\vc_mswd\base\intl.obj
c:\users\user\documents\github\moogdots-new-vs2017compatible\moog_doots_reallocated_ver\wxmsw-2.6.3-1\wxwidgets-2.6.3\build\msw\vc_mswd\base\ipcbase.obj
c:\users\user\documents\github\moogdots-new-vs2017compatible\moog_doots_reallocated_ver\wxmsw-2.6.3-1\wxwidgets-2.6.3\build\msw\vc_mswd\base\list.obj
c:\users\user\documents\github\moogdots-new-vs2017compatible\moog_doots_reallocated_ver\wxmsw-2.6.3-1\wxwidgets-2.6.3\build\msw\vc_mswd\base\log.obj
c:\users\user\documents\github\moogdots-new-vs2017compatible\moog_doots_reallocated_ver\wxmsw-2.6.3-1\wxwidgets-2.6.3\build\msw\vc_mswd\base\longlong.obj
c:\users\user\documents\github\moogdots-new-vs2017compatible\moog_doots_reallocated_ver\wxmsw-2.6.3-1\wxwidgets-2.6.3\build\msw\vc_mswd\base\main.obj
c:\users\user\documents\github\moogdots-new-vs2017compatible\moog_doots_reallocated_ver\wxmsw-2.6.3-1\wxwidgets-2.6.3\build\msw\vc_mswd\base\memory.obj
c:\users\user\documents\github\moogdots-new-vs2017compatible\moog_doots_reallocated_ver\wxmsw-2.6.3-1\wxwidgets-2.6.3\build\msw\vc_mswd\base\mimecmn.obj
c:\users\user\documents\github\moogdots-new-vs2017compatible\moog_doots_reallocated_ver\wxmsw-2.6.3-1\wxwidgets-2.6.3\build\msw\vc_mswd\base\mimetype.obj
c:\users\user\documents\github\moogdots-new-vs2017compatible\moog_doots_reallocated_ver\wxmsw-2.6.3-1\wxwidgets-2.6.3\build\msw\vc_mswd\base\module.obj
c:\users\user\documents\github\moogdots-new-vs2017compatible\moog_doots_reallocated_ver\wxmsw-2.6.3-1\wxwidgets-2.6.3\build\msw\vc_mswd\base\msgout.obj
c:\users\user\documents\github\moogdots-new-vs2017compatible\moog_doots_reallocated_ver\wxmsw-2.6.3-1\wxwidgets-2.6.3\build\msw\vc_mswd\base\mslu.obj
c:\users\user\documents\github\moogdots-new-vs2017compatible\moog_doots_reallocated_ver\wxmsw-2.6.3-1\wxwidgets-2.6.3\build\msw\vc_mswd\base\mstream.obj
c:\users\user\documents\github\moogdots-new-vs2017compatible\moog_doots_reallocated_ver\wxmsw-2.6.3-1\wxwidgets-2.6.3\build\msw\vc_mswd\base\object.obj
c:\users\user\documents\github\moogdots-new-vs2017compatible\moog_doots_reallocated_ver\wxmsw-2.6.3-1\wxwidgets-2.6.3\build\msw\vc_mswd\base\process.obj
c:\users\user\documents\github\moogdots-new-vs2017compatible\moog_doots_reallocated_ver\wxmsw-2.6.3-1\wxwidgets-2.6.3\build\msw\vc_mswd\base\regconf.obj
c:\users\user\documents\github\moogdots-new-vs2017compatible\moog_doots_reallocated_ver\wxmsw-2.6.3-1\wxwidgets-2.6.3\build\msw\vc_mswd\base\regex.obj
c:\users\user\documents\github\moogdots-new-vs2017compatible\moog_doots_reallocated_ver\wxmsw-2.6.3-1\wxwidgets-2.6.3\build\msw\vc_mswd\base\registry.obj
c:\users\user\documents\github\moogdots-new-vs2017compatible\moog_doots_reallocated_ver\wxmsw-2.6.3-1\wxwidgets-2.6.3\build\msw\vc_mswd\base\snglinst.obj
c:\users\user\documents\github\moogdots-new-vs2017compatible\moog_doots_reallocated_ver\wxmsw-2.6.3-1\wxwidgets-2.6.3\build\msw\vc_mswd\base\sstream.obj
c:\users\user\documents\github\moogdots-new-vs2017compatible\moog_doots_reallocated_ver\wxmsw-2.6.3-1\wxwidgets-2.6.3\build\msw\vc_mswd\base\stackwalk.obj
c:\users\user\documents\github\moogdots-new-vs2017compatible\moog_doots_reallocated_ver\wxmsw-2.6.3-1\wxwidgets-2.6.3\build\msw\vc_mswd\base\stdpaths.obj
c:\users\user\documents\github\moogdots-new-vs2017compatible\moog_doots_reallocated_ver\wxmsw-2.6.3-1\wxwidgets-2.6.3\build\msw\vc_mswd\base\stdpbase.obj
c:\users\user\documents\github\moogdots-new-vs2017compatible\moog_doots_reallocated_ver\wxmsw-2.6.3-1\wxwidgets-2.6.3\build\msw\vc_mswd\base\stopwatch.obj
c:\users\user\documents\github\moogdots-new-vs2017compatible\moog_doots_reallocated_ver\wxmsw-2.6.3-1\wxwidgets-2.6.3\build\msw\vc_mswd\base\strconv.obj
c:\users\user\documents\github\moogdots-new-vs2017compatible\moog_doots_reallocated_ver\wxmsw-2.6.3-1\wxwidgets-2.6.3\build\msw\vc_mswd\base\stream.obj
c:\users\user\documents\github\moogdots-new-vs2017compatible\moog_doots_reallocated_ver\wxmsw-2.6.3-1\wxwidgets-2.6.3\build\msw\vc_mswd\base\string.obj
c:\users\user\documents\github\moogdots-new-vs2017compatible\moog_doots_reallocated_ver\wxmsw-2.6.3-1\wxwidgets-2.6.3\build\msw\vc_mswd\base\sysopt.obj
c:\users\user\documents\github\moogdots-new-vs2017compatible\moog_doots_reallocated_ver\wxmsw-2.6.3-1\wxwidgets-2.6.3\build\msw\vc_mswd\base\textbuf.obj
c:\users\user\documents\github\moogdots-new-vs2017compatible\moog_doots_reallocated_ver\wxmsw-2.6.3-1\wxwidgets-2.6.3\build\msw\vc_mswd\base\textfile.obj
c:\users\user\documents\github\moogdots-new-vs2017compatible\moog_doots_reallocated_ver\wxmsw-2.6.3-1\wxwidgets-2.6.3\build\msw\vc_mswd\base\thread.obj
c:\users\user\documents\github\moogdots-new-vs2017compatible\moog_doots_reallocated_ver\wxmsw-2.6.3-1\wxwidgets-2.6.3\build\msw\vc_mswd\base\tokenzr.obj
c:\users\user\documents\github\moogdots-new-vs2017compatible\moog_doots_reallocated_ver\wxmsw-2.6.3-1\wxwidgets-2.6.3\build\msw\vc_mswd\base\txtstrm.obj
c:\users\user\documents\github\moogdots-new-vs2017compatible\moog_doots_reallocated_ver\wxmsw-2.6.3-1\wxwidgets-2.6.3\build\msw\vc_mswd\base\uri.obj
c:\users\user\documents\github\moogdots-new-vs2017compatible\moog_doots_reallocated_ver\wxmsw-2.6.3-1\wxwidgets-2.6.3\build\msw\vc_mswd\base\utils.obj
c:\users\user\documents\github\moogdots-new-vs2017compatible\moog_doots_reallocated_ver\wxmsw-2.6.3-1\wxwidgets-2.6.3\build\msw\vc_mswd\base\utilscmn.obj
c:\users\user\documents\github\moogdots-new-vs2017compatible\moog_doots_reallocated_ver\wxmsw-2.6.3-1\wxwidgets-2.6.3\build\msw\vc_mswd\base\utilsexc.obj
c:\users\user\documents\github\moogdots-new-vs2017compatible\moog_doots_reallocated_ver\wxmsw-2.6.3-1\wxwidgets-2.6.3\build\msw\vc_mswd\base\variant.obj
c:\users\user\documents\github\moogdots-new-vs2017compatible\moog_doots_reallocated_ver\wxmsw-2.6.3-1\wxwidgets-2.6.3\build\msw\vc_mswd\base\volume.obj
c:\users\user\documents\github\moogdots-new-vs2017compatible\moog_doots_reallocated_ver\wxmsw-2.6.3-1\wxwidgets-2.6.3\build\msw\vc_mswd\base\wfstream.obj
c:\users\user\documents\github\moogdots-new-vs2017compatible\moog_doots_reallocated_ver\wxmsw-2.6.3-1\wxwidgets-2.6.3\build\msw\vc_mswd\base\wxchar.obj
c:\users\user\documents\github\moogdots-new-vs2017compatible\moog_doots_reallocated_ver\wxmsw-2.6.3-1\wxwidgets-2.6.3\build\msw\vc_mswd\base\xti.obj
c:\users\user\documents\github\moogdots-new-vs2017compatible\moog_doots_reallocated_ver\wxmsw-2.6.3-1\wxwidgets-2.6.3\build\msw\vc_mswd\base\xtistrm.obj
c:\users\user\documents\github\moogdots-new-vs2017compatible\moog_doots_reallocated_ver\wxmsw-2.6.3-1\wxwidgets-2.6.3\build\msw\vc_mswd\base\zipstrm.obj
c:\users\user\documents\github\moogdots-new-vs2017compatible\moog_doots_reallocated_ver\wxmsw-2.6.3-1\wxwidgets-2.6.3\build\msw\vc_mswd\base\zstream.obj
c:\users\user\documents\github\moogdots-new-vs2017compatible\moog_doots_reallocated_ver\wxmsw-2.6.3-1\wxwidgets-2.6.3\build\msw\vc_mswd\base\base.tlog\cl.command.1.tlog
c:\users\user\documents\github\moogdots-new-vs2017compatible\moog_doots_reallocated_ver\wxmsw-2.6.3-1\wxwidgets-2.6.3\build\msw\vc_mswd\base\base.tlog\cl.read.1.tlog
c:\users\user\documents\github\moogdots-new-vs2017compatible\moog_doots_reallocated_ver\wxmsw-2.6.3-1\wxwidgets-2.6.3\build\msw\vc_mswd\base\base.tlog\cl.write.1.tlog
c:\users\user\documents\github\moogdots-new-vs2017compatible\moog_doots_reallocated_ver\wxmsw-2.6.3-1\wxwidgets-2.6.3\build\msw\vc_mswd\base\base.tlog\custombuild.command.1.tlog
c:\users\user\documents\github\moogdots-new-vs2017compatible\moog_doots_reallocated_ver\wxmsw-2.6.3-1\wxwidgets-2.6.3\build\msw\vc_mswd\base\base.tlog\custombuild.read.1.tlog
c:\users\user\documents\github\moogdots-new-vs2017compatible\moog_doots_reallocated_ver\wxmsw-2.6.3-1\wxwidgets-2.6.3\build\msw\vc_mswd\base\base.tlog\custombuild.write.1.tlog
c:\users\user\documents\github\moogdots-new-vs2017compatible\moog_doots_reallocated_ver\wxmsw-2.6.3-1\wxwidgets-2.6.3\build\msw\vc_mswd\base\base.tlog\lib-link.read.1.tlog
c:\users\user\documents\github\moogdots-new-vs2017compatible\moog_doots_reallocated_ver\wxmsw-2.6.3-1\wxwidgets-2.6.3\build\msw\vc_mswd\base\base.tlog\lib-link.write.1.tlog
c:\users\user\documents\github\moogdots-new-vs2017compatible\moog_doots_reallocated_ver\wxmsw-2.6.3-1\wxwidgets-2.6.3\build\msw\vc_mswd\base\base.tlog\lib.command.1.tlog
