c:\users\robocup\desktop\290425015\wxmsw-2.6.3-1\wxwidgets-2.6.3\lib\vc_lib\wxregexd.pdb
c:\users\robocup\desktop\290425015\wxmsw-2.6.3-1\wxwidgets-2.6.3\lib\vc_lib\wxregexd.idb
c:\users\robocup\desktop\290425015\wxmsw-2.6.3-1\wxwidgets-2.6.3\build\msw\vc_mswd\wxregex\regcomp.obj
c:\users\robocup\desktop\290425015\wxmsw-2.6.3-1\wxwidgets-2.6.3\build\msw\vc_mswd\wxregex\regerror.obj
c:\users\robocup\desktop\290425015\wxmsw-2.6.3-1\wxwidgets-2.6.3\build\msw\vc_mswd\wxregex\regexec.obj
c:\users\robocup\desktop\290425015\wxmsw-2.6.3-1\wxwidgets-2.6.3\build\msw\vc_mswd\wxregex\regfree.obj
c:\users\robocup\desktop\290425015\wxmsw-2.6.3-1\wxwidgets-2.6.3\lib\vc_lib\mswd\wx\msw\rcdefs.h
c:\users\robocup\desktop\290425015\wxmsw-2.6.3-1\wxwidgets-2.6.3\lib\vc_lib\mswd\wx\setup.h
c:\users\robocup\desktop\290425015\wxmsw-2.6.3-1\wxwidgets-2.6.3\lib\vc_lib\wxregexd.lib
c:\users\user\documents\github\moogdots-new-vs2017compatible\moog_doots_reallocated_ver\wxmsw-2.6.3-1\wxwidgets-2.6.3\build\msw\vc_mswd\wxregex\regcomp.obj
c:\users\user\documents\github\moogdots-new-vs2017compatible\moog_doots_reallocated_ver\wxmsw-2.6.3-1\wxwidgets-2.6.3\build\msw\vc_mswd\wxregex\regerror.obj
c:\users\user\documents\github\moogdots-new-vs2017compatible\moog_doots_reallocated_ver\wxmsw-2.6.3-1\wxwidgets-2.6.3\build\msw\vc_mswd\wxregex\regexec.obj
c:\users\user\documents\github\moogdots-new-vs2017compatible\moog_doots_reallocated_ver\wxmsw-2.6.3-1\wxwidgets-2.6.3\build\msw\vc_mswd\wxregex\regfree.obj
c:\users\user\documents\github\moogdots-new-vs2017compatible\moog_doots_reallocated_ver\wxmsw-2.6.3-1\wxwidgets-2.6.3\build\msw\.\..\..\lib\vc_lib\wxregex.lib
c:\users\user\documents\github\moogdots-new-vs2017compatible\moog_doots_reallocated_ver\wxmsw-2.6.3-1\wxwidgets-2.6.3\build\msw\vc_mswd\wxregex\wxregex.tlog\cl.command.1.tlog
c:\users\user\documents\github\moogdots-new-vs2017compatible\moog_doots_reallocated_ver\wxmsw-2.6.3-1\wxwidgets-2.6.3\build\msw\vc_mswd\wxregex\wxregex.tlog\cl.read.1.tlog
c:\users\user\documents\github\moogdots-new-vs2017compatible\moog_doots_reallocated_ver\wxmsw-2.6.3-1\wxwidgets-2.6.3\build\msw\vc_mswd\wxregex\wxregex.tlog\cl.write.1.tlog
c:\users\user\documents\github\moogdots-new-vs2017compatible\moog_doots_reallocated_ver\wxmsw-2.6.3-1\wxwidgets-2.6.3\build\msw\vc_mswd\wxregex\wxregex.tlog\custombuild.command.1.tlog
c:\users\user\documents\github\moogdots-new-vs2017compatible\moog_doots_reallocated_ver\wxmsw-2.6.3-1\wxwidgets-2.6.3\build\msw\vc_mswd\wxregex\wxregex.tlog\custombuild.read.1.tlog
c:\users\user\documents\github\moogdots-new-vs2017compatible\moog_doots_reallocated_ver\wxmsw-2.6.3-1\wxwidgets-2.6.3\build\msw\vc_mswd\wxregex\wxregex.tlog\custombuild.write.1.tlog
c:\users\user\documents\github\moogdots-new-vs2017compatible\moog_doots_reallocated_ver\wxmsw-2.6.3-1\wxwidgets-2.6.3\build\msw\vc_mswd\wxregex\wxregex.tlog\lib-link.read.1.tlog
c:\users\user\documents\github\moogdots-new-vs2017compatible\moog_doots_reallocated_ver\wxmsw-2.6.3-1\wxwidgets-2.6.3\build\msw\vc_mswd\wxregex\wxregex.tlog\lib-link.write.1.tlog
c:\users\user\documents\github\moogdots-new-vs2017compatible\moog_doots_reallocated_ver\wxmsw-2.6.3-1\wxwidgets-2.6.3\build\msw\vc_mswd\wxregex\wxregex.tlog\lib.command.1.tlog
c:\users\user\documents\github\moogdots-new-vs2017compatible\moog_doots_reallocated_ver\wxmsw-2.6.3-1\wxwidgets-2.6.3\build\msw\vc_mswd\wxregex\wxregex.tlog\link.command.1.tlog
c:\users\user\documents\github\moogdots-new-vs2017compatible\moog_doots_reallocated_ver\wxmsw-2.6.3-1\wxwidgets-2.6.3\build\msw\vc_mswd\wxregex\wxregex.tlog\link.read.1.tlog
c:\users\user\documents\github\moogdots-new-vs2017compatible\moog_doots_reallocated_ver\wxmsw-2.6.3-1\wxwidgets-2.6.3\build\msw\vc_mswd\wxregex\wxregex.tlog\link.write.1.tlog
