Build started 22/09/2016 21:05:25.
     1>Project "C:\Users\user\Desktop\RelaeseMoogDots\version2.0.0.4.3\MOOG_DOOTS_REALLOCATED_VER\wxMSW-2.6.3-1\wxWidgets-2.6.3\src\tiff\tiff.vcxproj" on node 4 (Build target(s)).
     1>ClCompile:
         C:\Program Files (x86)\Microsoft Visual Studio 12.0\VC\bin\CL.exe /c /I.. /I../include /Zi /nologo /W0 /WX- /O1 /Ob2 /Oy- /D WIN32 /D _WINDOWS /D __WINDOWS__ /D __WXMSW__ /D __WIN95__ /D __WIN32__ /D WINVER=0x0400 /D STRICT /D _VC80_UPGRADE=0x0600 /GF /Gm- /EHsc /MD /GS /Gy /fp:precise /Zc:wchar_t /Zc:forScope /Fo".\Release\\" /Fd".\Release\vc120.pdb" /Gd /TC /analyze- /errorReport:prompt tif_aux.c tif_close.c tif_codec.c tif_color.c tif_compress.c tif_dir.c tif_dirinfo.c tif_dirread.c tif_dirwrite.c tif_dumpmode.c tif_error.c tif_extension.c tif_fax3.c tif_fax3sm.c tif_flush.c tif_getimage.c tif_jpeg.c tif_luv.c tif_lzw.c tif_next.c tif_open.c tif_packbits.c tif_pixarlog.c tif_predict.c tif_print.c tif_read.c tif_strip.c tif_swab.c tif_thunder.c tif_tile.c tif_version.c tif_warning.c tif_win32.c tif_write.c tif_zip.c
         tif_aux.c
         tif_close.c
         tif_codec.c
         tif_color.c
         tif_compress.c
         tif_dir.c
         tif_dirinfo.c
         tif_dirread.c
         tif_dirwrite.c
         tif_dumpmode.c
         tif_error.c
         tif_extension.c
         tif_fax3.c
         tif_fax3sm.c
         tif_flush.c
         tif_getimage.c
         tif_jpeg.c
         tif_luv.c
         tif_lzw.c
         tif_next.c
         Generating Code...
         Compiling...
         tif_open.c
         tif_packbits.c
         tif_pixarlog.c
         tif_predict.c
         tif_print.c
         tif_read.c
         tif_strip.c
         tif_swab.c
         tif_thunder.c
         tif_tile.c
         tif_version.c
         tif_warning.c
         tif_win32.c
         tif_write.c
         tif_zip.c
         Generating Code...
     1>C:\Program Files (x86)\MSBuild\Microsoft.Cpp\v4.0\V120\Microsoft.CppBuild.targets(1361,5): warning MSB8012: TargetPath(C:\Users\user\Desktop\RelaeseMoogDots\version2.0.0.4.3\MOOG_DOOTS_REALLOCATED_VER\wxMSW-2.6.3-1\wxWidgets-2.6.3\src\tiff\.\Release\tiff.lib) does not match the Library's OutputFile property value (C:\Users\user\Desktop\RelaeseMoogDots\version2.0.0.4.3\MOOG_DOOTS_REALLOCATED_VER\wxMSW-2.6.3-1\wxWidgets-2.6.3\lib\tiff.lib). This may cause your project to build incorrectly. To correct this, please make sure that $(OutDir), $(TargetName) and $(TargetExt) property values match the value specified in %(Lib.OutputFile).
       Lib:
         C:\Program Files (x86)\Microsoft Visual Studio 12.0\VC\bin\Lib.exe /OUT:"..\..\lib\tiff.lib" /NOLOGO .\Release\tif_aux.obj
         .\Release\tif_close.obj
         .\Release\tif_codec.obj
         .\Release\tif_color.obj
         .\Release\tif_compress.obj
         .\Release\tif_dir.obj
         .\Release\tif_dirinfo.obj
         .\Release\tif_dirread.obj
         .\Release\tif_dirwrite.obj
         .\Release\tif_dumpmode.obj
         .\Release\tif_error.obj
         .\Release\tif_extension.obj
         .\Release\tif_fax3.obj
         .\Release\tif_fax3sm.obj
         .\Release\tif_flush.obj
         .\Release\tif_getimage.obj
         .\Release\tif_jpeg.obj
         .\Release\tif_luv.obj
         .\Release\tif_lzw.obj
         .\Release\tif_next.obj
         .\Release\tif_open.obj
         .\Release\tif_packbits.obj
         .\Release\tif_pixarlog.obj
         .\Release\tif_predict.obj
         .\Release\tif_print.obj
         .\Release\tif_read.obj
         .\Release\tif_strip.obj
         .\Release\tif_swab.obj
         .\Release\tif_thunder.obj
         .\Release\tif_tile.obj
         .\Release\tif_version.obj
         .\Release\tif_warning.obj
         .\Release\tif_win32.obj
         .\Release\tif_write.obj
         .\Release\tif_zip.obj
         tiff.vcxproj -> C:\Users\user\Desktop\RelaeseMoogDots\version2.0.0.4.3\MOOG_DOOTS_REALLOCATED_VER\wxMSW-2.6.3-1\wxWidgets-2.6.3\src\tiff\.\Release\tiff.lib
     1>Done Building Project "C:\Users\user\Desktop\RelaeseMoogDots\version2.0.0.4.3\MOOG_DOOTS_REALLOCATED_VER\wxMSW-2.6.3-1\wxWidgets-2.6.3\src\tiff\tiff.vcxproj" (Build target(s)).

Build succeeded.

Time Elapsed 00:00:07.75
