Build started 25/05/2015 14:14:43.
     1>Project "C:\Users\robocup\Desktop\sec\290425015\wxMSW-2.6.3-1\wxWidgets-2.6.3\build\msw\wx_base.vcxproj" on node 2 (Rebuild target(s)).
     1>C:\Program Files (x86)\MSBuild\Microsoft.Cpp\v4.0\V120\Microsoft.CppBuild.targets(388,5): warning MSB8028: The intermediate directory (x64\Debug\) contains files shared from another project (wxexpat.vcxproj, wxjpeg.vcxproj, wxpng.vcxproj, wxregex.vcxproj, wxtiff.vcxproj, wxzlib.vcxproj).  This can lead to incorrect clean and rebuild behavior.
     1>CustomBuild:
         Creating ..\..\lib\vc_lib\mswd\wx\msw\rcdefs.h
         genrcdefs.h
         Creating ..\..\lib\vc_lib\mswd\wx\setup.h
                 1 file(s) copied.
       ClCompile:
         C:\Program Files (x86)\Microsoft Visual Studio 12.0\VC\bin\x86_amd64\CL.exe /c /I..\..\lib\vc_lib\mswd /I..\..\include /I..\..\src\tiff /I..\..\src\jpeg /I..\..\src\png /I..\..\src\zlib /I..\..\src\regex /I..\..\src\expat\lib /Zi /nologo /W4 /WX- /Od /D WIN32 /D _LIB /D _DEBUG /D __WXMSW__ /D __WXDEBUG__ /D wxUSE_GUI=0 /D wxUSE_BASE=1 /D _VC80_UPGRADE=0x0600 /Gm- /EHsc /RTC1 /MDd /GS /Gy- /fp:precise /Zc:wchar_t /Zc:forScope /GR /Yc"wx/wxprec.h" /Fp"vc_mswd\wxprec_baselib.pch" /Fo".\vc_mswd\base\\" /Fd"..\..\lib\vc_lib\wxbase26d.pdb" /Gd /TP /errorReport:prompt  /EHsc   /EHsc ..\..\src\msw\dummy.cpp
         dummy.cpp
         C:\Program Files (x86)\Microsoft Visual Studio 12.0\VC\bin\x86_amd64\CL.exe /c /I..\..\lib\vc_lib\mswd /I..\..\include /I..\..\src\tiff /I..\..\src\jpeg /I..\..\src\png /I..\..\src\zlib /I..\..\src\regex /I..\..\src\expat\lib /Zi /nologo /W4 /WX- /Od /D WIN32 /D _LIB /D _DEBUG /D __WXMSW__ /D __WXDEBUG__ /D wxUSE_GUI=0 /D wxUSE_BASE=1 /D _VC80_UPGRADE=0x0600 /Gm- /EHsc /RTC1 /MDd /GS /Gy- /fp:precise /Zc:wchar_t /Zc:forScope /GR /Yu"wx/wxprec.h" /Fp"vc_mswd\wxprec_baselib.pch" /Fo".\vc_mswd\base\\" /Fd"..\..\lib\vc_lib\wxbase26d.pdb" /Gd /TP /errorReport:prompt  /EHsc   /EHsc ..\..\src\common\appbase.cpp ..\..\src\common\archive.cpp ..\..\src\common\clntdata.cpp ..\..\src\common\cmdline.cpp ..\..\src\common\config.cpp ..\..\src\common\datetime.cpp ..\..\src\common\datstrm.cpp ..\..\src\common\dircmn.cpp ..\..\src\common\dynarray.cpp ..\..\src\common\dynlib.cpp ..\..\src\common\dynload.cpp ..\..\src\common\encconv.cpp ..\..\src\common\event.cpp ..\..\src\common\ffile.cpp ..\..\src\common\file.cpp ..\..\src\common\fileconf.cpp ..\..\src\common\filefn.cpp ..\..\src\common\filename.cpp ..\..\src\common\filesys.cpp ..\..\src\common\fmapbase.cpp ..\..\src\common\fs_mem.cpp ..\..\src\common\fs_zip.cpp ..\..\src\common\hash.cpp ..\..\src\common\hashmap.cpp ..\..\src\common\init.cpp ..\..\src\common\intl.cpp ..\..\src\common\ipcbase.cpp ..\..\src\common\list.cpp ..\..\src\common\log.cpp ..\..\src\common\longlong.cpp ..\..\src\common\memory.cpp ..\..\src\common\mimecmn.cpp ..\..\src\common\module.cpp ..\..\src\common\msgout.cpp ..\..\src\common\mstream.cpp ..\..\src\common\object.cpp ..\..\src\common\process.cpp ..\..\src\common\regex.cpp ..\..\src\common\sstream.cpp ..\..\src\common\stdpbase.cpp ..\..\src\common\stopwatch.cpp ..\..\src\common\strconv.cpp ..\..\src\common\stream.cpp ..\..\src\common\string.cpp ..\..\src\common\sysopt.cpp ..\..\src\common\textbuf.cpp ..\..\src\common\textfile.cpp ..\..\src\common\tokenzr.cpp ..\..\src\common\txtstrm.cpp ..\..\src\common\uri.cpp ..\..\src\common\utilscmn.cpp ..\..\src\common\variant.cpp ..\..\src\common\wfstream.cpp ..\..\src\common\wxchar.cpp ..\..\src\common\xti.cpp ..\..\src\common\xtistrm.cpp ..\..\src\common\zipstrm.cpp ..\..\src\common\zstream.cpp ..\..\src\msw\basemsw.cpp ..\..\src\msw\crashrpt.cpp ..\..\src\msw\dde.cpp ..\..\src\msw\debughlp.cpp ..\..\src\msw\dir.cpp ..\..\src\msw\dlmsw.cpp ..\..\src\msw\main.cpp ..\..\src\msw\mimetype.cpp ..\..\src\msw\mslu.cpp ..\..\src\msw\regconf.cpp ..\..\src\msw\registry.cpp ..\..\src\msw\snglinst.cpp ..\..\src\msw\stackwalk.cpp ..\..\src\msw\stdpaths.cpp ..\..\src\msw\thread.cpp ..\..\src\msw\utils.cpp ..\..\src\msw\utilsexc.cpp ..\..\src\msw\volume.cpp
         appbase.cpp
     1>C:\Users\robocup\Desktop\sec\290425015\wxMSW-2.6.3-1\wxWidgets-2.6.3\include\wx/confbase.h : warning C4819: The file contains a character that cannot be represented in the current code page (1255). Save the file in Unicode format to prevent data loss
         archive.cpp
         clntdata.cpp
         cmdline.cpp
     1>..\..\src\common\cmdline.cpp(265): warning C4267: 'return' : conversion from 'size_t' to 'int', possible loss of data
     1>..\..\src\common\cmdline.cpp(281): warning C4267: 'return' : conversion from 'size_t' to 'int', possible loss of data
         config.cpp
     1>..\..\src\common\config.cpp : warning C4819: The file contains a character that cannot be represented in the current code page (1255). Save the file in Unicode format to prevent data loss
     1>C:\Users\robocup\Desktop\sec\290425015\wxMSW-2.6.3-1\wxWidgets-2.6.3\include\wx/confbase.h : warning C4819: The file contains a character that cannot be represented in the current code page (1255). Save the file in Unicode format to prevent data loss
         datetime.cpp
         datstrm.cpp
     1>..\..\src\common\datstrm.cpp(323): warning C4267: 'argument' : conversion from 'size_t' to 'wxUint32', possible loss of data
     1>..\..\src\common\datstrm.cpp(427): warning C4267: 'argument' : conversion from 'size_t' to 'wxUint32', possible loss of data
         dircmn.cpp
         dynarray.cpp
     1>..\..\src\common\dynarray.cpp(417): warning C4267: 'return' : conversion from 'size_t' to 'int', possible loss of data
     1>..\..\src\common\dynarray.cpp(418): warning C4267: 'return' : conversion from 'size_t' to 'int', possible loss of data
     1>..\..\src\common\dynarray.cpp(419): warning C4267: 'return' : conversion from 'size_t' to 'int', possible loss of data
     1>..\..\src\common\dynarray.cpp(420): warning C4267: 'return' : conversion from 'size_t' to 'int', possible loss of data
     1>..\..\src\common\dynarray.cpp(421): warning C4267: 'return' : conversion from 'size_t' to 'int', possible loss of data
     1>..\..\src\common\dynarray.cpp(422): warning C4267: 'return' : conversion from 'size_t' to 'int', possible loss of data
         dynlib.cpp
         dynload.cpp
         encconv.cpp
         event.cpp
         ffile.cpp
         file.cpp
     1>..\..\src\common\file.cpp(306): warning C4267: 'argument' : conversion from 'size_t' to 'unsigned int', possible loss of data
     1>..\..\src\common\file.cpp(322): warning C4267: 'argument' : conversion from 'size_t' to 'unsigned int', possible loss of data
         fileconf.cpp
     1>..\..\src\common\fileconf.cpp : warning C4819: The file contains a character that cannot be represented in the current code page (1255). Save the file in Unicode format to prevent data loss
     1>C:\Users\robocup\Desktop\sec\290425015\wxMSW-2.6.3-1\wxWidgets-2.6.3\include\wx/confbase.h : warning C4819: The file contains a character that cannot be represented in the current code page (1255). Save the file in Unicode format to prevent data loss
     1>C:\Users\robocup\Desktop\sec\290425015\wxMSW-2.6.3-1\wxWidgets-2.6.3\include\wx/fileconf.h : warning C4819: The file contains a character that cannot be represented in the current code page (1255). Save the file in Unicode format to prevent data loss
     1>..\..\src\common\fileconf.cpp(701): warning C4267: 'argument' : conversion from 'size_t' to 'int', possible loss of data
         filefn.cpp
     1>..\..\src\common\filefn.cpp(361): warning C4267: 'initializing' : conversion from 'size_t' to 'int', possible loss of data
     1>..\..\src\common\filefn.cpp(521): warning C4267: '=' : conversion from 'size_t' to 'int', possible loss of data
     1>..\..\src\common\filefn.cpp(746): warning C4267: 'initializing' : conversion from 'size_t' to 'int', possible loss of data
     1>..\..\src\common\filefn.cpp(802): warning C4267: 'initializing' : conversion from 'size_t' to 'int', possible loss of data
     1>..\..\src\common\filefn.cpp(1757): warning C4267: 'return' : conversion from 'size_t' to 'int', possible loss of data
     1>..\..\src\common\filefn.cpp(1977): warning C4996: 'fileno': The POSIX name for this item is deprecated. Instead, use the ISO C++ conformant name: _fileno. See online help for details.
                 C:\Program Files (x86)\Microsoft Visual Studio 12.0\VC\include\stdio.h(718) : see declaration of 'fileno'
         filename.cpp
     1>C:\Users\robocup\Desktop\sec\290425015\wxMSW-2.6.3-1\wxWidgets-2.6.3\include\wx/confbase.h : warning C4819: The file contains a character that cannot be represented in the current code page (1255). Save the file in Unicode format to prevent data loss
         filesys.cpp
     1>C:\Users\robocup\Desktop\sec\290425015\wxMSW-2.6.3-1\wxWidgets-2.6.3\include\wx/mimetype.h(126): warning C4267: 'return' : conversion from 'size_t' to 'int', possible loss of data
     1>..\..\src\common\filesys.cpp(43): warning C4267: 'initializing' : conversion from 'size_t' to 'int', possible loss of data
     1>..\..\src\common\filesys.cpp(127): warning C4267: 'initializing' : conversion from 'size_t' to 'int', possible loss of data
     1>..\..\src\common\filesys.cpp(144): warning C4267: '=' : conversion from 'size_t' to 'int', possible loss of data
     1>..\..\src\common\filesys.cpp(153): warning C4267: 'initializing' : conversion from 'size_t' to 'int', possible loss of data
     1>..\..\src\common\filesys.cpp(170): warning C4267: 'initializing' : conversion from 'size_t' to 'int', possible loss of data
     1>..\..\src\common\filesys.cpp(263): warning C4267: '=' : conversion from 'size_t' to 'int', possible loss of data
     1>..\..\src\common\filesys.cpp(282): warning C4267: '=' : conversion from 'size_t' to 'int', possible loss of data
     1>..\..\src\common\filesys.cpp(311): warning C4267: '=' : conversion from 'size_t' to 'int', possible loss of data
     1>..\..\src\common\filesys.cpp(361): warning C4267: '=' : conversion from 'size_t' to 'unsigned int', possible loss of data
     1>..\..\src\common\filesys.cpp(418): warning C4267: 'initializing' : conversion from 'size_t' to 'int', possible loss of data
         fmapbase.cpp
     1>C:\Users\robocup\Desktop\sec\290425015\wxMSW-2.6.3-1\wxWidgets-2.6.3\include\wx/confbase.h : warning C4819: The file contains a character that cannot be represented in the current code page (1255). Save the file in Unicode format to prevent data loss
     1>C:\Users\robocup\Desktop\sec\290425015\wxMSW-2.6.3-1\wxWidgets-2.6.3\include\wx/fileconf.h : warning C4819: The file contains a character that cannot be represented in the current code page (1255). Save the file in Unicode format to prevent data loss
         Generating Code...
         Compiling...
         fs_mem.cpp
         fs_zip.cpp
         hash.cpp
         hashmap.cpp
         init.cpp
         intl.cpp
     1>..\..\src\common\intl.cpp(34): warning C4603: '__INTERNAL_DEFS' : macro is not defined or definition is different after precompiled header use
                 Add macro to precompiled header instead of defining here
                 ..\..\src\common\intl.cpp(38) : use of precompiled header
     1>..\..\src\common\intl.cpp(1398): warning C4267: 'argument' : conversion from 'size_t' to 'int', possible loss of data
         ipcbase.cpp
         list.cpp
     1>..\..\src\common\list.cpp(664): warning C4311: 'type cast' : pointer truncation from 'const wxChar *' to 'long'
         log.cpp
         longlong.cpp
         memory.cpp
     1>..\..\src\common\memory.cpp(346): warning C4311: 'type cast' : pointer truncation from 'void *' to 'long'
     1>..\..\src\common\memory.cpp(359): warning C4311: 'type cast' : pointer truncation from 'void *' to 'long'
     1>..\..\src\common\memory.cpp(392): warning C4311: 'type cast' : pointer truncation from 'void *' to 'long'
     1>..\..\src\common\memory.cpp(404): warning C4311: 'type cast' : pointer truncation from 'void *' to 'long'
     1>..\..\src\common\memory.cpp(716): warning C4267: '+=' : conversion from 'size_t' to 'long', possible loss of data
     1>..\..\src\common\memory.cpp(721): warning C4267: '+=' : conversion from 'size_t' to 'long', possible loss of data
     1>..\..\src\common\memory.cpp(976): warning C4267: 'initializing' : conversion from 'size_t' to 'int', possible loss of data
         mimecmn.cpp
     1>C:\Users\robocup\Desktop\sec\290425015\wxMSW-2.6.3-1\wxWidgets-2.6.3\include\wx/confbase.h : warning C4819: The file contains a character that cannot be represented in the current code page (1255). Save the file in Unicode format to prevent data loss
     1>C:\Users\robocup\Desktop\sec\290425015\wxMSW-2.6.3-1\wxWidgets-2.6.3\include\wx/mimetype.h(126): warning C4267: 'return' : conversion from 'size_t' to 'int', possible loss of data
         module.cpp
         msgout.cpp
         mstream.cpp
         object.cpp
         process.cpp
         regex.cpp
     1>..\..\src\common\regex.cpp : warning C4819: The file contains a character that cannot be represented in the current code page (1255). Save the file in Unicode format to prevent data loss
     1>C:\Users\robocup\Desktop\sec\290425015\wxMSW-2.6.3-1\wxWidgets-2.6.3\include\wx/regex.h : warning C4819: The file contains a character that cannot be represented in the current code page (1255). Save the file in Unicode format to prevent data loss
     1>..\..\src\common\regex.cpp(249): warning C4267: 'initializing' : conversion from 'size_t' to 'int', possible loss of data
     1>..\..\src\common\regex.cpp(605): warning C4267: 'return' : conversion from 'size_t' to 'int', possible loss of data
         sstream.cpp
         stdpbase.cpp
         Generating Code...
         Compiling...
         stopwatch.cpp
         strconv.cpp
     1>..\..\src\common\strconv.cpp(1657): warning C4267: 'argument' : conversion from 'size_t' to 'int', possible loss of data
     1>..\..\src\common\strconv.cpp(1711): warning C4267: 'argument' : conversion from 'size_t' to 'int', possible loss of data
         stream.cpp
         string.cpp
     1>..\..\src\common\string.cpp(1321): warning C4267: 'initializing' : conversion from 'size_t' to 'int', possible loss of data
     1>..\..\src\common\string.cpp(1499): warning C4267: '=' : conversion from 'size_t' to 'int', possible loss of data
     1>..\..\src\common\string.cpp(1852): warning C4267: 'return' : conversion from 'size_t' to 'int', possible loss of data
     1>..\..\src\common\string.cpp(2001): warning C4267: 'initializing' : conversion from 'size_t' to 'int', possible loss of data
     1>..\..\src\common\string.cpp(2255): warning C4267: 'return' : conversion from 'size_t' to 'int', possible loss of data
     1>..\..\src\common\string.cpp(2267): warning C4267: 'return' : conversion from 'size_t' to 'int', possible loss of data
     1>..\..\src\common\string.cpp(2275): warning C4267: 'return' : conversion from 'size_t' to 'int', possible loss of data
         sysopt.cpp
         textbuf.cpp
         textfile.cpp
         tokenzr.cpp
         txtstrm.cpp
         uri.cpp
         utilscmn.cpp
     1>C:\Users\robocup\Desktop\sec\290425015\wxMSW-2.6.3-1\wxWidgets-2.6.3\include\wx/mimetype.h(126): warning C4267: 'return' : conversion from 'size_t' to 'int', possible loss of data
     1>C:\Users\robocup\Desktop\sec\290425015\wxMSW-2.6.3-1\wxWidgets-2.6.3\include\wx/confbase.h : warning C4819: The file contains a character that cannot be represented in the current code page (1255). Save the file in Unicode format to prevent data loss
     1>..\..\src\common\utilscmn.cpp(625): warning C4311: 'type cast' : pointer truncation from 'HINSTANCE' to 'int'
         variant.cpp
     1>..\..\src\common\variant.cpp(881): warning C4311: 'type cast' : pointer truncation from 'void *const ' to 'long'
     1>..\..\src\common\variant.cpp(985): warning C4311: 'type cast' : pointer truncation from 'wxObject *const ' to 'long'
     1>..\..\src\common\variant.cpp(1778): warning C4267: 'return' : conversion from 'size_t' to 'int', possible loss of data
     1>..\..\src\common\variant.cpp(1784): warning C4267: 'return' : conversion from 'size_t' to 'int', possible loss of data
         wfstream.cpp
         wxchar.cpp
         xti.cpp
         xtistrm.cpp
         zipstrm.cpp
     1>..\..\src\common\zipstrm.cpp(432): warning C4267: '=' : conversion from 'size_t' to 'uInt', possible loss of data
     1>..\..\src\common\zipstrm.cpp(1289): warning C4267: 'return' : conversion from 'size_t' to 'int', possible loss of data
     1>..\..\src\common\zipstrm.cpp(1734): warning C4267: 'argument' : conversion from 'size_t' to 'uInt', possible loss of data
     1>..\..\src\common\zipstrm.cpp(2006): warning C4267: '+=' : conversion from 'size_t' to 'int', possible loss of data
     1>..\..\src\common\zipstrm.cpp(2127): warning C4267: 'argument' : conversion from 'size_t' to 'uInt', possible loss of data
     1>..\..\src\common\zipstrm.cpp(2165): warning C4267: 'argument' : conversion from 'size_t' to 'int', possible loss of data
     1>..\..\src\common\zipstrm.cpp(2166): warning C4267: 'argument' : conversion from 'size_t' to 'int', possible loss of data
     1>..\..\src\common\zipstrm.cpp(2286): warning C4267: 'argument' : conversion from 'size_t' to 'uInt', possible loss of data
         zstream.cpp
     1>..\..\src\common\zstream.cpp(122): warning C4267: '=' : conversion from 'size_t' to 'uInt', possible loss of data
     1>..\..\src\common\zstream.cpp(128): warning C4267: '=' : conversion from 'size_t' to 'uInt', possible loss of data
     1>..\..\src\common\zstream.cpp(221): warning C4267: '=' : conversion from 'size_t' to 'uInt', possible loss of data
     1>..\..\src\common\zstream.cpp(273): warning C4267: '=' : conversion from 'size_t' to 'uInt', possible loss of data
     1>..\..\src\common\zstream.cpp(294): warning C4267: '=' : conversion from 'size_t' to 'uInt', possible loss of data
     1>..\..\src\common\zstream.cpp(306): warning C4267: '=' : conversion from 'size_t' to 'uInt', possible loss of data
         basemsw.cpp
         crashrpt.cpp
         Generating Code...
         Compiling...
         dde.cpp
     1>..\..\src\msw\dde.cpp(557): warning C4267: '=' : conversion from 'size_t' to 'int', possible loss of data
     1>..\..\src\msw\dde.cpp(618): warning C4267: '=' : conversion from 'size_t' to 'int', possible loss of data
     1>..\..\src\msw\dde.cpp(683): warning C4267: '=' : conversion from 'size_t' to 'int', possible loss of data
     1>..\..\src\msw\dde.cpp(819): warning C4267: '=' : conversion from 'size_t' to 'int', possible loss of data
         debughlp.cpp
         dir.cpp
         dlmsw.cpp
     1>..\..\src\msw\dlmsw.cpp(315): error C2664: 'BOOL (HANDLE,PENUMLOADED_MODULES_CALLBACK64,PVOID)' : cannot convert argument 2 from 'overloaded-function' to 'PENUMLOADED_MODULES_CALLBACK64'
                 None of the functions with this name in scope match the target type
         main.cpp
     1>..\..\src\msw\main.cpp(212): warning C4535: calling _set_se_translator() requires /EHa
         mimetype.cpp
     1>C:\Users\robocup\Desktop\sec\290425015\wxMSW-2.6.3-1\wxWidgets-2.6.3\include\wx/confbase.h : warning C4819: The file contains a character that cannot be represented in the current code page (1255). Save the file in Unicode format to prevent data loss
     1>C:\Users\robocup\Desktop\sec\290425015\wxMSW-2.6.3-1\wxWidgets-2.6.3\include\wx/mimetype.h(126): warning C4267: 'return' : conversion from 'size_t' to 'int', possible loss of data
         mslu.cpp
         regconf.cpp
     1>C:\Users\robocup\Desktop\sec\290425015\wxMSW-2.6.3-1\wxWidgets-2.6.3\include\wx/confbase.h : warning C4819: The file contains a character that cannot be represented in the current code page (1255). Save the file in Unicode format to prevent data loss
         registry.cpp
     1>..\..\src\msw\registry.cpp(170): warning C4311: 'type cast' : pointer truncation from 'HKEY' to 'int'
     1>..\..\src\msw\registry.cpp(176): warning C4311: 'type cast' : pointer truncation from 'HKEY' to 'int'
     1>..\..\src\msw\registry.cpp(176): warning C4311: 'type cast' : pointer truncation from 'WXHKEY' to 'int'
     1>..\..\src\msw\registry.cpp(849): warning C4267: 'argument' : conversion from 'size_t' to 'DWORD', possible loss of data
     1>..\..\src\msw\registry.cpp(970): warning C4267: 'argument' : conversion from 'size_t' to 'DWORD', possible loss of data
         snglinst.cpp
         stackwalk.cpp
         stdpaths.cpp
         thread.cpp
     1>..\..\src\msw\thread.cpp(503): warning C4311: 'type cast' : pointer truncation from 'void *' to 'THREAD_RETVAL'
     1>..\..\src\msw\thread.cpp(788): warning C4311: 'type cast' : pointer truncation from 'wxThread::ExitCode' to 'DWORD'
     1>..\..\src\msw\thread.cpp(1108): warning C4311: 'type cast' : pointer truncation from 'wxThread::ExitCode' to 'unsigned int'
         utils.cpp
     1>C:\Users\robocup\Desktop\sec\290425015\wxMSW-2.6.3-1\wxWidgets-2.6.3\include\wx/confbase.h : warning C4819: The file contains a character that cannot be represented in the current code page (1255). Save the file in Unicode format to prevent data loss
     1>..\..\src\msw\utils.cpp(1068): warning C4996: 'GetVersionExA': was declared deprecated
                 C:\Program Files (x86)\Windows Kits\8.1\Include\um\sysinfoapi.h(433) : see declaration of 'GetVersionExA'
     1>..\..\src\msw\utils.cpp(1175): warning C4996: 'GetVersionExA': was declared deprecated
                 C:\Program Files (x86)\Windows Kits\8.1\Include\um\sysinfoapi.h(433) : see declaration of 'GetVersionExA'
         utilsexc.cpp
     1>..\..\src\msw\utilsexc.cpp(413): warning C4267: 'argument' : conversion from 'size_t' to 'DWORD', possible loss of data
     1>..\..\src\msw\utilsexc.cpp(462): warning C4267: 'argument' : conversion from 'size_t' to 'DWORD', possible loss of data
         volume.cpp
         Generating Code...
     1>Done Building Project "C:\Users\robocup\Desktop\sec\290425015\wxMSW-2.6.3-1\wxWidgets-2.6.3\build\msw\wx_base.vcxproj" (Rebuild target(s)) -- FAILED.

Build FAILED.

Time Elapsed 00:00:07.79
