Build started 25/05/2015 14:03:58.
     1>Project "C:\Users\robocup\Desktop\sec\290425015\wxMSW-2.6.3-1\wxWidgets-2.6.3\build\msw\wx_wxjpeg.vcxproj" on node 2 (Build target(s)).
     1>ClCompile:
         C:\Program Files (x86)\Microsoft Visual Studio 12.0\VC\bin\x86_amd64\CL.exe /c /I..\..\lib\vc_lib\mswd /Zi /nologo /W1 /WX- /Od /D WIN32 /D _LIB /D _DEBUG /D _VC80_UPGRADE=0x0600 /Gm- /EHsc /RTC1 /MDd /GS /Gy- /fp:precise /Zc:wchar_t /Zc:forScope /GR /Fo".\vc_mswd\wxjpeg\\" /Fd"..\..\lib\vc_lib\wxjpegd.pdb" /Gd /TC /errorReport:prompt  /EHsc   /EHsc ..\..\src\jpeg\jcapimin.c ..\..\src\jpeg\jcapistd.c ..\..\src\jpeg\jccoefct.c ..\..\src\jpeg\jccolor.c ..\..\src\jpeg\jcdctmgr.c ..\..\src\jpeg\jchuff.c ..\..\src\jpeg\jcinit.c ..\..\src\jpeg\jcmainct.c ..\..\src\jpeg\jcmarker.c ..\..\src\jpeg\jcmaster.c ..\..\src\jpeg\jcomapi.c ..\..\src\jpeg\jcparam.c ..\..\src\jpeg\jcphuff.c ..\..\src\jpeg\jcprepct.c ..\..\src\jpeg\jcsample.c ..\..\src\jpeg\jctrans.c ..\..\src\jpeg\jdapimin.c ..\..\src\jpeg\jdapistd.c ..\..\src\jpeg\jdatadst.c ..\..\src\jpeg\jdatasrc.c ..\..\src\jpeg\jdcoefct.c ..\..\src\jpeg\jdcolor.c ..\..\src\jpeg\jddctmgr.c ..\..\src\jpeg\jdhuff.c ..\..\src\jpeg\jdinput.c ..\..\src\jpeg\jdmainct.c ..\..\src\jpeg\jdmarker.c ..\..\src\jpeg\jdmaster.c ..\..\src\jpeg\jdmerge.c ..\..\src\jpeg\jdphuff.c ..\..\src\jpeg\jdpostct.c ..\..\src\jpeg\jdsample.c ..\..\src\jpeg\jdtrans.c ..\..\src\jpeg\jerror.c ..\..\src\jpeg\jfdctflt.c ..\..\src\jpeg\jfdctfst.c ..\..\src\jpeg\jfdctint.c ..\..\src\jpeg\jidctflt.c ..\..\src\jpeg\jidctfst.c ..\..\src\jpeg\jidctint.c ..\..\src\jpeg\jidctred.c ..\..\src\jpeg\jmemmgr.c ..\..\src\jpeg\jmemnobs.c ..\..\src\jpeg\jquant1.c ..\..\src\jpeg\jquant2.c ..\..\src\jpeg\jutils.c
         jcapimin.c
         jcapistd.c
         jccoefct.c
         jccolor.c
         jcdctmgr.c
         jchuff.c
         jcinit.c
         jcmainct.c
         jcmarker.c
         jcmaster.c
         jcomapi.c
         jcparam.c
         jcphuff.c
         jcprepct.c
         jcsample.c
         jctrans.c
         jdapimin.c
         jdapistd.c
         jdatadst.c
         jdatasrc.c
         Generating Code...
         Compiling...
         jdcoefct.c
         jdcolor.c
         jddctmgr.c
         jdhuff.c
         jdinput.c
         jdmainct.c
         jdmarker.c
         jdmaster.c
         jdmerge.c
         jdphuff.c
         jdpostct.c
         jdsample.c
         jdtrans.c
         jerror.c
         jfdctflt.c
         jfdctfst.c
         jfdctint.c
         jidctflt.c
         jidctfst.c
         jidctint.c
         Generating Code...
         Compiling...
         jidctred.c
         jmemmgr.c
         jmemnobs.c
         jquant1.c
         jquant2.c
         jutils.c
         Generating Code...
     1>C:\Program Files (x86)\MSBuild\Microsoft.Cpp\v4.0\V120\Microsoft.CppBuild.targets(1361,5): warning MSB8012: TargetPath(C:\Users\robocup\Desktop\sec\290425015\wxMSW-2.6.3-1\wxWidgets-2.6.3\build\msw\x64\Debug\wxjpeg.lib) does not match the Library's OutputFile property value (C:\Users\robocup\Desktop\sec\290425015\wxMSW-2.6.3-1\wxWidgets-2.6.3\lib\vc_lib\wxjpegd.lib). This may cause your project to build incorrectly. To correct this, please make sure that $(OutDir), $(TargetName) and $(TargetExt) property values match the value specified in %(Lib.OutputFile).
     1>C:\Program Files (x86)\MSBuild\Microsoft.Cpp\v4.0\V120\Microsoft.CppBuild.targets(1363,5): warning MSB8012: TargetName(wxjpeg) does not match the Library's OutputFile property value (wxjpegd). This may cause your project to build incorrectly. To correct this, please make sure that $(OutDir), $(TargetName) and $(TargetExt) property values match the value specified in %(Lib.OutputFile).
       Lib:
         C:\Program Files (x86)\Microsoft Visual Studio 12.0\VC\bin\x86_amd64\Lib.exe /OUT:"..\..\lib\vc_lib\wxjpegd.lib" /NOLOGO /MACHINE:X64 .\vc_mswd\wxjpeg\jcapimin.obj
         .\vc_mswd\wxjpeg\jcapistd.obj
         .\vc_mswd\wxjpeg\jccoefct.obj
         .\vc_mswd\wxjpeg\jccolor.obj
         .\vc_mswd\wxjpeg\jcdctmgr.obj
         .\vc_mswd\wxjpeg\jchuff.obj
         .\vc_mswd\wxjpeg\jcinit.obj
         .\vc_mswd\wxjpeg\jcmainct.obj
         .\vc_mswd\wxjpeg\jcmarker.obj
         .\vc_mswd\wxjpeg\jcmaster.obj
         .\vc_mswd\wxjpeg\jcomapi.obj
         .\vc_mswd\wxjpeg\jcparam.obj
         .\vc_mswd\wxjpeg\jcphuff.obj
         .\vc_mswd\wxjpeg\jcprepct.obj
         .\vc_mswd\wxjpeg\jcsample.obj
         .\vc_mswd\wxjpeg\jctrans.obj
         .\vc_mswd\wxjpeg\jdapimin.obj
         .\vc_mswd\wxjpeg\jdapistd.obj
         .\vc_mswd\wxjpeg\jdatadst.obj
         .\vc_mswd\wxjpeg\jdatasrc.obj
         .\vc_mswd\wxjpeg\jdcoefct.obj
         .\vc_mswd\wxjpeg\jdcolor.obj
         .\vc_mswd\wxjpeg\jddctmgr.obj
         .\vc_mswd\wxjpeg\jdhuff.obj
         .\vc_mswd\wxjpeg\jdinput.obj
         .\vc_mswd\wxjpeg\jdmainct.obj
         .\vc_mswd\wxjpeg\jdmarker.obj
         .\vc_mswd\wxjpeg\jdmaster.obj
         .\vc_mswd\wxjpeg\jdmerge.obj
         .\vc_mswd\wxjpeg\jdphuff.obj
         .\vc_mswd\wxjpeg\jdpostct.obj
         .\vc_mswd\wxjpeg\jdsample.obj
         .\vc_mswd\wxjpeg\jdtrans.obj
         .\vc_mswd\wxjpeg\jerror.obj
         .\vc_mswd\wxjpeg\jfdctflt.obj
         .\vc_mswd\wxjpeg\jfdctfst.obj
         .\vc_mswd\wxjpeg\jfdctint.obj
         .\vc_mswd\wxjpeg\jidctflt.obj
         .\vc_mswd\wxjpeg\jidctfst.obj
         .\vc_mswd\wxjpeg\jidctint.obj
         .\vc_mswd\wxjpeg\jidctred.obj
         .\vc_mswd\wxjpeg\jmemmgr.obj
         .\vc_mswd\wxjpeg\jmemnobs.obj
         .\vc_mswd\wxjpeg\jquant1.obj
         .\vc_mswd\wxjpeg\jquant2.obj
         .\vc_mswd\wxjpeg\jutils.obj
         wx_wxjpeg.vcxproj -> C:\Users\robocup\Desktop\sec\290425015\wxMSW-2.6.3-1\wxWidgets-2.6.3\build\msw\x64\Debug\wxjpeg.lib
     1>Done Building Project "C:\Users\robocup\Desktop\sec\290425015\wxMSW-2.6.3-1\wxWidgets-2.6.3\build\msw\wx_wxjpeg.vcxproj" (Build target(s)).

Build succeeded.

Time Elapsed 00:00:04.20
