Build started 25/05/2015 14:04:21.
     1>Project "C:\Users\robocup\Desktop\sec\290425015\wxMSW-2.6.3-1\wxWidgets-2.6.3\build\msw\wx_wxtiff.vcxproj" on node 2 (Build target(s)).
     1>C:\Program Files (x86)\MSBuild\Microsoft.Cpp\v4.0\V120\Microsoft.CppBuild.targets(388,5): warning MSB8028: The intermediate directory (x64\Debug\) contains files shared from another project (wxjpeg.vcxproj, wxpng.vcxproj).  This can lead to incorrect clean and rebuild behavior.
     1>ClCompile:
         C:\Program Files (x86)\Microsoft Visual Studio 12.0\VC\bin\x86_amd64\CL.exe /c /I..\..\src\zlib /I..\..\src\jpeg /Zi /nologo /W1 /WX- /Od /D WIN32 /D _LIB /D _DEBUG /D _VC80_UPGRADE=0x0600 /Gm- /EHsc /RTC1 /MDd /GS /Gy- /fp:precise /Zc:wchar_t /Zc:forScope /GR /Fo".\vc_mswd\wxtiff\\" /Fd"..\..\lib\vc_lib\wxtiffd.pdb" /Gd /TC /errorReport:prompt  /EHsc   /EHsc ..\..\src\tiff\tif_aux.c ..\..\src\tiff\tif_close.c ..\..\src\tiff\tif_codec.c ..\..\src\tiff\tif_color.c ..\..\src\tiff\tif_compress.c ..\..\src\tiff\tif_dir.c ..\..\src\tiff\tif_dirinfo.c ..\..\src\tiff\tif_dirread.c ..\..\src\tiff\tif_dirwrite.c ..\..\src\tiff\tif_dumpmode.c ..\..\src\tiff\tif_error.c ..\..\src\tiff\tif_extension.c ..\..\src\tiff\tif_fax3.c ..\..\src\tiff\tif_fax3sm.c ..\..\src\tiff\tif_flush.c ..\..\src\tiff\tif_getimage.c ..\..\src\tiff\tif_jpeg.c ..\..\src\tiff\tif_luv.c ..\..\src\tiff\tif_lzw.c ..\..\src\tiff\tif_next.c ..\..\src\tiff\tif_open.c ..\..\src\tiff\tif_packbits.c ..\..\src\tiff\tif_pixarlog.c ..\..\src\tiff\tif_predict.c ..\..\src\tiff\tif_print.c ..\..\src\tiff\tif_read.c ..\..\src\tiff\tif_strip.c ..\..\src\tiff\tif_swab.c ..\..\src\tiff\tif_thunder.c ..\..\src\tiff\tif_tile.c ..\..\src\tiff\tif_version.c ..\..\src\tiff\tif_warning.c ..\..\src\tiff\tif_win32.c ..\..\src\tiff\tif_write.c ..\..\src\tiff\tif_zip.c
         tif_aux.c
         tif_close.c
         tif_codec.c
         tif_color.c
         tif_compress.c
         tif_dir.c
         tif_dirinfo.c
         tif_dirread.c
         tif_dirwrite.c
         tif_dumpmode.c
         tif_error.c
         tif_extension.c
         tif_fax3.c
         tif_fax3sm.c
         tif_flush.c
         tif_getimage.c
         tif_jpeg.c
         tif_luv.c
         tif_lzw.c
         tif_next.c
         Generating Code...
         Compiling...
         tif_open.c
         tif_packbits.c
         tif_pixarlog.c
         tif_predict.c
         tif_print.c
         tif_read.c
         tif_strip.c
         tif_swab.c
         tif_thunder.c
         tif_tile.c
         tif_version.c
         tif_warning.c
         tif_win32.c
         tif_write.c
         tif_zip.c
         Generating Code...
     1>C:\Program Files (x86)\MSBuild\Microsoft.Cpp\v4.0\V120\Microsoft.CppBuild.targets(1361,5): warning MSB8012: TargetPath(C:\Users\robocup\Desktop\sec\290425015\wxMSW-2.6.3-1\wxWidgets-2.6.3\build\msw\x64\Debug\wxtiff.lib) does not match the Library's OutputFile property value (C:\Users\robocup\Desktop\sec\290425015\wxMSW-2.6.3-1\wxWidgets-2.6.3\lib\vc_lib\wxtiffd.lib). This may cause your project to build incorrectly. To correct this, please make sure that $(OutDir), $(TargetName) and $(TargetExt) property values match the value specified in %(Lib.OutputFile).
     1>C:\Program Files (x86)\MSBuild\Microsoft.Cpp\v4.0\V120\Microsoft.CppBuild.targets(1363,5): warning MSB8012: TargetName(wxtiff) does not match the Library's OutputFile property value (wxtiffd). This may cause your project to build incorrectly. To correct this, please make sure that $(OutDir), $(TargetName) and $(TargetExt) property values match the value specified in %(Lib.OutputFile).
       Lib:
         C:\Program Files (x86)\Microsoft Visual Studio 12.0\VC\bin\x86_amd64\Lib.exe /OUT:"..\..\lib\vc_lib\wxtiffd.lib" /NOLOGO /MACHINE:X64 .\vc_mswd\wxtiff\tif_aux.obj
         .\vc_mswd\wxtiff\tif_close.obj
         .\vc_mswd\wxtiff\tif_codec.obj
         .\vc_mswd\wxtiff\tif_color.obj
         .\vc_mswd\wxtiff\tif_compress.obj
         .\vc_mswd\wxtiff\tif_dir.obj
         .\vc_mswd\wxtiff\tif_dirinfo.obj
         .\vc_mswd\wxtiff\tif_dirread.obj
         .\vc_mswd\wxtiff\tif_dirwrite.obj
         .\vc_mswd\wxtiff\tif_dumpmode.obj
         .\vc_mswd\wxtiff\tif_error.obj
         .\vc_mswd\wxtiff\tif_extension.obj
         .\vc_mswd\wxtiff\tif_fax3.obj
         .\vc_mswd\wxtiff\tif_fax3sm.obj
         .\vc_mswd\wxtiff\tif_flush.obj
         .\vc_mswd\wxtiff\tif_getimage.obj
         .\vc_mswd\wxtiff\tif_jpeg.obj
         .\vc_mswd\wxtiff\tif_luv.obj
         .\vc_mswd\wxtiff\tif_lzw.obj
         .\vc_mswd\wxtiff\tif_next.obj
         .\vc_mswd\wxtiff\tif_open.obj
         .\vc_mswd\wxtiff\tif_packbits.obj
         .\vc_mswd\wxtiff\tif_pixarlog.obj
         .\vc_mswd\wxtiff\tif_predict.obj
         .\vc_mswd\wxtiff\tif_print.obj
         .\vc_mswd\wxtiff\tif_read.obj
         .\vc_mswd\wxtiff\tif_strip.obj
         .\vc_mswd\wxtiff\tif_swab.obj
         .\vc_mswd\wxtiff\tif_thunder.obj
         .\vc_mswd\wxtiff\tif_tile.obj
         .\vc_mswd\wxtiff\tif_version.obj
         .\vc_mswd\wxtiff\tif_warning.obj
         .\vc_mswd\wxtiff\tif_win32.obj
         .\vc_mswd\wxtiff\tif_write.obj
         .\vc_mswd\wxtiff\tif_zip.obj
         wx_wxtiff.vcxproj -> C:\Users\robocup\Desktop\sec\290425015\wxMSW-2.6.3-1\wxWidgets-2.6.3\build\msw\x64\Debug\wxtiff.lib
     1>Done Building Project "C:\Users\robocup\Desktop\sec\290425015\wxMSW-2.6.3-1\wxWidgets-2.6.3\build\msw\wx_wxtiff.vcxproj" (Build target(s)).

Build succeeded.

Time Elapsed 00:00:12.42
