c:\users\user\desktop\moog-to-git\version5.0.0.0.0\moog_doots_reallocated_ver\adam\adam\moogdots -- human moog - curve screen55\release\vc141.pdb
c:\users\user\desktop\moog-to-git\version5.0.0.0.0\moog_doots_reallocated_ver\adam\adam\moogdots -- human moog - curve screen55\release\ovrtrackerchaperone.obj
c:\users\user\desktop\moog-to-git\version5.0.0.0.0\moog_doots_reallocated_ver\adam\adam\moogdots -- human moog - curve screen55\release\ovrcamerafrustum.obj
c:\users\user\desktop\moog-to-git\version5.0.0.0.0\moog_doots_reallocated_ver\adam\adam\moogdots -- human moog - curve screen55\release\opengl.obj
c:\users\user\desktop\moog-to-git\version5.0.0.0.0\moog_doots_reallocated_ver\adam\adam\moogdots -- human moog - curve screen55\release\oculusvrdebug.obj
c:\users\user\desktop\moog-to-git\version5.0.0.0.0\moog_doots_reallocated_ver\adam\adam\moogdots -- human moog - curve screen55\release\oculusvr.obj
c:\users\user\desktop\moog-to-git\version5.0.0.0.0\moog_doots_reallocated_ver\adam\adam\moogdots -- human moog - curve screen55\release\moogdotscom.obj
c:\users\user\desktop\moog-to-git\version5.0.0.0.0\moog_doots_reallocated_ver\adam\adam\moogdots -- human moog - curve screen55\release\moogdots.obj
c:\users\user\desktop\moog-to-git\version5.0.0.0.0\moog_doots_reallocated_ver\adam\adam\moogdots -- human moog - curve screen55\release\math.obj
c:\users\user\desktop\moog-to-git\version5.0.0.0.0\moog_doots_reallocated_ver\adam\adam\moogdots -- human moog - curve screen55\release\mainpanel.obj
c:\users\user\desktop\moog-to-git\version5.0.0.0.0\moog_doots_reallocated_ver\adam\adam\moogdots -- human moog - curve screen55\release\sdlovrconfig.obj
c:\users\user\desktop\moog-to-git\version5.0.0.0.0\moog_doots_reallocated_ver\adam\adam\moogdots -- human moog - curve screen55\release\logger.obj
c:\users\user\desktop\moog-to-git\version5.0.0.0.0\moog_doots_reallocated_ver\adam\adam\moogdots -- human moog - curve screen55\release\inputhandlers.obj
c:\users\user\desktop\moog-to-git\version5.0.0.0.0\moog_doots_reallocated_ver\adam\adam\moogdots -- human moog - curve screen55\release\grid.obj
c:\users\user\desktop\moog-to-git\version5.0.0.0.0\moog_doots_reallocated_ver\adam\adam\moogdots -- human moog - curve screen55\release\font.obj
c:\users\user\desktop\moog-to-git\version5.0.0.0.0\moog_doots_reallocated_ver\adam\adam\moogdots -- human moog - curve screen55\release\cb_tools.obj
c:\users\user\desktop\moog-to-git\version5.0.0.0.0\moog_doots_reallocated_ver\adam\adam\moogdots -- human moog - curve screen55\release\cameradirector.obj
c:\users\user\desktop\moog-to-git\version5.0.0.0.0\moog_doots_reallocated_ver\adam\adam\moogdots -- human moog - curve screen55\release\camera.obj
c:\users\user\desktop\moog-to-git\version5.0.0.0.0\moog_doots_reallocated_ver\adam\adam\moogdots -- human moog - curve screen55\release\scriptfile.obj
c:\users\user\desktop\moog-to-git\version5.0.0.0.0\moog_doots_reallocated_ver\adam\adam\moogdots -- human moog - curve screen55\release\utils.obj
c:\users\user\desktop\moog-to-git\version5.0.0.0.0\moog_doots_reallocated_ver\adam\adam\moogdots -- human moog - curve screen55\release\texturemanager.obj
c:\users\user\desktop\moog-to-git\version5.0.0.0.0\moog_doots_reallocated_ver\adam\adam\moogdots -- human moog - curve screen55\release\texture.obj
c:\users\user\desktop\moog-to-git\version5.0.0.0.0\moog_doots_reallocated_ver\adam\adam\moogdots -- human moog - curve screen55\release\stdafx.obj
c:\users\user\desktop\moog-to-git\version5.0.0.0.0\moog_doots_reallocated_ver\adam\adam\moogdots -- human moog - curve screen55\release\shadermanager.obj
c:\users\user\desktop\moog-to-git\version5.0.0.0.0\moog_doots_reallocated_ver\adam\adam\moogdots -- human moog - curve screen55\release\rendercontext.obj
c:\users\user\desktop\moog-to-git\version5.0.0.0.0\moog_doots_reallocated_ver\adam\adam\moogdots -- human moog - curve screen55\release\parameterlist.obj
c:\users\user\desktop\moog-to-git\version5.0.0.0.0\moog_doots_reallocated_ver\adam\adam\moogdots -- human moog - curve screen55\release\glwindow.obj
c:\users\user\desktop\moog-to-git\version5.0.0.0.0\moog_doots_reallocated_ver\adam\adam\moogdots -- human moog - curve screen55\release\application.obj
c:\users\user\desktop\moog-to-git\version5.0.0.0.0\moog_doots_reallocated_ver\adam\adam\moogdots -- human moog - curve screen55\release\stb_image.obj
c:\users\user\desktop\moog-to-git\version5.0.0.0.0\moog_doots_reallocated_ver\adam\adam\moogdots -- human moog - curve screen55\release\moogdoots.res
c:\users\user\desktop\moog-to-git\version5.0.0.0.0\moog_doots_reallocated_ver\adam\adam\moogdots -- human moog - curve screen55\release\moogdots.pdb
c:\users\user\desktop\moog-to-git\version5.0.0.0.0\moog_doots_reallocated_ver\adam\adam\moogdots -- human moog - curve screen55\release\vc120.pdb
c:\users\user\desktop\moog-to-git\version5.0.0.0.0\moog_doots_reallocated_ver\adam\adam\moogdots -- human moog - curve screen55\release\..\release\moogdots.pdb
c:\users\user\desktop\moog-to-git\version5.0.0.0.0\moog_doots_reallocated_ver\adam\adam\moogdots -- human moog - curve screen55\src\..\release\moogdots.exe
c:\users\user\desktop\moog-to-git\version5.0.0.0.0\moog_doots_reallocated_ver\adam\adam\moogdots -- human moog - curve screen55\release\moogdots.tlog\cl.command.1.tlog
c:\users\user\desktop\moog-to-git\version5.0.0.0.0\moog_doots_reallocated_ver\adam\adam\moogdots -- human moog - curve screen55\release\moogdots.tlog\cl.read.1.tlog
c:\users\user\desktop\moog-to-git\version5.0.0.0.0\moog_doots_reallocated_ver\adam\adam\moogdots -- human moog - curve screen55\release\moogdots.tlog\cl.write.1.tlog
