  ScriptFile.cpp
  Application.cpp
c:\users\user\documents\github\moogdots-new-vs-2017compatible-new\moog_doots_reallocated_ver\adam\adam\moogdots -- human moog - curve screen55\src\oculusvr.hpp(85): warning C4244: '=': conversion from 'double' to 'float', possible loss of data
c:\users\user\documents\github\moogdots-new-vs-2017compatible-new\moog_doots_reallocated_ver\adam\adam\moogdots -- human moog - curve screen55\src\oculusvr.hpp(86): warning C4244: '=': conversion from 'double' to 'float', possible loss of data
c:\users\user\documents\github\moogdots-new-vs-2017compatible-new\moog_doots_reallocated_ver\adam\adam\moogdots -- human moog - curve screen55\src\oculusvr.hpp(87): warning C4244: '=': conversion from 'double' to 'float', possible loss of data
c:\users\user\documents\github\moogdots-new-vs-2017compatible-new\moog_doots_reallocated_ver\adam\adam\moogdots -- human moog - curve screen55\src\globaldefs.h(8): warning C4005: 'GL_OFFSET': macro redefinition
  c:\users\user\documents\github\moogdots-new-vs-2017compatible-new\moog_doots_reallocated_ver\oculusvr_samples-master\oculusvr_samples-master\common_libs\glew-1.11.0\include\gl\glew.h(5439): note: see previous definition of 'GL_OFFSET'
  Camera.cpp
  CameraDirector.cpp
  CB_Tools.cpp
c:\users\user\documents\github\moogdots-new-vs-2017compatible-new\moog_doots_reallocated_ver\adam\adam\moogdots -- human moog - curve screen55\src\globaldefs.h(8): warning C4005: 'GL_OFFSET': macro redefinition
  c:\users\user\documents\github\moogdots-new-vs-2017compatible-new\moog_doots_reallocated_ver\oculusvr_samples-master\oculusvr_samples-master\common_libs\glew-1.11.0\include\gl\glew.h(5439): note: see previous definition of 'GL_OFFSET'
c:\users\user\documents\github\moogdots-new-vs-2017compatible-new\moog_doots_reallocated_ver\adam\adam\moogdots -- human moog - curve screen55\src\oculusvr.hpp(85): warning C4244: '=': conversion from 'double' to 'float', possible loss of data
c:\users\user\documents\github\moogdots-new-vs-2017compatible-new\moog_doots_reallocated_ver\adam\adam\moogdots -- human moog - curve screen55\src\oculusvr.hpp(86): warning C4244: '=': conversion from 'double' to 'float', possible loss of data
c:\users\user\documents\github\moogdots-new-vs-2017compatible-new\moog_doots_reallocated_ver\adam\adam\moogdots -- human moog - curve screen55\src\oculusvr.hpp(87): warning C4244: '=': conversion from 'double' to 'float', possible loss of data
c:\users\user\documents\github\moogdots-new-vs-2017compatible-new\moog_doots_reallocated_ver\adam\adam\moogdots -- human moog - curve screen55\src\cb_tools.cpp(38): warning C4996: 'stricmp': The POSIX name for this item is deprecated. Instead, use the ISO C and C++ conformant name: _stricmp. See online help for details.
  c:\program files (x86)\windows kits\10\include\10.0.16299.0\ucrt\string.h(554): note: see declaration of 'stricmp'
  Font.cpp
  GLWindow.cpp
c:\users\user\documents\github\moogdots-new-vs-2017compatible-new\moog_doots_reallocated_ver\adam\adam\moogdots -- human moog - curve screen55\src\globaldefs.h(8): warning C4005: 'GL_OFFSET': macro redefinition
  c:\users\user\documents\github\moogdots-new-vs-2017compatible-new\moog_doots_reallocated_ver\oculusvr_samples-master\oculusvr_samples-master\common_libs\glew-1.11.0\include\gl\glew.h(5439): note: see previous definition of 'GL_OFFSET'
c:\users\user\documents\github\moogdots-new-vs-2017compatible-new\moog_doots_reallocated_ver\adam\adam\moogdots -- human moog - curve screen55\src\oculusvr.hpp(85): warning C4244: '=': conversion from 'double' to 'float', possible loss of data
c:\users\user\documents\github\moogdots-new-vs-2017compatible-new\moog_doots_reallocated_ver\adam\adam\moogdots -- human moog - curve screen55\src\oculusvr.hpp(86): warning C4244: '=': conversion from 'double' to 'float', possible loss of data
c:\users\user\documents\github\moogdots-new-vs-2017compatible-new\moog_doots_reallocated_ver\adam\adam\moogdots -- human moog - curve screen55\src\oculusvr.hpp(87): warning C4244: '=': conversion from 'double' to 'float', possible loss of data
c:\users\user\documents\github\moogdots-new-vs-2017compatible-new\moog_doots_reallocated_ver\adam\adam\moogdots -- human moog - curve screen55\src\glwindow.cpp(74): warning C4003: not enough actual parameters for macro 'WRITE_LOG'
c:\users\user\documents\github\moogdots-new-vs-2017compatible-new\moog_doots_reallocated_ver\adam\adam\moogdots -- human moog - curve screen55\src\glwindow.cpp(360): warning C4003: not enough actual parameters for macro 'WRITE_LOG'
c:\users\user\documents\github\moogdots-new-vs-2017compatible-new\moog_doots_reallocated_ver\adam\adam\moogdots -- human moog - curve screen55\src\glwindow.cpp(990): warning C4003: not enough actual parameters for macro 'WRITE_LOG'
c:\users\user\documents\github\moogdots-new-vs-2017compatible-new\moog_doots_reallocated_ver\adam\adam\moogdots -- human moog - curve screen55\src\glwindow.cpp(1120): warning C4003: not enough actual parameters for macro 'WRITE_LOG'
c:\users\user\documents\github\moogdots-new-vs-2017compatible-new\moog_doots_reallocated_ver\adam\adam\moogdots -- human moog - curve screen55\src\glwindow.cpp(1281): warning C4003: not enough actual parameters for macro 'WRITE_LOG'
c:\users\user\documents\github\moogdots-new-vs-2017compatible-new\moog_doots_reallocated_ver\adam\adam\moogdots -- human moog - curve screen55\src\glwindow.cpp(1365): warning C4003: not enough actual parameters for macro 'WRITE_LOG'
c:\users\user\documents\github\moogdots-new-vs-2017compatible-new\moog_doots_reallocated_ver\adam\adam\moogdots -- human moog - curve screen55\src\glwindow.cpp(1842): warning C4996: '_gcvt': This function or variable may be unsafe. Consider using _gcvt_s instead. To disable deprecation, use _CRT_SECURE_NO_WARNINGS. See online help for details.
  c:\program files (x86)\windows kits\10\include\10.0.16299.0\ucrt\stdlib.h(816): note: see declaration of '_gcvt'
  Grid.cpp
c:\users\user\documents\github\moogdots-new-vs-2017compatible-new\moog_doots_reallocated_ver\adam\adam\moogdots -- human moog - curve screen55\src\globaldefs.h(8): warning C4005: 'GL_OFFSET': macro redefinition
  c:\users\user\documents\github\moogdots-new-vs-2017compatible-new\moog_doots_reallocated_ver\oculusvr_samples-master\oculusvr_samples-master\common_libs\glew-1.11.0\include\gl\glew.h(5439): note: see previous definition of 'GL_OFFSET'
c:\users\user\documents\github\moogdots-new-vs-2017compatible-new\moog_doots_reallocated_ver\adam\adam\moogdots -- human moog - curve screen55\src\oculusvr.hpp(85): warning C4244: '=': conversion from 'double' to 'float', possible loss of data
c:\users\user\documents\github\moogdots-new-vs-2017compatible-new\moog_doots_reallocated_ver\adam\adam\moogdots -- human moog - curve screen55\src\oculusvr.hpp(86): warning C4244: '=': conversion from 'double' to 'float', possible loss of data
c:\users\user\documents\github\moogdots-new-vs-2017compatible-new\moog_doots_reallocated_ver\adam\adam\moogdots -- human moog - curve screen55\src\oculusvr.hpp(87): warning C4244: '=': conversion from 'double' to 'float', possible loss of data
  InputHandlers.cpp
c:\users\user\documents\github\moogdots-new-vs-2017compatible-new\moog_doots_reallocated_ver\adam\adam\moogdots -- human moog - curve screen55\src\oculusvr.hpp(85): warning C4244: '=': conversion from 'double' to 'float', possible loss of data
c:\users\user\documents\github\moogdots-new-vs-2017compatible-new\moog_doots_reallocated_ver\adam\adam\moogdots -- human moog - curve screen55\src\oculusvr.hpp(86): warning C4244: '=': conversion from 'double' to 'float', possible loss of data
c:\users\user\documents\github\moogdots-new-vs-2017compatible-new\moog_doots_reallocated_ver\adam\adam\moogdots -- human moog - curve screen55\src\oculusvr.hpp(87): warning C4244: '=': conversion from 'double' to 'float', possible loss of data
c:\users\user\documents\github\moogdots-new-vs-2017compatible-new\moog_doots_reallocated_ver\adam\adam\moogdots -- human moog - curve screen55\src\globaldefs.h(8): warning C4005: 'GL_OFFSET': macro redefinition
  c:\users\user\documents\github\moogdots-new-vs-2017compatible-new\moog_doots_reallocated_ver\oculusvr_samples-master\oculusvr_samples-master\common_libs\glew-1.11.0\include\gl\glew.h(5439): note: see previous definition of 'GL_OFFSET'
  Logger.cpp
c:\users\user\documents\github\moogdots-new-vs-2017compatible-new\moog_doots_reallocated_ver\adam\adam\moogdots -- human moog - curve screen55\src\logger.cpp(1): warning C4067: unexpected tokens following preprocessor directive - expected a newline
c:\users\user\documents\github\moogdots-new-vs-2017compatible-new\moog_doots_reallocated_ver\adam\adam\moogdots -- human moog - curve screen55\src\logger.cpp(53): warning C4003: not enough actual parameters for macro 'WRITE_LOG'
  SDLOVRConfig.h
  MainPanel.cpp
c:\users\user\documents\github\moogdots-new-vs-2017compatible-new\moog_doots_reallocated_ver\oculusvr_samples-master\oculusvr_samples-master\common_libs\glew-1.11.0\include\gl\glew.h(5439): warning C4005: 'GL_OFFSET': macro redefinition
  c:\users\user\documents\github\moogdots-new-vs-2017compatible-new\moog_doots_reallocated_ver\adam\adam\moogdots -- human moog - curve screen55\src\globaldefs.h(8): note: see previous definition of 'GL_OFFSET'
c:\users\user\documents\github\moogdots-new-vs-2017compatible-new\moog_doots_reallocated_ver\adam\adam\moogdots -- human moog - curve screen55\src\oculusvr.hpp(85): warning C4244: '=': conversion from 'double' to 'float', possible loss of data
c:\users\user\documents\github\moogdots-new-vs-2017compatible-new\moog_doots_reallocated_ver\adam\adam\moogdots -- human moog - curve screen55\src\oculusvr.hpp(86): warning C4244: '=': conversion from 'double' to 'float', possible loss of data
c:\users\user\documents\github\moogdots-new-vs-2017compatible-new\moog_doots_reallocated_ver\adam\adam\moogdots -- human moog - curve screen55\src\oculusvr.hpp(87): warning C4244: '=': conversion from 'double' to 'float', possible loss of data
  Math.cpp
  MoogDots.cpp
c:\users\user\documents\github\moogdots-new-vs-2017compatible-new\moog_doots_reallocated_ver\adam\adam\moogdots -- human moog - curve screen55\src\globaldefs.h(8): warning C4005: 'GL_OFFSET': macro redefinition
  c:\users\user\documents\github\moogdots-new-vs-2017compatible-new\moog_doots_reallocated_ver\oculusvr_samples-master\oculusvr_samples-master\common_libs\glew-1.11.0\include\gl\glew.h(5439): note: see previous definition of 'GL_OFFSET'
c:\users\user\documents\github\moogdots-new-vs-2017compatible-new\moog_doots_reallocated_ver\adam\adam\moogdots -- human moog - curve screen55\src\oculusvr.hpp(85): warning C4244: '=': conversion from 'double' to 'float', possible loss of data
c:\users\user\documents\github\moogdots-new-vs-2017compatible-new\moog_doots_reallocated_ver\adam\adam\moogdots -- human moog - curve screen55\src\oculusvr.hpp(86): warning C4244: '=': conversion from 'double' to 'float', possible loss of data
c:\users\user\documents\github\moogdots-new-vs-2017compatible-new\moog_doots_reallocated_ver\adam\adam\moogdots -- human moog - curve screen55\src\oculusvr.hpp(87): warning C4244: '=': conversion from 'double' to 'float', possible loss of data
c:\users\user\documents\github\moogdots-new-vs-2017compatible-new\moog_doots_reallocated_ver\adam\adam\moogdots -- human moog - curve screen55\src\moogdots.cpp(37): warning C4003: not enough actual parameters for macro 'WRITE_LOG'
c:\users\user\documents\github\moogdots-new-vs-2017compatible-new\moog_doots_reallocated_ver\adam\adam\moogdots -- human moog - curve screen55\src\moogdots.cpp(337): warning C4003: not enough actual parameters for macro 'WRITE_LOG'
  MoogDotsCom.cpp
c:\users\user\documents\github\moogdots-new-vs-2017compatible-new\moog_doots_reallocated_ver\adam\adam\moogdots -- human moog - curve screen55\src\globaldefs.h(8): warning C4005: 'GL_OFFSET': macro redefinition
  c:\users\user\documents\github\moogdots-new-vs-2017compatible-new\moog_doots_reallocated_ver\oculusvr_samples-master\oculusvr_samples-master\common_libs\glew-1.11.0\include\gl\glew.h(5439): note: see previous definition of 'GL_OFFSET'
c:\users\user\documents\github\moogdots-new-vs-2017compatible-new\moog_doots_reallocated_ver\adam\adam\moogdots -- human moog - curve screen55\src\oculusvr.hpp(85): warning C4244: '=': conversion from 'double' to 'float', possible loss of data
c:\users\user\documents\github\moogdots-new-vs-2017compatible-new\moog_doots_reallocated_ver\adam\adam\moogdots -- human moog - curve screen55\src\oculusvr.hpp(86): warning C4244: '=': conversion from 'double' to 'float', possible loss of data
c:\users\user\documents\github\moogdots-new-vs-2017compatible-new\moog_doots_reallocated_ver\adam\adam\moogdots -- human moog - curve screen55\src\oculusvr.hpp(87): warning C4244: '=': conversion from 'double' to 'float', possible loss of data
c:\users\user\documents\github\moogdots-new-vs-2017compatible-new\moog_doots_reallocated_ver\adam\adam\moogdots -- human moog - curve screen55\src\moogdotscom.cpp(119): warning C4003: not enough actual parameters for macro 'WRITE_LOG'
c:\users\user\documents\github\moogdots-new-vs-2017compatible-new\moog_doots_reallocated_ver\adam\adam\moogdots -- human moog - curve screen55\src\moogdotscom.cpp(316): warning C4003: not enough actual parameters for macro 'WRITE_LOG'
c:\users\user\documents\github\moogdots-new-vs-2017compatible-new\moog_doots_reallocated_ver\adam\adam\moogdots -- human moog - curve screen55\src\moogdotscom.cpp(449): warning C4003: not enough actual parameters for macro 'WRITE_LOG'
c:\users\user\documents\github\moogdots-new-vs-2017compatible-new\moog_doots_reallocated_ver\adam\adam\moogdots -- human moog - curve screen55\src\moogdotscom.cpp(473): warning C4003: not enough actual parameters for macro 'WRITE_LOG'
c:\users\user\documents\github\moogdots-new-vs-2017compatible-new\moog_doots_reallocated_ver\adam\adam\moogdots -- human moog - curve screen55\src\moogdotscom.cpp(764): warning C4003: not enough actual parameters for macro 'WRITE_LOG'
c:\users\user\documents\github\moogdots-new-vs-2017compatible-new\moog_doots_reallocated_ver\adam\adam\moogdots -- human moog - curve screen55\src\moogdotscom.cpp(902): warning C4003: not enough actual parameters for macro 'WRITE_LOG'
c:\users\user\documents\github\moogdots-new-vs-2017compatible-new\moog_doots_reallocated_ver\adam\adam\moogdots -- human moog - curve screen55\src\moogdotscom.cpp(1031): warning C4101: 'e': unreferenced local variable
c:\users\user\documents\github\moogdots-new-vs-2017compatible-new\moog_doots_reallocated_ver\adam\adam\moogdots -- human moog - curve screen55\src\moogdotscom.cpp(1261): warning C4003: not enough actual parameters for macro 'WRITE_LOG'
c:\users\user\documents\github\moogdots-new-vs-2017compatible-new\moog_doots_reallocated_ver\adam\adam\moogdots -- human moog - curve screen55\src\moogdotscom.cpp(1320): warning C4003: not enough actual parameters for macro 'WRITE_LOG'
c:\users\user\documents\github\moogdots-new-vs-2017compatible-new\moog_doots_reallocated_ver\adam\adam\moogdots -- human moog - curve screen55\src\moogdotscom.cpp(1631): warning C4003: not enough actual parameters for macro 'WRITE_LOG'
c:\users\user\documents\github\moogdots-new-vs-2017compatible-new\moog_doots_reallocated_ver\adam\adam\moogdots -- human moog - curve screen55\src\moogdotscom.cpp(1827): warning C4003: not enough actual parameters for macro 'WRITE_LOG'
c:\users\user\documents\github\moogdots-new-vs-2017compatible-new\moog_doots_reallocated_ver\adam\adam\moogdots -- human moog - curve screen55\src\moogdotscom.cpp(1833): warning C4309: 'argument': truncation of constant value
c:\users\user\documents\github\moogdots-new-vs-2017compatible-new\moog_doots_reallocated_ver\adam\adam\moogdots -- human moog - curve screen55\src\moogdotscom.cpp(1840): warning C4309: 'argument': truncation of constant value
c:\users\user\documents\github\moogdots-new-vs-2017compatible-new\moog_doots_reallocated_ver\adam\adam\moogdots -- human moog - curve screen55\src\moogdotscom.cpp(1845): warning C4309: 'argument': truncation of constant value
c:\users\user\documents\github\moogdots-new-vs-2017compatible-new\moog_doots_reallocated_ver\adam\adam\moogdots -- human moog - curve screen55\src\moogdotscom.cpp(1846): warning C4003: not enough actual parameters for macro 'WRITE_LOG'
c:\users\user\documents\github\moogdots-new-vs-2017compatible-new\moog_doots_reallocated_ver\adam\adam\moogdots -- human moog - curve screen55\src\moogdotscom.cpp(1851): warning C4309: 'argument': truncation of constant value
c:\users\user\documents\github\moogdots-new-vs-2017compatible-new\moog_doots_reallocated_ver\adam\adam\moogdots -- human moog - curve screen55\src\moogdotscom.cpp(1856): warning C4309: 'argument': truncation of constant value
c:\users\user\documents\github\moogdots-new-vs-2017compatible-new\moog_doots_reallocated_ver\adam\adam\moogdots -- human moog - curve screen55\src\moogdotscom.cpp(1857): warning C4003: not enough actual parameters for macro 'WRITE_LOG'
c:\users\user\documents\github\moogdots-new-vs-2017compatible-new\moog_doots_reallocated_ver\adam\adam\moogdots -- human moog - curve screen55\src\moogdotscom.cpp(1862): warning C4309: 'argument': truncation of constant value
c:\users\user\documents\github\moogdots-new-vs-2017compatible-new\moog_doots_reallocated_ver\adam\adam\moogdots -- human moog - curve screen55\src\moogdotscom.cpp(1867): warning C4309: 'argument': truncation of constant value
c:\users\user\documents\github\moogdots-new-vs-2017compatible-new\moog_doots_reallocated_ver\adam\adam\moogdots -- human moog - curve screen55\src\moogdotscom.cpp(1868): warning C4003: not enough actual parameters for macro 'WRITE_LOG'
c:\users\user\documents\github\moogdots-new-vs-2017compatible-new\moog_doots_reallocated_ver\adam\adam\moogdots -- human moog - curve screen55\src\moogdotscom.cpp(1873): warning C4309: 'argument': truncation of constant value
c:\users\user\documents\github\moogdots-new-vs-2017compatible-new\moog_doots_reallocated_ver\adam\adam\moogdots -- human moog - curve screen55\src\moogdotscom.cpp(1891): warning C4003: not enough actual parameters for macro 'WRITE_LOG'
c:\users\user\documents\github\moogdots-new-vs-2017compatible-new\moog_doots_reallocated_ver\adam\adam\moogdots -- human moog - curve screen55\src\moogdotscom.cpp(1904): warning C4309: 'argument': truncation of constant value
c:\users\user\documents\github\moogdots-new-vs-2017compatible-new\moog_doots_reallocated_ver\adam\adam\moogdots -- human moog - curve screen55\src\moogdotscom.cpp(1905): warning C4003: not enough actual parameters for macro 'WRITE_LOG'
c:\users\user\documents\github\moogdots-new-vs-2017compatible-new\moog_doots_reallocated_ver\adam\adam\moogdots -- human moog - curve screen55\src\moogdotscom.cpp(1920): warning C4018: '<': signed/unsigned mismatch
c:\users\user\documents\github\moogdots-new-vs-2017compatible-new\moog_doots_reallocated_ver\adam\adam\moogdots -- human moog - curve screen55\src\moogdotscom.cpp(1965): warning C4309: 'argument': truncation of constant value
c:\users\user\documents\github\moogdots-new-vs-2017compatible-new\moog_doots_reallocated_ver\adam\adam\moogdots -- human moog - curve screen55\src\moogdotscom.cpp(1966): warning C4003: not enough actual parameters for macro 'WRITE_LOG'
c:\users\user\documents\github\moogdots-new-vs-2017compatible-new\moog_doots_reallocated_ver\adam\adam\moogdots -- human moog - curve screen55\src\moogdotscom.cpp(1996): warning C4003: not enough actual parameters for macro 'WRITE_LOG'
c:\users\user\documents\github\moogdots-new-vs-2017compatible-new\moog_doots_reallocated_ver\adam\adam\moogdots -- human moog - curve screen55\src\moogdotscom.cpp(1997): warning C4003: not enough actual parameters for macro 'WRITE_LOG'
c:\users\user\documents\github\moogdots-new-vs-2017compatible-new\moog_doots_reallocated_ver\adam\adam\moogdots -- human moog - curve screen55\src\moogdotscom.cpp(1998): warning C4003: not enough actual parameters for macro 'WRITE_LOG'
c:\users\user\documents\github\moogdots-new-vs-2017compatible-new\moog_doots_reallocated_ver\adam\adam\moogdots -- human moog - curve screen55\src\moogdotscom.cpp(1999): warning C4003: not enough actual parameters for macro 'WRITE_LOG'
c:\users\user\documents\github\moogdots-new-vs-2017compatible-new\moog_doots_reallocated_ver\adam\adam\moogdots -- human moog - curve screen55\src\moogdotscom.cpp(2000): warning C4003: not enough actual parameters for macro 'WRITE_LOG'
c:\users\user\documents\github\moogdots-new-vs-2017compatible-new\moog_doots_reallocated_ver\adam\adam\moogdots -- human moog - curve screen55\src\moogdotscom.cpp(2001): warning C4003: not enough actual parameters for macro 'WRITE_LOG'
c:\users\user\documents\github\moogdots-new-vs-2017compatible-new\moog_doots_reallocated_ver\adam\adam\moogdots -- human moog - curve screen55\src\moogdotscom.cpp(2027): warning C4003: not enough actual parameters for macro 'WRITE_LOG'
c:\users\user\documents\github\moogdots-new-vs-2017compatible-new\moog_doots_reallocated_ver\adam\adam\moogdots -- human moog - curve screen55\src\moogdotscom.cpp(2042): warning C4003: not enough actual parameters for macro 'WRITE_LOG'
c:\users\user\documents\github\moogdots-new-vs-2017compatible-new\moog_doots_reallocated_ver\adam\adam\moogdots -- human moog - curve screen55\src\moogdotscom.cpp(2064): warning C4003: not enough actual parameters for macro 'WRITE_LOG'
c:\users\user\documents\github\moogdots-new-vs-2017compatible-new\moog_doots_reallocated_ver\adam\adam\moogdots -- human moog - curve screen55\src\moogdotscom.cpp(2074): warning C4003: not enough actual parameters for macro 'WRITE_LOG'
c:\users\user\documents\github\moogdots-new-vs-2017compatible-new\moog_doots_reallocated_ver\adam\adam\moogdots -- human moog - curve screen55\src\moogdotscom.cpp(2081): warning C4003: not enough actual parameters for macro 'WRITE_LOG'
c:\users\user\documents\github\moogdots-new-vs-2017compatible-new\moog_doots_reallocated_ver\adam\adam\moogdots -- human moog - curve screen55\src\moogdotscom.cpp(2091): warning C4003: not enough actual parameters for macro 'WRITE_LOG'
c:\users\user\documents\github\moogdots-new-vs-2017compatible-new\moog_doots_reallocated_ver\adam\adam\moogdots -- human moog - curve screen55\src\moogdotscom.cpp(2135): warning C4003: not enough actual parameters for macro 'WRITE_LOG'
c:\users\user\documents\github\moogdots-new-vs-2017compatible-new\moog_doots_reallocated_ver\adam\adam\moogdots -- human moog - curve screen55\src\moogdotscom.cpp(2357): warning C4003: not enough actual parameters for macro 'WRITE_LOG'
c:\users\user\documents\github\moogdots-new-vs-2017compatible-new\moog_doots_reallocated_ver\adam\adam\moogdots -- human moog - curve screen55\src\moogdotscom.cpp(2451): warning C4003: not enough actual parameters for macro 'WRITE_LOG'
c:\users\user\documents\github\moogdots-new-vs-2017compatible-new\moog_doots_reallocated_ver\adam\adam\moogdots -- human moog - curve screen55\src\moogdotscom.cpp(2459): warning C4003: not enough actual parameters for macro 'WRITE_LOG'
  OculusVR.cpp
c:\users\user\documents\github\moogdots-new-vs-2017compatible-new\moog_doots_reallocated_ver\adam\adam\moogdots -- human moog - curve screen55\src\oculusvr.hpp(85): warning C4244: '=': conversion from 'double' to 'float', possible loss of data
c:\users\user\documents\github\moogdots-new-vs-2017compatible-new\moog_doots_reallocated_ver\adam\adam\moogdots -- human moog - curve screen55\src\oculusvr.hpp(86): warning C4244: '=': conversion from 'double' to 'float', possible loss of data
c:\users\user\documents\github\moogdots-new-vs-2017compatible-new\moog_doots_reallocated_ver\adam\adam\moogdots -- human moog - curve screen55\src\oculusvr.hpp(87): warning C4244: '=': conversion from 'double' to 'float', possible loss of data
c:\users\user\documents\github\moogdots-new-vs-2017compatible-new\moog_doots_reallocated_ver\adam\adam\moogdots -- human moog - curve screen55\src\oculusvr.cpp(360): warning C4138: '*/' found outside of comment
c:\users\user\documents\github\moogdots-new-vs-2017compatible-new\moog_doots_reallocated_ver\adam\adam\moogdots -- human moog - curve screen55\src\oculusvr.cpp(349): warning C4101: 'f': unreferenced local variable
c:\users\user\documents\github\moogdots-new-vs-2017compatible-new\moog_doots_reallocated_ver\adam\adam\moogdots -- human moog - curve screen55\src\oculusvr.cpp(475): warning C4060: switch statement contains no 'case' or 'default' labels
  OculusVRDebug.cpp
c:\users\user\documents\github\moogdots-new-vs-2017compatible-new\moog_doots_reallocated_ver\adam\adam\moogdots -- human moog - curve screen55\src\oculusvr.hpp(85): warning C4244: '=': conversion from 'double' to 'float', possible loss of data
c:\users\user\documents\github\moogdots-new-vs-2017compatible-new\moog_doots_reallocated_ver\adam\adam\moogdots -- human moog - curve screen55\src\oculusvr.hpp(86): warning C4244: '=': conversion from 'double' to 'float', possible loss of data
c:\users\user\documents\github\moogdots-new-vs-2017compatible-new\moog_doots_reallocated_ver\adam\adam\moogdots -- human moog - curve screen55\src\oculusvr.hpp(87): warning C4244: '=': conversion from 'double' to 'float', possible loss of data
  OpenGL.cpp
  OVRCameraFrustum.cpp
  OVRTrackerChaperone.cpp
  Generating Code...
  Compiling...
  ParameterList.cpp
c:\users\user\documents\github\moogdots-new-vs-2017compatible-new\moog_doots_reallocated_ver\adam\adam\moogdots -- human moog - curve screen55\src\globaldefs.h(8): warning C4005: 'GL_OFFSET': macro redefinition
  c:\users\user\documents\github\moogdots-new-vs-2017compatible-new\moog_doots_reallocated_ver\oculusvr_samples-master\oculusvr_samples-master\common_libs\glew-1.11.0\include\gl\glew.h(5439): note: see previous definition of 'GL_OFFSET'
c:\users\user\documents\github\moogdots-new-vs-2017compatible-new\moog_doots_reallocated_ver\adam\adam\moogdots -- human moog - curve screen55\src\oculusvr.hpp(85): warning C4244: '=': conversion from 'double' to 'float', possible loss of data
c:\users\user\documents\github\moogdots-new-vs-2017compatible-new\moog_doots_reallocated_ver\adam\adam\moogdots -- human moog - curve screen55\src\oculusvr.hpp(86): warning C4244: '=': conversion from 'double' to 'float', possible loss of data
c:\users\user\documents\github\moogdots-new-vs-2017compatible-new\moog_doots_reallocated_ver\adam\adam\moogdots -- human moog - curve screen55\src\oculusvr.hpp(87): warning C4244: '=': conversion from 'double' to 'float', possible loss of data
  RenderContext.cpp
  ShaderManager.cpp
  StdAfx.cpp
c:\users\user\documents\github\moogdots-new-vs-2017compatible-new\moog_doots_reallocated_ver\adam\adam\moogdots -- human moog - curve screen55\src\globaldefs.h(8): warning C4005: 'GL_OFFSET': macro redefinition
  c:\users\user\documents\github\moogdots-new-vs-2017compatible-new\moog_doots_reallocated_ver\oculusvr_samples-master\oculusvr_samples-master\common_libs\glew-1.11.0\include\gl\glew.h(5439): note: see previous definition of 'GL_OFFSET'
c:\users\user\documents\github\moogdots-new-vs-2017compatible-new\moog_doots_reallocated_ver\adam\adam\moogdots -- human moog - curve screen55\src\oculusvr.hpp(85): warning C4244: '=': conversion from 'double' to 'float', possible loss of data
c:\users\user\documents\github\moogdots-new-vs-2017compatible-new\moog_doots_reallocated_ver\adam\adam\moogdots -- human moog - curve screen55\src\oculusvr.hpp(86): warning C4244: '=': conversion from 'double' to 'float', possible loss of data
c:\users\user\documents\github\moogdots-new-vs-2017compatible-new\moog_doots_reallocated_ver\adam\adam\moogdots -- human moog - curve screen55\src\oculusvr.hpp(87): warning C4244: '=': conversion from 'double' to 'float', possible loss of data
  Texture.cpp
  TextureManager.cpp
  Utils.cpp
  Generating Code...
  stb_image.c
c:\users\user\documents\github\moogdots-new-vs-2017compatible-new\moog_doots_reallocated_ver\adam\adam\moogdots -- human moog - curve screen55\src\stb_image.c(292): warning C4996: 'fopen': This function or variable may be unsafe. Consider using fopen_s instead. To disable deprecation, use _CRT_SECURE_NO_WARNINGS. See online help for details.
  c:\program files (x86)\windows kits\10\include\10.0.16299.0\ucrt\stdio.h(207): note: see declaration of 'fopen'
c:\users\user\documents\github\moogdots-new-vs-2017compatible-new\moog_doots_reallocated_ver\adam\adam\moogdots -- human moog - curve screen55\src\stb_image.c(354): warning C4996: 'fopen': This function or variable may be unsafe. Consider using fopen_s instead. To disable deprecation, use _CRT_SECURE_NO_WARNINGS. See online help for details.
  c:\program files (x86)\windows kits\10\include\10.0.16299.0\ucrt\stdio.h(207): note: see declaration of 'fopen'
c:\users\user\documents\github\moogdots-new-vs-2017compatible-new\moog_doots_reallocated_ver\adam\adam\moogdots -- human moog - curve screen55\src\stb_image.c(392): warning C4996: 'fopen': This function or variable may be unsafe. Consider using fopen_s instead. To disable deprecation, use _CRT_SECURE_NO_WARNINGS. See online help for details.
  c:\program files (x86)\windows kits\10\include\10.0.16299.0\ucrt\stdio.h(207): note: see declaration of 'fopen'
c:\users\user\documents\github\moogdots-new-vs-2017compatible-new\moog_doots_reallocated_ver\adam\adam\moogdots -- human moog - curve screen55\src\stb_image.c(4285): warning C4996: 'fopen': This function or variable may be unsafe. Consider using fopen_s instead. To disable deprecation, use _CRT_SECURE_NO_WARNINGS. See online help for details.
  c:\program files (x86)\windows kits\10\include\10.0.16299.0\ucrt\stdio.h(207): note: see declaration of 'fopen'
  MoogDots.vcxproj -> C:\Users\user\Documents\GitHub\Moogdots-new-vs-2017Compatible-new\MOOG_DOOTS_REALLOCATED_VER\Adam\Adam\MoogDots -- Human Moog - Curve Screen55\src\..\release\MoogDots.exe
